{"target": -0.8305331154831496, "params": {"dTMD1": 0.3743776434128453, "dTMD2": 0.3684155347238177, "dTMD3": 0.26827090857566005, "dTMD4": 0.6795303915623735, "dTMD5": 0.4824922719541077, "dTMD6": 0.468932282149659, "fTMD1": 0.18787880928146383, "fTMD2": 0.15870046797840032, "fTMD3": 0.16915867865826584, "fTMD4": 0.4017575619844841, "fTMD5": 0.9718739280526982, "fTMD6": 0.07307523150273987, "mTMD1": 0.00622473979128646, "mTMD2": 0.8149497716923597, "mTMD3": 0.6715816426020395, "mTMD4": 0.7498366741732246, "mTMD5": 0.27968703538643513, "xTMD1": 0.34842760028598097, "xTMD2": 0.008217581065834367, "xTMD3": 0.41000748089077155, "xTMD4": 0.33260078789414693, "xTMD5": 0.6402739310738259, "xTMD6": 0.9045076031712532}, "datetime": {"datetime": "2023-02-03 10:28:21", "elapsed": 797.610934, "delta": 13.637243}}
{"target": -0.8391702522475413, "params": {"dTMD1": 0.2975705679686703, "dTMD2": 0.767365147175233, "dTMD3": 0.046668081476865186, "dTMD4": 0.7613702365085528, "dTMD5": 0.6050893218980337, "dTMD6": 0.23162543883143005, "fTMD1": 0.9481016187431325, "fTMD2": 0.8305500926902795, "fTMD3": 0.43632767039434284, "fTMD4": 0.6045981803483713, "fTMD5": 0.09403860001210929, "fTMD6": 0.5337651204204991, "mTMD1": 0.3700269996961669, "mTMD2": 0.46460498412126505, "mTMD3": 0.5959597587815259, "mTMD4": 0.5712456340094573, "mTMD5": 0.7964133435429943, "xTMD1": 0.35056585540980956, "xTMD2": 0.6778716597754627, "xTMD3": 0.44667901331368176, "xTMD4": 0.37935539918197747, "xTMD5": 0.4349293557409398, "xTMD6": 0.10164318479973955}, "datetime": {"datetime": "2023-02-03 10:28:35", "elapsed": 811.424049, "delta": 13.813115}}
{"target": -0.6069668110468565, "params": {"dTMD1": 0.697362645004532, "dTMD2": 0.9927371794973788, "dTMD3": 0.3218318218383275, "dTMD4": 0.5401519081937548, "dTMD5": 0.1874909230870745, "dTMD6": 0.373267078584012, "fTMD1": 0.7951122521979467, "fTMD2": 0.7155968356879393, "fTMD3": 0.3268739855319833, "fTMD4": 0.0562788360523091, "fTMD5": 0.05166263253157832, "fTMD6": 0.3719139335309275, "mTMD1": 0.3371610417644454, "mTMD2": 0.7027952938823828, "mTMD3": 0.870726519013406, "mTMD4": 0.9850732797387375, "mTMD5": 0.7283512540594347, "xTMD1": 0.23513400954877173, "xTMD2": 0.9593018449283842, "xTMD3": 0.4152668870033066, "xTMD4": 0.6226205947708998, "xTMD5": 0.4771714116382668, "xTMD6": 0.7347588452671074}, "datetime": {"datetime": "2023-02-03 10:28:49", "elapsed": 825.72703, "delta": 14.302981}}
{"target": -0.8647789392974696, "params": {"dTMD1": 0.1706176050559266, "dTMD2": 0.30432688344625314, "dTMD3": 0.19923121171538793, "dTMD4": 0.39677993359371777, "dTMD5": 0.17045742265048147, "dTMD6": 0.004489281478790241, "fTMD1": 0.4663456474250329, "fTMD2": 0.466950112303138, "fTMD3": 0.24044919238802243, "fTMD4": 0.15665431496091264, "fTMD5": 0.7464863270369689, "fTMD6": 0.7263431669087129, "mTMD1": 0.7867961281948912, "mTMD2": 0.992539145089473, "mTMD3": 0.683463442330407, "mTMD4": 0.5505771167577485, "mTMD5": 0.9055364997514708, "xTMD1": 0.1812733411503692, "xTMD2": 0.7025518835896606, "xTMD3": 0.8212791732803765, "xTMD4": 0.42177546596745463, "xTMD5": 0.19528489051787457, "xTMD6": 0.6407162244728928}, "datetime": {"datetime": "2023-02-03 10:29:03", "elapsed": 839.636911, "delta": 13.909881}}
{"target": -1.008318449805219, "params": {"dTMD1": 0.5025127962558453, "dTMD2": 0.6013949880712962, "dTMD3": 0.17771291157460944, "dTMD4": 0.25548438085092084, "dTMD5": 0.2389590865649317, "dTMD6": 0.2639771838694428, "fTMD1": 0.7893236774968879, "fTMD2": 0.4516556427351125, "fTMD3": 0.4257181023477904, "fTMD4": 0.7691273278925947, "fTMD5": 0.45138424732945126, "fTMD6": 0.2513675204626703, "mTMD1": 0.2776463049606288, "mTMD2": 0.27685041364111485, "mTMD3": 0.9375613353756346, "mTMD4": 0.7096906269556484, "mTMD5": 0.8109322336521596, "xTMD1": 0.616082561928888, "xTMD2": 0.9838284759589987, "xTMD3": 0.2883148400618408, "xTMD4": 0.32946016687037694, "xTMD5": 0.6392972366464719, "xTMD6": 0.1677710640806137}, "datetime": {"datetime": "2023-02-03 10:29:17", "elapsed": 853.397205, "delta": 13.760294}}
{"target": -0.8049803794778241, "params": {"dTMD1": 0.9027739370435832, "dTMD2": 0.9766773946846512, "dTMD3": 0.11482033110123357, "dTMD4": 0.7014800830042569, "dTMD5": 0.6497112617196924, "dTMD6": 0.3223236655871359, "fTMD1": 0.7416943231637951, "fTMD2": 0.5558999358580984, "fTMD3": 0.6848825731365975, "fTMD4": 0.09470310645705016, "fTMD5": 0.3048207278281184, "fTMD6": 0.10426518539371454, "mTMD1": 0.7879889856593661, "mTMD2": 0.299113410766074, "mTMD3": 0.9944732859944762, "mTMD4": 0.4323352305255733, "mTMD5": 0.7575063578620626, "xTMD1": 0.23656398494228636, "xTMD2": 0.049448990865184395, "xTMD3": 0.9780866105750441, "xTMD4": 0.6153545447419091, "xTMD5": 0.4653203077839958, "xTMD6": 0.15973548962061546}, "datetime": {"datetime": "2023-02-03 10:29:30", "elapsed": 867.130675, "delta": 13.73347}}
{"target": -0.8705427119027497, "params": {"dTMD1": 0.09806024602245311, "dTMD2": 0.6791125173007249, "dTMD3": 0.5492185665771774, "dTMD4": 0.6420176671332798, "dTMD5": 0.6420016525266166, "dTMD6": 0.46504959934928136, "fTMD1": 0.8205877498876544, "fTMD2": 0.17658987184036745, "fTMD3": 0.9443950367532608, "fTMD4": 0.5452475166068266, "fTMD5": 0.143087434798292, "fTMD6": 0.6891326076747384, "mTMD1": 0.7129207406809979, "mTMD2": 0.7237344483896317, "mTMD3": 0.2628409110592448, "mTMD4": 0.2926274182507793, "mTMD5": 0.9698222614163793, "xTMD1": 0.9573782271635385, "xTMD2": 0.7213458945841369, "xTMD3": 0.30558204913218356, "xTMD4": 0.042471171438620114, "xTMD5": 0.2252142744029595, "xTMD6": 0.11052018420121335}, "datetime": {"datetime": "2023-02-03 10:29:44", "elapsed": 880.739591, "delta": 13.608916}}
{"target": -0.9019612942454431, "params": {"dTMD1": 0.48768805243702684, "dTMD2": 0.9552934905510273, "dTMD3": 0.6337374250915435, "dTMD4": 0.03893618583992742, "dTMD5": 0.2888481580845186, "dTMD6": 0.10220466440294174, "fTMD1": 0.5005311519574787, "fTMD2": 0.7683047094169496, "fTMD3": 0.3361071757466352, "fTMD4": 0.3270799347021083, "fTMD5": 0.13336199959125516, "fTMD6": 0.3522393582702251, "mTMD1": 0.21894559954996085, "mTMD2": 0.702045747938807, "mTMD3": 0.7478072152995061, "mTMD4": 0.9137612243794788, "mTMD5": 0.8703070215474787, "xTMD1": 0.005738077003679343, "xTMD2": 0.5261387195304953, "xTMD3": 0.2836302840774335, "xTMD4": 0.656533503835721, "xTMD5": 0.21673418233350483, "xTMD6": 0.21946543112295802}, "datetime": {"datetime": "2023-02-03 10:29:58", "elapsed": 894.838347, "delta": 14.098756}}
{"target": -0.6910159201513124, "params": {"dTMD1": 0.07654920686150901, "dTMD2": 0.31950273673401053, "dTMD3": 0.07540690658821692, "dTMD4": 0.7611244415925114, "dTMD5": 0.3444428646964336, "dTMD6": 0.6009522860153529, "fTMD1": 0.3570137471908783, "fTMD2": 0.0561627731900507, "fTMD3": 0.284147492888404, "fTMD4": 0.47708524827495946, "fTMD5": 0.695117738421636, "fTMD6": 0.25324224637004344, "mTMD1": 0.7377317954068067, "mTMD2": 0.5051871434562942, "mTMD3": 0.7301879655400839, "mTMD4": 0.8918772963992826, "mTMD5": 0.7319075231412151, "xTMD1": 0.5750007135047118, "xTMD2": 0.9571887125195526, "xTMD3": 0.8102983328319127, "xTMD4": 0.5753203474678007, "xTMD5": 0.16606606351468267, "xTMD6": 0.7319718644622414}, "datetime": {"datetime": "2023-02-03 10:30:12", "elapsed": 908.957942, "delta": 14.119595}}
{"target": -0.8446504597629343, "params": {"dTMD1": 0.8941602657030311, "dTMD2": 0.7549775920477312, "dTMD3": 0.19340421647706774, "dTMD4": 0.6003836014576167, "dTMD5": 0.5010559659321225, "dTMD6": 0.2847416718135668, "fTMD1": 0.6494352458666581, "fTMD2": 0.5670244104738247, "fTMD3": 0.7417338513650199, "fTMD4": 0.14939169619787218, "fTMD5": 0.25456576762332994, "fTMD6": 0.21987283885690256, "mTMD1": 0.1580464824597605, "mTMD2": 0.7339418671985959, "mTMD3": 0.9082550622688509, "mTMD4": 0.9120802737459782, "mTMD5": 0.9668123641572398, "xTMD1": 0.42554531536960805, "xTMD2": 0.31672931753432354, "xTMD3": 0.40221475758916114, "xTMD4": 0.47716149113804673, "xTMD5": 0.34237473905071214, "xTMD6": 0.25193899402881026}, "datetime": {"datetime": "2023-02-03 10:30:26", "elapsed": 922.860023, "delta": 13.902081}}
{"target": -0.9154311252179578, "params": {"dTMD1": 0.7181051770100463, "dTMD2": 0.7342349380272426, "dTMD3": 0.4588895564943827, "dTMD4": 0.6674193872706656, "dTMD5": 0.3126937812094095, "dTMD6": 0.782625524106673, "fTMD1": 0.4591288764777951, "fTMD2": 0.5594011040000929, "fTMD3": 0.6833276618034116, "fTMD4": 0.45288718658245686, "fTMD5": 0.5349246560589632, "fTMD6": 0.7121937185300636, "mTMD1": 0.11657044214725842, "mTMD2": 0.8426889470627628, "mTMD3": 0.10521740563986848, "mTMD4": 0.18884567875553504, "mTMD5": 0.630550042358723, "xTMD1": 0.14438802750760305, "xTMD2": 0.5681211819024756, "xTMD3": 0.6984797858259627, "xTMD4": 0.2012667962035981, "xTMD5": 0.31950396566504735, "xTMD6": 0.2910324453293367}, "datetime": {"datetime": "2023-02-03 10:30:40", "elapsed": 936.725461, "delta": 13.865438}}
{"target": -0.8925682713905945, "params": {"dTMD1": 0.4022646815064752, "dTMD2": 0.24028169036688296, "dTMD3": 0.7500189500945768, "dTMD4": 0.6523289789185747, "dTMD5": 0.6769432379970153, "dTMD6": 0.831290268383365, "fTMD1": 0.5335220593850367, "fTMD2": 0.322295062155611, "fTMD3": 0.27464600635248615, "fTMD4": 0.38414213203472447, "fTMD5": 0.8853870677283852, "fTMD6": 0.06428209242997796, "mTMD1": 0.06811628755748678, "mTMD2": 0.8847492039638438, "mTMD3": 0.16596490511770612, "mTMD4": 0.408048992734247, "mTMD5": 0.6145982530410327, "xTMD1": 0.01851980455556612, "xTMD2": 0.945008276196246, "xTMD3": 0.7302125292469297, "xTMD4": 0.4620311183052792, "xTMD5": 0.06324290588480364, "xTMD6": 0.8169529321392771}, "datetime": {"datetime": "2023-02-03 10:30:54", "elapsed": 950.727582, "delta": 14.002121}}
{"target": -0.803714610102655, "params": {"dTMD1": 0.382360006493318, "dTMD2": 0.2532597462874653, "dTMD3": 0.016581350934867345, "dTMD4": 0.3380428563908505, "dTMD5": 0.07744565195694741, "dTMD6": 0.4347984355512815, "fTMD1": 0.21033738179304973, "fTMD2": 0.1268472386083166, "fTMD3": 0.9534415072950089, "fTMD4": 0.08882119524353627, "fTMD5": 0.7284011042356465, "fTMD6": 0.7736530943181082, "mTMD1": 0.8986147591737366, "mTMD2": 0.5504397436295299, "mTMD3": 0.8544820508729066, "mTMD4": 0.9932475728756816, "mTMD5": 0.9670887699549808, "xTMD1": 0.295791327763662, "xTMD2": 0.7436019208373003, "xTMD3": 0.8096745335715599, "xTMD4": 0.6974208241179739, "xTMD5": 0.5466476933279751, "xTMD6": 0.34341355574303234}, "datetime": {"datetime": "2023-02-03 10:31:08", "elapsed": 964.486785, "delta": 13.759203}}
{"target": -0.6538969562995668, "params": {"dTMD1": 0.7174920751841544, "dTMD2": 0.8935486109444858, "dTMD3": 0.5713485952700725, "dTMD4": 0.8041702683725581, "dTMD5": 0.5396846341402672, "dTMD6": 0.12754998191134792, "fTMD1": 0.5794743177796654, "fTMD2": 0.7842648594938562, "fTMD3": 0.5494614102562653, "fTMD4": 0.41136839168484507, "fTMD5": 0.2596131859558136, "fTMD6": 0.3493977414629279, "mTMD1": 0.11306792545176358, "mTMD2": 0.9775440521139606, "mTMD3": 0.7827001580661561, "mTMD4": 0.8853434549729808, "mTMD5": 0.7685065030456213, "xTMD1": 0.34097739792406023, "xTMD2": 0.7372796942362336, "xTMD3": 0.5825479120948295, "xTMD4": 0.8461492898312427, "xTMD5": 0.042899234911335626, "xTMD6": 0.41281356371669886}, "datetime": {"datetime": "2023-02-03 10:31:21", "elapsed": 978.316685, "delta": 13.8299}}
{"target": -0.9873492718444725, "params": {"dTMD1": 0.8894735089293017, "dTMD2": 0.9014352040749406, "dTMD3": 0.0925801306145303, "dTMD4": 0.8722902707814619, "dTMD5": 0.07683443756503161, "dTMD6": 0.35267425159517785, "fTMD1": 0.7289786352455985, "fTMD2": 0.9282429534941842, "fTMD3": 0.4335097406988657, "fTMD4": 0.14619227310451943, "fTMD5": 0.3906226388430668, "fTMD6": 0.545320918666853, "mTMD1": 0.046626191705359754, "mTMD2": 0.5756843879569908, "mTMD3": 0.6101575260516952, "mTMD4": 0.6060161349497105, "mTMD5": 0.8473857048991936, "xTMD1": 0.279953163309121, "xTMD2": 0.3440383348784236, "xTMD3": 0.15995163699630244, "xTMD4": 0.851901334723586, "xTMD5": 0.02318701989674099, "xTMD6": 0.2993478403898322}, "datetime": {"datetime": "2023-02-03 10:31:35", "elapsed": 991.965427, "delta": 13.648742}}
{"target": -0.7113250255577688, "params": {"dTMD1": 0.5005429995806455, "dTMD2": 0.1647851910181145, "dTMD3": 0.3822194304877069, "dTMD4": 0.8514117711215708, "dTMD5": 0.2244056762850789, "dTMD6": 0.03291256571522516, "fTMD1": 0.00042930193062107325, "fTMD2": 0.19923106573815985, "fTMD3": 0.3037039337764327, "fTMD4": 0.6927963655650177, "fTMD5": 0.3459693947613406, "fTMD6": 0.6968573357401251, "mTMD1": 0.7707063323073488, "mTMD2": 0.6167990136868362, "mTMD3": 0.8292409920473564, "mTMD4": 0.9288953370029938, "mTMD5": 0.7080260220612756, "xTMD1": 0.5951061004015433, "xTMD2": 0.8809352457846825, "xTMD3": 0.9499054990816557, "xTMD4": 0.5018868339658523, "xTMD5": 0.1792411633939186, "xTMD6": 0.7095499751391877}, "datetime": {"datetime": "2023-02-03 10:31:49", "elapsed": 1005.868334, "delta": 13.902907}}
{"target": -0.9235707481461617, "params": {"dTMD1": 0.31674751282607305, "dTMD2": 0.5350543227418444, "dTMD3": 0.7049800405372126, "dTMD4": 0.6267828611431414, "dTMD5": 0.5828148759992624, "dTMD6": 0.2319561300988331, "fTMD1": 0.6199558709043346, "fTMD2": 0.7924659986012267, "fTMD3": 0.13789592902421277, "fTMD4": 0.4019194680022591, "fTMD5": 0.28781457982704206, "fTMD6": 0.956944099942812, "mTMD1": 0.1313199899502937, "mTMD2": 0.9277578209052694, "mTMD3": 0.7708368570217844, "mTMD4": 0.4518327467810198, "mTMD5": 0.7437406264612406, "xTMD1": 0.6048251778406742, "xTMD2": 0.6834190503079743, "xTMD3": 0.1906752218542479, "xTMD4": 0.4579200439880553, "xTMD5": 0.5509017675082075, "xTMD6": 0.062158512505427144}, "datetime": {"datetime": "2023-02-03 10:32:03", "elapsed": 1019.488197, "delta": 13.619863}}
{"target": -0.706688227610964, "params": {"dTMD1": 0.23932142546966972, "dTMD2": 0.7657966934834223, "dTMD3": 0.24573314236818933, "dTMD4": 0.33940161934527124, "dTMD5": 0.2694642903789072, "dTMD6": 0.2512884188375687, "fTMD1": 0.7911099152464092, "fTMD2": 0.9660796682557087, "fTMD3": 0.21326337958034458, "fTMD4": 0.4378957509083372, "fTMD5": 0.09581945295236338, "fTMD6": 0.3707332726612096, "mTMD1": 0.1930654270246389, "mTMD2": 0.5365001808084958, "mTMD3": 0.6051989406214884, "mTMD4": 0.8128260568723781, "mTMD5": 0.9899452415327058, "xTMD1": 0.2260545486293667, "xTMD2": 0.8538512969641434, "xTMD3": 0.3200902455433208, "xTMD4": 0.7213054659603066, "xTMD5": 0.42549093662456416, "xTMD6": 0.7193365897785142}, "datetime": {"datetime": "2023-02-03 10:32:16", "elapsed": 1033.341343, "delta": 13.853146}}
{"target": -1.0380783393625108, "params": {"dTMD1": 0.6656218288662741, "dTMD2": 0.9037670226874234, "dTMD3": 0.8227618344030352, "dTMD4": 0.3300339105763448, "dTMD5": 0.314223225592287, "dTMD6": 0.9853982944332965, "fTMD1": 0.14762073712560675, "fTMD2": 0.05892404818385755, "fTMD3": 0.8142755211936771, "fTMD4": 0.9302083779011987, "fTMD5": 0.5148044097830313, "fTMD6": 0.045660433153381086, "mTMD1": 0.46680004521829466, "mTMD2": 0.7033670752772023, "mTMD3": 0.6608987202486072, "mTMD4": 0.6712699614755911, "mTMD5": 0.45360046663721054, "xTMD1": 0.14470446446905094, "xTMD2": 0.9576089637207471, "xTMD3": 0.8186362129514211, "xTMD4": 0.021410926350971082, "xTMD5": 0.11974181427360708, "xTMD6": 0.4732854901768183}, "datetime": {"datetime": "2023-02-03 10:32:30", "elapsed": 1047.180465, "delta": 13.839122}}
{"target": -0.8790165101002385, "params": {"dTMD1": 0.13189926113299355, "dTMD2": 0.46447251555248115, "dTMD3": 0.0747402052894871, "dTMD4": 0.8465459711019225, "dTMD5": 0.09917623110932594, "dTMD6": 0.04782399135256643, "fTMD1": 0.6537232227751817, "fTMD2": 0.7666387494310958, "fTMD3": 0.32800009029970056, "fTMD4": 0.3287289084342815, "fTMD5": 0.24212714764820464, "fTMD6": 0.19895637658160392, "mTMD1": 4.944321884792213e-05, "mTMD2": 0.8767284708032659, "mTMD3": 0.9042898956829346, "mTMD4": 0.8194335087105152, "mTMD5": 0.6641095834400278, "xTMD1": 0.5043442906249218, "xTMD2": 0.42503441774062767, "xTMD3": 0.07804063546848639, "xTMD4": 0.8164293149503193, "xTMD5": 0.30824354073471827, "xTMD6": 0.20851192661759932}, "datetime": {"datetime": "2023-02-03 10:32:44", "elapsed": 1060.900065, "delta": 13.7196}}
{"target": -0.7632920835401287, "params": {"dTMD1": 0.5572370038266372, "dTMD2": 0.6398788263404713, "dTMD3": 0.28912534408930446, "dTMD4": 0.7784846678367555, "dTMD5": 0.10976573795347477, "dTMD6": 0.23827712421775993, "fTMD1": 0.4464557857835466, "fTMD2": 0.7888576363367356, "fTMD3": 0.3968175560976318, "fTMD4": 0.4670814774737776, "fTMD5": 0.603986803527528, "fTMD6": 0.22347611614431817, "mTMD1": 0.1609970936313848, "mTMD2": 0.9114014610539022, "mTMD3": 0.7280433771650006, "mTMD4": 0.7010031950855947, "mTMD5": 0.8990913960187257, "xTMD1": 0.41371894281129695, "xTMD2": 0.8018858907251009, "xTMD3": 0.7216060162701505, "xTMD4": 0.42990460408373965, "xTMD5": 0.4814617417891247, "xTMD6": 0.19999060647230316}, "datetime": {"datetime": "2023-02-03 10:32:58", "elapsed": 1074.61043, "delta": 13.710365}}
{"target": -0.7442559331031191, "params": {"dTMD1": 0.4737036230253081, "dTMD2": 0.2203032326239629, "dTMD3": 0.593177226835682, "dTMD4": 0.7421754163393393, "dTMD5": 0.396170818190944, "dTMD6": 0.8443309785800018, "fTMD1": 0.06484289193789072, "fTMD2": 0.0037610858046613904, "fTMD3": 0.8938830389591482, "fTMD4": 0.45065352830683625, "fTMD5": 0.2136865311927214, "fTMD6": 0.49736711240382003, "mTMD1": 0.07601823222353332, "mTMD2": 0.3649485503544462, "mTMD3": 0.8269906763281075, "mTMD4": 0.25635307654670236, "mTMD5": 0.5641572355384102, "xTMD1": 0.9975698690128402, "xTMD2": 0.2754322858206528, "xTMD3": 0.14586773411073983, "xTMD4": 0.6795912486656406, "xTMD5": 0.9338292213340427, "xTMD6": 0.5451564671297671}, "datetime": {"datetime": "2023-02-03 10:33:12", "elapsed": 1088.404535, "delta": 13.794105}}
{"target": -0.5866482958274135, "params": {"dTMD1": 0.7473227597198742, "dTMD2": 0.7552145851916708, "dTMD3": 0.08876057297125894, "dTMD4": 0.8573145780302508, "dTMD5": 0.905883867576637, "dTMD6": 0.4846034242868851, "fTMD1": 0.6192561479170945, "fTMD2": 0.6759553661308301, "fTMD3": 0.10630049565866384, "fTMD4": 0.10710415781121208, "fTMD5": 0.6994757193431437, "fTMD6": 0.2432180324049732, "mTMD1": 0.5821669912671124, "mTMD2": 0.39509763263697484, "mTMD3": 0.32924079725309074, "mTMD4": 0.572289522055046, "mTMD5": 0.8896363721557429, "xTMD1": 0.30205840693660957, "xTMD2": 0.5835877612399937, "xTMD3": 0.0264954110210186, "xTMD4": 0.8666591722631968, "xTMD5": 0.40469292928438994, "xTMD6": 0.03141220078014051}, "datetime": {"datetime": "2023-02-03 10:33:25", "elapsed": 1102.272769, "delta": 13.868234}}
{"target": -0.7903422222894166, "params": {"dTMD1": 0.46991239800155693, "dTMD2": 0.9400774806375152, "dTMD3": 0.574453665120762, "dTMD4": 0.8544133946041107, "dTMD5": 0.3820490522960789, "dTMD6": 0.31492246318928685, "fTMD1": 0.7332091303772594, "fTMD2": 0.9415395501965312, "fTMD3": 0.37977821542793355, "fTMD4": 0.31806416745950084, "fTMD5": 0.3559370561218358, "fTMD6": 0.45223580057220414, "mTMD1": 0.08385125114392489, "mTMD2": 0.8601158884453083, "mTMD3": 0.6209796332857631, "mTMD4": 0.5856576220064547, "mTMD5": 0.692773724558184, "xTMD1": 0.6242000516722943, "xTMD2": 0.40357241393368426, "xTMD3": 0.32653007873262774, "xTMD4": 0.21763012142363003, "xTMD5": 0.6070642852423612, "xTMD6": 0.7134005865733314}, "datetime": {"datetime": "2023-02-03 10:33:39", "elapsed": 1116.245541, "delta": 13.972772}}
{"target": -0.9529251065832915, "params": {"dTMD1": 0.550546796381293, "dTMD2": 0.4573599367220026, "dTMD3": 0.33823939663605895, "dTMD4": 0.7428614348996149, "dTMD5": 0.13076561446722013, "dTMD6": 0.013356657568469377, "fTMD1": 0.9772911866055057, "fTMD2": 0.6401043487315755, "fTMD3": 0.14760545651287615, "fTMD4": 0.12925084122995378, "fTMD5": 0.09237421075065988, "fTMD6": 0.35140404510797174, "mTMD1": 0.03092657669183485, "mTMD2": 0.8437223843022599, "mTMD3": 0.7569737428201366, "mTMD4": 0.7047286366952819, "mTMD5": 0.7638508272574327, "xTMD1": 0.48744425837389493, "xTMD2": 0.6635212606655485, "xTMD3": 0.33535899810912173, "xTMD4": 0.5501001048358009, "xTMD5": 0.6344933223812371, "xTMD6": 0.40170904218536296}, "datetime": {"datetime": "2023-02-03 10:33:54", "elapsed": 1130.457548, "delta": 14.212007}}
{"target": -1.1792703835985208, "params": {"dTMD1": 0.5622172831409138, "dTMD2": 0.6338790545979758, "dTMD3": 0.2642485644241943, "dTMD4": 0.4402700528234308, "dTMD5": 0.42300406743038343, "dTMD6": 0.05956476595316462, "fTMD1": 0.44458733934447636, "fTMD2": 0.7327041176040108, "fTMD3": 0.2532340937909364, "fTMD4": 0.4113816257050932, "fTMD5": 0.49363041871604774, "fTMD6": 0.387457291505394, "mTMD1": 0.17495071238737125, "mTMD2": 0.9568384089474288, "mTMD3": 0.6153813549193085, "mTMD4": 0.8938458665522037, "mTMD5": 0.6603600507644978, "xTMD1": 0.6190525611301149, "xTMD2": 0.3333051233896409, "xTMD3": 0.3406616534731691, "xTMD4": 0.1947716747808047, "xTMD5": 0.15046168331330045, "xTMD6": 0.17059799752923865}, "datetime": {"datetime": "2023-02-03 10:34:08", "elapsed": 1144.642463, "delta": 14.184915}}
{"target": -0.7608741695049254, "params": {"dTMD1": 0.3065579116201653, "dTMD2": 0.33745915238550606, "dTMD3": 0.7931726320532867, "dTMD4": 0.5729332244012126, "dTMD5": 0.20409073134883193, "dTMD6": 0.22972550341873865, "fTMD1": 0.39651299792924033, "fTMD2": 0.5608258216461512, "fTMD3": 0.9423759333933386, "fTMD4": 0.4851608448813244, "fTMD5": 0.6105739508202044, "fTMD6": 0.5608227527276277, "mTMD1": 0.6670420029013323, "mTMD2": 0.7929140204570334, "mTMD3": 0.9164240372245043, "mTMD4": 0.5477791841341159, "mTMD5": 0.9996893407252495, "xTMD1": 0.5611294976575509, "xTMD2": 0.7214989240276879, "xTMD3": 0.7518674380737754, "xTMD4": 0.08469224819118426, "xTMD5": 0.46340482679972717, "xTMD6": 0.29415352244649884}, "datetime": {"datetime": "2023-02-03 10:34:21", "elapsed": 1158.240408, "delta": 13.597945}}
