{"target": -0.6307006237707498, "params": {"dTMD1": 0.03260430499691458, "dTMD2": 0.7935486409135003, "dTMD3": 0.13754120523340485, "dTMD4": 0.5265034589033314, "dTMD5": 0.6752510167253134, "dTMD6": 0.7986913395855474, "fTMD1": 0.5382824759064376, "fTMD2": 0.5903154700652858, "fTMD3": 0.5872987205189162, "fTMD4": 0.16279384655742002, "fTMD5": 0.4311691082716611, "fTMD6": 0.07994448369479579, "mTMD1": 0.3982340184462364, "mTMD2": 0.1951266789858601, "mTMD3": 0.7154336699668636, "mTMD4": 0.4304217949194358, "mTMD5": 0.7334987384454503, "xTMD1": 0.7071053184510113, "xTMD2": 0.37116531826944676, "xTMD3": 0.24340708866974614, "xTMD4": 0.30036281001472986, "xTMD5": 0.6851224010018535, "xTMD6": 0.960259465474403}, "datetime": {"datetime": "2023-02-03 11:12:42", "elapsed": 3459.329365, "delta": 18.962868}}
{"target": -0.7687804594412495, "params": {"dTMD1": 0.5527732875235792, "dTMD2": 0.7860329706728804, "dTMD3": 0.7221446574108352, "dTMD4": 0.3327679796920061, "dTMD5": 0.19758472858363807, "dTMD6": 0.4597355283883522, "fTMD1": 0.7623733454270691, "fTMD2": 0.09748079164428292, "fTMD3": 0.6459502591896775, "fTMD4": 0.008983577068679471, "fTMD5": 0.07899700066880244, "fTMD6": 0.6685222361504858, "mTMD1": 0.9662365650866092, "mTMD2": 0.9917608871820645, "mTMD3": 0.9084990453817599, "mTMD4": 0.7197793147825693, "mTMD5": 0.5048326642525451, "xTMD1": 0.15080724881690744, "xTMD2": 0.7116123674974378, "xTMD3": 0.12455653565881686, "xTMD4": 0.897568121038552, "xTMD5": 0.08841797082773362, "xTMD6": 0.3837664597528212}, "datetime": {"datetime": "2023-02-03 11:12:59", "elapsed": 3475.532345, "delta": 16.20298}}
{"target": -1.0937962156210492, "params": {"dTMD1": 0.08277691252530817, "dTMD2": 0.4258767470348426, "dTMD3": 0.3010212860339939, "dTMD4": 0.5822051013028383, "dTMD5": 0.2509591106861987, "dTMD6": 0.23751041985334553, "fTMD1": 0.8593725959557588, "fTMD2": 0.5142829387273198, "fTMD3": 0.7270757445759204, "fTMD4": 0.8334760864053337, "fTMD5": 0.19755999465107732, "fTMD6": 0.061808483085890376, "mTMD1": 0.6582866858792192, "mTMD2": 0.7547094428911925, "mTMD3": 0.7563817445132553, "mTMD4": 0.6795691937028366, "mTMD5": 0.9944440852189608, "xTMD1": 0.931620818920412, "xTMD2": 0.1521115389272374, "xTMD3": 0.12613902075308514, "xTMD4": 0.5114316696567743, "xTMD5": 0.19039680812533544, "xTMD6": 0.3852396909272352}, "datetime": {"datetime": "2023-02-03 11:13:15", "elapsed": 3491.568443, "delta": 16.036098}}
{"target": -0.7218159191441579, "params": {"dTMD1": 0.3017805452854079, "dTMD2": 0.531496838714062, "dTMD3": 0.26813962408347825, "dTMD4": 0.4430610668125382, "dTMD5": 0.6623490025911458, "dTMD6": 0.572921288739801, "fTMD1": 0.591725387952011, "fTMD2": 0.8384212071063414, "fTMD3": 0.4618971363748209, "fTMD4": 0.3252284781010132, "fTMD5": 0.4391180452924177, "fTMD6": 0.5312298219394177, "mTMD1": 0.3054092997395742, "mTMD2": 0.7076278240102064, "mTMD3": 0.597748056894756, "mTMD4": 0.23156236839153932, "mTMD5": 0.6037442630336832, "xTMD1": 0.5448570669257662, "xTMD2": 0.41465168028780197, "xTMD3": 0.392269381091626, "xTMD4": 0.23982145037372882, "xTMD5": 0.3970498000239904, "xTMD6": 0.916789274510485}, "datetime": {"datetime": "2023-02-03 11:13:31", "elapsed": 3508.155078, "delta": 16.586635}}
{"target": -0.6352355178743445, "params": {"dTMD1": 0.24399885886591977, "dTMD2": 0.8471456764411098, "dTMD3": 0.015889261745291705, "dTMD4": 0.28167569222189826, "dTMD5": 0.7756887563142242, "dTMD6": 0.7032903826536209, "fTMD1": 0.7219896886383242, "fTMD2": 0.9204516606688014, "fTMD3": 0.19871970642763692, "fTMD4": 0.563401858897014, "fTMD5": 0.48264233139691326, "fTMD6": 0.09636496557998353, "mTMD1": 0.10531015908190422, "mTMD2": 0.4827625097571213, "mTMD3": 0.9286964198131098, "mTMD4": 0.3542079168357055, "mTMD5": 0.36105381422510663, "xTMD1": 0.8097813606281505, "xTMD2": 0.04712625228825695, "xTMD3": 0.03454075936719658, "xTMD4": 0.6079372889361151, "xTMD5": 0.3826341355489784, "xTMD6": 0.9549660095579947}, "datetime": {"datetime": "2023-02-03 11:13:49", "elapsed": 3525.390817, "delta": 17.235739}}
{"target": -0.5603883503295143, "params": {"dTMD1": 0.29795825876312443, "dTMD2": 0.8394384730484404, "dTMD3": 0.03676430246867257, "dTMD4": 0.45274283630560885, "dTMD5": 0.10349070969746332, "dTMD6": 0.9783279478847257, "fTMD1": 0.5210363895439961, "fTMD2": 0.5791280735769073, "fTMD3": 0.3501209936369961, "fTMD4": 0.6658265238004182, "fTMD5": 0.2808864465201777, "fTMD6": 0.23721049832581476, "mTMD1": 0.1524026897286186, "mTMD2": 0.678845270376118, "mTMD3": 0.807363168162694, "mTMD4": 0.7449844776227944, "mTMD5": 0.47516931643362126, "xTMD1": 0.6245961448335434, "xTMD2": 0.24784555998011615, "xTMD3": 0.3944086498095116, "xTMD4": 0.10140504016537488, "xTMD5": 0.5242847737750125, "xTMD6": 0.7684408426281121}, "datetime": {"datetime": "2023-02-03 11:14:06", "elapsed": 3542.879065, "delta": 17.488248}}
{"target": -0.8096903703327182, "params": {"dTMD1": 0.03267571219857224, "dTMD2": 0.486159431522306, "dTMD3": 0.10556903264404849, "dTMD4": 0.4666371899033984, "dTMD5": 0.7786387478819826, "dTMD6": 0.6862620805619617, "fTMD1": 0.7957194265551174, "fTMD2": 0.8524201004383947, "fTMD3": 0.06411765783881584, "fTMD4": 0.4417587902910731, "fTMD5": 0.3008524584506427, "fTMD6": 0.20050765485871302, "mTMD1": 0.3800141151078803, "mTMD2": 0.7465596160801201, "mTMD3": 0.7850178143480704, "mTMD4": 0.6088172311684621, "mTMD5": 0.528797909144891, "xTMD1": 0.54010510387137, "xTMD2": 0.4158391756296793, "xTMD3": 0.8342684921507867, "xTMD4": 0.34339375764661995, "xTMD5": 0.643752266442819, "xTMD6": 0.7259530439205224}, "datetime": {"datetime": "2023-02-03 11:14:22", "elapsed": 3559.284854, "delta": 16.405789}}
{"target": -0.6698848877035513, "params": {"dTMD1": 0.5786742698864513, "dTMD2": 0.4775062200394167, "dTMD3": 0.06255030277606888, "dTMD4": 0.02358910302538819, "dTMD5": 0.6993506127296254, "dTMD6": 0.6545159865950348, "fTMD1": 0.7758572254418191, "fTMD2": 0.7116018896914812, "fTMD3": 0.3276808630910477, "fTMD4": 0.3801556947788919, "fTMD5": 0.8322496234787664, "fTMD6": 0.047678275422689764, "mTMD1": 0.01001601440680544, "mTMD2": 0.5233092726072825, "mTMD3": 0.9753486825528176, "mTMD4": 0.426341388943583, "mTMD5": 0.7348140944746866, "xTMD1": 0.6460704757037026, "xTMD2": 0.007004600523746407, "xTMD3": 0.07571933188136348, "xTMD4": 0.5553331590891321, "xTMD5": 0.7724901421837977, "xTMD6": 0.7258755728099053}, "datetime": {"datetime": "2023-02-03 11:14:39", "elapsed": 3575.633786, "delta": 16.348932}}
{"target": -0.9565811954886654, "params": {"dTMD1": 0.6303076318243336, "dTMD2": 0.40492051044542043, "dTMD3": 0.8259709712165446, "dTMD4": 0.31456666822513213, "dTMD5": 0.4259573676899284, "dTMD6": 0.16948221701469524, "fTMD1": 0.4037544702360446, "fTMD2": 0.06335498835254039, "fTMD3": 0.8203455399519961, "fTMD4": 0.23495717745531552, "fTMD5": 0.6839439935474028, "fTMD6": 0.503768670754511, "mTMD1": 0.8644866133924851, "mTMD2": 0.7264001460803938, "mTMD3": 0.12521061340680006, "mTMD4": 0.8242635315413083, "mTMD5": 0.511190004939681, "xTMD1": 0.5045413215970496, "xTMD2": 0.9915369500301372, "xTMD3": 0.33013350631904503, "xTMD4": 0.08670234053383696, "xTMD5": 0.890727888263429, "xTMD6": 0.35283997362247665}, "datetime": {"datetime": "2023-02-03 11:14:55", "elapsed": 3591.941823, "delta": 16.308037}}
{"target": -0.9759701604843632, "params": {"dTMD1": 0.009211929918665152, "dTMD2": 0.8319756210006329, "dTMD3": 0.30247509653370475, "dTMD4": 0.10726729547359859, "dTMD5": 0.5568817492232702, "dTMD6": 0.8162090916273446, "fTMD1": 0.779230931030533, "fTMD2": 0.6675707119605997, "fTMD3": 0.6350580386479634, "fTMD4": 0.44833642627807735, "fTMD5": 0.43642358078516863, "fTMD6": 0.7456112247587255, "mTMD1": 0.073061767631737, "mTMD2": 0.6824577904397893, "mTMD3": 0.8756174018635758, "mTMD4": 0.8756203406666868, "mTMD5": 0.37473665832919334, "xTMD1": 0.44063959634391336, "xTMD2": 0.0038164645602538627, "xTMD3": 0.5133016384347221, "xTMD4": 0.6997245396598883, "xTMD5": 0.8899819386095323, "xTMD6": 0.900343962107632}, "datetime": {"datetime": "2023-02-03 11:15:13", "elapsed": 3609.79819, "delta": 17.856367}}
{"target": -0.8265649424211019, "params": {"dTMD1": 0.610253611177677, "dTMD2": 0.2314977853434429, "dTMD3": 0.07028925668260322, "dTMD4": 0.027472403763867836, "dTMD5": 0.7952360915877198, "dTMD6": 0.8738886852684973, "fTMD1": 0.15778819934281452, "fTMD2": 0.40914363651901187, "fTMD3": 0.7407812707354648, "fTMD4": 0.3875876606129629, "fTMD5": 0.7134587053719379, "fTMD6": 0.3815233118829561, "mTMD1": 0.13000515090098574, "mTMD2": 0.9794459888738538, "mTMD3": 0.2172769651708122, "mTMD4": 0.9301416133844784, "mTMD5": 0.0014078196917195474, "xTMD1": 0.47441218503967975, "xTMD2": 0.4329842154840108, "xTMD3": 0.8846363127942168, "xTMD4": 0.13948738569850605, "xTMD5": 0.1379586402260632, "xTMD6": 0.6078810346559528}, "datetime": {"datetime": "2023-02-03 11:15:31", "elapsed": 3627.886031, "delta": 18.087841}}
{"target": -0.7185351127438637, "params": {"dTMD1": 0.26306814515238164, "dTMD2": 0.4977521102670489, "dTMD3": 0.5525074237499553, "dTMD4": 0.7582940311070349, "dTMD5": 0.9970072391773894, "dTMD6": 0.4388392808820558, "fTMD1": 0.11921261183240817, "fTMD2": 0.6243106095435088, "fTMD3": 0.3847576045818989, "fTMD4": 0.700732522726284, "fTMD5": 0.6989890138677844, "fTMD6": 0.040026366422939774, "mTMD1": 0.1173939469307409, "mTMD2": 0.6210239175359479, "mTMD3": 0.33942810733336193, "mTMD4": 0.9854945833816082, "mTMD5": 0.6970605984431545, "xTMD1": 0.43384337751646973, "xTMD2": 0.20440659480359125, "xTMD3": 0.2105663955176753, "xTMD4": 0.3952751181070604, "xTMD5": 0.002832236174428404, "xTMD6": 0.7791329183708419}, "datetime": {"datetime": "2023-02-03 11:15:50", "elapsed": 3646.453493, "delta": 18.567462}}
{"target": -0.8045634625307089, "params": {"dTMD1": 0.1559979993914674, "dTMD2": 0.8051741992301009, "dTMD3": 0.17118026898761407, "dTMD4": 0.18088646603780678, "dTMD5": 0.6402688079122186, "dTMD6": 0.3773151559058717, "fTMD1": 0.45770737590464416, "fTMD2": 0.6397214782377788, "fTMD3": 0.39259541874751136, "fTMD4": 0.11700013160217249, "fTMD5": 0.11817580378899295, "fTMD6": 0.04820497779237942, "mTMD1": 0.23884980355034413, "mTMD2": 0.650658743580129, "mTMD3": 0.9145725312735398, "mTMD4": 0.6027040402486703, "mTMD5": 0.5145114430575057, "xTMD1": 0.3783240543032408, "xTMD2": 0.47234943710073496, "xTMD3": 0.7947994349860482, "xTMD4": 0.6236557362491479, "xTMD5": 0.558765064856281, "xTMD6": 0.7047663621663092}, "datetime": {"datetime": "2023-02-03 11:16:06", "elapsed": 3663.244049, "delta": 16.790556}}
{"target": -0.7361381048680676, "params": {"dTMD1": 0.002613503095754921, "dTMD2": 0.5679554967306675, "dTMD3": 0.4883956292743503, "dTMD4": 0.19261243639361814, "dTMD5": 0.6883684875916489, "dTMD6": 0.8745213449545047, "fTMD1": 0.9268507359946132, "fTMD2": 0.5699177418321083, "fTMD3": 0.0778074368964139, "fTMD4": 0.7680725287378489, "fTMD5": 0.809113513386964, "fTMD6": 0.014679415200932522, "mTMD1": 0.03335943898488625, "mTMD2": 0.749312926486285, "mTMD3": 0.9568711908005346, "mTMD4": 0.6257277035669407, "mTMD5": 0.5152129502870757, "xTMD1": 0.43493116265828424, "xTMD2": 0.4599401795728879, "xTMD3": 0.22080725821025948, "xTMD4": 0.22382506919727196, "xTMD5": 0.5401573444091522, "xTMD6": 0.718238569917119}, "datetime": {"datetime": "2023-02-03 11:16:23", "elapsed": 3679.935436, "delta": 16.691387}}
{"target": -0.9038056094993263, "params": {"dTMD1": 0.4957020669454213, "dTMD2": 0.5091607167407157, "dTMD3": 0.22339822060287773, "dTMD4": 0.6218618240090669, "dTMD5": 0.9154327247061917, "dTMD6": 0.5639619687590569, "fTMD1": 0.4200730616313414, "fTMD2": 0.6215843901625068, "fTMD3": 0.1798664438184011, "fTMD4": 0.9930880327362313, "fTMD5": 0.09854103723043173, "fTMD6": 0.5405076522109576, "mTMD1": 0.0801883323042728, "mTMD2": 0.1596916401363654, "mTMD3": 0.719448356457204, "mTMD4": 0.18957663835290384, "mTMD5": 0.34930956858527273, "xTMD1": 0.0925457899751666, "xTMD2": 0.338248033286187, "xTMD3": 0.05032707326025232, "xTMD4": 0.30639590003703276, "xTMD5": 0.5419980796475753, "xTMD6": 0.14587326699995506}, "datetime": {"datetime": "2023-02-03 11:16:39", "elapsed": 3696.19534, "delta": 16.259904}}
{"target": -0.754003551005563, "params": {"dTMD1": 0.5559103633648894, "dTMD2": 0.049188539685519395, "dTMD3": 0.5583246253379835, "dTMD4": 0.342005907177253, "dTMD5": 0.3255689131620344, "dTMD6": 0.0017272845787710267, "fTMD1": 0.3225563679350555, "fTMD2": 0.05196629693193666, "fTMD3": 0.8284220545266742, "fTMD4": 0.04726432006961789, "fTMD5": 0.11776781701383487, "fTMD6": 0.5516854262560598, "mTMD1": 0.6438128343703995, "mTMD2": 0.6390942414260217, "mTMD3": 0.7692836026895732, "mTMD4": 0.28314943405986925, "mTMD5": 0.21365873011185788, "xTMD1": 0.8143322788149795, "xTMD2": 0.24759595271747747, "xTMD3": 0.3243395946552148, "xTMD4": 0.7945017383464874, "xTMD5": 0.37403224413090075, "xTMD6": 0.25869818943632095}, "datetime": {"datetime": "2023-02-03 11:16:56", "elapsed": 3712.993393, "delta": 16.798053}}
{"target": -0.7402542408970679, "params": {"dTMD1": 0.06889991343663404, "dTMD2": 0.6382544358848133, "dTMD3": 0.44768900199066985, "dTMD4": 0.17501081624277925, "dTMD5": 0.17422719698900402, "dTMD6": 0.949973643476937, "fTMD1": 0.5125030699076223, "fTMD2": 0.9604941790326371, "fTMD3": 0.19806739274569007, "fTMD4": 0.03743984093087627, "fTMD5": 0.20269262611116678, "fTMD6": 0.461176320979368, "mTMD1": 0.06452981261075985, "mTMD2": 0.6676266101601566, "mTMD3": 0.7117201185549169, "mTMD4": 0.4665216394091276, "mTMD5": 0.4663626613583167, "xTMD1": 0.7755434046012377, "xTMD2": 0.42320620051196156, "xTMD3": 0.4011421746372288, "xTMD4": 0.353765194757764, "xTMD5": 0.5844734118299567, "xTMD6": 0.46899868243994214}, "datetime": {"datetime": "2023-02-03 11:17:15", "elapsed": 3731.411543, "delta": 18.41815}}
{"target": -0.6448216055686518, "params": {"dTMD1": 0.1401952425793016, "dTMD2": 0.8672022786647773, "dTMD3": 0.1280860219163178, "dTMD4": 0.08012646596857775, "dTMD5": 0.35506359892891004, "dTMD6": 0.9240501016081615, "fTMD1": 0.7034799135365375, "fTMD2": 0.3278699521184639, "fTMD3": 0.2821279298801367, "fTMD4": 0.43518571218092905, "fTMD5": 0.0992815281387921, "fTMD6": 0.3117369417052497, "mTMD1": 0.17130043230999592, "mTMD2": 0.6416512821635041, "mTMD3": 0.9199791865560856, "mTMD4": 0.8437232840613367, "mTMD5": 0.5363651138006112, "xTMD1": 0.8486769407012319, "xTMD2": 0.7527852296517953, "xTMD3": 0.4162955634567298, "xTMD4": 0.3154472163026667, "xTMD5": 0.7843590115511088, "xTMD6": 0.5398858466181916}, "datetime": {"datetime": "2023-02-03 11:17:30", "elapsed": 3747.003693, "delta": 15.59215}}
{"target": -0.9508733369231597, "params": {"dTMD1": 0.47991827290380196, "dTMD2": 0.9255265292030859, "dTMD3": 0.6318380017261334, "dTMD4": 0.5070199575714625, "dTMD5": 0.5308728716098234, "dTMD6": 0.9338162681212756, "fTMD1": 0.6572361830814992, "fTMD2": 0.6901201908838017, "fTMD3": 0.5421984405281253, "fTMD4": 0.3781031229114289, "fTMD5": 0.8272451842164174, "fTMD6": 0.0010770676294640236, "mTMD1": 0.6686765640675062, "mTMD2": 0.30172086893793904, "mTMD3": 0.04453562319569537, "mTMD4": 0.7069859599591742, "mTMD5": 0.6424722978543588, "xTMD1": 0.5623509868156997, "xTMD2": 0.07854539973272745, "xTMD3": 0.5702992824689738, "xTMD4": 0.8656900638390774, "xTMD5": 0.8161693741285652, "xTMD6": 0.000500128318740134}, "datetime": {"datetime": "2023-02-03 11:17:48", "elapsed": 3765.351422, "delta": 18.347729}}
{"target": -0.9201770969648688, "params": {"dTMD1": 0.47739891661070655, "dTMD2": 0.9539764346659056, "dTMD3": 0.23119777421327292, "dTMD4": 0.07173702049551489, "dTMD5": 0.23949595385941702, "dTMD6": 0.6678260363006038, "fTMD1": 0.8482439414832281, "fTMD2": 0.632887130546671, "fTMD3": 0.29385425921872965, "fTMD4": 0.5819981626075647, "fTMD5": 0.14859454412957207, "fTMD6": 0.30263314682113573, "mTMD1": 0.21505811905360994, "mTMD2": 0.8302565091320103, "mTMD3": 0.6794280539719902, "mTMD4": 0.21593579808296492, "mTMD5": 0.7830269409637166, "xTMD1": 0.44621168880189555, "xTMD2": 0.09215624459927252, "xTMD3": 0.44252087428043374, "xTMD4": 0.34186276943023053, "xTMD5": 0.6538694194841544, "xTMD6": 0.8637965715371765}, "datetime": {"datetime": "2023-02-03 11:18:05", "elapsed": 3781.498639, "delta": 16.147217}}
{"target": -0.5887023345792679, "params": {"dTMD1": 0.11412191870518273, "dTMD2": 0.5206885949150358, "dTMD3": 0.28811373462458745, "dTMD4": 0.06434842166197285, "dTMD5": 0.04244170848046391, "dTMD6": 0.5614478088959504, "fTMD1": 0.5647029877814234, "fTMD2": 0.7403339768017019, "fTMD3": 0.4121097502988751, "fTMD4": 0.714443050699257, "fTMD5": 0.2179588644777014, "fTMD6": 0.23823744587394824, "mTMD1": 0.3930014600257975, "mTMD2": 0.5763938860880303, "mTMD3": 0.9744500526162732, "mTMD4": 0.7625571785101223, "mTMD5": 0.3485297869093855, "xTMD1": 0.41117511048035427, "xTMD2": 0.15611134751672984, "xTMD3": 0.6082468273346409, "xTMD4": 0.22637813640913973, "xTMD5": 0.7856451007887596, "xTMD6": 0.969305686612717}, "datetime": {"datetime": "2023-02-03 11:18:22", "elapsed": 3798.722331, "delta": 17.223692}}
{"target": -0.8754560171421104, "params": {"dTMD1": 0.0892539140132792, "dTMD2": 0.64972678035858, "dTMD3": 0.39685475550546256, "dTMD4": 0.21421996008268085, "dTMD5": 0.1568283976494088, "dTMD6": 0.718855681838268, "fTMD1": 0.06759794587688972, "fTMD2": 0.5443310743423533, "fTMD3": 0.4051280549572046, "fTMD4": 0.46662563914356503, "fTMD5": 0.7823884787924282, "fTMD6": 0.34075150008381117, "mTMD1": 0.2734318104805932, "mTMD2": 0.669468588376653, "mTMD3": 0.9955288836699417, "mTMD4": 0.6258553979114699, "mTMD5": 0.29922318693083716, "xTMD1": 0.6946898984436696, "xTMD2": 0.14267752115281407, "xTMD3": 0.09894412473616443, "xTMD4": 0.39133624977224957, "xTMD5": 0.6147413358608745, "xTMD6": 0.48150721826959975}, "datetime": {"datetime": "2023-02-03 11:18:38", "elapsed": 3814.615444, "delta": 15.893113}}
{"target": -0.7820991798684465, "params": {"dTMD1": 0.30954243620815214, "dTMD2": 0.14091002258575558, "dTMD3": 0.9442143755604421, "dTMD4": 0.764421165529701, "dTMD5": 0.5382101824763967, "dTMD6": 0.6921698062675707, "fTMD1": 0.588940976324876, "fTMD2": 0.12563228392625891, "fTMD3": 0.6552617868865482, "fTMD4": 0.512609667253405, "fTMD5": 0.46258911990740736, "fTMD6": 0.7345644000395449, "mTMD1": 0.7426291450234536, "mTMD2": 0.1337572135524886, "mTMD3": 0.03958287995416743, "mTMD4": 0.43989519917393827, "mTMD5": 0.5022415289487516, "xTMD1": 0.4363486025458958, "xTMD2": 0.5396714817416772, "xTMD3": 0.6167523810140778, "xTMD4": 0.5212662582045765, "xTMD5": 0.5667149626464358, "xTMD6": 0.09521510552061074}, "datetime": {"datetime": "2023-02-03 11:18:54", "elapsed": 3831.299049, "delta": 16.683605}}
{"target": -0.8077901732735097, "params": {"dTMD1": 0.27472918013805736, "dTMD2": 0.8855335500569849, "dTMD3": 0.01359459467064783, "dTMD4": 0.38398280585896316, "dTMD5": 0.20061961981042287, "dTMD6": 0.8174728183605097, "fTMD1": 0.3193333004528006, "fTMD2": 0.9694965731637496, "fTMD3": 0.3003849463315764, "fTMD4": 0.9248085844306334, "fTMD5": 0.3133928093503835, "fTMD6": 0.06045052250859573, "mTMD1": 0.5285185724711686, "mTMD2": 0.4858124327748926, "mTMD3": 0.765897770100553, "mTMD4": 0.6759995087683616, "mTMD5": 0.554920951410289, "xTMD1": 0.2808012365616229, "xTMD2": 0.4439484482393201, "xTMD3": 0.34918196617554975, "xTMD4": 0.2801995602129139, "xTMD5": 0.43057238335962544, "xTMD6": 0.8683967518462496}, "datetime": {"datetime": "2023-02-03 11:19:10", "elapsed": 3847.300603, "delta": 16.001554}}
{"target": -0.7402318748649088, "params": {"dTMD1": 0.5582993140206298, "dTMD2": 0.23587599922777558, "dTMD3": 0.5868116683354521, "dTMD4": 0.17398308427450648, "dTMD5": 0.556342336716691, "dTMD6": 0.26173503059091885, "fTMD1": 0.31338384038804046, "fTMD2": 0.12186611635241629, "fTMD3": 0.3471986532518525, "fTMD4": 0.7755273100561203, "fTMD5": 0.04456760014752981, "fTMD6": 0.7058365595590168, "mTMD1": 0.46104781590736343, "mTMD2": 0.18313027660406722, "mTMD3": 0.3061877271823964, "mTMD4": 0.243449464056958, "mTMD5": 0.36681843537764636, "xTMD1": 0.8854382164712308, "xTMD2": 0.9706493786362609, "xTMD3": 0.3297465553459631, "xTMD4": 0.7136320036681683, "xTMD5": 0.2533804434758741, "xTMD6": 0.054820041530590946}, "datetime": {"datetime": "2023-02-03 11:19:27", "elapsed": 3864.19192, "delta": 16.891317}}
{"target": -0.42685283188624745, "params": {"dTMD1": 0.20199816371972001, "dTMD2": 0.6489823784637315, "dTMD3": 0.687631566253456, "dTMD4": 0.10852333064018316, "dTMD5": 0.42210122237846903, "dTMD6": 0.8939838162033089, "fTMD1": 0.5819180507023425, "fTMD2": 0.3325752313444741, "fTMD3": 0.32108334920422577, "fTMD4": 0.3587058385605687, "fTMD5": 0.060119198519348216, "fTMD6": 0.15693301251893976, "mTMD1": 0.5281930095644334, "mTMD2": 0.9428226526251606, "mTMD3": 0.6350068148704962, "mTMD4": 0.5509574799268265, "mTMD5": 0.5881681936612557, "xTMD1": 0.23840979817019714, "xTMD2": 0.283941606444297, "xTMD3": 0.10012752230273747, "xTMD4": 0.14036755683822422, "xTMD5": 0.5820577895403494, "xTMD6": 0.9117461097499614}, "datetime": {"datetime": "2023-02-03 11:19:43", "elapsed": 3880.143528, "delta": 15.951608}}
{"target": -0.9709968834069096, "params": {"dTMD1": 0.21682107559857677, "dTMD2": 0.6401773767293328, "dTMD3": 0.30145036162071437, "dTMD4": 0.1599187120742872, "dTMD5": 0.009989059623039753, "dTMD6": 0.5565046363397296, "fTMD1": 0.4414081888190797, "fTMD2": 0.7870528234047838, "fTMD3": 0.11761996670551844, "fTMD4": 0.5134736790706477, "fTMD5": 0.10203787150691546, "fTMD6": 0.061359196086558154, "mTMD1": 0.21549764778565061, "mTMD2": 0.669663475856209, "mTMD3": 0.6917130125357032, "mTMD4": 0.4118009330042629, "mTMD5": 0.7060198192881033, "xTMD1": 0.3672391626701098, "xTMD2": 0.30747046583392723, "xTMD3": 0.44917857245423, "xTMD4": 0.29408996031534107, "xTMD5": 0.9846711426227405, "xTMD6": 0.673076932730776}, "datetime": {"datetime": "2023-02-03 11:20:01", "elapsed": 3897.719171, "delta": 17.575643}}
