{"target": -0.8283667740305788, "params": {"dTMD1": 0.6947632364492896, "dTMD2": 0.13781850512136162, "dTMD3": 0.1241555314602788, "dTMD4": 0.6036966397929858, "dTMD5": 0.08273289623490476, "dTMD6": 0.41928910755466486, "fTMD1": 0.47040540948735987, "fTMD2": 0.008096790414514832, "fTMD3": 0.7460132981654941, "fTMD4": 0.28809119236799874, "fTMD5": 0.6628738255294006, "fTMD6": 0.6361112692361138, "mTMD1": 0.0034877073946683046, "mTMD2": 0.6273512540724382, "mTMD3": 0.6755534290623302, "mTMD4": 0.6100616832803984, "mTMD5": 0.4741237892396206, "xTMD1": 0.9626873326738667, "xTMD2": 0.87491655280385, "xTMD3": 0.6888682999880461, "xTMD4": 0.3976941726977975, "xTMD5": 0.3335784030136698, "xTMD6": 0.9261068381250478}, "datetime": {"datetime": "2023-02-03 10:34:36", "elapsed": 1172.517598, "delta": 14.27719}}
{"target": -1.0227123769240616, "params": {"dTMD1": 0.15608469759700117, "dTMD2": 0.9036286980229977, "dTMD3": 0.31230243761169396, "dTMD4": 0.6775701950861593, "dTMD5": 0.6230088030533848, "dTMD6": 0.047849010117193, "fTMD1": 0.517796436986859, "fTMD2": 0.9610708404361399, "fTMD3": 0.34317919742344094, "fTMD4": 0.829116796039786, "fTMD5": 0.26361117873129825, "fTMD6": 0.7532750405321036, "mTMD1": 0.07357357294127975, "mTMD2": 0.28347528633810115, "mTMD3": 0.5511666863888365, "mTMD4": 0.8064169807273125, "mTMD5": 0.9960093349896638, "xTMD1": 0.12925249019061913, "xTMD2": 0.4855327540614316, "xTMD3": 0.44408487968281063, "xTMD4": 0.4955892415499268, "xTMD5": 0.883810278765549, "xTMD6": 0.32083250663670515}, "datetime": {"datetime": "2023-02-03 10:34:50", "elapsed": 1186.449536, "delta": 13.931938}}
{"target": -0.6511294176650273, "params": {"dTMD1": 0.23154009517137897, "dTMD2": 0.2137427544251984, "dTMD3": 0.830340371069962, "dTMD4": 0.7084728619195664, "dTMD5": 0.7890869152690847, "dTMD6": 0.9748624774930149, "fTMD1": 0.22021516412900477, "fTMD2": 0.20178244387079303, "fTMD3": 0.1911761265396612, "fTMD4": 0.2481264925965283, "fTMD5": 0.5830811118956979, "fTMD6": 0.08570081915341143, "mTMD1": 0.26286564616355956, "mTMD2": 0.7445418148352653, "mTMD3": 0.018858201790639906, "mTMD4": 0.5348714472658768, "mTMD5": 0.7410846749131972, "xTMD1": 0.14690649207642048, "xTMD2": 0.5706596341298014, "xTMD3": 0.8497948553272171, "xTMD4": 0.21427637323761106, "xTMD5": 0.38028438810398346, "xTMD6": 0.9060355280203581}, "datetime": {"datetime": "2023-02-03 10:35:04", "elapsed": 1200.479254, "delta": 14.029718}}
{"target": -0.7899875513665744, "params": {"dTMD1": 0.4076304576039186, "dTMD2": 0.16872285361654848, "dTMD3": 0.6934888831427223, "dTMD4": 0.34752541419663274, "dTMD5": 0.5319858156256159, "dTMD6": 0.29050657609627784, "fTMD1": 0.17433609086404012, "fTMD2": 0.18989484433115889, "fTMD3": 0.12719137515284218, "fTMD4": 0.35988712147431046, "fTMD5": 0.716560699148398, "fTMD6": 0.9071044903021636, "mTMD1": 0.9746317307123596, "mTMD2": 0.8074420396991072, "mTMD3": 0.8458214602919507, "mTMD4": 0.6603434058821689, "mTMD5": 0.6804671986462711, "xTMD1": 0.26337963698238465, "xTMD2": 0.6307223965522706, "xTMD3": 0.7063229364595036, "xTMD4": 0.611238551287196, "xTMD5": 0.13967115328776503, "xTMD6": 0.4731927918563025}, "datetime": {"datetime": "2023-02-03 10:35:18", "elapsed": 1214.677385, "delta": 14.198131}}
{"target": -1.1605279856080644, "params": {"dTMD1": 0.5439419892941921, "dTMD2": 0.17567147432636443, "dTMD3": 0.4847569741592933, "dTMD4": 0.6975491096428476, "dTMD5": 0.5009174371162495, "dTMD6": 0.29083145547570566, "fTMD1": 0.25613582556752357, "fTMD2": 0.011840056666433063, "fTMD3": 0.23591639876273107, "fTMD4": 0.4193162220336353, "fTMD5": 0.7765909348834137, "fTMD6": 0.8746476761917221, "mTMD1": 0.743293724511907, "mTMD2": 0.555765826437507, "mTMD3": 0.974643592592461, "mTMD4": 0.8831239641501719, "mTMD5": 0.44714814080643983, "xTMD1": 0.6508773003947692, "xTMD2": 0.8657792637115658, "xTMD3": 0.5182895946496906, "xTMD4": 0.35308584091190764, "xTMD5": 0.18017886277792106, "xTMD6": 0.7449293726811033}, "datetime": {"datetime": "2023-02-03 10:35:32", "elapsed": 1229.040523, "delta": 14.363138}}
{"target": -0.7816827684249776, "params": {"dTMD1": 0.5632199829198966, "dTMD2": 0.302790232796588, "dTMD3": 0.20259770927124066, "dTMD4": 0.5303994282164272, "dTMD5": 0.32005929193618654, "dTMD6": 0.6720103864842768, "fTMD1": 0.8700159832949454, "fTMD2": 0.6048456052546595, "fTMD3": 0.36181563799975336, "fTMD4": 0.3562624569151702, "fTMD5": 0.4234803141156601, "fTMD6": 0.5445367707537346, "mTMD1": 0.3766155878525276, "mTMD2": 0.4432880987041502, "mTMD3": 0.847138458588323, "mTMD4": 0.9459480744732456, "mTMD5": 0.7662780246040698, "xTMD1": 0.20689560573423738, "xTMD2": 0.9385900833574337, "xTMD3": 0.41575800216971526, "xTMD4": 0.753580950292629, "xTMD5": 0.6450096460788826, "xTMD6": 0.637961078538791}, "datetime": {"datetime": "2023-02-03 10:35:46", "elapsed": 1243.020473, "delta": 13.97995}}
{"target": -0.9146582161558252, "params": {"dTMD1": 0.20055271066783587, "dTMD2": 0.8686089907553558, "dTMD3": 0.009171422753286307, "dTMD4": 0.5400240148150218, "dTMD5": 0.20463932795911677, "dTMD6": 0.1774254455587625, "fTMD1": 0.8811357269080856, "fTMD2": 0.6495723170015354, "fTMD3": 0.3846343763991279, "fTMD4": 0.2284937942506976, "fTMD5": 0.2042268533113425, "fTMD6": 0.3049785311602119, "mTMD1": 0.3327843538012287, "mTMD2": 0.8888128928496537, "mTMD3": 0.5006262645961137, "mTMD4": 0.7951764677049789, "mTMD5": 0.7546511942075725, "xTMD1": 0.3293224909214999, "xTMD2": 0.7917662617336774, "xTMD3": 0.10385130861761194, "xTMD4": 0.6427710303429307, "xTMD5": 0.35464052061020657, "xTMD6": 0.7354680168748235}, "datetime": {"datetime": "2023-02-03 10:36:00", "elapsed": 1256.677297, "delta": 13.656824}}
{"target": -0.8517632899264105, "params": {"dTMD1": 0.25901439495808487, "dTMD2": 0.8463094671449382, "dTMD3": 0.3860084446857618, "dTMD4": 0.6668636114891271, "dTMD5": 0.41123737087202406, "dTMD6": 0.09611779704516987, "fTMD1": 0.883854591598482, "fTMD2": 0.25292506002941384, "fTMD3": 0.2869509141417246, "fTMD4": 0.24362920008784816, "fTMD5": 0.19747648964578024, "fTMD6": 0.18551153954726474, "mTMD1": 0.9220084879598645, "mTMD2": 0.19962425695139785, "mTMD3": 0.08012816451197069, "mTMD4": 0.4378071300528116, "mTMD5": 0.37052667140074536, "xTMD1": 0.7240992632988291, "xTMD2": 0.9398527400917183, "xTMD3": 0.9727662634058039, "xTMD4": 0.00969041360364764, "xTMD5": 0.8822173401799965, "xTMD6": 0.9797913231371156}, "datetime": {"datetime": "2023-02-03 10:36:14", "elapsed": 1271.076751, "delta": 14.399454}}
{"target": -0.8747248943121854, "params": {"dTMD1": 0.6679343642208919, "dTMD2": 0.5735392073601602, "dTMD3": 0.3334972236543339, "dTMD4": 0.09947921951627703, "dTMD5": 0.3242839783068878, "dTMD6": 0.0038934169293390886, "fTMD1": 0.015369211754990508, "fTMD2": 0.6633353109396712, "fTMD3": 0.8841044324934811, "fTMD4": 0.14018146509370022, "fTMD5": 0.0527386534305867, "fTMD6": 0.7178163883187149, "mTMD1": 0.9481361949043994, "mTMD2": 0.035388311947049056, "mTMD3": 0.36277084075076405, "mTMD4": 0.441959007424112, "mTMD5": 0.5936175503138956, "xTMD1": 0.9186790020612285, "xTMD2": 0.7770918035829009, "xTMD3": 0.8977697620181458, "xTMD4": 0.32533805227711343, "xTMD5": 0.027763329835421846, "xTMD6": 0.07674325525653225}, "datetime": {"datetime": "2023-02-03 10:36:29", "elapsed": 1285.458103, "delta": 14.381352}}
{"target": -0.9078959029479272, "params": {"dTMD1": 0.4097065106722517, "dTMD2": 0.5517199174130885, "dTMD3": 0.12640805212386186, "dTMD4": 0.5785640059246677, "dTMD5": 0.23144041035512553, "dTMD6": 0.5007958862150655, "fTMD1": 0.34537404078509293, "fTMD2": 0.5301505135177436, "fTMD3": 0.2701855332224058, "fTMD4": 0.659405339829955, "fTMD5": 0.4937385049630435, "fTMD6": 0.9705363903659509, "mTMD1": 0.7210467278185707, "mTMD2": 0.8443043119842117, "mTMD3": 0.8847718213927066, "mTMD4": 0.8751451672805385, "mTMD5": 0.8088318428893707, "xTMD1": 0.8278056856211863, "xTMD2": 0.6923567734478021, "xTMD3": 0.8006694170785494, "xTMD4": 0.5573669109703422, "xTMD5": 0.3929405452809064, "xTMD6": 0.301787541270229}, "datetime": {"datetime": "2023-02-03 10:36:43", "elapsed": 1300.329035, "delta": 14.870932}}
{"target": -0.6529928603534784, "params": {"dTMD1": 0.7836583806678911, "dTMD2": 0.8094812241978615, "dTMD3": 0.25460523281087577, "dTMD4": 0.6172936528509587, "dTMD5": 0.36707417647374485, "dTMD6": 0.5306417842780006, "fTMD1": 0.9571576969315917, "fTMD2": 0.9829298261576908, "fTMD3": 0.23374509466857496, "fTMD4": 0.18944799134913315, "fTMD5": 0.09415236816367645, "fTMD6": 0.6207508396635565, "mTMD1": 0.5337725673769194, "mTMD2": 0.6781638770316635, "mTMD3": 0.8539406948049231, "mTMD4": 0.9806223417363817, "mTMD5": 0.5765611565265649, "xTMD1": 0.27094519548017526, "xTMD2": 0.39924758110539305, "xTMD3": 0.1664703442727572, "xTMD4": 0.5455795985243719, "xTMD5": 0.722132425866288, "xTMD6": 0.5813918286086633}, "datetime": {"datetime": "2023-02-03 10:36:59", "elapsed": 1316.21489, "delta": 15.885855}}
{"target": -0.7817801752284699, "params": {"dTMD1": 0.9158480310465056, "dTMD2": 0.9225444098259282, "dTMD3": 0.2634371441045702, "dTMD4": 0.2670501433186675, "dTMD5": 0.17809378518298302, "dTMD6": 0.28070786314762275, "fTMD1": 0.9627799848507984, "fTMD2": 0.9961599842641041, "fTMD3": 0.17808595361120572, "fTMD4": 0.39915492330127045, "fTMD5": 0.24609894024295453, "fTMD6": 0.690872943448854, "mTMD1": 0.3838378695652893, "mTMD2": 0.6606222265892694, "mTMD3": 0.8781679035308518, "mTMD4": 0.946295988792598, "mTMD5": 0.7654445712819695, "xTMD1": 0.5009737371736159, "xTMD2": 0.12645349013042906, "xTMD3": 0.07271062600539258, "xTMD4": 0.3434451662798781, "xTMD5": 0.9159748342484954, "xTMD6": 0.8990588535257401}, "datetime": {"datetime": "2023-02-03 10:37:14", "elapsed": 1330.839609, "delta": 14.624719}}
{"target": -0.8051682555243973, "params": {"dTMD1": 0.18480860120070952, "dTMD2": 0.05078109834334421, "dTMD3": 0.7470139535415554, "dTMD4": 0.6200166983969645, "dTMD5": 0.7205515883596141, "dTMD6": 0.7762401307998678, "fTMD1": 0.6427521760849086, "fTMD2": 0.23469461811607173, "fTMD3": 0.4515579016954926, "fTMD4": 0.12679813930589012, "fTMD5": 0.9351611135573832, "fTMD6": 0.2805655522268349, "mTMD1": 0.32492676253343167, "mTMD2": 0.45796213582487333, "mTMD3": 0.3845399196832944, "mTMD4": 0.3900971950859743, "mTMD5": 0.6376035765030587, "xTMD1": 0.33725713002817326, "xTMD2": 0.6966211852788602, "xTMD3": 0.8787271163833404, "xTMD4": 0.10452997906998673, "xTMD5": 0.5302823194775057, "xTMD6": 0.714191795077309}, "datetime": {"datetime": "2023-02-03 10:37:28", "elapsed": 1345.058868, "delta": 14.219259}}
{"target": -0.8292167758472375, "params": {"dTMD1": 0.08585567942224681, "dTMD2": 0.9953891143245206, "dTMD3": 0.5278152669051788, "dTMD4": 0.30629564800573705, "dTMD5": 0.8984163512916801, "dTMD6": 0.7071017098516319, "fTMD1": 0.906630231525371, "fTMD2": 0.599502518702475, "fTMD3": 0.1420990448816566, "fTMD4": 0.2649730389036792, "fTMD5": 0.1672032546608906, "fTMD6": 0.36650267612433474, "mTMD1": 0.884149176678094, "mTMD2": 0.24523316148754848, "mTMD3": 0.7582249170602411, "mTMD4": 0.8611906966079478, "mTMD5": 0.7289627593142384, "xTMD1": 0.32662836411309093, "xTMD2": 0.036232601900422545, "xTMD3": 0.4581466012192984, "xTMD4": 0.3565649248227065, "xTMD5": 0.37795287604560257, "xTMD6": 0.9603448072230675}, "datetime": {"datetime": "2023-02-03 10:37:42", "elapsed": 1359.195136, "delta": 14.136268}}
{"target": -0.9960234363377773, "params": {"dTMD1": 0.12693287777615947, "dTMD2": 0.4501226401953682, "dTMD3": 0.25734030687475773, "dTMD4": 0.6517546568079785, "dTMD5": 0.3362114462725251, "dTMD6": 0.3838824832252985, "fTMD1": 0.31244800703728837, "fTMD2": 0.36254197366867735, "fTMD3": 0.006760095401776467, "fTMD4": 0.7267179789883499, "fTMD5": 0.8489375022992638, "fTMD6": 0.5317277417218956, "mTMD1": 0.6765458150465151, "mTMD2": 0.8348921996728497, "mTMD3": 0.6212152565717849, "mTMD4": 0.5743203675911845, "mTMD5": 0.7132192311518027, "xTMD1": 0.4714405408491692, "xTMD2": 0.8274959959875412, "xTMD3": 0.6048978598124833, "xTMD4": 0.32723078644725956, "xTMD5": 0.5777479410479829, "xTMD6": 0.6347173074607806}, "datetime": {"datetime": "2023-02-03 10:38:00", "elapsed": 1376.514996, "delta": 17.31986}}
{"target": -0.8844251291768073, "params": {"dTMD1": 0.19736454216704669, "dTMD2": 0.7979169999322954, "dTMD3": 0.9753404205017246, "dTMD4": 0.25249705443441617, "dTMD5": 0.06842317198967007, "dTMD6": 0.7243965888784321, "fTMD1": 0.3817101804082971, "fTMD2": 0.6593574739816441, "fTMD3": 0.15896721878443898, "fTMD4": 0.2450457870820656, "fTMD5": 0.9612590276576433, "fTMD6": 0.7193184718030079, "mTMD1": 0.40911172297418563, "mTMD2": 0.6281425211827305, "mTMD3": 0.8759172173331357, "mTMD4": 0.8421140234735832, "mTMD5": 0.23116161539086466, "xTMD1": 0.7268089606677478, "xTMD2": 0.082141736661, "xTMD3": 0.15238011087758863, "xTMD4": 0.1954495358979349, "xTMD5": 0.860717644703319, "xTMD6": 0.45484134688792943}, "datetime": {"datetime": "2023-02-03 10:38:18", "elapsed": 1394.954735, "delta": 18.439739}}
{"target": -0.5963803199658763, "params": {"dTMD1": 0.7713977394293529, "dTMD2": 0.10782935632635637, "dTMD3": 0.5039239603309223, "dTMD4": 0.3148229064736824, "dTMD5": 0.055822351438676754, "dTMD6": 0.9256199261172549, "fTMD1": 0.15849748950300924, "fTMD2": 0.07821407546964343, "fTMD3": 0.6475792168034779, "fTMD4": 0.9057626611445475, "fTMD5": 0.08433876959621167, "fTMD6": 0.45182732891887367, "mTMD1": 0.3565062263156532, "mTMD2": 0.34178699719465766, "mTMD3": 0.3056507334551578, "mTMD4": 0.5819695980838324, "mTMD5": 0.865682733998484, "xTMD1": 0.050674788328853304, "xTMD2": 0.1153184594788974, "xTMD3": 0.36625410800525693, "xTMD4": 0.612398138839501, "xTMD5": 0.6769947714880428, "xTMD6": 0.06737100625846582}, "datetime": {"datetime": "2023-02-03 10:38:34", "elapsed": 1411.150166, "delta": 16.195431}}
{"target": -0.9334510489261822, "params": {"dTMD1": 0.49587372120718376, "dTMD2": 0.2611402969778369, "dTMD3": 0.6278286849121478, "dTMD4": 0.6301093537120068, "dTMD5": 0.490463436837853, "dTMD6": 0.906140717172099, "fTMD1": 0.537494146442958, "fTMD2": 0.0022549329440926247, "fTMD3": 0.06729862443695156, "fTMD4": 0.37151249265010067, "fTMD5": 0.7950026374288086, "fTMD6": 0.20422988722978108, "mTMD1": 0.7072707381609391, "mTMD2": 0.6438474577681348, "mTMD3": 0.1879454272899983, "mTMD4": 0.6525636726834853, "mTMD5": 0.3509019283420983, "xTMD1": 0.16798302622031946, "xTMD2": 0.3438900591788875, "xTMD3": 0.38700921695467416, "xTMD4": 0.20771602464477656, "xTMD5": 0.2739624143637128, "xTMD6": 0.6390506125551422}, "datetime": {"datetime": "2023-02-03 10:39:01", "elapsed": 1437.525753, "delta": 26.375587}}
{"target": -1.2601144853033275, "params": {"dTMD1": 0.28930210332708095, "dTMD2": 0.6278812435209475, "dTMD3": 0.9940884308972084, "dTMD4": 0.6317524867745039, "dTMD5": 0.8874618154084264, "dTMD6": 0.12143814475118542, "fTMD1": 0.15052474249786674, "fTMD2": 0.6329637457962511, "fTMD3": 0.8940644717274139, "fTMD4": 0.8841207620169504, "fTMD5": 0.02891474218396506, "fTMD6": 0.6449261846938752, "mTMD1": 0.8795502840494196, "mTMD2": 0.1635043436683602, "mTMD3": 0.8043108591056494, "mTMD4": 0.4069036307888654, "mTMD5": 0.7728840927059233, "xTMD1": 0.9884569411737134, "xTMD2": 0.890579184938524, "xTMD3": 0.1688514039504987, "xTMD4": 0.08772339116192929, "xTMD5": 0.17036624788081345, "xTMD6": 0.14086762809368636}, "datetime": {"datetime": "2023-02-03 10:39:21", "elapsed": 1457.472875, "delta": 19.947122}}
{"target": -0.8284993914744316, "params": {"dTMD1": 0.31478542948429755, "dTMD2": 0.6721287760441161, "dTMD3": 0.23366848027075748, "dTMD4": 0.5464817090349183, "dTMD5": 0.40116646980282555, "dTMD6": 0.1974298641084944, "fTMD1": 0.7372251392598983, "fTMD2": 0.9701916034246626, "fTMD3": 0.4667958530495524, "fTMD4": 0.2951065396023759, "fTMD5": 0.4456218154096807, "fTMD6": 0.2462732170816102, "mTMD1": 0.671260033145104, "mTMD2": 0.5699586853539332, "mTMD3": 0.4673471274646498, "mTMD4": 0.9274390202138089, "mTMD5": 0.6328692905189806, "xTMD1": 0.343722895366938, "xTMD2": 0.6400233964174042, "xTMD3": 0.49336746670437603, "xTMD4": 0.6082349987391901, "xTMD5": 0.7639178245355782, "xTMD6": 0.7795786338313772}, "datetime": {"datetime": "2023-02-03 10:39:37", "elapsed": 1473.896027, "delta": 16.423152}}
{"target": -0.9342920006570098, "params": {"dTMD1": 0.8193331241248545, "dTMD2": 0.06334940684351265, "dTMD3": 0.7419977930573557, "dTMD4": 0.36439682055568323, "dTMD5": 0.00011509508136064994, "dTMD6": 0.9527369597027986, "fTMD1": 0.17084527494124147, "fTMD2": 0.17551301650333206, "fTMD3": 0.8481558410343031, "fTMD4": 0.9042282584195735, "fTMD5": 0.3784638396506623, "fTMD6": 0.11768091937620273, "mTMD1": 0.20710405156836387, "mTMD2": 0.16311461145752404, "mTMD3": 0.2690064867006877, "mTMD4": 0.5578595445947452, "mTMD5": 0.8334878134114568, "xTMD1": 0.19303971194258096, "xTMD2": 0.2986932823437328, "xTMD3": 0.43757943082598827, "xTMD4": 0.5842112280630173, "xTMD5": 0.850204704653034, "xTMD6": 0.4710487934839691}, "datetime": {"datetime": "2023-02-03 10:39:55", "elapsed": 1491.908232, "delta": 18.012205}}
{"target": -0.900724603588041, "params": {"dTMD1": 0.9459643735945759, "dTMD2": 0.5310816634787107, "dTMD3": 0.15446529547129506, "dTMD4": 0.4225166017902138, "dTMD5": 0.12053525911780116, "dTMD6": 0.0624160640194541, "fTMD1": 0.8065618606528925, "fTMD2": 0.41256554109343335, "fTMD3": 0.4942973426111692, "fTMD4": 0.15970193364869378, "fTMD5": 0.3505423495891411, "fTMD6": 0.3567335724275227, "mTMD1": 0.04382491666484478, "mTMD2": 0.6352054480055438, "mTMD3": 0.8719515018662652, "mTMD4": 0.8855674662895875, "mTMD5": 0.9111511277208488, "xTMD1": 0.21926262994164536, "xTMD2": 0.6262803510700269, "xTMD3": 0.49386854286253423, "xTMD4": 0.6844755846132008, "xTMD5": 0.38787643109984327, "xTMD6": 0.7404715716207528}, "datetime": {"datetime": "2023-02-03 10:40:11", "elapsed": 1508.3478, "delta": 16.439568}}
{"target": -1.1384313788451843, "params": {"dTMD1": 0.01463312892058588, "dTMD2": 0.0008415873551226305, "dTMD3": 0.33296783201154256, "dTMD4": 0.7451996083565399, "dTMD5": 0.4874296028818713, "dTMD6": 0.9140654104777197, "fTMD1": 0.13575730510960426, "fTMD2": 0.9213795532673473, "fTMD3": 0.1942535671583827, "fTMD4": 0.3916689579797198, "fTMD5": 0.22154953577090264, "fTMD6": 0.7434957878100207, "mTMD1": 0.47372961615931575, "mTMD2": 0.826556727519198, "mTMD3": 0.02227989982866485, "mTMD4": 0.44973557011997123, "mTMD5": 0.3966479379580702, "xTMD1": 0.18126326389949976, "xTMD2": 0.632693326269789, "xTMD3": 0.5359131267705167, "xTMD4": 0.004607491013396414, "xTMD5": 0.17735197460259466, "xTMD6": 0.918845339760447}, "datetime": {"datetime": "2023-02-03 10:40:27", "elapsed": 1524.247745, "delta": 15.899945}}
{"target": -0.6739012583639864, "params": {"dTMD1": 0.11344869652076806, "dTMD2": 0.6241080722224471, "dTMD3": 0.16629389865368283, "dTMD4": 0.5898090298027922, "dTMD5": 0.6691642038496175, "dTMD6": 0.1633859904579612, "fTMD1": 0.5531583287491442, "fTMD2": 0.7732689636392661, "fTMD3": 0.11432251921926773, "fTMD4": 0.2802403619466227, "fTMD5": 0.25621010033165026, "fTMD6": 0.36938422046583463, "mTMD1": 0.15147318022807488, "mTMD2": 0.6298686033636498, "mTMD3": 0.7994922058083735, "mTMD4": 0.7969185060811573, "mTMD5": 0.46944955036703295, "xTMD1": 0.3245842900405598, "xTMD2": 0.3713511514666381, "xTMD3": 0.21932198277776538, "xTMD4": 0.2966877827706057, "xTMD5": 0.6054720343083358, "xTMD6": 0.4040859753728887}, "datetime": {"datetime": "2023-02-03 10:40:44", "elapsed": 1540.830186, "delta": 16.582441}}
{"target": -0.7747215229629869, "params": {"dTMD1": 0.2321917834579077, "dTMD2": 0.5619300947646865, "dTMD3": 0.47044149580758976, "dTMD4": 0.9648880385064951, "dTMD5": 0.793266762987109, "dTMD6": 0.736999510755687, "fTMD1": 0.6045981443278157, "fTMD2": 0.5854891912371105, "fTMD3": 0.5925012088095728, "fTMD4": 0.6579718440213558, "fTMD5": 0.10211272712747921, "fTMD6": 0.005762385588060859, "mTMD1": 0.4854573825639793, "mTMD2": 0.2994372883601799, "mTMD3": 0.8600579901663324, "mTMD4": 0.19112262096349608, "mTMD5": 0.9100497022964764, "xTMD1": 0.6337814536825526, "xTMD2": 0.9811291423201429, "xTMD3": 0.1449340973040345, "xTMD4": 0.1363096711050379, "xTMD5": 0.06755627827055566, "xTMD6": 0.9390183441282905}, "datetime": {"datetime": "2023-02-03 10:41:00", "elapsed": 1556.94967, "delta": 16.119484}}
{"target": -0.9595346228235422, "params": {"dTMD1": 0.49797642023885846, "dTMD2": 0.37195578442863697, "dTMD3": 0.5073400207232257, "dTMD4": 0.7319392020841865, "dTMD5": 0.3585670059458189, "dTMD6": 0.5778238243061694, "fTMD1": 0.5446447848197837, "fTMD2": 0.7213259398849442, "fTMD3": 0.7265905152150843, "fTMD4": 0.41849552284988445, "fTMD5": 0.6074121280525908, "fTMD6": 0.47092347592945616, "mTMD1": 0.6046989509945687, "mTMD2": 0.9452572914979478, "mTMD3": 0.8862014808928745, "mTMD4": 0.6608260577897368, "mTMD5": 0.7782900896329894, "xTMD1": 0.47729990244635656, "xTMD2": 0.9591897946265903, "xTMD3": 0.5788699854040382, "xTMD4": 0.49410842227735174, "xTMD5": 0.5920618354093551, "xTMD6": 0.18919773072133672}, "datetime": {"datetime": "2023-02-03 10:41:15", "elapsed": 1571.959294, "delta": 15.009624}}
{"target": -0.7120350990034766, "params": {"dTMD1": 0.513452230624302, "dTMD2": 0.8398550872466508, "dTMD3": 0.38118728962298765, "dTMD4": 0.4532001661349033, "dTMD5": 0.22461715060024168, "dTMD6": 0.3943520713281633, "fTMD1": 0.9573380716923575, "fTMD2": 0.5111256292921633, "fTMD3": 0.2166779104025779, "fTMD4": 0.5618228687695932, "fTMD5": 0.26148852123985333, "fTMD6": 0.064300111392527, "mTMD1": 0.1486120905906143, "mTMD2": 0.9691308762390705, "mTMD3": 0.895106406465979, "mTMD4": 0.6960261798054622, "mTMD5": 0.38664918764519907, "xTMD1": 0.6395431820476748, "xTMD2": 0.6558286187693875, "xTMD3": 0.25152328375503896, "xTMD4": 0.5613480504909489, "xTMD5": 0.6885668877673434, "xTMD6": 0.4250924439636211}, "datetime": {"datetime": "2023-02-03 10:41:31", "elapsed": 1587.621799, "delta": 15.662505}}
