{"target": -0.4439209186101753, "params": {"dTMD1": 0.21105181834922648, "dTMD2": 0.6632749560404062, "dTMD3": 0.1713228149775311, "dTMD4": 0.3560553332514621, "dTMD5": 0.8022412968436461, "dTMD6": 0.5449612975903388, "fTMD1": 0.7351753493955899, "fTMD2": 0.322173781732217, "fTMD3": 0.5794206275301573, "fTMD4": 0.19574634619641673, "fTMD5": 0.49944930752030303, "fTMD6": 0.32797376159434566, "mTMD1": 0.05128830523086325, "mTMD2": 0.6294227308623906, "mTMD3": 0.7929699518277652, "mTMD4": 0.3759043916105276, "mTMD5": 0.8691255087374498, "xTMD1": 0.5762390795753123, "xTMD2": 0.7566570653643736, "xTMD3": 0.24434939098454056, "xTMD4": 0.0926974635555734, "xTMD5": 0.3423436712364988, "xTMD6": 0.9374110732769251}, "datetime": {"datetime": "2023-02-03 11:27:44", "elapsed": 4361.272175, "delta": 16.444121}}
{"target": -0.6493309919401024, "params": {"dTMD1": 0.11859958573942353, "dTMD2": 0.876233292885055, "dTMD3": 0.24855629885800856, "dTMD4": 0.47970310059523924, "dTMD5": 0.4216394157874944, "dTMD6": 0.5328159737375814, "fTMD1": 0.5018612277684764, "fTMD2": 0.9892287999082119, "fTMD3": 0.18218811705410787, "fTMD4": 0.39758199367798497, "fTMD5": 0.25987253791900045, "fTMD6": 0.36996719904543385, "mTMD1": 0.13439391421307367, "mTMD2": 0.4513767171399875, "mTMD3": 0.999669670860121, "mTMD4": 0.6988448926408026, "mTMD5": 0.750653751942022, "xTMD1": 0.42017054043465396, "xTMD2": 0.6338389591617891, "xTMD3": 0.2518937684055129, "xTMD4": 0.03201234532223085, "xTMD5": 0.48827486625501937, "xTMD6": 0.5588191246788091}, "datetime": {"datetime": "2023-02-03 11:28:01", "elapsed": 4377.765376, "delta": 16.493201}}
{"target": -0.8625798584313827, "params": {"dTMD1": 0.31300098244945684, "dTMD2": 0.37667323325134705, "dTMD3": 0.2788203950487128, "dTMD4": 0.16092172841585162, "dTMD5": 0.31368955728923964, "dTMD6": 0.6986018856912657, "fTMD1": 0.6140584041340144, "fTMD2": 0.620590108298293, "fTMD3": 0.32784135486270227, "fTMD4": 0.3099496865525253, "fTMD5": 0.4621892687986693, "fTMD6": 0.4462264488173938, "mTMD1": 0.18369509353477953, "mTMD2": 0.38181395191126233, "mTMD3": 0.6328241515382496, "mTMD4": 0.7722064471089781, "mTMD5": 0.8069803011968635, "xTMD1": 0.7556165436348948, "xTMD2": 0.2253522290362593, "xTMD3": 0.12643261488961122, "xTMD4": 0.1817456489743442, "xTMD5": 0.6425665813317015, "xTMD6": 0.4926327425552408}, "datetime": {"datetime": "2023-02-03 11:28:17", "elapsed": 4393.672847, "delta": 15.907471}}
{"target": -0.6303703881961052, "params": {"dTMD1": 0.004910964971820531, "dTMD2": 0.7949834246260766, "dTMD3": 0.4361945781166623, "dTMD4": 0.5999602952613837, "dTMD5": 0.7057826728777289, "dTMD6": 0.5335836786584888, "fTMD1": 0.6525505438299765, "fTMD2": 0.9934436252321597, "fTMD3": 0.47297811166430614, "fTMD4": 0.6342350203746063, "fTMD5": 0.4024454284956237, "fTMD6": 0.22211727237389922, "mTMD1": 0.28524729290616, "mTMD2": 0.7820672258670979, "mTMD3": 0.9258102032803287, "mTMD4": 0.6542685532115922, "mTMD5": 0.7090293356646721, "xTMD1": 0.4076334007407749, "xTMD2": 0.16018386259021855, "xTMD3": 0.4299622467676746, "xTMD4": 0.006742878248320983, "xTMD5": 0.5796465677575952, "xTMD6": 0.43626346282635164}, "datetime": {"datetime": "2023-02-03 11:28:32", "elapsed": 4409.005186, "delta": 15.332339}}
{"target": -0.8451523201835646, "params": {"dTMD1": 0.3773315943372443, "dTMD2": 0.6347370200755048, "dTMD3": 0.18142869492863256, "dTMD4": 0.30251850387352586, "dTMD5": 0.5605693519274036, "dTMD6": 0.6617382940806602, "fTMD1": 0.4852585666425061, "fTMD2": 0.630917447056208, "fTMD3": 0.17628664804387095, "fTMD4": 0.47732779938077374, "fTMD5": 0.20362431493686928, "fTMD6": 0.6301006454211525, "mTMD1": 0.5336446869007357, "mTMD2": 0.49928929290298907, "mTMD3": 0.4590597969022263, "mTMD4": 0.6427241395173212, "mTMD5": 0.5329241562286406, "xTMD1": 0.5096751839748975, "xTMD2": 0.5252552449906254, "xTMD3": 0.4395988566108392, "xTMD4": 0.017307904367860893, "xTMD5": 0.873771892145111, "xTMD6": 0.96101668420529}, "datetime": {"datetime": "2023-02-03 11:28:48", "elapsed": 4425.197714, "delta": 16.192528}}
{"target": -0.8621740791786094, "params": {"dTMD1": 0.34704167689147136, "dTMD2": 0.6436840216311409, "dTMD3": 0.4640274875390361, "dTMD4": 0.29788984158437426, "dTMD5": 0.5339692877142509, "dTMD6": 0.9660888995678669, "fTMD1": 0.8035742930264653, "fTMD2": 0.9766942186877396, "fTMD3": 0.23326869383447935, "fTMD4": 0.7063462134069405, "fTMD5": 0.5922994227016368, "fTMD6": 0.46132614213430556, "mTMD1": 0.1976754902208805, "mTMD2": 0.5048175897944388, "mTMD3": 0.9203682577527293, "mTMD4": 0.10982205915739918, "mTMD5": 0.5929410342856556, "xTMD1": 0.6922911782647547, "xTMD2": 0.6428163130759678, "xTMD3": 0.12805716594009886, "xTMD4": 0.5090719463665798, "xTMD5": 0.665728097599356, "xTMD6": 0.9169452779601499}, "datetime": {"datetime": "2023-02-03 11:29:04", "elapsed": 4440.718829, "delta": 15.521115}}
{"target": -1.0836272496240094, "params": {"dTMD1": 0.06504256753714499, "dTMD2": 0.9365951796115758, "dTMD3": 0.10799780050502017, "dTMD4": 0.20844051203994718, "dTMD5": 0.3785607471618049, "dTMD6": 0.8379569009771883, "fTMD1": 0.5083633586544903, "fTMD2": 0.5153266806702089, "fTMD3": 0.48973055347438654, "fTMD4": 0.5797887045202375, "fTMD5": 0.14565627429768768, "fTMD6": 0.4146671306026276, "mTMD1": 0.5786589528891982, "mTMD2": 0.6001047746535108, "mTMD3": 0.8211315684652841, "mTMD4": 0.47799937682349825, "mTMD5": 0.4813035053286068, "xTMD1": 0.3965781142078404, "xTMD2": 0.3574369042039993, "xTMD3": 0.7944142412574449, "xTMD4": 0.19918838191635402, "xTMD5": 0.487155061126994, "xTMD6": 0.5065020323796822}, "datetime": {"datetime": "2023-02-03 11:29:19", "elapsed": 4456.315025, "delta": 15.596196}}
{"target": -0.8727557992616034, "params": {"dTMD1": 0.32166840884206327, "dTMD2": 0.8217069617278915, "dTMD3": 0.11947764411174777, "dTMD4": 0.05695979754576519, "dTMD5": 0.3499709005041586, "dTMD6": 0.9068301983914918, "fTMD1": 0.8480439652465716, "fTMD2": 0.7113559209198657, "fTMD3": 0.5531774984095714, "fTMD4": 0.42846981820682495, "fTMD5": 0.09977384180731852, "fTMD6": 0.2380487389447088, "mTMD1": 0.35062205121740864, "mTMD2": 0.7448419661749488, "mTMD3": 0.6154599544387219, "mTMD4": 0.6854360042256081, "mTMD5": 0.5419470616789482, "xTMD1": 0.5673717041386498, "xTMD2": 0.9656726565371816, "xTMD3": 0.357715224683537, "xTMD4": 0.49676982970564487, "xTMD5": 0.43499558585165854, "xTMD6": 0.7987590180599224}, "datetime": {"datetime": "2023-02-03 11:29:35", "elapsed": 4472.253559, "delta": 15.938534}}
{"target": -0.6867758108059766, "params": {"dTMD1": 0.42214441849599027, "dTMD2": 0.7554581824232767, "dTMD3": 0.20794806318328063, "dTMD4": 0.0892395041599533, "dTMD5": 0.23523867326889625, "dTMD6": 0.7853107256763111, "fTMD1": 0.056046462773243655, "fTMD2": 0.037265175585773025, "fTMD3": 0.27324440124597327, "fTMD4": 0.6553419668507557, "fTMD5": 0.7103160312889482, "fTMD6": 0.054040364131222374, "mTMD1": 0.7180052640091977, "mTMD2": 0.6824150467569369, "mTMD3": 0.2443163185103021, "mTMD4": 0.10573185518196215, "mTMD5": 0.6585631997003178, "xTMD1": 0.9426580190316554, "xTMD2": 0.5927015576415482, "xTMD3": 0.2866375455771627, "xTMD4": 0.9132809615607826, "xTMD5": 0.6336040174521789, "xTMD6": 0.6187455405337261}, "datetime": {"datetime": "2023-02-03 11:29:52", "elapsed": 4488.452293, "delta": 16.198734}}
{"target": -0.65729025617298, "params": {"dTMD1": 0.44456386618618315, "dTMD2": 0.8395288078593055, "dTMD3": 0.2676521557606034, "dTMD4": 0.8215560250579201, "dTMD5": 0.1801859039159277, "dTMD6": 0.23354910605498236, "fTMD1": 0.5963277513359708, "fTMD2": 0.333168227907348, "fTMD3": 0.09252686487128237, "fTMD4": 0.3098200402567006, "fTMD5": 0.8920441148364217, "fTMD6": 0.5447138800905622, "mTMD1": 0.40238217604546456, "mTMD2": 0.029825882752558486, "mTMD3": 0.18571050178882387, "mTMD4": 0.877673466340647, "mTMD5": 0.8565514518274212, "xTMD1": 0.3348923929938543, "xTMD2": 0.5571767705826706, "xTMD3": 0.9166839634764761, "xTMD4": 0.6118765492650968, "xTMD5": 0.5688594849496096, "xTMD6": 0.10228097422275217}, "datetime": {"datetime": "2023-02-03 11:30:07", "elapsed": 4504.27078, "delta": 15.818487}}
{"target": -0.92558706805362, "params": {"dTMD1": 0.27578557541802806, "dTMD2": 0.8307005283565085, "dTMD3": 0.33591376578764487, "dTMD4": 0.15007025744334657, "dTMD5": 0.673883857579761, "dTMD6": 0.6769685770270436, "fTMD1": 0.2622613175682602, "fTMD2": 0.3620529088931639, "fTMD3": 0.3875009027041335, "fTMD4": 0.891638696923226, "fTMD5": 0.4081902161933937, "fTMD6": 0.46843443268468377, "mTMD1": 0.5413961514374331, "mTMD2": 0.7717331431087106, "mTMD3": 0.7504791817116507, "mTMD4": 0.5926943982023449, "mTMD5": 0.6356775138670707, "xTMD1": 0.33336857717003365, "xTMD2": 0.4516277056312289, "xTMD3": 0.41289988509426045, "xTMD4": 0.07586866052254859, "xTMD5": 0.4489781399678082, "xTMD6": 0.8364454388053776}, "datetime": {"datetime": "2023-02-03 11:30:24", "elapsed": 4520.885658, "delta": 16.614878}}
{"target": -0.7173255013143646, "params": {"dTMD1": 0.3062349155280576, "dTMD2": 0.9539763885545427, "dTMD3": 0.5070498957912585, "dTMD4": 0.3910021297931989, "dTMD5": 0.4492226678034823, "dTMD6": 0.17594561278167553, "fTMD1": 0.4828621693999742, "fTMD2": 0.793476851145131, "fTMD3": 0.025340197968275358, "fTMD4": 0.6147238920529667, "fTMD5": 0.4289479988994225, "fTMD6": 0.21498748425859893, "mTMD1": 0.07513650997924148, "mTMD2": 0.7813375356531689, "mTMD3": 0.7536880432294408, "mTMD4": 0.34953591858794675, "mTMD5": 0.5736650665934574, "xTMD1": 0.6265548417883934, "xTMD2": 0.1755253762630281, "xTMD3": 0.12761649387785934, "xTMD4": 0.5341855749749229, "xTMD5": 0.35406000296687823, "xTMD6": 0.9365392993656868}, "datetime": {"datetime": "2023-02-03 11:30:40", "elapsed": 4537.159532, "delta": 16.273874}}
{"target": -0.8146299651084612, "params": {"dTMD1": 0.41028124287592826, "dTMD2": 0.15243499585704934, "dTMD3": 0.1781286599426657, "dTMD4": 0.41416588598857107, "dTMD5": 0.30410130031183313, "dTMD6": 0.9261558229334014, "fTMD1": 0.15239413317373895, "fTMD2": 0.49211827889698845, "fTMD3": 0.5641471936755841, "fTMD4": 0.949384064848118, "fTMD5": 0.7190740968931061, "fTMD6": 0.683351987095473, "mTMD1": 0.979976706856865, "mTMD2": 0.6865863178039242, "mTMD3": 0.6141224744106267, "mTMD4": 0.264540870210652, "mTMD5": 0.3281728989001581, "xTMD1": 0.03595497881730125, "xTMD2": 0.36719492024302525, "xTMD3": 0.4689590467028799, "xTMD4": 0.21756581481060766, "xTMD5": 0.9283532372915841, "xTMD6": 0.08227499362736801}, "datetime": {"datetime": "2023-02-03 11:30:58", "elapsed": 4555.02181, "delta": 17.862278}}
{"target": -1.1250482692828045, "params": {"dTMD1": 0.11380689442473757, "dTMD2": 0.701210351721871, "dTMD3": 0.532430322592236, "dTMD4": 0.5083604914003998, "dTMD5": 0.488364903603535, "dTMD6": 0.39039295642417815, "fTMD1": 0.47499561743508767, "fTMD2": 0.8126960243019656, "fTMD3": 0.1965108635413031, "fTMD4": 0.8752877592417071, "fTMD5": 0.30199527557137895, "fTMD6": 0.2280367845721062, "mTMD1": 0.24207979335480945, "mTMD2": 0.40806916206638555, "mTMD3": 0.9088878779335497, "mTMD4": 0.6661241907199283, "mTMD5": 0.23351510828551936, "xTMD1": 0.6714068927224545, "xTMD2": 0.5469875153709675, "xTMD3": 0.5063001243747022, "xTMD4": 0.4021353320567007, "xTMD5": 0.6966536870733313, "xTMD6": 0.8240908292977673}, "datetime": {"datetime": "2023-02-03 11:31:15", "elapsed": 4571.587444, "delta": 16.565634}}
{"target": -0.9424141072005907, "params": {"dTMD1": 0.4477518864143485, "dTMD2": 0.19361533246046514, "dTMD3": 0.7110778564675532, "dTMD4": 0.8425329608750672, "dTMD5": 0.4285734452046135, "dTMD6": 0.07229581498153248, "fTMD1": 0.19376939228644652, "fTMD2": 0.04424457417911942, "fTMD3": 0.26201478720955673, "fTMD4": 0.702492471166326, "fTMD5": 0.4839175821302847, "fTMD6": 0.5786130374748788, "mTMD1": 0.3028527190363993, "mTMD2": 0.43060565661201744, "mTMD3": 0.7294250352335488, "mTMD4": 0.7234374857981593, "mTMD5": 0.5132744329573267, "xTMD1": 0.6484339426475643, "xTMD2": 0.33263193492254317, "xTMD3": 0.32801521541474665, "xTMD4": 0.9814826746878942, "xTMD5": 0.9607673659913865, "xTMD6": 0.4363997619461437}, "datetime": {"datetime": "2023-02-03 11:31:32", "elapsed": 4588.914524, "delta": 17.32708}}
{"target": -0.553198318263044, "params": {"dTMD1": 0.13544523934759545, "dTMD2": 0.5997041925700874, "dTMD3": 0.14740772017186932, "dTMD4": 0.2798765715250686, "dTMD5": 0.6062125565886869, "dTMD6": 0.6660343585472288, "fTMD1": 0.44042811043184826, "fTMD2": 0.37403216434043096, "fTMD3": 0.1318816403266081, "fTMD4": 0.42374464637666276, "fTMD5": 0.7671232337986823, "fTMD6": 0.40847753137065634, "mTMD1": 0.22574214104866397, "mTMD2": 0.9136829935516421, "mTMD3": 0.7776905952491581, "mTMD4": 0.6024349739051921, "mTMD5": 0.6301183763783758, "xTMD1": 0.5696962550979223, "xTMD2": 0.8544121902185895, "xTMD3": 0.27654155144776027, "xTMD4": 0.4083418345898684, "xTMD5": 0.44972225068717875, "xTMD6": 0.5925018780403698}, "datetime": {"datetime": "2023-02-03 11:31:50", "elapsed": 4606.608897, "delta": 17.694373}}
{"target": -0.7167250032428705, "params": {"dTMD1": 0.6086928374360541, "dTMD2": 0.3802835659447513, "dTMD3": 0.3039956673820813, "dTMD4": 0.9638925156038409, "dTMD5": 0.7241253569661273, "dTMD6": 0.4911948339075447, "fTMD1": 0.41982038951065426, "fTMD2": 0.4432946236717402, "fTMD3": 0.6293954149608675, "fTMD4": 0.01907538489128291, "fTMD5": 0.044983218364196054, "fTMD6": 0.08348764884782012, "mTMD1": 0.01189894221409904, "mTMD2": 0.809001391730751, "mTMD3": 0.8282304486531449, "mTMD4": 0.1786526802490589, "mTMD5": 0.7284256633486089, "xTMD1": 0.7672649134526855, "xTMD2": 0.5734759898587422, "xTMD3": 0.9880053179420046, "xTMD4": 0.7005699336274059, "xTMD5": 0.5005450084535842, "xTMD6": 0.4316041456810976}, "datetime": {"datetime": "2023-02-03 11:32:07", "elapsed": 4623.886794, "delta": 17.277897}}
{"target": -0.8578913591104775, "params": {"dTMD1": 0.3589846673306317, "dTMD2": 0.6794152038141483, "dTMD3": 0.2645305161604038, "dTMD4": 0.6598294996491975, "dTMD5": 0.3103944772913507, "dTMD6": 0.12211230201830381, "fTMD1": 0.3580720290457803, "fTMD2": 0.32114450422232377, "fTMD3": 0.028955196187810728, "fTMD4": 0.9683598749488386, "fTMD5": 0.3273971017711148, "fTMD6": 0.1880864484779986, "mTMD1": 0.07675703194102557, "mTMD2": 0.9855306198863857, "mTMD3": 0.9128873460814555, "mTMD4": 0.169410742158427, "mTMD5": 0.7947381432248407, "xTMD1": 0.5409181612724429, "xTMD2": 0.34596170303990026, "xTMD3": 0.24285481124411046, "xTMD4": 0.4762353719902622, "xTMD5": 0.3715900260077277, "xTMD6": 0.9743499293387707}, "datetime": {"datetime": "2023-02-03 11:32:24", "elapsed": 4640.903141, "delta": 17.016347}}
{"target": -0.7558983541722339, "params": {"dTMD1": 0.46941351499670714, "dTMD2": 0.5273795382428593, "dTMD3": 0.03948092292795191, "dTMD4": 0.2756924466313905, "dTMD5": 0.5297859749783245, "dTMD6": 0.5152540156896303, "fTMD1": 0.8008949689032209, "fTMD2": 0.8763824889557346, "fTMD3": 0.23870195167146213, "fTMD4": 0.012593150440176282, "fTMD5": 0.05943179327769377, "fTMD6": 0.1959594521998187, "mTMD1": 0.316380202538996, "mTMD2": 0.602521594460368, "mTMD3": 0.9459976069814817, "mTMD4": 0.5093925008695885, "mTMD5": 0.28166859239935205, "xTMD1": 0.4711232253618599, "xTMD2": 0.5390878707371063, "xTMD3": 0.185884521419995, "xTMD4": 0.2411510539929096, "xTMD5": 0.612554724051401, "xTMD6": 0.5652571989268897}, "datetime": {"datetime": "2023-02-03 11:32:46", "elapsed": 4663.065082, "delta": 22.161941}}
{"target": -0.8522198026394964, "params": {"dTMD1": 0.23343710687648744, "dTMD2": 0.7372382588729284, "dTMD3": 0.45875596194321344, "dTMD4": 0.1011781451950784, "dTMD5": 0.8488370426892364, "dTMD6": 0.7549472012000209, "fTMD1": 0.687466774037122, "fTMD2": 0.3705645836250333, "fTMD3": 0.295694819872383, "fTMD4": 0.5035628616424142, "fTMD5": 0.736598043637155, "fTMD6": 0.3774970635786963, "mTMD1": 0.11274621160634113, "mTMD2": 0.7822164902791717, "mTMD3": 0.49636312981343966, "mTMD4": 0.5663875600102607, "mTMD5": 0.4169621221170724, "xTMD1": 0.16161465791706475, "xTMD2": 0.5112660515857645, "xTMD3": 0.06116076876971943, "xTMD4": 0.4889055744183388, "xTMD5": 0.2942328526440108, "xTMD6": 0.7918961587813772}, "datetime": {"datetime": "2023-02-03 11:33:03", "elapsed": 4679.514675, "delta": 16.449593}}
{"target": -0.42962439481840686, "params": {"dTMD1": 0.3588646664596479, "dTMD2": 0.5802237405024918, "dTMD3": 0.3284096461772451, "dTMD4": 0.02264647082693494, "dTMD5": 0.3357271756669685, "dTMD6": 0.8855386789266845, "fTMD1": 0.3069837437324161, "fTMD2": 0.6976775023074647, "fTMD3": 0.4035142272564416, "fTMD4": 0.4109154926878915, "fTMD5": 0.7859994106706659, "fTMD6": 0.20093287870274723, "mTMD1": 0.220195093025344, "mTMD2": 0.7090476838492359, "mTMD3": 0.5757091179836106, "mTMD4": 0.7798394828005704, "mTMD5": 0.7884715214421392, "xTMD1": 0.26361710044648445, "xTMD2": 0.5849811881967776, "xTMD3": 0.06783326569400994, "xTMD4": 0.5524759056053731, "xTMD5": 0.5536442762808022, "xTMD6": 0.9092407164771242}, "datetime": {"datetime": "2023-02-03 11:33:18", "elapsed": 4694.807191, "delta": 15.292516}}
{"target": -0.3774965745120489, "params": {"dTMD1": 0.23885212554283375, "dTMD2": 0.9761140752549392, "dTMD3": 0.4398267564364352, "dTMD4": 0.03134413186855811, "dTMD5": 0.6405929784431953, "dTMD6": 0.7771221581355716, "fTMD1": 0.7598141474207704, "fTMD2": 0.5239735994891472, "fTMD3": 0.24712989499829385, "fTMD4": 0.529734292767339, "fTMD5": 0.5755789284425107, "fTMD6": 0.12530994049100197, "mTMD1": 0.4414368786668693, "mTMD2": 0.5602483424348155, "mTMD3": 0.5436466364240166, "mTMD4": 0.3986497072796331, "mTMD5": 0.5349043835106871, "xTMD1": 0.4024149646384524, "xTMD2": 0.5946919194005301, "xTMD3": 0.057781193567177036, "xTMD4": 0.7566011459092917, "xTMD5": 0.6730568316568695, "xTMD6": 0.9126474683981933}, "datetime": {"datetime": "2023-02-03 11:33:33", "elapsed": 4709.966028, "delta": 15.158837}}
{"target": -1.049667315292433, "params": {"dTMD1": 0.2329909741228401, "dTMD2": 0.861639443055585, "dTMD3": 0.39316171654857535, "dTMD4": 0.03591808382570627, "dTMD5": 0.532623520348886, "dTMD6": 0.4232169040864231, "fTMD1": 0.8534273920845, "fTMD2": 0.9911412010768836, "fTMD3": 0.5381363069588808, "fTMD4": 0.5350273332487181, "fTMD5": 0.3979935326899636, "fTMD6": 0.012788663119692512, "mTMD1": 0.2403093689242748, "mTMD2": 0.6713797368255471, "mTMD3": 0.8809122331080115, "mTMD4": 0.8947714389957584, "mTMD5": 0.4039635937265391, "xTMD1": 0.4138110459487121, "xTMD2": 0.4405348447491425, "xTMD3": 0.34644484814400245, "xTMD4": 0.08232751082786949, "xTMD5": 0.33096265407111414, "xTMD6": 0.634818154547447}, "datetime": {"datetime": "2023-02-03 11:33:49", "elapsed": 4726.035633, "delta": 16.069605}}
{"target": -0.5862575976203194, "params": {"dTMD1": 0.017271207660028876, "dTMD2": 0.9335105465495278, "dTMD3": 0.3188924299567403, "dTMD4": 0.40375509081837824, "dTMD5": 0.8571976024656845, "dTMD6": 0.4585819004535435, "fTMD1": 0.5380098286130112, "fTMD2": 0.8065253659686629, "fTMD3": 0.3786249405297559, "fTMD4": 0.5856408165647522, "fTMD5": 0.8590573708263789, "fTMD6": 0.16846400869386435, "mTMD1": 0.608703266342899, "mTMD2": 0.6615938013659173, "mTMD3": 0.9151569077730123, "mTMD4": 0.19027586229002802, "mTMD5": 0.7123888516137901, "xTMD1": 0.3728251595132632, "xTMD2": 0.3383093571394703, "xTMD3": 0.24481042557437727, "xTMD4": 0.4962232406940167, "xTMD5": 0.5871218664081206, "xTMD6": 0.9526674436750362}, "datetime": {"datetime": "2023-02-03 11:34:05", "elapsed": 4742.218123, "delta": 16.18249}}
{"target": -0.7433311512578934, "params": {"dTMD1": 0.5054646589271468, "dTMD2": 0.421961363628364, "dTMD3": 0.059711529262528096, "dTMD4": 0.34186010385985577, "dTMD5": 0.5619475894113438, "dTMD6": 0.6964680912149784, "fTMD1": 0.589072502986613, "fTMD2": 0.730618592236562, "fTMD3": 0.4518714846824434, "fTMD4": 0.5957094991037131, "fTMD5": 0.5185639537236147, "fTMD6": 0.23547018151776633, "mTMD1": 0.15002000617112188, "mTMD2": 0.6276471422559728, "mTMD3": 0.37565448253747125, "mTMD4": 0.5961038509386963, "mTMD5": 0.48274406308948836, "xTMD1": 0.5170150051638025, "xTMD2": 0.6357444010713748, "xTMD3": 0.12679358644233985, "xTMD4": 0.5625063874567139, "xTMD5": 0.34762557091305657, "xTMD6": 0.7478170123427011}, "datetime": {"datetime": "2023-02-03 11:34:21", "elapsed": 4757.564982, "delta": 15.346859}}
{"target": -0.8540966995728193, "params": {"dTMD1": 0.009324911635789745, "dTMD2": 0.7762334560385755, "dTMD3": 0.8582951731652427, "dTMD4": 0.4337745678434538, "dTMD5": 0.7275819682310195, "dTMD6": 0.6611538541377379, "fTMD1": 0.8034379272270415, "fTMD2": 0.5693073077689618, "fTMD3": 0.40513158189828335, "fTMD4": 0.3282425311752146, "fTMD5": 0.4168518980754299, "fTMD6": 0.04554497632211518, "mTMD1": 0.022028970889658495, "mTMD2": 0.6203359747250775, "mTMD3": 0.9551069714214478, "mTMD4": 0.319690600305212, "mTMD5": 0.9327957393081755, "xTMD1": 0.3991371613917615, "xTMD2": 0.40916009479986304, "xTMD3": 0.11727390912318991, "xTMD4": 0.42877906315471204, "xTMD5": 0.30718621125077106, "xTMD6": 0.8391374311770691}, "datetime": {"datetime": "2023-02-03 11:34:39", "elapsed": 4775.80661, "delta": 18.241628}}
{"target": -0.8605462960889901, "params": {"dTMD1": 0.15604809417845777, "dTMD2": 0.4741916695527627, "dTMD3": 0.1283905155287398, "dTMD4": 0.2502463049902056, "dTMD5": 0.9279479471379579, "dTMD6": 0.8131742208043957, "fTMD1": 0.5415650456514639, "fTMD2": 0.36865517427592587, "fTMD3": 0.5087107534172844, "fTMD4": 0.19987822181894255, "fTMD5": 0.37179465912287146, "fTMD6": 0.57875850583777, "mTMD1": 0.30817976347269316, "mTMD2": 0.766049832756155, "mTMD3": 0.8135890321951977, "mTMD4": 0.36385718926339494, "mTMD5": 0.5360592094955845, "xTMD1": 0.674540264042936, "xTMD2": 0.46385390789243597, "xTMD3": 0.5549362312238212, "xTMD4": 0.1455511297834845, "xTMD5": 0.6085110802600165, "xTMD6": 0.8008918708385707}, "datetime": {"datetime": "2023-02-03 11:34:55", "elapsed": 4791.664103, "delta": 15.857493}}
