{"target": -0.9548997108315753, "params": {"dTMD1": 0.11649971405553072, "dTMD2": 0.41856205008294545, "dTMD3": 0.7973096792097504, "dTMD4": 0.9887359031153805, "dTMD5": 0.13667727954474884, "dTMD6": 0.16571995481984114, "fTMD1": 0.7990538917784435, "fTMD2": 0.896883194008148, "fTMD3": 0.30642406474565764, "fTMD4": 0.8050558845904038, "fTMD5": 0.4344607869137297, "fTMD6": 0.6055217145504966, "mTMD1": 0.6242346130434511, "mTMD2": 0.27015920505913693, "mTMD3": 0.8687531733554404, "mTMD4": 0.09808762916262759, "mTMD5": 0.6334182790125952, "xTMD1": 0.33004746782990046, "xTMD2": 0.39622486077922614, "xTMD3": 0.32277133029074945, "xTMD4": 0.9613549821521675, "xTMD5": 0.3092449871502886, "xTMD6": 0.4547942111601496}, "datetime": {"datetime": "2023-02-03 12:21:25", "elapsed": 7581.565017, "delta": 15.775471}}
{"target": -0.9944012698957743, "params": {"dTMD1": 0.8803187217170175, "dTMD2": 0.1118251564667, "dTMD3": 0.7685070890251536, "dTMD4": 0.18803374343005574, "dTMD5": 0.8125503034466274, "dTMD6": 0.5346429070768456, "fTMD1": 0.6726562638993341, "fTMD2": 0.21465401176727872, "fTMD3": 0.9929506221823764, "fTMD4": 0.5123970934841731, "fTMD5": 0.24029077233221285, "fTMD6": 0.301117268544112, "mTMD1": 0.6324586994681453, "mTMD2": 0.3474255208582644, "mTMD3": 0.5295764302302246, "mTMD4": 0.33229382432443033, "mTMD5": 0.5050199097743885, "xTMD1": 0.856087513542753, "xTMD2": 0.5326759682105398, "xTMD3": 0.7740939168500762, "xTMD4": 0.628692488087727, "xTMD5": 0.03039900571792231, "xTMD6": 0.8604767379322924}, "datetime": {"datetime": "2023-02-03 12:21:40", "elapsed": 7597.326108, "delta": 15.761091}}
{"target": -1.117945163225511, "params": {"dTMD1": 0.08325984796969821, "dTMD2": 0.6317322364900183, "dTMD3": 0.5889420149358553, "dTMD4": 0.48262945928465195, "dTMD5": 0.16139396473710677, "dTMD6": 0.8145259550186028, "fTMD1": 0.9909622711494225, "fTMD2": 0.9335401645056618, "fTMD3": 0.598544402391604, "fTMD4": 0.46596625434996297, "fTMD5": 0.09986652009866681, "fTMD6": 0.5865754644337243, "mTMD1": 0.9624273814013513, "mTMD2": 0.5193155436347634, "mTMD3": 0.898594152946723, "mTMD4": 0.26208873237684027, "mTMD5": 0.08113437646142885, "xTMD1": 0.30027447747890923, "xTMD2": 0.5149874732679882, "xTMD3": 0.5097490457614786, "xTMD4": 0.37395021186442334, "xTMD5": 0.14822465649583116, "xTMD6": 0.8831238405296084}, "datetime": {"datetime": "2023-02-03 12:21:56", "elapsed": 7612.85399, "delta": 15.527882}}
{"target": -0.5445764006514007, "params": {"dTMD1": 0.5716764045150184, "dTMD2": 0.9216116514016585, "dTMD3": 0.2894215223000518, "dTMD4": 0.16827048224101093, "dTMD5": 0.7790795431075818, "dTMD6": 0.7461491400578687, "fTMD1": 0.7742465280891224, "fTMD2": 0.3531921704667116, "fTMD3": 0.23435844210741974, "fTMD4": 0.5136446025949073, "fTMD5": 0.13710136496796377, "fTMD6": 0.3101584259455683, "mTMD1": 0.047692310892942125, "mTMD2": 0.791318121673603, "mTMD3": 0.356158202555788, "mTMD4": 0.5361534897822995, "mTMD5": 0.10887332861189347, "xTMD1": 0.4648794954769523, "xTMD2": 0.431410283209557, "xTMD3": 0.44848862857290883, "xTMD4": 0.5139547958960071, "xTMD5": 0.5610034966365475, "xTMD6": 0.9262503412250701}, "datetime": {"datetime": "2023-02-03 12:22:13", "elapsed": 7630.123168, "delta": 17.269178}}
{"target": -1.1726724674684719, "params": {"dTMD1": 0.7782276116557669, "dTMD2": 0.7615513385559765, "dTMD3": 0.028042621595232853, "dTMD4": 0.25900136357398906, "dTMD5": 0.6628037432752042, "dTMD6": 0.9975502389203481, "fTMD1": 0.6373248269744175, "fTMD2": 0.3691450412391799, "fTMD3": 0.28832476914401883, "fTMD4": 0.7787323249001621, "fTMD5": 0.6435077989632768, "fTMD6": 0.07414893438848291, "mTMD1": 0.4302757799785071, "mTMD2": 0.5836483795029046, "mTMD3": 0.630668532270095, "mTMD4": 0.424366010414002, "mTMD5": 0.4125407729437538, "xTMD1": 0.30205836310631584, "xTMD2": 0.5161034393141942, "xTMD3": 0.47800136574686625, "xTMD4": 0.6866138512931289, "xTMD5": 0.6683336934265751, "xTMD6": 0.9974674047277449}, "datetime": {"datetime": "2023-02-03 12:22:29", "elapsed": 7645.990232, "delta": 15.867064}}
{"target": -0.5061009280480319, "params": {"dTMD1": 0.14800072286223698, "dTMD2": 0.6623561106892214, "dTMD3": 0.6661694473143264, "dTMD4": 0.10522503782303383, "dTMD5": 0.2642930533995954, "dTMD6": 0.5358860259681691, "fTMD1": 0.7708124091817278, "fTMD2": 0.14699291415954563, "fTMD3": 0.6071383030490518, "fTMD4": 0.48556942182022944, "fTMD5": 0.2837877946641322, "fTMD6": 0.13640470888351386, "mTMD1": 0.2393563256098603, "mTMD2": 0.9125865716498841, "mTMD3": 0.968506077186525, "mTMD4": 0.6091420703322478, "mTMD5": 0.44246012163071835, "xTMD1": 0.4612211786829463, "xTMD2": 0.5809008582265212, "xTMD3": 0.3923625494383607, "xTMD4": 0.1510953710192786, "xTMD5": 0.5724629233265722, "xTMD6": 0.9021173860980137}, "datetime": {"datetime": "2023-02-03 12:22:46", "elapsed": 7662.360827, "delta": 16.370595}}
{"target": -0.9091421419884598, "params": {"dTMD1": 0.197994078679393, "dTMD2": 0.35223996380312705, "dTMD3": 0.5658388398580336, "dTMD4": 0.8334052238968503, "dTMD5": 0.0898403863211894, "dTMD6": 0.2885921471381375, "fTMD1": 0.36266844074751936, "fTMD2": 0.37192003391408746, "fTMD3": 0.7317973182400527, "fTMD4": 0.6852157636790347, "fTMD5": 0.22779424583095031, "fTMD6": 0.36014156845988465, "mTMD1": 0.8985129925580386, "mTMD2": 0.317283066891357, "mTMD3": 0.5908916280473184, "mTMD4": 0.7386876104675972, "mTMD5": 0.2514933119389918, "xTMD1": 0.7560545126845329, "xTMD2": 0.7102599998096242, "xTMD3": 0.43906681504260303, "xTMD4": 0.9376990212500791, "xTMD5": 0.6529474450750029, "xTMD6": 0.9914528668639769}, "datetime": {"datetime": "2023-02-03 12:23:02", "elapsed": 7678.543791, "delta": 16.182964}}
{"target": -0.9642662052723413, "params": {"dTMD1": 0.8325329926540201, "dTMD2": 0.7863547120557456, "dTMD3": 0.3512065723120741, "dTMD4": 0.9613867532041199, "dTMD5": 0.3199278713814041, "dTMD6": 0.523194595516818, "fTMD1": 0.8482919653287603, "fTMD2": 0.2339919387746936, "fTMD3": 0.38759316315144254, "fTMD4": 0.3761968621025149, "fTMD5": 0.6370392059394612, "fTMD6": 0.6271289222549741, "mTMD1": 0.08262315813736865, "mTMD2": 0.04531845039938409, "mTMD3": 0.5340982434435907, "mTMD4": 0.5695639434505656, "mTMD5": 0.031721205807833774, "xTMD1": 0.4066854173718747, "xTMD2": 0.17561990875378286, "xTMD3": 0.7162858811807244, "xTMD4": 0.6066758092954715, "xTMD5": 0.10307028556202336, "xTMD6": 0.6699521437163718}, "datetime": {"datetime": "2023-02-03 12:23:18", "elapsed": 7694.494879, "delta": 15.951088}}
{"target": -0.6594751995703191, "params": {"dTMD1": 0.3542448677256169, "dTMD2": 0.3613341282135072, "dTMD3": 0.3843674385025736, "dTMD4": 0.5168977342264494, "dTMD5": 0.5629187400703011, "dTMD6": 0.59788863252061, "fTMD1": 0.8162633728154115, "fTMD2": 0.11288314944120637, "fTMD3": 0.02722509587037769, "fTMD4": 0.7816381906457999, "fTMD5": 0.5178754808382434, "fTMD6": 0.3472235076910748, "mTMD1": 0.13724755378031317, "mTMD2": 0.5131392974008416, "mTMD3": 0.9456403329096934, "mTMD4": 0.7236574833236892, "mTMD5": 0.6907736601951476, "xTMD1": 0.7669639947177734, "xTMD2": 0.7376247252143424, "xTMD3": 0.21537889067334104, "xTMD4": 0.07286557476106248, "xTMD5": 0.2010437977424847, "xTMD6": 0.8753715676244604}, "datetime": {"datetime": "2023-02-03 12:23:33", "elapsed": 7710.05922, "delta": 15.564341}}
{"target": -0.3584601792096889, "params": {"dTMD1": 0.22652899263854756, "dTMD2": 0.5809282932275346, "dTMD3": 0.041490277275248795, "dTMD4": 0.20308827269467425, "dTMD5": 0.5345740961081205, "dTMD6": 0.5543444562453349, "fTMD1": 0.5511391073443277, "fTMD2": 0.33882932158103096, "fTMD3": 0.3448918825992626, "fTMD4": 0.7427124444120771, "fTMD5": 0.4274984606954951, "fTMD6": 0.13033738216927043, "mTMD1": 0.11701680061151339, "mTMD2": 0.675723190609762, "mTMD3": 0.6932499731367766, "mTMD4": 0.5118817067093627, "mTMD5": 0.26291254407824366, "xTMD1": 0.2573418516249594, "xTMD2": 0.8552620363231284, "xTMD3": 0.18619914752029187, "xTMD4": 0.43508490068216943, "xTMD5": 0.23995827004296377, "xTMD6": 0.9200191188127228}, "datetime": {"datetime": "2023-02-03 12:23:54", "elapsed": 7730.761084, "delta": 20.701864}}
{"target": -1.1361395639836238, "params": {"dTMD1": 0.11122060468025241, "dTMD2": 0.3949167228068129, "dTMD3": 0.543572916215218, "dTMD4": 0.5263330856350238, "dTMD5": 0.8405484282274737, "dTMD6": 0.7285394338549182, "fTMD1": 0.943196036965158, "fTMD2": 0.9210343726550486, "fTMD3": 0.1299354862042491, "fTMD4": 0.5433333620174303, "fTMD5": 0.034332730811869716, "fTMD6": 0.37004687353763743, "mTMD1": 0.2444196344127506, "mTMD2": 0.4694072754233386, "mTMD3": 0.750847172545884, "mTMD4": 0.7589661629744194, "mTMD5": 0.5970164475338544, "xTMD1": 0.6547685776153027, "xTMD2": 0.5675976357158484, "xTMD3": 0.19123316080238428, "xTMD4": 0.1527956269035533, "xTMD5": 0.3220216635361667, "xTMD6": 0.9808857493342417}, "datetime": {"datetime": "2023-02-03 12:24:09", "elapsed": 7746.252959, "delta": 15.491875}}
{"target": -0.926575797223853, "params": {"dTMD1": 0.17248340034540932, "dTMD2": 0.8065227898822976, "dTMD3": 0.7763245966867101, "dTMD4": 0.5400172736838287, "dTMD5": 0.44897513802769695, "dTMD6": 0.9517823988057624, "fTMD1": 0.6591703117738962, "fTMD2": 0.4986601122044477, "fTMD3": 0.3570097921648008, "fTMD4": 0.763682891623701, "fTMD5": 0.5634798297218543, "fTMD6": 0.05195088515843638, "mTMD1": 0.2743102437380295, "mTMD2": 0.6093028428575418, "mTMD3": 0.7372863314306741, "mTMD4": 0.571863718327288, "mTMD5": 0.7058225983772118, "xTMD1": 0.5217874414971141, "xTMD2": 0.6742080421352825, "xTMD3": 0.28170851457569057, "xTMD4": 0.24524354563437767, "xTMD5": 0.4828509057393652, "xTMD6": 0.9802324921131707}, "datetime": {"datetime": "2023-02-03 12:24:26", "elapsed": 7762.435748, "delta": 16.182789}}
{"target": -0.7712846360811605, "params": {"dTMD1": 0.2934140560410172, "dTMD2": 0.5075626451581202, "dTMD3": 0.3047542400007234, "dTMD4": 0.16079576072796853, "dTMD5": 0.11492239331265286, "dTMD6": 0.7788971454170844, "fTMD1": 0.8453278100052822, "fTMD2": 0.8008651676159774, "fTMD3": 0.35064768833325655, "fTMD4": 0.5772364599228531, "fTMD5": 0.5841335054761561, "fTMD6": 0.09962400833116936, "mTMD1": 0.07680558931191794, "mTMD2": 0.6910502786068774, "mTMD3": 0.8374825341036352, "mTMD4": 0.5679924604975157, "mTMD5": 0.7288344192636097, "xTMD1": 0.8159104273892112, "xTMD2": 0.7197519408511318, "xTMD3": 0.04634257642983264, "xTMD4": 0.18245621402963985, "xTMD5": 0.36713381917462584, "xTMD6": 0.7957893270755126}, "datetime": {"datetime": "2023-02-03 12:24:41", "elapsed": 7778.087867, "delta": 15.652119}}
{"target": -0.9662818757661004, "params": {"dTMD1": 0.9249823449885186, "dTMD2": 0.4792210593932067, "dTMD3": 0.5689077276846168, "dTMD4": 0.27138674855588707, "dTMD5": 0.09487240931857, "dTMD6": 0.060685979018403446, "fTMD1": 0.33902133626626585, "fTMD2": 0.32132782913693714, "fTMD3": 0.6019633809784739, "fTMD4": 0.13981754027862126, "fTMD5": 0.9296447009722112, "fTMD6": 0.9541487124224158, "mTMD1": 0.146372429471206, "mTMD2": 0.908732984674627, "mTMD3": 0.4161657413429922, "mTMD4": 0.8839344476092678, "mTMD5": 0.2609719306064029, "xTMD1": 0.9633349653926124, "xTMD2": 0.7923008989012018, "xTMD3": 0.4212652715896015, "xTMD4": 0.8152025704900262, "xTMD5": 0.7318075341401569, "xTMD6": 0.7882751570198611}, "datetime": {"datetime": "2023-02-03 12:24:57", "elapsed": 7793.926855, "delta": 15.838988}}
{"target": -0.7334515939588073, "params": {"dTMD1": 0.11649180780503299, "dTMD2": 0.5755133866838268, "dTMD3": 0.01767300602461286, "dTMD4": 0.4129876884944472, "dTMD5": 0.699884022704722, "dTMD6": 0.7833932011333529, "fTMD1": 0.695723349494631, "fTMD2": 0.17223710254606295, "fTMD3": 0.24722120330807118, "fTMD4": 0.38767188889987225, "fTMD5": 0.6875557951121206, "fTMD6": 0.29997305130658336, "mTMD1": 0.12208319277583257, "mTMD2": 0.5069477480175657, "mTMD3": 0.9060215805563284, "mTMD4": 0.43262675241470483, "mTMD5": 0.14486848874991598, "xTMD1": 0.07970931023403005, "xTMD2": 0.8192144809747248, "xTMD3": 0.4290976005450533, "xTMD4": 0.5532833653364525, "xTMD5": 0.17844644963077305, "xTMD6": 0.887440329042062}, "datetime": {"datetime": "2023-02-03 12:25:13", "elapsed": 7809.727318, "delta": 15.800463}}
{"target": -0.6115847358796557, "params": {"dTMD1": 0.40671778069910636, "dTMD2": 0.5303896540941706, "dTMD3": 0.27246535117028114, "dTMD4": 0.10676015035614117, "dTMD5": 0.782674878800439, "dTMD6": 0.7665893260114852, "fTMD1": 0.40468345444830556, "fTMD2": 0.3274972667023459, "fTMD3": 0.1383716253877586, "fTMD4": 0.09805470425123408, "fTMD5": 0.4091369043449198, "fTMD6": 0.1338101470003531, "mTMD1": 0.16000515242644842, "mTMD2": 0.6870084770166156, "mTMD3": 0.9330110281310074, "mTMD4": 0.4987448807811494, "mTMD5": 0.7302252691659358, "xTMD1": 0.6222117781735292, "xTMD2": 0.8098214906080372, "xTMD3": 0.13656063660993123, "xTMD4": 0.6525966675322237, "xTMD5": 0.5702972540492428, "xTMD6": 0.5908785586576034}, "datetime": {"datetime": "2023-02-03 12:25:28", "elapsed": 7825.144685, "delta": 15.417367}}
{"target": -0.3816268383767312, "params": {"dTMD1": 0.21754188403459235, "dTMD2": 0.5571254792891236, "dTMD3": 0.0018940339056013182, "dTMD4": 0.19762304874587436, "dTMD5": 0.5332768055957862, "dTMD6": 0.553076295687963, "fTMD1": 0.5390202184294249, "fTMD2": 0.3081280115150656, "fTMD3": 0.34482535463604796, "fTMD4": 0.7340646213353671, "fTMD5": 0.45094169415721375, "fTMD6": 0.12514151730284256, "mTMD1": 0.10258803290880021, "mTMD2": 0.6642139717653948, "mTMD3": 0.709597459465204, "mTMD4": 0.5091688657460931, "mTMD5": 0.23245423445996288, "xTMD1": 0.24141944452695516, "xTMD2": 0.884814577423662, "xTMD3": 0.18474321299260402, "xTMD4": 0.4478839704510224, "xTMD5": 0.22317757344852768, "xTMD6": 0.9085182474947141}, "datetime": {"datetime": "2023-02-03 12:25:49", "elapsed": 7845.643719, "delta": 20.499034}}
{"target": -0.8708957231636476, "params": {"dTMD1": 0.18009435639380433, "dTMD2": 0.7186685079621389, "dTMD3": 0.43837386206043427, "dTMD4": 0.13393528336555738, "dTMD5": 0.6697191589345796, "dTMD6": 0.6652157214022902, "fTMD1": 0.5531747427292426, "fTMD2": 0.46251331690327424, "fTMD3": 0.6274576676993618, "fTMD4": 0.5130400411645668, "fTMD5": 0.6753433133427695, "fTMD6": 0.75494796645667, "mTMD1": 0.03713936055829559, "mTMD2": 0.7400426443003624, "mTMD3": 0.5422317250670278, "mTMD4": 0.5781419342995352, "mTMD5": 0.3446730501061318, "xTMD1": 0.4944905848321066, "xTMD2": 0.2697829949293743, "xTMD3": 0.8096358490756141, "xTMD4": 0.7114233620994651, "xTMD5": 0.3275847089666347, "xTMD6": 0.5858373122385199}, "datetime": {"datetime": "2023-02-03 12:26:04", "elapsed": 7861.083276, "delta": 15.439557}}
{"target": -1.104258858748441, "params": {"dTMD1": 0.39098483853646215, "dTMD2": 0.5437632295400119, "dTMD3": 0.2923540660371964, "dTMD4": 0.3575022649176658, "dTMD5": 0.4627767106898518, "dTMD6": 0.796398560796611, "fTMD1": 0.642772748084929, "fTMD2": 0.7350952205574847, "fTMD3": 0.4360391849445666, "fTMD4": 0.3988155025618886, "fTMD5": 0.19311966794203983, "fTMD6": 0.024516316574570318, "mTMD1": 0.40889888355689064, "mTMD2": 0.9539867859892902, "mTMD3": 0.6272875556006751, "mTMD4": 0.44865075628907714, "mTMD5": 0.9734743645250497, "xTMD1": 0.7179614791594946, "xTMD2": 0.8270186275151554, "xTMD3": 0.005303801612097758, "xTMD4": 0.35493066895516656, "xTMD5": 0.6833007351786403, "xTMD6": 0.9989901372102191}, "datetime": {"datetime": "2023-02-03 12:26:20", "elapsed": 7877.301482, "delta": 16.218206}}
{"target": -0.7225859523069383, "params": {"dTMD1": 0.17227379115782282, "dTMD2": 0.8659830029598674, "dTMD3": 0.20868863384067282, "dTMD4": 0.11446183598585946, "dTMD5": 0.4593629786423946, "dTMD6": 0.6256051458656591, "fTMD1": 0.7246034846782605, "fTMD2": 0.12312671236770567, "fTMD3": 0.14832290751965693, "fTMD4": 0.5108221946691398, "fTMD5": 0.6283153286234877, "fTMD6": 0.3133300193027483, "mTMD1": 0.0018772839444770595, "mTMD2": 0.6856190376055838, "mTMD3": 0.23897263929799473, "mTMD4": 0.4840390483825159, "mTMD5": 0.5597402640891023, "xTMD1": 0.31975486081131854, "xTMD2": 0.7285012756636198, "xTMD3": 0.44020220433050805, "xTMD4": 0.7417008756498089, "xTMD5": 0.5322638015928068, "xTMD6": 0.8028828942860032}, "datetime": {"datetime": "2023-02-03 12:26:36", "elapsed": 7892.812578, "delta": 15.511096}}
{"target": -1.1016060920365316, "params": {"dTMD1": 0.6078870563794485, "dTMD2": 0.7016646285568405, "dTMD3": 0.47214738848198823, "dTMD4": 0.3075088351880575, "dTMD5": 0.505600578767804, "dTMD6": 0.5082363402129828, "fTMD1": 0.32573866871120494, "fTMD2": 0.4061850752387641, "fTMD3": 0.03773469460317236, "fTMD4": 0.04034759292807644, "fTMD5": 0.25872591604067585, "fTMD6": 0.09332211059816797, "mTMD1": 0.20448025449936136, "mTMD2": 0.46617235794625833, "mTMD3": 0.6802351413755247, "mTMD4": 0.8967289570419379, "mTMD5": 0.5413402281966675, "xTMD1": 0.6459805997652841, "xTMD2": 0.666927194724908, "xTMD3": 0.029681186887467348, "xTMD4": 0.5175995522851713, "xTMD5": 0.47379264966852486, "xTMD6": 0.8524238784008287}, "datetime": {"datetime": "2023-02-03 12:26:52", "elapsed": 7908.397456, "delta": 15.584878}}
{"target": -0.7912997497653073, "params": {"dTMD1": 0.3459066122016723, "dTMD2": 0.7194316564954785, "dTMD3": 0.30781695097925277, "dTMD4": 0.42031591596402795, "dTMD5": 0.5783948008568442, "dTMD6": 0.9586520353026631, "fTMD1": 0.5904490757784965, "fTMD2": 0.18937655975014134, "fTMD3": 0.44722703495540184, "fTMD4": 0.813757577472604, "fTMD5": 0.2665899867357696, "fTMD6": 0.34314222372885805, "mTMD1": 0.18432582425652522, "mTMD2": 0.3674113993909207, "mTMD3": 0.6854265925003559, "mTMD4": 0.48681937929652797, "mTMD5": 0.7692212616060605, "xTMD1": 0.5556965685006461, "xTMD2": 0.36245619834336706, "xTMD3": 0.2555123106214686, "xTMD4": 0.08924872297550801, "xTMD5": 0.5086760456619747, "xTMD6": 0.8715665465405401}, "datetime": {"datetime": "2023-02-03 12:27:07", "elapsed": 7923.894489, "delta": 15.497033}}
{"target": -0.844214426689901, "params": {"dTMD1": 0.9305099951011004, "dTMD2": 0.794270697902188, "dTMD3": 0.6719430553117177, "dTMD4": 0.3018802350968992, "dTMD5": 0.8030699505421216, "dTMD6": 0.5200356490816129, "fTMD1": 0.3128364847457066, "fTMD2": 0.15811510228624837, "fTMD3": 0.04780099486667544, "fTMD4": 0.5725239640404711, "fTMD5": 0.1600374250765373, "fTMD6": 0.004733208970512437, "mTMD1": 0.6315740155483939, "mTMD2": 0.5095902737114795, "mTMD3": 0.7709353554834669, "mTMD4": 0.545306622679643, "mTMD5": 0.5242579203870413, "xTMD1": 0.8571935628518275, "xTMD2": 0.6133709326035968, "xTMD3": 0.7914538840328258, "xTMD4": 0.6431049015827708, "xTMD5": 0.010857424869573307, "xTMD6": 0.06438868366595174}, "datetime": {"datetime": "2023-02-03 12:27:23", "elapsed": 7939.607972, "delta": 15.713483}}
{"target": -0.8497499265518639, "params": {"dTMD1": 0.8603062659123096, "dTMD2": 0.017582596606959044, "dTMD3": 0.5860354097028301, "dTMD4": 0.04906924720712602, "dTMD5": 0.3645194217997765, "dTMD6": 0.24723451203178248, "fTMD1": 0.6098690537137116, "fTMD2": 0.14382980648686017, "fTMD3": 0.33910624436130166, "fTMD4": 0.3258674135691987, "fTMD5": 0.9437083262678275, "fTMD6": 0.858057711800003, "mTMD1": 0.9589708944344443, "mTMD2": 0.6572818062794438, "mTMD3": 0.28216197414028776, "mTMD4": 0.9728004516289872, "mTMD5": 0.7615583406646822, "xTMD1": 0.8172282406628198, "xTMD2": 0.7328824513562613, "xTMD3": 0.14810478072686317, "xTMD4": 0.4147386612638795, "xTMD5": 0.05094632564627044, "xTMD6": 0.8401124032662843}, "datetime": {"datetime": "2023-02-03 12:27:40", "elapsed": 7956.514188, "delta": 16.906216}}
{"target": -0.8108744637392888, "params": {"dTMD1": 0.9581851391743739, "dTMD2": 0.21287439805754182, "dTMD3": 0.907311373443046, "dTMD4": 0.21417180214779186, "dTMD5": 0.555007800502121, "dTMD6": 0.7387717830072753, "fTMD1": 0.04142337928920592, "fTMD2": 0.4463547966487714, "fTMD3": 0.4399558072189538, "fTMD4": 0.8531765475299493, "fTMD5": 0.3697148191768562, "fTMD6": 0.6092880337195902, "mTMD1": 0.2626373410498859, "mTMD2": 0.11163948139768864, "mTMD3": 0.11387042065321995, "mTMD4": 0.6168868830240193, "mTMD5": 0.3637970104229892, "xTMD1": 0.8706053757865992, "xTMD2": 0.27179695371490253, "xTMD3": 0.05161636704904138, "xTMD4": 0.8011942098874021, "xTMD5": 0.9518532987860294, "xTMD6": 0.027939387587034847}, "datetime": {"datetime": "2023-02-03 12:27:56", "elapsed": 7972.382788, "delta": 15.8686}}
{"target": -1.0119933436237314, "params": {"dTMD1": 0.5347042165253001, "dTMD2": 0.9927568709536474, "dTMD3": 0.6792857320579062, "dTMD4": 0.3135617949642421, "dTMD5": 0.5432382216073838, "dTMD6": 0.46662695425018574, "fTMD1": 0.9031166918090358, "fTMD2": 0.25441069202281885, "fTMD3": 0.07812906403841435, "fTMD4": 0.4613660557787276, "fTMD5": 0.32240465162805976, "fTMD6": 0.12102541899281283, "mTMD1": 0.3544917340259621, "mTMD2": 0.605520573774092, "mTMD3": 0.4884111399845743, "mTMD4": 0.3663183576876595, "mTMD5": 0.3064833080382272, "xTMD1": 0.38029414031612296, "xTMD2": 0.7024331240285591, "xTMD3": 0.16800534455242166, "xTMD4": 0.2741106653707198, "xTMD5": 0.8468256802600922, "xTMD6": 0.8234482815147418}, "datetime": {"datetime": "2023-02-03 12:28:11", "elapsed": 7987.914455, "delta": 15.531667}}
{"target": -0.6753932131442726, "params": {"dTMD1": 0.4107920360725784, "dTMD2": 0.9158975694526539, "dTMD3": 0.3545884385867477, "dTMD4": 0.22541908609183803, "dTMD5": 0.577972818887922, "dTMD6": 0.5996053736794575, "fTMD1": 0.493326070933526, "fTMD2": 0.2881891979369704, "fTMD3": 0.35287534704110524, "fTMD4": 0.8408234354900386, "fTMD5": 0.10229469191732621, "fTMD6": 0.37280285291084436, "mTMD1": 0.18993995854465862, "mTMD2": 0.8773401827514543, "mTMD3": 0.23594513998698752, "mTMD4": 0.6205225766245319, "mTMD5": 0.3369609057898626, "xTMD1": 0.0840177382397832, "xTMD2": 0.8675334658782237, "xTMD3": 0.09860286137867347, "xTMD4": 0.4730594111140566, "xTMD5": 0.2452020663050829, "xTMD6": 0.9626506842081686}, "datetime": {"datetime": "2023-02-03 12:28:29", "elapsed": 8005.722407, "delta": 17.807952}}
