{"target": -0.9264084163212679, "params": {"dTMD1": 0.1565850625833779, "dTMD2": 0.911728479763107, "dTMD3": 0.33298163883394405, "dTMD4": 0.1560669040123367, "dTMD5": 0.8951213177540959, "dTMD6": 0.8135439783066399, "fTMD1": 0.9393588969341998, "fTMD2": 0.862352600779328, "fTMD3": 0.026150538244704147, "fTMD4": 0.37492524848948106, "fTMD5": 0.4358802890242307, "fTMD6": 0.10130174336003639, "mTMD1": 0.6146848016554666, "mTMD2": 0.6144983295144478, "mTMD3": 0.8686850354467127, "mTMD4": 0.11822024716494617, "mTMD5": 0.503742104787281, "xTMD1": 0.43158686577331173, "xTMD2": 0.5137373090919343, "xTMD3": 0.3272980499568853, "xTMD4": 0.7555821269947306, "xTMD5": 0.4966886822562713, "xTMD6": 0.7107951174228119}, "datetime": {"datetime": "2023-02-03 11:42:59", "elapsed": 5275.875627, "delta": 20.591063}}
{"target": -0.6354207499613235, "params": {"dTMD1": 0.37660524177985877, "dTMD2": 0.6247679562618369, "dTMD3": 0.009190938414450178, "dTMD4": 0.379621232064682, "dTMD5": 0.8567471331204262, "dTMD6": 0.3614226942219074, "fTMD1": 0.35350754993082967, "fTMD2": 0.5614014481941977, "fTMD3": 0.1981261920686912, "fTMD4": 0.3478410079379689, "fTMD5": 0.5324190402184747, "fTMD6": 0.09654867217336605, "mTMD1": 0.3752806211217622, "mTMD2": 0.33152041596963244, "mTMD3": 0.6052528604664955, "mTMD4": 0.4992528077966303, "mTMD5": 0.5992563424599331, "xTMD1": 0.7414892398966003, "xTMD2": 0.5483376253508114, "xTMD3": 0.09379742294362059, "xTMD4": 0.6534831980868531, "xTMD5": 0.5136935273625005, "xTMD6": 0.9285288551460329}, "datetime": {"datetime": "2023-02-03 11:43:21", "elapsed": 5297.827803, "delta": 21.952176}}
{"target": -1.163573247757494, "params": {"dTMD1": 0.802528142585919, "dTMD2": 0.914323469124566, "dTMD3": 0.4678357413778519, "dTMD4": 0.061476622955810356, "dTMD5": 0.2529214421191839, "dTMD6": 0.318205556395152, "fTMD1": 0.6446604389007152, "fTMD2": 0.22014466339058103, "fTMD3": 0.5386320092918085, "fTMD4": 0.8329583189364868, "fTMD5": 0.5883505759468418, "fTMD6": 0.724743725547208, "mTMD1": 0.6515593921322311, "mTMD2": 0.3598904686560159, "mTMD3": 0.9073727655870337, "mTMD4": 0.3844552636971569, "mTMD5": 0.039643914025665916, "xTMD1": 0.901293147894551, "xTMD2": 0.8654094895448174, "xTMD3": 0.32432009903019055, "xTMD4": 0.05431962737669427, "xTMD5": 0.481014764559507, "xTMD6": 0.1743150508995226}, "datetime": {"datetime": "2023-02-03 11:43:41", "elapsed": 5317.991389, "delta": 20.163586}}
{"target": -0.8352543586357759, "params": {"dTMD1": 0.7395152938136257, "dTMD2": 0.26755566763560745, "dTMD3": 0.721477975047972, "dTMD4": 0.0014446219547531447, "dTMD5": 0.3918927948317251, "dTMD6": 0.09857659751790193, "fTMD1": 0.5871043317049021, "fTMD2": 0.40438434807296764, "fTMD3": 0.058328887947029506, "fTMD4": 0.04012211123324683, "fTMD5": 0.0764839402306351, "fTMD6": 0.35466131389494726, "mTMD1": 0.7660702773874281, "mTMD2": 0.35250732090975034, "mTMD3": 0.85619414248794, "mTMD4": 0.7152275148009792, "mTMD5": 0.9979119343105228, "xTMD1": 0.43573096303514136, "xTMD2": 0.5995048731908853, "xTMD3": 0.4761636872075229, "xTMD4": 0.9039403716146298, "xTMD5": 0.0034481117780942316, "xTMD6": 0.1936273051470777}, "datetime": {"datetime": "2023-02-03 11:43:58", "elapsed": 5334.872293, "delta": 16.880904}}
{"target": -0.7809866101851111, "params": {"dTMD1": 0.14714760475661537, "dTMD2": 0.035663688519645076, "dTMD3": 0.2020799669373362, "dTMD4": 0.9431895237963406, "dTMD5": 0.7008931862777784, "dTMD6": 0.32259393214648135, "fTMD1": 0.547476532897199, "fTMD2": 0.49351165575291456, "fTMD3": 0.5620076424724819, "fTMD4": 0.4395270744986336, "fTMD5": 0.06678055016328799, "fTMD6": 0.9962182521490557, "mTMD1": 0.359457367318363, "mTMD2": 0.41129905152410273, "mTMD3": 0.9000418844442929, "mTMD4": 0.3916238894384658, "mTMD5": 0.3847799078619212, "xTMD1": 0.5580307796434071, "xTMD2": 0.10697365524761382, "xTMD3": 0.7125779058782901, "xTMD4": 0.10068314579317272, "xTMD5": 0.5667906624063352, "xTMD6": 0.22610252321511204}, "datetime": {"datetime": "2023-02-03 11:44:15", "elapsed": 5351.719706, "delta": 16.847413}}
{"target": -0.9796869706898494, "params": {"dTMD1": 0.20488433342643209, "dTMD2": 0.19789030776158167, "dTMD3": 0.3167839477942137, "dTMD4": 0.6469073562983798, "dTMD5": 0.23129707601153315, "dTMD6": 0.7742182245324332, "fTMD1": 0.7076646687198389, "fTMD2": 0.44874421379353446, "fTMD3": 0.7570464620273161, "fTMD4": 0.08832263100747506, "fTMD5": 0.752154620793017, "fTMD6": 0.6620644375775737, "mTMD1": 0.5895614120538154, "mTMD2": 0.42157140293545514, "mTMD3": 0.44178674546847274, "mTMD4": 0.5265929449817722, "mTMD5": 0.5183603897093336, "xTMD1": 0.17886061131113118, "xTMD2": 0.36039586413392244, "xTMD3": 0.5077263754348322, "xTMD4": 0.12846906609217168, "xTMD5": 0.22481260245805101, "xTMD6": 0.5056604476742642}, "datetime": {"datetime": "2023-02-03 11:44:32", "elapsed": 5368.547286, "delta": 16.82758}}
{"target": -0.7085403754604547, "params": {"dTMD1": 0.39648070028771853, "dTMD2": 0.9702268849980911, "dTMD3": 0.27213438557202485, "dTMD4": 0.301978828529054, "dTMD5": 0.9439252440446473, "dTMD6": 0.4784044463602867, "fTMD1": 0.47256739888082777, "fTMD2": 0.3734600806360182, "fTMD3": 0.2310767727315819, "fTMD4": 0.40261998881270633, "fTMD5": 0.2697073566649735, "fTMD6": 0.3056656430291427, "mTMD1": 0.2560859851980348, "mTMD2": 0.7199432442281166, "mTMD3": 0.5639480501122289, "mTMD4": 0.032290173236918074, "mTMD5": 0.5331675640787417, "xTMD1": 0.4646624900392069, "xTMD2": 0.7214584301867948, "xTMD3": 0.08436597238168475, "xTMD4": 0.5257067732685897, "xTMD5": 0.3124463609288861, "xTMD6": 0.8880667902071072}, "datetime": {"datetime": "2023-02-03 11:44:49", "elapsed": 5385.929474, "delta": 17.382188}}
{"target": -1.0630030864070203, "params": {"dTMD1": 0.6445345862939854, "dTMD2": 0.6221000539315, "dTMD3": 0.02472095161231136, "dTMD4": 0.430117493602565, "dTMD5": 0.3102298077946859, "dTMD6": 0.8186678609019554, "fTMD1": 0.9776959960794913, "fTMD2": 0.2545257321658404, "fTMD3": 0.3211832321795458, "fTMD4": 0.8555651099467444, "fTMD5": 0.08350918766381532, "fTMD6": 0.1923120511672396, "mTMD1": 0.9108494247847467, "mTMD2": 0.5272515140126911, "mTMD3": 0.7247008814706392, "mTMD4": 0.9275981514455368, "mTMD5": 0.570377408669787, "xTMD1": 0.03348211209818708, "xTMD2": 0.6617651529382289, "xTMD3": 0.8347468398679165, "xTMD4": 0.7066196670140478, "xTMD5": 0.7349116395179076, "xTMD6": 0.3445733712908481}, "datetime": {"datetime": "2023-02-03 11:45:07", "elapsed": 5403.359733, "delta": 17.430259}}
{"target": -0.6170211355454267, "params": {"dTMD1": 0.34774994653887736, "dTMD2": 0.9318467755141838, "dTMD3": 0.18302285041997368, "dTMD4": 0.09477631504890871, "dTMD5": 0.3500927533382293, "dTMD6": 0.9712441174477582, "fTMD1": 0.7037770454879614, "fTMD2": 0.754461448979155, "fTMD3": 0.4342696657085634, "fTMD4": 0.5515462189648629, "fTMD5": 0.07789081455480795, "fTMD6": 0.1181122390809789, "mTMD1": 0.278613354260296, "mTMD2": 0.6699304616841442, "mTMD3": 0.8855882962794516, "mTMD4": 0.10808859627653467, "mTMD5": 0.761335075986261, "xTMD1": 0.6884300284252296, "xTMD2": 0.7184534651637566, "xTMD3": 0.08023695929320207, "xTMD4": 0.14484749762600935, "xTMD5": 0.6183733086840418, "xTMD6": 0.95561006379933}, "datetime": {"datetime": "2023-02-03 11:45:24", "elapsed": 5420.569399, "delta": 17.209666}}
{"target": -0.7772090526566213, "params": {"dTMD1": 0.03333615988238425, "dTMD2": 0.8796735832295695, "dTMD3": 0.1522818090783966, "dTMD4": 0.44963315162024586, "dTMD5": 0.6423200295767563, "dTMD6": 0.8305988688957039, "fTMD1": 0.6038008926749698, "fTMD2": 0.7313522204774274, "fTMD3": 0.06444704603295837, "fTMD4": 0.5313084432453259, "fTMD5": 0.49196448398441617, "fTMD6": 0.33703770520605036, "mTMD1": 0.33335707914885604, "mTMD2": 0.31920467890329385, "mTMD3": 0.6547657654231166, "mTMD4": 0.9076368995807584, "mTMD5": 0.6391711470710336, "xTMD1": 0.3865513804598595, "xTMD2": 0.45750758137532266, "xTMD3": 0.08003274443404629, "xTMD4": 0.5964495014083816, "xTMD5": 0.6888035776947586, "xTMD6": 0.9894757596939338}, "datetime": {"datetime": "2023-02-03 11:45:41", "elapsed": 5437.659812, "delta": 17.090413}}
{"target": -0.7791884593346277, "params": {"dTMD1": 0.18615525317370873, "dTMD2": 0.5703217724079777, "dTMD3": 0.15456325016823558, "dTMD4": 0.3101411364544163, "dTMD5": 0.8365829285442051, "dTMD6": 0.6091495011216953, "fTMD1": 0.5746093485464082, "fTMD2": 0.09825019927485046, "fTMD3": 0.5978015628003206, "fTMD4": 0.3371018590722258, "fTMD5": 0.38089512124587144, "fTMD6": 0.09262134163670377, "mTMD1": 0.017270096079893937, "mTMD2": 0.3992880671550123, "mTMD3": 0.800897212965553, "mTMD4": 0.6541343383747904, "mTMD5": 0.9113841203945882, "xTMD1": 0.7618465858639474, "xTMD2": 0.8561195843156693, "xTMD3": 0.19949524545118247, "xTMD4": 0.33465357222299597, "xTMD5": 0.4101388781800952, "xTMD6": 0.6847925757385089}, "datetime": {"datetime": "2023-02-03 11:45:58", "elapsed": 5455.101779, "delta": 17.441967}}
{"target": -0.8393110468737017, "params": {"dTMD1": 0.33271245667231164, "dTMD2": 0.6240796458573933, "dTMD3": 0.06254192030101458, "dTMD4": 0.13603857308768286, "dTMD5": 0.14390553394301453, "dTMD6": 0.8177879886357645, "fTMD1": 0.28780323987475076, "fTMD2": 0.30603138004137176, "fTMD3": 0.4601688993664379, "fTMD4": 0.5982829225437706, "fTMD5": 0.6053285223091924, "fTMD6": 0.5719232169858852, "mTMD1": 0.3925384589077726, "mTMD2": 0.4351108025835594, "mTMD3": 0.9496586950912663, "mTMD4": 0.312384161509908, "mTMD5": 0.6424945826895092, "xTMD1": 0.47632445263461265, "xTMD2": 0.3447418937085368, "xTMD3": 0.1684949595294184, "xTMD4": 0.4360745112180998, "xTMD5": 0.4511278571470736, "xTMD6": 0.9424813135453871}, "datetime": {"datetime": "2023-02-03 11:46:15", "elapsed": 5471.926914, "delta": 16.825135}}
{"target": -0.8757473755004372, "params": {"dTMD1": 0.02054288617325517, "dTMD2": 0.6472308162270745, "dTMD3": 0.2084985631774081, "dTMD4": 0.08880562322392849, "dTMD5": 0.33823525993305414, "dTMD6": 0.9896685498492702, "fTMD1": 0.527564643049605, "fTMD2": 0.31431428998346156, "fTMD3": 0.3431594536821745, "fTMD4": 0.5968825899086707, "fTMD5": 0.4754521447890109, "fTMD6": 0.05512838447941604, "mTMD1": 0.21401483412574696, "mTMD2": 0.9705469667317617, "mTMD3": 0.8338343302797029, "mTMD4": 0.7991800435725558, "mTMD5": 0.6976684571000069, "xTMD1": 0.7746012877138293, "xTMD2": 0.35987989245172725, "xTMD3": 0.15664644324319, "xTMD4": 0.39620450914073213, "xTMD5": 0.7602283523738443, "xTMD6": 0.5151751048130339}, "datetime": {"datetime": "2023-02-03 11:46:32", "elapsed": 5488.693035, "delta": 16.766121}}
{"target": -0.8857987351319931, "params": {"dTMD1": 0.36005068478696567, "dTMD2": 0.8190064712307383, "dTMD3": 0.2254325009142576, "dTMD4": 0.4404861867500963, "dTMD5": 0.9310158669318223, "dTMD6": 0.9123870253724197, "fTMD1": 0.8465725951563002, "fTMD2": 0.4453775793631459, "fTMD3": 0.4050203412376371, "fTMD4": 0.8496273936273006, "fTMD5": 0.28653308309548486, "fTMD6": 0.1503981617821083, "mTMD1": 0.38528086904280656, "mTMD2": 0.48835705847008326, "mTMD3": 0.5818268880814427, "mTMD4": 0.2572601853153108, "mTMD5": 0.4088001711206053, "xTMD1": 0.45342530717627716, "xTMD2": 0.5324111151420178, "xTMD3": 0.05082859777886284, "xTMD4": 0.4109655509322828, "xTMD5": 0.4017438927106789, "xTMD6": 0.8396819687797773}, "datetime": {"datetime": "2023-02-03 11:46:49", "elapsed": 5505.588884, "delta": 16.895849}}
{"target": -1.1673957104756398, "params": {"dTMD1": 0.2732020633806752, "dTMD2": 0.3427967376003217, "dTMD3": 0.17920675558348698, "dTMD4": 0.3125589088677646, "dTMD5": 0.38670981323338904, "dTMD6": 0.498479639904008, "fTMD1": 0.4360847514151782, "fTMD2": 0.8699684682497874, "fTMD3": 0.2371535717645229, "fTMD4": 0.49111996798162916, "fTMD5": 0.716103860186082, "fTMD6": 0.2963592372343904, "mTMD1": 0.3200473218947515, "mTMD2": 0.6959863693018011, "mTMD3": 0.5766979422209706, "mTMD4": 0.3845615843370658, "mTMD5": 0.6594574379252554, "xTMD1": 0.8305830788881013, "xTMD2": 0.6877877115226703, "xTMD3": 0.28494155018364375, "xTMD4": 0.3473270662205865, "xTMD5": 0.6387546008625326, "xTMD6": 0.6504818718259366}, "datetime": {"datetime": "2023-02-03 11:47:06", "elapsed": 5522.827732, "delta": 17.238848}}
{"target": -0.8665002833009033, "params": {"dTMD1": 0.22580154473118885, "dTMD2": 0.8620042508362527, "dTMD3": 0.4068805713134733, "dTMD4": 0.06643053220756512, "dTMD5": 0.4927089803813648, "dTMD6": 0.38885652785338576, "fTMD1": 0.5444232001596969, "fTMD2": 0.8229873411463077, "fTMD3": 0.1404143515810119, "fTMD4": 0.6378576487857976, "fTMD5": 0.46630507514618935, "fTMD6": 0.1344887017770353, "mTMD1": 0.39880035388710255, "mTMD2": 0.8531988697437607, "mTMD3": 0.7912785477230803, "mTMD4": 0.511964726595468, "mTMD5": 0.8547153015764797, "xTMD1": 0.015257832478799194, "xTMD2": 0.09211651035138502, "xTMD3": 0.04367110342367986, "xTMD4": 0.6315227065318859, "xTMD5": 0.6381626659636889, "xTMD6": 0.6438298632148761}, "datetime": {"datetime": "2023-02-03 11:47:23", "elapsed": 5539.669648, "delta": 16.841916}}
{"target": -0.9798425031625271, "params": {"dTMD1": 0.3101296026219108, "dTMD2": 0.3041035004600876, "dTMD3": 0.3833972547540305, "dTMD4": 0.22603835488808077, "dTMD5": 0.8537415895761793, "dTMD6": 0.6297512538838339, "fTMD1": 0.5202357252205135, "fTMD2": 0.3531482154020026, "fTMD3": 0.3733007314319332, "fTMD4": 0.2731421269509734, "fTMD5": 0.2876740410433437, "fTMD6": 0.12382348163055001, "mTMD1": 0.37942049278021306, "mTMD2": 0.08222591132636048, "mTMD3": 0.6629135532439626, "mTMD4": 0.7121689292610247, "mTMD5": 0.8081797678636913, "xTMD1": 0.2624386969516791, "xTMD2": 0.528804466137038, "xTMD3": 0.006272663582366, "xTMD4": 0.3546147988433306, "xTMD5": 0.36100166140066614, "xTMD6": 0.8225531335371966}, "datetime": {"datetime": "2023-02-03 11:47:40", "elapsed": 5556.621001, "delta": 16.951353}}
{"target": -0.7228859426536175, "params": {"dTMD1": 0.14548627543110904, "dTMD2": 0.5247122978563332, "dTMD3": 0.16564961270154577, "dTMD4": 0.3228128067992634, "dTMD5": 0.7864723445679275, "dTMD6": 0.6406693304695565, "fTMD1": 0.615038948452932, "fTMD2": 0.5970540217686314, "fTMD3": 0.2867032892350062, "fTMD4": 0.5568317608582802, "fTMD5": 0.27070824619370315, "fTMD6": 0.22180146436360793, "mTMD1": 0.3958856459756023, "mTMD2": 0.5456288850809596, "mTMD3": 0.36726632330813824, "mTMD4": 0.582649045799705, "mTMD5": 0.4668419168288267, "xTMD1": 0.06797383048782157, "xTMD2": 0.6895844301741174, "xTMD3": 0.2724054379790114, "xTMD4": 0.38995278733712757, "xTMD5": 0.47309634502791487, "xTMD6": 0.96783029219112}, "datetime": {"datetime": "2023-02-03 11:47:58", "elapsed": 5574.830607, "delta": 18.209606}}
{"target": -0.9280238243835125, "params": {"dTMD1": 0.031933619952561054, "dTMD2": 0.9688516402051311, "dTMD3": 0.18645849240047807, "dTMD4": 0.6495771398368535, "dTMD5": 0.05327508190318786, "dTMD6": 0.790743232766365, "fTMD1": 0.15632543867081616, "fTMD2": 0.9546173664483137, "fTMD3": 0.3639402903814487, "fTMD4": 0.37728986139410225, "fTMD5": 0.9818085011403047, "fTMD6": 0.2943739097535505, "mTMD1": 0.5655084192547171, "mTMD2": 0.14924927130955556, "mTMD3": 0.4314015121183473, "mTMD4": 0.7059996986690538, "mTMD5": 0.018347612218821197, "xTMD1": 0.032272438227683664, "xTMD2": 0.9307934166866755, "xTMD3": 0.4487913551827285, "xTMD4": 0.5436386368654724, "xTMD5": 0.9611199798113884, "xTMD6": 0.48723463677999745}, "datetime": {"datetime": "2023-02-03 11:48:14", "elapsed": 5590.851663, "delta": 16.021056}}
{"target": -0.8052783343898826, "params": {"dTMD1": 0.10002047980339301, "dTMD2": 0.015253659118287244, "dTMD3": 0.19775082951680345, "dTMD4": 0.660742388186615, "dTMD5": 0.3707837875785156, "dTMD6": 0.41185089486414594, "fTMD1": 0.44285025235029774, "fTMD2": 0.14795463837084066, "fTMD3": 0.4083349227352975, "fTMD4": 0.8359195992676322, "fTMD5": 0.14156286154979314, "fTMD6": 0.16367732077630937, "mTMD1": 0.1712542851597525, "mTMD2": 0.8328251892703787, "mTMD3": 0.1729703310786499, "mTMD4": 0.8715474193177172, "mTMD5": 0.07022487262771626, "xTMD1": 0.6438532149323268, "xTMD2": 0.15864531628903256, "xTMD3": 0.12392149113418716, "xTMD4": 0.6378625897822603, "xTMD5": 0.3910866003182787, "xTMD6": 0.40255930357726544}, "datetime": {"datetime": "2023-02-03 11:48:36", "elapsed": 5612.657837, "delta": 21.806174}}
{"target": -1.0020211349120058, "params": {"dTMD1": 0.06440437693460799, "dTMD2": 0.8780548451313522, "dTMD3": 0.11217433505616248, "dTMD4": 0.27419428808767754, "dTMD5": 0.7790049062703116, "dTMD6": 0.2781596594657396, "fTMD1": 0.4411027298701595, "fTMD2": 0.352588413962614, "fTMD3": 0.4291332965464565, "fTMD4": 0.38189156443129124, "fTMD5": 0.46798577813380327, "fTMD6": 0.169254635528988, "mTMD1": 0.12680127382083783, "mTMD2": 0.8209312790908424, "mTMD3": 0.964007878212096, "mTMD4": 0.4463446265059585, "mTMD5": 0.5191032196912102, "xTMD1": 0.8263939773427732, "xTMD2": 0.46818502000941464, "xTMD3": 0.29259852155043387, "xTMD4": 0.7571463858161894, "xTMD5": 0.5166936984869801, "xTMD6": 0.6664439209599632}, "datetime": {"datetime": "2023-02-03 11:48:52", "elapsed": 5629.211581, "delta": 16.553744}}
{"target": -0.6959881577644661, "params": {"dTMD1": 0.31851758555031795, "dTMD2": 0.8485822561484431, "dTMD3": 0.24501848965439776, "dTMD4": 0.01619927521382869, "dTMD5": 0.5756940680096648, "dTMD6": 0.6239847080443761, "fTMD1": 0.839017494973155, "fTMD2": 0.5939123556915317, "fTMD3": 0.39972842086170723, "fTMD4": 0.3143667847097632, "fTMD5": 0.04530325566797022, "fTMD6": 0.09249899292238606, "mTMD1": 0.23140344343186536, "mTMD2": 0.7393468970895625, "mTMD3": 0.5293186434919456, "mTMD4": 0.42293202978975586, "mTMD5": 0.7276933057847322, "xTMD1": 0.9250678448318754, "xTMD2": 0.5338884929456177, "xTMD3": 0.12884688647528764, "xTMD4": 0.38456509342299805, "xTMD5": 0.4442672274716787, "xTMD6": 0.9552887573401858}, "datetime": {"datetime": "2023-02-03 11:49:09", "elapsed": 5645.485207, "delta": 16.273626}}
{"target": -0.6179407195381574, "params": {"dTMD1": 0.6438902685726802, "dTMD2": 0.9511401560676048, "dTMD3": 0.11731466765740672, "dTMD4": 0.1880316161096378, "dTMD5": 0.7287846644389796, "dTMD6": 0.843611841700614, "fTMD1": 0.6632453282910473, "fTMD2": 0.5139431557915165, "fTMD3": 0.4927599400222503, "fTMD4": 0.13540145233424028, "fTMD5": 0.36962127261204525, "fTMD6": 0.4624795320544586, "mTMD1": 0.07232649476736663, "mTMD2": 0.7638653294096966, "mTMD3": 0.4813213973726429, "mTMD4": 0.5142739859228078, "mTMD5": 0.7013505389191387, "xTMD1": 0.4813041360480699, "xTMD2": 0.7563709765788735, "xTMD3": 0.17034619834496056, "xTMD4": 0.2223812782230894, "xTMD5": 0.3391260818632492, "xTMD6": 0.7700084821801957}, "datetime": {"datetime": "2023-02-03 11:49:25", "elapsed": 5661.40821, "delta": 15.923003}}
{"target": -0.6924667257855213, "params": {"dTMD1": 0.23196360904060465, "dTMD2": 0.8772556972003083, "dTMD3": 0.6723195468798421, "dTMD4": 0.37757762374535264, "dTMD5": 0.044471737305644465, "dTMD6": 0.053328587587138876, "fTMD1": 0.3332984529817491, "fTMD2": 0.6791879324792106, "fTMD3": 0.8518699271921881, "fTMD4": 0.03399071859504854, "fTMD5": 0.9937156406559128, "fTMD6": 0.5466420683222013, "mTMD1": 0.7794777205191268, "mTMD2": 0.9372996500621548, "mTMD3": 0.19459400861633014, "mTMD4": 0.7725939824603696, "mTMD5": 0.5549923078196998, "xTMD1": 0.38955054113309184, "xTMD2": 0.7266892803970584, "xTMD3": 0.04231511105779617, "xTMD4": 0.23260581837769556, "xTMD5": 0.17271025875910928, "xTMD6": 0.07577301814077231}, "datetime": {"datetime": "2023-02-03 11:49:40", "elapsed": 5677.255211, "delta": 15.847001}}
{"target": -0.6123814005362437, "params": {"dTMD1": 0.9493843549651428, "dTMD2": 0.2572218642369085, "dTMD3": 0.8971332718490955, "dTMD4": 0.5804260747531828, "dTMD5": 0.2544546269515885, "dTMD6": 0.6963099252260977, "fTMD1": 0.4231977232901182, "fTMD2": 0.14750531753149276, "fTMD3": 0.25058844509588607, "fTMD4": 0.8119605296418066, "fTMD5": 0.8098720845737877, "fTMD6": 0.47939890930362405, "mTMD1": 0.5353167759662062, "mTMD2": 0.5797326697801991, "mTMD3": 0.9660275913639355, "mTMD4": 0.20334889579449344, "mTMD5": 0.6276547589518346, "xTMD1": 0.09568576584752597, "xTMD2": 0.12047484275609344, "xTMD3": 0.2790061327641873, "xTMD4": 0.7188869255401044, "xTMD5": 0.7633973563669287, "xTMD6": 0.06792273662514914}, "datetime": {"datetime": "2023-02-03 11:49:56", "elapsed": 5692.638619, "delta": 15.383408}}
{"target": -0.9533638691363724, "params": {"dTMD1": 0.3413336927648686, "dTMD2": 0.9380571634037652, "dTMD3": 0.28401646017293536, "dTMD4": 0.30606405686093197, "dTMD5": 0.6103881256000402, "dTMD6": 0.7097065703387385, "fTMD1": 0.5746111815319693, "fTMD2": 0.6949206918752078, "fTMD3": 0.48343987609999883, "fTMD4": 0.5013974232518575, "fTMD5": 0.4500035325211431, "fTMD6": 0.20871641973830524, "mTMD1": 0.41226256989070553, "mTMD2": 0.7833363307549295, "mTMD3": 0.8106750887434577, "mTMD4": 0.3869937225916652, "mTMD5": 0.35475185071619475, "xTMD1": 0.7940937064580343, "xTMD2": 0.8244720779376647, "xTMD3": 0.011848217438315878, "xTMD4": 0.005220388344990612, "xTMD5": 0.21092820551189917, "xTMD6": 0.7069037867084011}, "datetime": {"datetime": "2023-02-03 11:50:12", "elapsed": 5708.578326, "delta": 15.939707}}
{"target": -0.9113760824535032, "params": {"dTMD1": 0.14381611400351668, "dTMD2": 0.6339789556993454, "dTMD3": 0.3370045763249061, "dTMD4": 0.22905991099405365, "dTMD5": 0.13412100929593884, "dTMD6": 0.887029338050526, "fTMD1": 0.5196048453290641, "fTMD2": 0.11522123093011483, "fTMD3": 0.7632542727106847, "fTMD4": 0.29641642056822115, "fTMD5": 0.2728072342218836, "fTMD6": 0.21118935110562564, "mTMD1": 0.40349052354740267, "mTMD2": 0.8666827804005138, "mTMD3": 0.7122074960606388, "mTMD4": 0.6980613504014006, "mTMD5": 0.5681757404246122, "xTMD1": 0.34903191299356195, "xTMD2": 0.38523354106827845, "xTMD3": 0.19439986209183657, "xTMD4": 0.44111995657562963, "xTMD5": 0.13878918276326424, "xTMD6": 0.8465954618569413}, "datetime": {"datetime": "2023-02-03 11:50:27", "elapsed": 5723.84147, "delta": 15.263144}}
