{"target": -0.9747254813518678, "params": {"dTMD1": 0.19106104783179367, "dTMD2": 0.8407830136168785, "dTMD3": 0.7471371199915292, "dTMD4": 0.4950594116947301, "dTMD5": 0.47451813977876633, "dTMD6": 0.9916826943795279, "fTMD1": 0.15948622895720443, "fTMD2": 0.43304261449957016, "fTMD3": 0.007997756678987389, "fTMD4": 0.22542989318136342, "fTMD5": 0.43080567493340693, "fTMD6": 0.15086425930874292, "mTMD1": 0.1996747699780349, "mTMD2": 0.9087641512629672, "mTMD3": 0.7268522417707385, "mTMD4": 0.5544666367599751, "mTMD5": 0.3789952146789938, "xTMD1": 0.419760386295843, "xTMD2": 0.03509250412708287, "xTMD3": 0.175481765052258, "xTMD4": 0.7104146071795748, "xTMD5": 0.5262970762293444, "xTMD6": 0.9949844116990887}, "datetime": {"datetime": "2023-02-03 11:20:18", "elapsed": 3914.988148, "delta": 17.268977}}
{"target": -1.147579397385872, "params": {"dTMD1": 0.20898398159138265, "dTMD2": 0.3911740802529472, "dTMD3": 0.16846705439404253, "dTMD4": 0.09675925512306027, "dTMD5": 0.36456708521619474, "dTMD6": 0.7414637719918895, "fTMD1": 0.3534477688191139, "fTMD2": 0.7900815142345702, "fTMD3": 0.34560799312405055, "fTMD4": 0.044579884381088175, "fTMD5": 0.15632934453619707, "fTMD6": 0.348507557084047, "mTMD1": 0.5344681028464643, "mTMD2": 0.9988585139566475, "mTMD3": 0.754600975396188, "mTMD4": 0.4919314939221908, "mTMD5": 0.5364073451342728, "xTMD1": 0.01648216674518377, "xTMD2": 0.509078668247517, "xTMD3": 0.32823601425903737, "xTMD4": 0.20183326518157818, "xTMD5": 0.32064548059386555, "xTMD6": 0.7952213403160745}, "datetime": {"datetime": "2023-02-03 11:20:36", "elapsed": 3932.399741, "delta": 17.411593}}
{"target": -0.7449476482631747, "params": {"dTMD1": 0.672966255504371, "dTMD2": 0.9303404201239217, "dTMD3": 0.9140275476162247, "dTMD4": 0.8600883626941342, "dTMD5": 0.9953692201852071, "dTMD6": 0.3135344800303481, "fTMD1": 0.3426243501084082, "fTMD2": 0.1554680504760777, "fTMD3": 0.15858868312125662, "fTMD4": 0.019108245979192473, "fTMD5": 0.5619938316037302, "fTMD6": 0.5790363979927968, "mTMD1": 0.04318591944721373, "mTMD2": 0.6375705745001544, "mTMD3": 0.5772227606769252, "mTMD4": 0.24763761385033134, "mTMD5": 0.17483205739887253, "xTMD1": 0.9693342114189581, "xTMD2": 0.9256705691824908, "xTMD3": 0.6024424127125617, "xTMD4": 0.5685620452547813, "xTMD5": 0.38093821835483255, "xTMD6": 0.5062068070999534}, "datetime": {"datetime": "2023-02-03 11:20:51", "elapsed": 3948.246176, "delta": 15.846435}}
{"target": -1.0458222492568976, "params": {"dTMD1": 0.38714587449173754, "dTMD2": 0.5898155751577654, "dTMD3": 0.5939742144311609, "dTMD4": 0.9134566532040892, "dTMD5": 0.8651910150584834, "dTMD6": 0.7599542975136677, "fTMD1": 0.35873638454960166, "fTMD2": 0.09291791789521364, "fTMD3": 0.8160229367814812, "fTMD4": 0.7696007148780626, "fTMD5": 0.1231964964102471, "fTMD6": 0.9468339353630271, "mTMD1": 0.7332620061826075, "mTMD2": 0.5689565927892147, "mTMD3": 0.7936169832435541, "mTMD4": 0.23153491083649336, "mTMD5": 0.2329518258658515, "xTMD1": 0.026512816663983196, "xTMD2": 0.5025873612180297, "xTMD3": 0.36570249894508333, "xTMD4": 0.7544331835344021, "xTMD5": 0.3545294219191676, "xTMD6": 0.9846195578624161}, "datetime": {"datetime": "2023-02-03 11:21:10", "elapsed": 3967.136193, "delta": 18.890017}}
{"target": -0.5515549994742862, "params": {"dTMD1": 0.5651483807556299, "dTMD2": 0.007160636376651985, "dTMD3": 0.24348576753425488, "dTMD4": 0.4858423225444882, "dTMD5": 0.3644838523198344, "dTMD6": 0.24858897026630966, "fTMD1": 0.24639188749307173, "fTMD2": 0.4376748345005038, "fTMD3": 0.13890082539390192, "fTMD4": 0.9987008320878067, "fTMD5": 0.6720659900094319, "fTMD6": 0.620600616302498, "mTMD1": 0.16363414483398586, "mTMD2": 0.690350398290925, "mTMD3": 0.5033602537249171, "mTMD4": 0.0947275939802128, "mTMD5": 0.8542652956545919, "xTMD1": 0.9499108767727957, "xTMD2": 0.26275570717924135, "xTMD3": 0.7967943615560874, "xTMD4": 0.38936185127796286, "xTMD5": 0.9138033272576266, "xTMD6": 0.7880681882325451}, "datetime": {"datetime": "2023-02-03 11:21:29", "elapsed": 3985.591059, "delta": 18.454866}}
{"target": -0.8234966729365121, "params": {"dTMD1": 0.3321715628782991, "dTMD2": 0.6489339992490559, "dTMD3": 0.7486157303419965, "dTMD4": 0.05221935504507924, "dTMD5": 0.6899879516642061, "dTMD6": 0.5489934461670167, "fTMD1": 0.16359878554611618, "fTMD2": 0.8731701394255045, "fTMD3": 0.9339717874919848, "fTMD4": 0.5233445068323538, "fTMD5": 0.19209915954547707, "fTMD6": 0.9472220885139009, "mTMD1": 0.13685210841820583, "mTMD2": 0.6263858137943774, "mTMD3": 0.11144561883476889, "mTMD4": 0.7963108091984397, "mTMD5": 0.19487143494604053, "xTMD1": 0.4250239413474711, "xTMD2": 0.352016772896495, "xTMD3": 0.5635514050415115, "xTMD4": 0.5645039511515948, "xTMD5": 0.720768187518517, "xTMD6": 0.7456630245313642}, "datetime": {"datetime": "2023-02-03 11:21:44", "elapsed": 4001.302617, "delta": 15.711558}}
{"target": -0.6801577626235384, "params": {"dTMD1": 0.18221115646669972, "dTMD2": 0.7206002014045373, "dTMD3": 0.6116629614323938, "dTMD4": 0.27100228051949726, "dTMD5": 0.2948249414957488, "dTMD6": 0.7059863268337676, "fTMD1": 0.561217231730716, "fTMD2": 0.9408079082065439, "fTMD3": 0.7556486359196414, "fTMD4": 0.6555126555025295, "fTMD5": 0.13418774926673427, "fTMD6": 0.23465776637796876, "mTMD1": 0.335048802373197, "mTMD2": 0.8226120425685928, "mTMD3": 0.7840023847260651, "mTMD4": 0.5940105830546717, "mTMD5": 0.7922441750517194, "xTMD1": 0.5610730872437152, "xTMD2": 0.23041539365271224, "xTMD3": 0.7485115275809002, "xTMD4": 0.11459018265035359, "xTMD5": 0.34661239731189897, "xTMD6": 0.9657432559332907}, "datetime": {"datetime": "2023-02-03 11:22:00", "elapsed": 4016.92844, "delta": 15.625823}}
{"target": -0.7577004854935222, "params": {"dTMD1": 0.4370129471202272, "dTMD2": 0.18603586673165384, "dTMD3": 0.397094836286903, "dTMD4": 0.27896078279322933, "dTMD5": 0.5040313947511224, "dTMD6": 0.776505287622792, "fTMD1": 0.6402452002930658, "fTMD2": 0.2941765508264216, "fTMD3": 0.7667435913244235, "fTMD4": 0.9264070914097424, "fTMD5": 0.43866102008145136, "fTMD6": 0.6347112243768331, "mTMD1": 0.9943005272172735, "mTMD2": 0.1106010027933857, "mTMD3": 0.31531690163830584, "mTMD4": 0.3093199265872245, "mTMD5": 0.16003155095248978, "xTMD1": 0.27576774882384025, "xTMD2": 0.9262574911327252, "xTMD3": 0.6044125956737622, "xTMD4": 0.5899144522732219, "xTMD5": 0.14152616488599212, "xTMD6": 0.6815554461223181}, "datetime": {"datetime": "2023-02-03 11:22:17", "elapsed": 4033.894797, "delta": 16.966357}}
{"target": -0.8476756064372932, "params": {"dTMD1": 0.4160132438155407, "dTMD2": 0.24502294994802487, "dTMD3": 0.9000917636537402, "dTMD4": 0.5132304618138934, "dTMD5": 0.744438889433245, "dTMD6": 0.6944672656855281, "fTMD1": 0.8439097935867472, "fTMD2": 0.8540536002274239, "fTMD3": 0.34636754593779595, "fTMD4": 0.5150182809900751, "fTMD5": 0.13296384445370057, "fTMD6": 0.191904757627819, "mTMD1": 0.21848988494098087, "mTMD2": 0.47771102063509385, "mTMD3": 0.5336038363676717, "mTMD4": 0.8637888844355456, "mTMD5": 0.25848283792764326, "xTMD1": 0.45152930192974283, "xTMD2": 0.4824812869021319, "xTMD3": 0.483818268083825, "xTMD4": 0.8518813094090716, "xTMD5": 0.11114673318269586, "xTMD6": 0.37590427678409766}, "datetime": {"datetime": "2023-02-03 11:22:33", "elapsed": 4050.034627, "delta": 16.13983}}
{"target": -0.8998012423885511, "params": {"dTMD1": 0.15658016118519102, "dTMD2": 0.6457965276191974, "dTMD3": 0.44895441656544266, "dTMD4": 0.4361593636224709, "dTMD5": 0.17733528695083633, "dTMD6": 0.6818770716972206, "fTMD1": 0.48795543963074606, "fTMD2": 0.7008021344608446, "fTMD3": 0.4970965452471503, "fTMD4": 0.22697469685630667, "fTMD5": 0.7539556522861252, "fTMD6": 0.013835498101320343, "mTMD1": 0.21333519614199703, "mTMD2": 0.8001538665180931, "mTMD3": 0.7828651491210264, "mTMD4": 0.7125346573643281, "mTMD5": 0.42950271343283786, "xTMD1": 0.4534968136939421, "xTMD2": 0.5353497054218347, "xTMD3": 0.5155914691544025, "xTMD4": 0.2167609702343961, "xTMD5": 0.7327032535544235, "xTMD6": 0.8129602255617436}, "datetime": {"datetime": "2023-02-03 11:22:50", "elapsed": 4067.331642, "delta": 17.297015}}
{"target": -0.5496749784981283, "params": {"dTMD1": 0.1479898225681312, "dTMD2": 0.7016192315796459, "dTMD3": 0.08826528120349264, "dTMD4": 0.04129249239223953, "dTMD5": 0.5572786538988254, "dTMD6": 0.6435025773677663, "fTMD1": 0.28751015306915395, "fTMD2": 0.50764903442364, "fTMD3": 0.5441354424644054, "fTMD4": 0.7033471756788937, "fTMD5": 0.15123431694932743, "fTMD6": 0.43105630499792236, "mTMD1": 0.35652098467262006, "mTMD2": 0.8082209742657404, "mTMD3": 0.9826852910106759, "mTMD4": 0.6249114425641993, "mTMD5": 0.8397539464579258, "xTMD1": 0.5918093467673262, "xTMD2": 0.30967549051378707, "xTMD3": 0.6503569475520253, "xTMD4": 0.2490814124089088, "xTMD5": 0.6056963481127543, "xTMD6": 0.9524299982046825}, "datetime": {"datetime": "2023-02-03 11:23:07", "elapsed": 4084.34265, "delta": 17.011008}}
{"target": -0.9248784453547149, "params": {"dTMD1": 0.007925459000804769, "dTMD2": 0.1448980026162675, "dTMD3": 0.052336740126923686, "dTMD4": 0.12877610772872605, "dTMD5": 0.5708569212920652, "dTMD6": 0.574773472551808, "fTMD1": 0.7767438419904356, "fTMD2": 0.4806366464451691, "fTMD3": 0.19234821934614088, "fTMD4": 0.8812950290993362, "fTMD5": 0.33342963718278706, "fTMD6": 0.24865583297982352, "mTMD1": 0.027447642886354706, "mTMD2": 0.25608565352125534, "mTMD3": 0.7132563721648273, "mTMD4": 0.4965940776649447, "mTMD5": 0.5773484321019776, "xTMD1": 0.68642730266182, "xTMD2": 0.0264198003956152, "xTMD3": 0.4991281961239056, "xTMD4": 0.0027159682027337873, "xTMD5": 0.5932814535314456, "xTMD6": 0.795265767046239}, "datetime": {"datetime": "2023-02-03 11:23:26", "elapsed": 4102.506023, "delta": 18.163373}}
{"target": -0.6750138189693144, "params": {"dTMD1": 0.01812452420641142, "dTMD2": 0.14017714097109202, "dTMD3": 0.6207794489872819, "dTMD4": 0.7523483627291044, "dTMD5": 0.8260791754213556, "dTMD6": 0.7605250798928783, "fTMD1": 0.08795697458859886, "fTMD2": 0.8587628942363456, "fTMD3": 0.9599985067557291, "fTMD4": 0.37040163179365615, "fTMD5": 0.19186808580697146, "fTMD6": 0.1125462387121835, "mTMD1": 0.3375615304900059, "mTMD2": 0.9057862581935298, "mTMD3": 0.3671953634775419, "mTMD4": 0.5665497141138661, "mTMD5": 0.15494877697530152, "xTMD1": 0.04044286441816902, "xTMD2": 0.08034004498705327, "xTMD3": 0.6608498246798008, "xTMD4": 0.675160309678172, "xTMD5": 0.6008619967071743, "xTMD6": 0.9313295416897939}, "datetime": {"datetime": "2023-02-03 11:23:43", "elapsed": 4119.997473, "delta": 17.49145}}
{"target": -0.6940230981089499, "params": {"dTMD1": 0.3207143708631657, "dTMD2": 0.6595834444419835, "dTMD3": 0.35959044760515413, "dTMD4": 0.19605321478870963, "dTMD5": 0.8997988044552884, "dTMD6": 0.9887867592247755, "fTMD1": 0.7107529897935937, "fTMD2": 0.768210953852044, "fTMD3": 0.44953883617950197, "fTMD4": 0.4238423131445943, "fTMD5": 0.7626321356641551, "fTMD6": 0.1784649041720684, "mTMD1": 0.40743724048344865, "mTMD2": 0.6186080843457331, "mTMD3": 0.7007072554826742, "mTMD4": 0.8269216457246269, "mTMD5": 0.587875391121256, "xTMD1": 0.19150719589455978, "xTMD2": 0.2772405563193383, "xTMD3": 0.5324263329024321, "xTMD4": 0.34052557722961285, "xTMD5": 0.5076882544777874, "xTMD6": 0.8924027043595661}, "datetime": {"datetime": "2023-02-03 11:23:59", "elapsed": 4136.072505, "delta": 16.075032}}
{"target": -1.1452364863789244, "params": {"dTMD1": 0.08388649394903369, "dTMD2": 0.599678253205496, "dTMD3": 0.052579261940299826, "dTMD4": 0.381531510044651, "dTMD5": 0.5070502873093087, "dTMD6": 0.6685656068928512, "fTMD1": 0.18975699112118238, "fTMD2": 0.9651497124772596, "fTMD3": 0.32911263190309303, "fTMD4": 0.21943465676804852, "fTMD5": 0.26180783508065697, "fTMD6": 0.04169687105021325, "mTMD1": 0.0963794735623914, "mTMD2": 0.4584635463972505, "mTMD3": 0.7722502050590345, "mTMD4": 0.7189299659968682, "mTMD5": 0.8148389648881064, "xTMD1": 0.6669299786087098, "xTMD2": 0.10504964960881658, "xTMD3": 0.30558678106681647, "xTMD4": 0.32881544454767675, "xTMD5": 0.14587723378971684, "xTMD6": 0.6311197181763063}, "datetime": {"datetime": "2023-02-03 11:24:15", "elapsed": 4151.637806, "delta": 15.565301}}
{"target": -1.1754198925462627, "params": {"dTMD1": 0.0634215867487884, "dTMD2": 0.7695812791841848, "dTMD3": 0.29173579545523376, "dTMD4": 0.16659540072839807, "dTMD5": 0.5797113122852459, "dTMD6": 0.9803805670254523, "fTMD1": 0.7563166348698269, "fTMD2": 0.8640785438750596, "fTMD3": 0.08100648677848643, "fTMD4": 0.4693083665223461, "fTMD5": 0.5854180426487282, "fTMD6": 0.23176729140470875, "mTMD1": 0.32821549583130916, "mTMD2": 0.10865726956586608, "mTMD3": 0.6619336538654289, "mTMD4": 0.32187285428591683, "mTMD5": 0.6550245069096178, "xTMD1": 0.6864870433583318, "xTMD2": 0.5115826130370054, "xTMD3": 0.3534946386868312, "xTMD4": 0.528213168069126, "xTMD5": 0.1384321730454674, "xTMD6": 0.8089610151945998}, "datetime": {"datetime": "2023-02-03 11:24:30", "elapsed": 4166.787182, "delta": 15.149376}}
{"target": -0.780129217786227, "params": {"dTMD1": 0.2411066921651881, "dTMD2": 0.8465088027466551, "dTMD3": 0.2781589729617392, "dTMD4": 0.6746181348024922, "dTMD5": 0.06747012920286122, "dTMD6": 0.9306354022156785, "fTMD1": 0.04661136939340471, "fTMD2": 0.19091190013086667, "fTMD3": 0.39779821536552995, "fTMD4": 0.711476637023504, "fTMD5": 0.8963611365023276, "fTMD6": 0.5939153132455541, "mTMD1": 0.07894230787637513, "mTMD2": 0.06908498953878561, "mTMD3": 0.31855048309442535, "mTMD4": 0.6180915638451929, "mTMD5": 0.1191891602296492, "xTMD1": 0.8250353254363981, "xTMD2": 0.6573436346067976, "xTMD3": 0.8976467715724098, "xTMD4": 0.6056895054691435, "xTMD5": 0.1410357290615709, "xTMD6": 0.726826533143581}, "datetime": {"datetime": "2023-02-03 11:24:45", "elapsed": 4182.168344, "delta": 15.381162}}
{"target": -0.7437635534624295, "params": {"dTMD1": 0.34558534495641724, "dTMD2": 0.8216051183958258, "dTMD3": 0.3457353802080031, "dTMD4": 0.35207942455159436, "dTMD5": 0.1337078478672965, "dTMD6": 0.15527656453783645, "fTMD1": 0.10264782255235483, "fTMD2": 0.32624837993252054, "fTMD3": 0.16246003289216826, "fTMD4": 0.31012691255357094, "fTMD5": 0.8893546696535531, "fTMD6": 0.49355194860447515, "mTMD1": 0.8035803663144235, "mTMD2": 0.3682665614660747, "mTMD3": 0.7519664407078289, "mTMD4": 0.20857594795247636, "mTMD5": 0.7275052640674762, "xTMD1": 0.6901487419004795, "xTMD2": 0.66385502568185, "xTMD3": 0.44092187454568244, "xTMD4": 0.5731094070943232, "xTMD5": 0.6664708713692907, "xTMD6": 0.2878968436225422}, "datetime": {"datetime": "2023-02-03 11:25:01", "elapsed": 4198.202598, "delta": 16.034254}}
{"target": -0.6726768663956866, "params": {"dTMD1": 0.9610762016343385, "dTMD2": 0.9263521578175969, "dTMD3": 0.2934863218218696, "dTMD4": 0.44050042029704195, "dTMD5": 0.38698627383732676, "dTMD6": 0.1424659938980759, "fTMD1": 0.703087748930331, "fTMD2": 0.18177125970055874, "fTMD3": 0.997109827560736, "fTMD4": 0.46609850449860557, "fTMD5": 0.8222986879171487, "fTMD6": 0.3516739613575759, "mTMD1": 0.4695472951541786, "mTMD2": 0.9484874905150293, "mTMD3": 0.44331417121092154, "mTMD4": 0.8762062620070409, "mTMD5": 0.3108796700187543, "xTMD1": 0.7639568118761245, "xTMD2": 0.883008675863795, "xTMD3": 0.39823422487373794, "xTMD4": 0.44029387169539724, "xTMD5": 0.436622658226661, "xTMD6": 0.7220917144086141}, "datetime": {"datetime": "2023-02-03 11:25:17", "elapsed": 4213.423071, "delta": 15.220473}}
{"target": -0.8966404434010496, "params": {"dTMD1": 0.07272578397875362, "dTMD2": 0.6953534899380127, "dTMD3": 0.29438627667755257, "dTMD4": 0.5111257515099701, "dTMD5": 0.11057957339522917, "dTMD6": 0.3446583815691475, "fTMD1": 0.3764563394007431, "fTMD2": 0.4361358652777647, "fTMD3": 0.7794218886872216, "fTMD4": 0.3172333503120245, "fTMD5": 0.8213216064349922, "fTMD6": 0.8012257921876474, "mTMD1": 0.2101253888965965, "mTMD2": 0.09303008562776294, "mTMD3": 0.5614035424060304, "mTMD4": 0.35073613992699015, "mTMD5": 0.5259732249994876, "xTMD1": 0.7135469085129785, "xTMD2": 0.011224486214492235, "xTMD3": 0.5366907418810896, "xTMD4": 0.5713662747821519, "xTMD5": 0.9822004735438505, "xTMD6": 0.19581780575912688}, "datetime": {"datetime": "2023-02-03 11:25:32", "elapsed": 4229.085771, "delta": 15.6627}}
{"target": -0.9271003966941704, "params": {"dTMD1": 0.8510198023142063, "dTMD2": 0.6908638899306982, "dTMD3": 0.7282207967085393, "dTMD4": 0.32175009402887567, "dTMD5": 0.3772228976818459, "dTMD6": 0.7865078415456837, "fTMD1": 0.7315947220763795, "fTMD2": 0.7896654999040175, "fTMD3": 0.2324641687705592, "fTMD4": 0.2772482565162353, "fTMD5": 0.8210880301577251, "fTMD6": 0.5525140656101576, "mTMD1": 0.41445375532932605, "mTMD2": 0.43945178225897163, "mTMD3": 0.20385166210609584, "mTMD4": 0.9898019144949985, "mTMD5": 0.830705163428906, "xTMD1": 0.63624018451958, "xTMD2": 0.8964071838023964, "xTMD3": 0.7213945259739311, "xTMD4": 0.21983225209345714, "xTMD5": 0.19952000098635092, "xTMD6": 0.19835109946840834}, "datetime": {"datetime": "2023-02-03 11:25:50", "elapsed": 4247.002707, "delta": 17.916936}}
{"target": -1.0235430783531552, "params": {"dTMD1": 0.3906753445784167, "dTMD2": 0.29580559594632583, "dTMD3": 0.4785569752362562, "dTMD4": 0.02813393730481828, "dTMD5": 0.7078489043018323, "dTMD6": 0.9194951002882976, "fTMD1": 0.8178770784989706, "fTMD2": 0.48560350182096224, "fTMD3": 0.3756051254048015, "fTMD4": 0.2513611485865602, "fTMD5": 0.4556210992022217, "fTMD6": 0.36588471838152803, "mTMD1": 0.21132937129273077, "mTMD2": 0.801987916778953, "mTMD3": 0.7462576679281165, "mTMD4": 0.28022411109527223, "mTMD5": 0.6493942753364559, "xTMD1": 0.7032308056011746, "xTMD2": 0.149858803096258, "xTMD3": 0.045061069759279815, "xTMD4": 0.2394761284015141, "xTMD5": 0.19975574670209406, "xTMD6": 0.9815162399038065}, "datetime": {"datetime": "2023-02-03 11:26:06", "elapsed": 4263.315083, "delta": 16.312376}}
{"target": -0.9626030193527432, "params": {"dTMD1": 0.3073340081678745, "dTMD2": 0.6125307271921367, "dTMD3": 0.5525058701880023, "dTMD4": 0.22488020937718212, "dTMD5": 0.10664036432117652, "dTMD6": 0.8523026966241708, "fTMD1": 0.8515159676109685, "fTMD2": 0.7641817097519399, "fTMD3": 0.32984188806246184, "fTMD4": 0.8742197890208236, "fTMD5": 0.33862612165993167, "fTMD6": 0.2009526570344723, "mTMD1": 0.2957731866948149, "mTMD2": 0.9638047430982937, "mTMD3": 0.7069275909109394, "mTMD4": 0.4042379359047146, "mTMD5": 0.5432344974820141, "xTMD1": 0.42181723873956667, "xTMD2": 0.2013022794648487, "xTMD3": 0.31725644011908294, "xTMD4": 0.162324354389068, "xTMD5": 0.39518400585704105, "xTMD6": 0.8520282986935843}, "datetime": {"datetime": "2023-02-03 11:26:22", "elapsed": 4279.134021, "delta": 15.818938}}
{"target": -0.9521976758857064, "params": {"dTMD1": 0.08622173660436494, "dTMD2": 0.5359219647014359, "dTMD3": 0.7706686549261776, "dTMD4": 0.13676978850539545, "dTMD5": 0.5464638551837945, "dTMD6": 0.6880805250150107, "fTMD1": 0.406428784908489, "fTMD2": 0.9659577482215165, "fTMD3": 0.5471914184592253, "fTMD4": 0.40138742521991944, "fTMD5": 0.5704252889549859, "fTMD6": 0.5280309756107365, "mTMD1": 0.4760894779630298, "mTMD2": 0.6993502373907976, "mTMD3": 0.6845034350243744, "mTMD4": 0.4770156931911881, "mTMD5": 0.17608892823801414, "xTMD1": 0.6018290640467111, "xTMD2": 0.4734238494090818, "xTMD3": 0.3766817867114397, "xTMD4": 0.3961879510078077, "xTMD5": 0.671070095797839, "xTMD6": 0.9758980845593201}, "datetime": {"datetime": "2023-02-03 11:26:38", "elapsed": 4295.092565, "delta": 15.958544}}
{"target": -0.8239068690486206, "params": {"dTMD1": 0.13483702362163696, "dTMD2": 0.8938908306428446, "dTMD3": 0.1863846298371411, "dTMD4": 0.34586909013130784, "dTMD5": 0.41531508492847513, "dTMD6": 0.642069216175559, "fTMD1": 0.7606095896942976, "fTMD2": 0.6472801717462069, "fTMD3": 0.4793869846556983, "fTMD4": 0.8192083427107097, "fTMD5": 0.11388889490645049, "fTMD6": 0.2386022499187498, "mTMD1": 0.1510498188132633, "mTMD2": 0.7296031774448336, "mTMD3": 0.5947367791752723, "mTMD4": 0.9925338910242832, "mTMD5": 0.4158840147722581, "xTMD1": 0.5712870323488064, "xTMD2": 0.6551251579102428, "xTMD3": 0.35338980505053685, "xTMD4": 0.34261755526638316, "xTMD5": 0.11810494671437333, "xTMD6": 0.7007811739560497}, "datetime": {"datetime": "2023-02-03 11:26:55", "elapsed": 4312.106506, "delta": 17.013941}}
{"target": -0.9205199269016091, "params": {"dTMD1": 0.1017939388089818, "dTMD2": 0.39266355930614694, "dTMD3": 0.8656920160156382, "dTMD4": 0.0740885220950781, "dTMD5": 0.7948472400407774, "dTMD6": 0.7503288239402954, "fTMD1": 0.31866733645946277, "fTMD2": 0.30793259223765623, "fTMD3": 0.6178228622257395, "fTMD4": 0.29953998265372794, "fTMD5": 0.03141383137279741, "fTMD6": 0.346647073352505, "mTMD1": 0.33671051001469887, "mTMD2": 0.5845810153609076, "mTMD3": 0.5883478367262642, "mTMD4": 0.6107523738886802, "mTMD5": 0.448442059849104, "xTMD1": 0.6866178338602036, "xTMD2": 0.045724740490129534, "xTMD3": 0.4922272641347508, "xTMD4": 0.6546626201871731, "xTMD5": 0.351871104968556, "xTMD6": 0.965729739587472}, "datetime": {"datetime": "2023-02-03 11:27:12", "elapsed": 4329.204002, "delta": 17.097496}}
{"target": -0.8112465132996851, "params": {"dTMD1": 0.3154074165708417, "dTMD2": 0.8613866847714098, "dTMD3": 0.3216901034512163, "dTMD4": 0.20041217452823623, "dTMD5": 0.2993907150781874, "dTMD6": 0.9280756018696433, "fTMD1": 0.3951078904260532, "fTMD2": 0.8038207914566866, "fTMD3": 0.468605059039672, "fTMD4": 0.5190348074513533, "fTMD5": 0.19249773786380542, "fTMD6": 0.2586317858504228, "mTMD1": 0.6036201699823422, "mTMD2": 0.7019288884508311, "mTMD3": 0.8888288302006436, "mTMD4": 0.7572816820776285, "mTMD5": 0.749049461423615, "xTMD1": 0.8692954282352502, "xTMD2": 0.6411310679955444, "xTMD3": 0.02899102530872233, "xTMD4": 0.7037385133009193, "xTMD5": 0.7929505096177362, "xTMD6": 0.7732974187091093}, "datetime": {"datetime": "2023-02-03 11:27:28", "elapsed": 4344.828054, "delta": 15.624052}}
