{"target": -0.7096715362988701, "params": {"dTMD1": 0.3025972805720857, "dTMD2": 0.7747867460368888, "dTMD3": 0.642709252697559, "dTMD4": 0.05819608079219163, "dTMD5": 0.48113734531351116, "dTMD6": 0.725908897242962, "fTMD1": 0.7503251931404662, "fTMD2": 0.8541902867413509, "fTMD3": 0.2735992147747891, "fTMD4": 0.7527825585559741, "fTMD5": 0.8097241052690224, "fTMD6": 0.053669388816734, "mTMD1": 0.3723086872706787, "mTMD2": 0.6596890079982431, "mTMD3": 0.5093744873781753, "mTMD4": 0.6516693810096487, "mTMD5": 0.33181118922077646, "xTMD1": 0.2828007454759288, "xTMD2": 0.48837941952029806, "xTMD3": 0.33003663957929164, "xTMD4": 0.3998156061407716, "xTMD5": 0.6625224492247236, "xTMD6": 0.9001410939167491}, "datetime": {"datetime": "2023-02-03 12:28:44", "elapsed": 8021.261167, "delta": 15.53876}}
{"target": -0.8612444297127017, "params": {"dTMD1": 0.25453572100234645, "dTMD2": 0.1608899448177039, "dTMD3": 0.08066464754030978, "dTMD4": 0.3159687387401032, "dTMD5": 0.8557292929364133, "dTMD6": 0.7776550446586042, "fTMD1": 0.7115214139745938, "fTMD2": 0.23910463666745518, "fTMD3": 0.4690364211579554, "fTMD4": 0.48140617517981354, "fTMD5": 0.6831823939838987, "fTMD6": 0.009639321954285629, "mTMD1": 0.2888665725059125, "mTMD2": 0.5177280234086299, "mTMD3": 0.6490506332037624, "mTMD4": 0.23840493376865957, "mTMD5": 0.10973332337066166, "xTMD1": 0.08747944078856462, "xTMD2": 0.9850051343008136, "xTMD3": 0.03215028290009114, "xTMD4": 0.3821582086319629, "xTMD5": 0.2388093393151286, "xTMD6": 0.972491970930972}, "datetime": {"datetime": "2023-02-03 12:29:00", "elapsed": 8037.047893, "delta": 15.786726}}
{"target": -0.6033516170518123, "params": {"dTMD1": 0.46187809025876325, "dTMD2": 0.8497005809879425, "dTMD3": 0.11245404937118675, "dTMD4": 0.48693792842862305, "dTMD5": 0.6726737490469159, "dTMD6": 0.1603066094400314, "fTMD1": 0.17760193526282608, "fTMD2": 0.16387560821729252, "fTMD3": 0.14382945324347685, "fTMD4": 0.031229445970445968, "fTMD5": 0.9522291228294603, "fTMD6": 0.566679206640106, "mTMD1": 0.28651033075943866, "mTMD2": 0.1015326407038506, "mTMD3": 0.12186519822681707, "mTMD4": 0.6339753023685911, "mTMD5": 0.14761548215421005, "xTMD1": 0.04645941509319185, "xTMD2": 0.6796795654729351, "xTMD3": 0.776181700955081, "xTMD4": 0.7097099927782505, "xTMD5": 0.36469932575657515, "xTMD6": 0.77350459472948}, "datetime": {"datetime": "2023-02-03 12:29:16", "elapsed": 8052.790575, "delta": 15.742682}}
{"target": -0.7430285327313376, "params": {"dTMD1": 0.08351906294085143, "dTMD2": 0.722530365710777, "dTMD3": 0.2546469116805137, "dTMD4": 0.4769632143784487, "dTMD5": 0.8447826367163622, "dTMD6": 0.9227615700199134, "fTMD1": 0.5581566313023245, "fTMD2": 0.17821050201138067, "fTMD3": 0.3160997260882894, "fTMD4": 0.23203266872576545, "fTMD5": 0.688323293089635, "fTMD6": 0.13665087150406252, "mTMD1": 0.061804970573464235, "mTMD2": 0.6554566545080445, "mTMD3": 0.856431399559935, "mTMD4": 0.5000485183341723, "mTMD5": 0.40873892383159527, "xTMD1": 0.2570864275605663, "xTMD2": 0.42809554439748343, "xTMD3": 0.33690414433303173, "xTMD4": 0.0755667612730695, "xTMD5": 0.4809844169362537, "xTMD6": 0.9888432825251016}, "datetime": {"datetime": "2023-02-03 12:29:31", "elapsed": 8068.149848, "delta": 15.359273}}
{"target": -1.0392067031556942, "params": {"dTMD1": 0.4294253034580008, "dTMD2": 0.7405164257096672, "dTMD3": 0.5508225324733722, "dTMD4": 0.23633763398507113, "dTMD5": 0.9252328386077197, "dTMD6": 0.7708963059049366, "fTMD1": 0.42326469778696596, "fTMD2": 0.9326589142530178, "fTMD3": 0.2564988062383904, "fTMD4": 0.5285210461753775, "fTMD5": 0.5140336351844405, "fTMD6": 0.00826724763487885, "mTMD1": 0.08541519169958811, "mTMD2": 0.7862912756320697, "mTMD3": 0.7729099656114797, "mTMD4": 0.3727906057141792, "mTMD5": 0.6581882195112045, "xTMD1": 0.3098160109931005, "xTMD2": 0.17568618772010836, "xTMD3": 0.2739615452299864, "xTMD4": 0.16771924061492216, "xTMD5": 0.0756246981812363, "xTMD6": 0.647212871270645}, "datetime": {"datetime": "2023-02-03 12:29:47", "elapsed": 8084.210175, "delta": 16.060327}}
{"target": -0.9491312833680084, "params": {"dTMD1": 0.7501723294456265, "dTMD2": 0.9222947053900681, "dTMD3": 0.39672314549710397, "dTMD4": 0.4382499961941525, "dTMD5": 0.2265795022690702, "dTMD6": 0.4689693337179536, "fTMD1": 0.23770853458700447, "fTMD2": 0.5742942937613549, "fTMD3": 0.249645558493775, "fTMD4": 0.7686755418187078, "fTMD5": 0.8804453381653321, "fTMD6": 0.8243485074939866, "mTMD1": 0.9053548533855444, "mTMD2": 0.5237263218205339, "mTMD3": 0.26805322280177923, "mTMD4": 0.9070749561600141, "mTMD5": 0.2623906420299831, "xTMD1": 0.5358397559124936, "xTMD2": 0.7096040562894014, "xTMD3": 0.6491031661948872, "xTMD4": 0.9119149495830261, "xTMD5": 0.7817970973159745, "xTMD6": 0.5439010458074545}, "datetime": {"datetime": "2023-02-03 12:30:03", "elapsed": 8099.6676, "delta": 15.457425}}
{"target": -0.749560529873851, "params": {"dTMD1": 0.2091919630468264, "dTMD2": 0.8907446573386614, "dTMD3": 0.06033131525657498, "dTMD4": 0.2430269407950555, "dTMD5": 0.8211846862075041, "dTMD6": 0.7482638672910445, "fTMD1": 0.5679084752248635, "fTMD2": 0.13549014882285948, "fTMD3": 0.3277462220957469, "fTMD4": 0.34847646286194445, "fTMD5": 0.8697618539789213, "fTMD6": 0.4091652434446935, "mTMD1": 0.3965001198135525, "mTMD2": 0.8633291838379455, "mTMD3": 0.6322202608945182, "mTMD4": 0.561759544329187, "mTMD5": 0.41776922573786335, "xTMD1": 0.45619119115945417, "xTMD2": 0.2956077472510794, "xTMD3": 0.283962566559111, "xTMD4": 0.6355633365839877, "xTMD5": 0.4048334526177383, "xTMD6": 0.9619954138921013}, "datetime": {"datetime": "2023-02-03 12:30:19", "elapsed": 8115.64594, "delta": 15.97834}}
{"target": -0.8404486867424475, "params": {"dTMD1": 0.4775014015660345, "dTMD2": 0.6059264507877927, "dTMD3": 0.20103410595658477, "dTMD4": 0.1777684074521303, "dTMD5": 0.6157537685767936, "dTMD6": 0.5281561191353005, "fTMD1": 0.5722501620897645, "fTMD2": 0.269425735756464, "fTMD3": 0.2788747474634419, "fTMD4": 0.2953631422904168, "fTMD5": 0.6062460479844156, "fTMD6": 0.4056798409924057, "mTMD1": 0.22600043096556655, "mTMD2": 0.48079530359789346, "mTMD3": 0.5077090094833788, "mTMD4": 0.3674607628405262, "mTMD5": 0.6080211610117949, "xTMD1": 0.5165759575983623, "xTMD2": 0.8361221570390838, "xTMD3": 0.10514282239329731, "xTMD4": 0.7699564199689748, "xTMD5": 0.20978077378969928, "xTMD6": 0.7988290447787596}, "datetime": {"datetime": "2023-02-03 12:30:34", "elapsed": 8131.262119, "delta": 15.616179}}
{"target": -0.9879162402866126, "params": {"dTMD1": 0.18314567110883406, "dTMD2": 0.6154791386188667, "dTMD3": 0.32666641534944896, "dTMD4": 0.15522926886841326, "dTMD5": 0.9872806265201487, "dTMD6": 0.21252547405290323, "fTMD1": 0.6325280288690658, "fTMD2": 0.2012603942158384, "fTMD3": 0.9028994298830053, "fTMD4": 0.08855242409073882, "fTMD5": 0.5874296338042166, "fTMD6": 0.207596420295023, "mTMD1": 0.3609784143794469, "mTMD2": 0.6409222210603656, "mTMD3": 0.9245479007081218, "mTMD4": 0.503648313833438, "mTMD5": 0.27947054591346854, "xTMD1": 0.6865002825830602, "xTMD2": 0.8944978940278292, "xTMD3": 0.44089744810013765, "xTMD4": 0.48674696339575074, "xTMD5": 0.14729350736209867, "xTMD6": 0.9953576479240379}, "datetime": {"datetime": "2023-02-03 12:30:51", "elapsed": 8147.661843, "delta": 16.399724}}
{"target": -0.7580508625806899, "params": {"dTMD1": 0.7352984636010712, "dTMD2": 0.9270745017593515, "dTMD3": 0.3290965086650658, "dTMD4": 0.04160169791306667, "dTMD5": 0.2858509404501699, "dTMD6": 0.7822138358510301, "fTMD1": 0.6844406333754142, "fTMD2": 0.1520412446212387, "fTMD3": 0.7835009928950523, "fTMD4": 0.1361424640449146, "fTMD5": 0.1599710214059733, "fTMD6": 0.8515495245040288, "mTMD1": 0.8162816020324006, "mTMD2": 0.4359157616194119, "mTMD3": 0.021590389797775278, "mTMD4": 0.9193253916773964, "mTMD5": 0.9894503621979027, "xTMD1": 0.49424700875039274, "xTMD2": 0.7377543686608133, "xTMD3": 0.2873633637250833, "xTMD4": 0.8283414533609037, "xTMD5": 0.052432029268307034, "xTMD6": 0.46020215692230027}, "datetime": {"datetime": "2023-02-03 12:31:10", "elapsed": 8166.922589, "delta": 19.260746}}
{"target": -0.6124897840194204, "params": {"dTMD1": 0.2809561293022017, "dTMD2": 0.5239242835291028, "dTMD3": 0.01964841598521272, "dTMD4": 0.2838305552589371, "dTMD5": 0.6976575835469975, "dTMD6": 0.5664727247824108, "fTMD1": 0.7120492120668055, "fTMD2": 0.7667962105011821, "fTMD3": 0.2466562723324417, "fTMD4": 0.32807273201247467, "fTMD5": 0.560795402444431, "fTMD6": 0.0384062844951617, "mTMD1": 0.13427345395506107, "mTMD2": 0.7906062916897731, "mTMD3": 0.7784950678372721, "mTMD4": 0.29956461780580046, "mTMD5": 0.5430067857370748, "xTMD1": 0.06480040450866575, "xTMD2": 0.7324309891080714, "xTMD3": 0.21966123474317822, "xTMD4": 0.9222830855572519, "xTMD5": 0.32653291235511006, "xTMD6": 0.8897034185164864}, "datetime": {"datetime": "2023-02-03 12:31:29", "elapsed": 8186.080505, "delta": 19.157916}}
{"target": -0.8774300008681788, "params": {"dTMD1": 0.4021970605382229, "dTMD2": 0.8466982541990163, "dTMD3": 0.3264050200512013, "dTMD4": 0.16161325240393087, "dTMD5": 0.5057865969941245, "dTMD6": 0.7647510876056304, "fTMD1": 0.69324774584715, "fTMD2": 0.60246340806539, "fTMD3": 0.23187891070327338, "fTMD4": 0.23989847726127522, "fTMD5": 0.4044899882128199, "fTMD6": 0.09079718178611418, "mTMD1": 0.5519985080255114, "mTMD2": 0.7250685157236371, "mTMD3": 0.611891100605302, "mTMD4": 0.3572556346429643, "mTMD5": 0.4517234378612026, "xTMD1": 0.2530952991463983, "xTMD2": 0.14145119533183836, "xTMD3": 0.2832688029509677, "xTMD4": 0.15320582028196783, "xTMD5": 0.8771029802396244, "xTMD6": 0.8492643229889014}, "datetime": {"datetime": "2023-02-03 12:31:45", "elapsed": 8202.01973, "delta": 15.939225}}
{"target": -1.0315330510935274, "params": {"dTMD1": 0.6504573604114119, "dTMD2": 0.5792340672073106, "dTMD3": 0.25895843601003565, "dTMD4": 0.22409868618864703, "dTMD5": 0.7914812329028815, "dTMD6": 0.9674967902577756, "fTMD1": 0.7565625993633741, "fTMD2": 0.4554315400986335, "fTMD3": 0.05170951867268381, "fTMD4": 0.32093122151159204, "fTMD5": 0.5286059631933266, "fTMD6": 0.3783155440488033, "mTMD1": 0.14974830264830874, "mTMD2": 0.9951707997058168, "mTMD3": 0.9276900271101979, "mTMD4": 0.46524048357852255, "mTMD5": 0.7333462326638198, "xTMD1": 0.6495577269224188, "xTMD2": 0.6421671639128328, "xTMD3": 0.630713889755854, "xTMD4": 0.6823475719118561, "xTMD5": 0.476825320474798, "xTMD6": 0.7004911919817793}, "datetime": {"datetime": "2023-02-03 12:32:03", "elapsed": 8219.390024, "delta": 17.370294}}
{"target": -0.7003590291896096, "params": {"dTMD1": 0.9299513896946272, "dTMD2": 0.7527219807372686, "dTMD3": 0.8608202607167476, "dTMD4": 0.7147834693296775, "dTMD5": 0.7289723665412948, "dTMD6": 0.2635607092588711, "fTMD1": 0.07321020867599015, "fTMD2": 0.8107356086339215, "fTMD3": 0.3338832211625432, "fTMD4": 0.5642002352360013, "fTMD5": 0.14397791809550353, "fTMD6": 0.11364614108343563, "mTMD1": 0.7285818694404617, "mTMD2": 0.5192377544748363, "mTMD3": 0.31051206464032377, "mTMD4": 0.6896916498743746, "mTMD5": 0.28955469353119634, "xTMD1": 0.24418773413612382, "xTMD2": 0.17838871040277549, "xTMD3": 0.1468854518158884, "xTMD4": 0.9451549818511862, "xTMD5": 0.5216708463251541, "xTMD6": 0.5855948975522816}, "datetime": {"datetime": "2023-02-03 12:32:18", "elapsed": 8235.038892, "delta": 15.648868}}
