{"target": -0.2432825494279443, "params": {"dTMD1": 0.2, "dTMD2": 0.2, "dTMD3": 0.2, "dTMD4": 0.2, "dTMD5": 0.2, "dTMD6": 0.2, "fTMD1": 0.1, "fTMD2": 0.153846, "fTMD3": 0.276923, "fTMD4": 0.446153, "fTMD5": 0.623077, "fTMD6": 0.769231, "mTMD1": 1.0, "mTMD2": 1.0, "mTMD3": 1.0, "mTMD4": 1.0, "mTMD5": 1.0, "xTMD1": 0.4181818, "xTMD2": 0.9181818, "xTMD3": 0.9212121, "xTMD4": 0.5969697, "xTMD5": 0.2515152, "xTMD6": 0.5848485}, "datetime": {"datetime": "2023-02-03 10:15:03", "elapsed": 0.0, "delta": 0.0}}
{"target": -1.3017775297246097, "params": {"dTMD1": 1.0, "dTMD2": 1.0, "dTMD3": 1.0, "dTMD4": 1.0, "dTMD5": 1.0, "dTMD6": 1.0, "fTMD1": 1.0, "fTMD2": 1.0, "fTMD3": 1.0, "fTMD4": 0.0, "fTMD5": 0.0, "fTMD6": 0.0, "mTMD1": 0.0, "mTMD2": 0.0, "mTMD3": 0.0, "mTMD4": 0.0, "mTMD5": 5.551115123125783e-17, "xTMD1": 0.0, "xTMD2": 0.0, "xTMD3": 0.0, "xTMD4": 1.0, "xTMD5": 1.0, "xTMD6": 1.0}, "datetime": {"datetime": "2023-02-03 10:15:30", "elapsed": 27.347063, "delta": 27.347063}}
{"target": -1.0473933521677636, "params": {"dTMD1": 0.011237218834765583, "dTMD2": 0.08675674837583014, "dTMD3": 0.05510167080704165, "dTMD4": 0.18734202168822045, "dTMD5": 0.3293408861046172, "dTMD6": 0.5465740383319123, "fTMD1": 0.2932069063912457, "fTMD2": 0.3596829360831785, "fTMD3": 0.8869604995743289, "fTMD4": 0.7144405801740863, "fTMD5": 0.8026709722393026, "fTMD6": 0.6542931510018916, "mTMD1": 0.16182713359283063, "mTMD2": 0.19998147028268343, "mTMD3": 0.7198577298657902, "mTMD4": 0.3014521745921587, "mTMD5": 0.17321503916548142, "xTMD1": 0.22509088896307916, "xTMD2": 0.5795308663176102, "xTMD3": 0.33503860969311994, "xTMD4": 0.8866185916083158, "xTMD5": 0.6384849287735374, "xTMD6": 0.09744230851836677}, "datetime": {"datetime": "2023-02-03 10:15:46", "elapsed": 42.492737, "delta": 15.145674}}
{"target": -0.8403565319300084, "params": {"dTMD1": 0.6830573858977677, "dTMD2": 0.08373470293004559, "dTMD3": 0.17718987063915714, "dTMD4": 0.48346136138302653, "dTMD5": 0.9536961994953198, "dTMD6": 0.9996746877486287, "fTMD1": 0.13974150636517113, "fTMD2": 0.2547730111129647, "fTMD3": 0.17785184487672978, "fTMD4": 0.5856942641841564, "fTMD5": 0.3181044906321341, "fTMD6": 0.5027934658355516, "mTMD1": 0.3287186161016462, "mTMD2": 0.47610172291193165, "mTMD3": 0.8063471044335496, "mTMD4": 0.5701040402125027, "mTMD5": 0.5514407649781569, "xTMD1": 0.2282478329050368, "xTMD2": 0.6966317875834526, "xTMD3": 0.7397156082029035, "xTMD4": 0.5958756826172313, "xTMD5": 0.3361002510518779, "xTMD6": 0.1586720356907233}, "datetime": {"datetime": "2023-02-03 10:16:01", "elapsed": 58.15496, "delta": 15.662223}}
{"target": -0.8023053935436594, "params": {"dTMD1": 0.7323734482448502, "dTMD2": 0.24694877908009094, "dTMD3": 0.9472245927898094, "dTMD4": 0.9544554969455783, "dTMD5": 0.41938272001872523, "dTMD6": 0.2858530529737413, "fTMD1": 0.23390024184286107, "fTMD2": 0.39528840871532944, "fTMD3": 0.36109922195301347, "fTMD4": 0.1502197846787683, "fTMD5": 0.3645697843020891, "fTMD6": 0.8945035520499801, "mTMD1": 0.6399344248285677, "mTMD2": 0.8542179117175889, "mTMD3": 0.2388163262914892, "mTMD4": 0.6987071723711266, "mTMD5": 0.09354771294716879, "xTMD1": 0.9573443605618791, "xTMD2": 0.6250542286204377, "xTMD3": 0.7169656866395784, "xTMD4": 0.4468904612037765, "xTMD5": 0.22222168071242376, "xTMD6": 0.8537675630289541}, "datetime": {"datetime": "2023-02-03 10:16:16", "elapsed": 73.345759, "delta": 15.190799}}
{"target": -1.2118680678731915, "params": {"dTMD1": 0.6178514884557026, "dTMD2": 0.9925429446877359, "dTMD3": 0.6057810959363314, "dTMD4": 0.06800457713633268, "dTMD5": 0.5503742468951713, "dTMD6": 0.3295322067525661, "fTMD1": 0.4973495772692339, "fTMD2": 0.34146034549314697, "fTMD3": 0.08614743086571097, "fTMD4": 0.205473661750594, "fTMD5": 0.3955581154887493, "fTMD6": 0.38545834545189583, "mTMD1": 0.7666035126822295, "mTMD2": 0.8352030615522585, "mTMD3": 0.28554072807879005, "mTMD4": 0.12377546869708944, "mTMD5": 0.5228727550695896, "xTMD1": 0.828066518226898, "xTMD2": 0.8031215241259422, "xTMD3": 0.8473966649896392, "xTMD4": 0.8697084340275054, "xTMD5": 0.6719097896141148, "xTMD6": 0.17186917316935013}, "datetime": {"datetime": "2023-02-03 10:16:32", "elapsed": 88.456306, "delta": 15.110547}}
{"target": -0.8259947052422961, "params": {"dTMD1": 0.793990446875535, "dTMD2": 0.1698169825683592, "dTMD3": 0.8098440042948574, "dTMD4": 0.7426389602506988, "dTMD5": 0.5979884760757687, "dTMD6": 0.9362092931983722, "fTMD1": 0.3902515941882422, "fTMD2": 0.6718445225222885, "fTMD3": 0.08932635325218563, "fTMD4": 0.9578275837468018, "fTMD5": 0.7072199840149677, "fTMD6": 0.31606866513420184, "mTMD1": 0.40790774826166964, "mTMD2": 0.7592232016306842, "mTMD3": 0.21279463130453735, "mTMD4": 0.17505338986150532, "mTMD5": 0.24141568811656244, "xTMD1": 0.6947815497778441, "xTMD2": 0.5172080596375856, "xTMD3": 0.059528535555916084, "xTMD4": 0.5020636415759357, "xTMD5": 0.270626616502303, "xTMD6": 0.981226029822087}, "datetime": {"datetime": "2023-02-03 10:16:54", "elapsed": 110.674427, "delta": 22.218121}}
{"target": -0.5964008793834491, "params": {"dTMD1": 0.17725184307546038, "dTMD2": 0.8023316417414242, "dTMD3": 0.7786569744406121, "dTMD4": 0.3847911324313962, "dTMD5": 0.4627008090790269, "dTMD6": 0.8306346106137683, "fTMD1": 0.2949718338897257, "fTMD2": 0.6669390473471705, "fTMD3": 0.12611263923564553, "fTMD4": 0.3326450616361949, "fTMD5": 0.9821368134356152, "fTMD6": 0.5471985326675464, "mTMD1": 0.6867023136992516, "mTMD2": 0.7303746779603361, "mTMD3": 0.7759066464801487, "mTMD4": 0.8939351606801267, "mTMD5": 0.4846164555341844, "xTMD1": 0.7918972790339989, "xTMD2": 0.09649538276120995, "xTMD3": 0.11758647704744007, "xTMD4": 0.06254424079222254, "xTMD5": 0.5002711600595325, "xTMD6": 0.5578881531702262}, "datetime": {"datetime": "2023-02-03 10:17:09", "elapsed": 126.160628, "delta": 15.486201}}
{"target": -0.6985382411811473, "params": {"dTMD1": 0.28869699474999877, "dTMD2": 0.9130263367921413, "dTMD3": 0.33109437002991626, "dTMD4": 0.5233566022168761, "dTMD5": 0.23489184112067873, "dTMD6": 0.9648182927057626, "fTMD1": 0.2400254961928856, "fTMD2": 0.0955111728885304, "fTMD3": 0.1675879879071337, "fTMD4": 0.07205785205135018, "fTMD5": 0.30327037396459844, "fTMD6": 0.20589867811477747, "mTMD1": 0.9642565979749017, "mTMD2": 0.8065868561769051, "mTMD3": 0.3415332117458121, "mTMD4": 0.16215011404024238, "mTMD5": 0.023982247082276587, "xTMD1": 0.09635021973255598, "xTMD2": 0.4770463981680171, "xTMD3": 0.15249351533248012, "xTMD4": 0.04631126904774174, "xTMD5": 0.483517842902897, "xTMD6": 0.23362193506298135}, "datetime": {"datetime": "2023-02-03 10:17:24", "elapsed": 140.887114, "delta": 14.726486}}
{"target": -0.7168209430467462, "params": {"dTMD1": 0.6710534457513794, "dTMD2": 0.34796887806241716, "dTMD3": 0.7122594962822155, "dTMD4": 0.7823591105951305, "dTMD5": 0.61828501325801, "dTMD6": 0.28109150986570686, "fTMD1": 0.09295450073366007, "fTMD2": 0.7397875140570228, "fTMD3": 0.4876103325700616, "fTMD4": 0.20462993887516967, "fTMD5": 0.4901776339906355, "fTMD6": 0.9595787046375961, "mTMD1": 0.46251474108337864, "mTMD2": 0.5906503812028879, "mTMD3": 0.6488977896041339, "mTMD4": 0.7238563956911527, "mTMD5": 0.047508820277743835, "xTMD1": 0.8912573149683525, "xTMD2": 0.5805203381095718, "xTMD3": 0.6399702909123309, "xTMD4": 0.578297603693124, "xTMD5": 0.6869654302082036, "xTMD6": 0.8897292008862077}, "datetime": {"datetime": "2023-02-03 10:17:38", "elapsed": 154.772234, "delta": 13.88512}}
{"target": -0.600138088387651, "params": {"dTMD1": 0.3298764184458405, "dTMD2": 0.6899563402534954, "dTMD3": 0.7247083083174614, "dTMD4": 0.5620766378931897, "dTMD5": 0.506284240099888, "dTMD6": 0.48443754051056365, "fTMD1": 0.6068814963535211, "fTMD2": 0.47326588864293273, "fTMD3": 0.38371817683284515, "fTMD4": 0.1705757120747302, "fTMD5": 0.4378882606015744, "fTMD6": 0.6540872710146962, "mTMD1": 0.9861865308469318, "mTMD2": 0.8611758791105754, "mTMD3": 0.6318191850825173, "mTMD4": 0.612900367959136, "mTMD5": 0.4279586592430401, "xTMD1": 0.5984109693025456, "xTMD2": 0.16660066281149932, "xTMD3": 0.027054211641914905, "xTMD4": 0.11142099761817359, "xTMD5": 0.47935638929182955, "xTMD6": 0.7290585854314948}, "datetime": {"datetime": "2023-02-03 10:17:52", "elapsed": 168.639416, "delta": 13.867182}}
{"target": -0.3146910024269918, "params": {"dTMD1": 0.18807529795871017, "dTMD2": 0.1960153583537727, "dTMD3": 0.2118600709629924, "dTMD4": 0.22089433085069826, "dTMD5": 0.19291816554448588, "dTMD6": 0.2048341626247392, "fTMD1": 0.09425953514428896, "fTMD2": 0.16251179008885375, "fTMD3": 0.27504476372444836, "fTMD4": 0.43833482491001763, "fTMD5": 0.6319276991678453, "fTMD6": 0.7823010162372837, "mTMD1": 1.0, "mTMD2": 1.0, "mTMD3": 1.0, "mTMD4": 1.0, "mTMD5": 1.0, "xTMD1": 0.41862913685270176, "xTMD2": 0.8936604562183567, "xTMD3": 0.8954380439051356, "xTMD4": 0.5556052194254069, "xTMD5": 0.24062125995245878, "xTMD6": 0.6175006378945699}, "datetime": {"datetime": "2023-02-03 10:18:10", "elapsed": 186.619482, "delta": 17.980066}}
{"target": -0.7693820439596726, "params": {"dTMD1": 0.18421817230171503, "dTMD2": 0.15945407014225216, "dTMD3": 0.1359596172706683, "dTMD4": 0.14766021752686587, "dTMD5": 0.16724638674091238, "dTMD6": 0.15512343290872907, "fTMD1": 0.06428092010894758, "fTMD2": 0.10292158765086146, "fTMD3": 0.26027358783205234, "fTMD4": 0.4704804052506544, "fTMD5": 0.623443387230455, "fTMD6": 0.7789312650598416, "mTMD1": 1.0, "mTMD2": 1.0, "mTMD3": 1.0, "mTMD4": 1.0, "mTMD5": 1.0, "xTMD1": 0.3963135742628652, "xTMD2": 1.0, "xTMD3": 1.0, "xTMD4": 0.6440177151021442, "xTMD5": 0.2276574096684101, "xTMD6": 0.5568284986799297}, "datetime": {"datetime": "2023-02-03 10:18:28", "elapsed": 205.126311, "delta": 18.506829}}
{"target": -0.8959406459303261, "params": {"dTMD1": 0.2815339037662323, "dTMD2": 0.7240816099306605, "dTMD3": 0.7403219312878226, "dTMD4": 0.5075413757370154, "dTMD5": 0.4917226331780961, "dTMD6": 0.5921852566959984, "fTMD1": 0.508688711873399, "fTMD2": 0.532952813240054, "fTMD3": 0.3040376565661918, "fTMD4": 0.22059022827611663, "fTMD5": 0.6070945881993628, "fTMD6": 0.6214022116328526, "mTMD1": 0.893824846990933, "mTMD2": 0.8207294969385889, "mTMD3": 0.6779545117828824, "mTMD4": 0.7016372266040228, "mTMD5": 0.4455798170183749, "xTMD1": 0.6571521473123421, "xTMD2": 0.14497239503958448, "xTMD3": 0.05516925277456922, "xTMD4": 0.09492706926547842, "xTMD5": 0.4855005959283289, "xTMD6": 0.6762427043884381}, "datetime": {"datetime": "2023-02-03 10:18:42", "elapsed": 219.126195, "delta": 13.999884}}
{"target": -0.7348719077015078, "params": {"dTMD1": 0.2727591814542709, "dTMD2": 0.23742298873831214, "dTMD3": 0.06332711590174844, "dTMD4": 0.18697893328594462, "dTMD5": 0.5972226895920186, "dTMD6": 0.16879765272760539, "fTMD1": 0.5734218855167214, "fTMD2": 0.21150054670812468, "fTMD3": 0.5644095422342167, "fTMD4": 0.46117768150249305, "fTMD5": 0.9164272972097048, "fTMD6": 0.7271895133867626, "mTMD1": 0.9812889633048238, "mTMD2": 0.9447419788503362, "mTMD3": 0.8162580667493294, "mTMD4": 0.8268588788456814, "mTMD5": 0.9222605226496541, "xTMD1": 0.15434736428526452, "xTMD2": 0.5626913062378526, "xTMD3": 0.9454076273093133, "xTMD4": 0.7364536664003829, "xTMD5": 0.1303978410733495, "xTMD6": 0.8039327736798486}, "datetime": {"datetime": "2023-02-03 10:18:56", "elapsed": 233.000155, "delta": 13.87396}}
{"target": -0.943917985904713, "params": {"dTMD1": 0.21673185933398864, "dTMD2": 0.49546917478448294, "dTMD3": 0.5802731787459902, "dTMD4": 0.3899838324184327, "dTMD5": 0.1374048274100217, "dTMD6": 0.17088051185985798, "fTMD1": 0.17456350703081114, "fTMD2": 0.6224302250642919, "fTMD3": 0.3900262896642436, "fTMD4": 0.24698586631731412, "fTMD5": 0.6932083334623574, "fTMD6": 0.36000372246237344, "mTMD1": 0.8924590173222144, "mTMD2": 0.9718372044916369, "mTMD3": 0.9703905983502551, "mTMD4": 0.7174043107743258, "mTMD5": 0.6466577066382667, "xTMD1": 0.4222414950749037, "xTMD2": 0.8624407954028249, "xTMD3": 0.38146596216262574, "xTMD4": 0.0213512936680349, "xTMD5": 0.3269098555240939, "xTMD6": 0.8442412701394009}, "datetime": {"datetime": "2023-02-03 10:19:10", "elapsed": 246.925831, "delta": 13.925676}}
{"target": -0.9456820973816198, "params": {"dTMD1": 0.06290690049413683, "dTMD2": 0.5820548488565401, "dTMD3": 0.4461885050010368, "dTMD4": 0.4378844312107014, "dTMD5": 0.7100067972263945, "dTMD6": 0.007910557261306406, "fTMD1": 0.4250962929707759, "fTMD2": 0.02442204200728393, "fTMD3": 0.507762112992036, "fTMD4": 0.30310155840203445, "fTMD5": 0.6837731331126958, "fTMD6": 0.9846093733309601, "mTMD1": 0.8696726228379724, "mTMD2": 0.8384542560704215, "mTMD3": 0.9554727992998509, "mTMD4": 0.7809521996067906, "mTMD5": 0.9862789322031817, "xTMD1": 0.21564638039573336, "xTMD2": 0.9605157205884478, "xTMD3": 0.9591436471259349, "xTMD4": 0.6404762824422148, "xTMD5": 0.11502287674900247, "xTMD6": 0.26951340423388026}, "datetime": {"datetime": "2023-02-03 10:19:24", "elapsed": 260.850901, "delta": 13.92507}}
{"target": -0.8840644589200247, "params": {"dTMD1": 0.1574834632106018, "dTMD2": 0.4686520192959832, "dTMD3": 0.8909083030022553, "dTMD4": 0.828294320152416, "dTMD5": 0.599841881616254, "dTMD6": 0.29429656832520723, "fTMD1": 0.8630869302247627, "fTMD2": 0.7236471506722467, "fTMD3": 0.5971279474607545, "fTMD4": 0.020202872695791574, "fTMD5": 0.3365413394905008, "fTMD6": 0.8659493762552957, "mTMD1": 0.5814022295790434, "mTMD2": 0.19411221666846723, "mTMD3": 0.09542347290527797, "mTMD4": 0.5926279746474747, "mTMD5": 0.2538984660108621, "xTMD1": 0.6176440247962586, "xTMD2": 0.4756270642099879, "xTMD3": 0.14098472377943982, "xTMD4": 0.8812968132535504, "xTMD5": 0.06067452935961681, "xTMD6": 0.721672475552096}, "datetime": {"datetime": "2023-02-03 10:19:38", "elapsed": 275.149528, "delta": 14.298627}}
{"target": -0.8448244829214737, "params": {"dTMD1": 0.4211974487188177, "dTMD2": 0.3541745422568223, "dTMD3": 0.3921160693870256, "dTMD4": 0.11723455363645596, "dTMD5": 0.26747481930799155, "dTMD6": 0.2700437357909662, "fTMD1": 0.4173209944271665, "fTMD2": 0.10317700798782303, "fTMD3": 0.2942439697169196, "fTMD4": 0.22413031660113214, "fTMD5": 0.646694871757313, "fTMD6": 0.3266339156416055, "mTMD1": 0.9284727251040881, "mTMD2": 0.891456648216771, "mTMD3": 0.9108280335908012, "mTMD4": 0.9078311959975502, "mTMD5": 0.9015833469409258, "xTMD1": 0.9490050734651808, "xTMD2": 0.8550197330918299, "xTMD3": 0.6166029726225425, "xTMD4": 0.4854629924414229, "xTMD5": 0.5224002911160485, "xTMD6": 0.7253462251216907}, "datetime": {"datetime": "2023-02-03 10:19:52", "elapsed": 289.005966, "delta": 13.856438}}
{"target": -0.8852769048577221, "params": {"dTMD1": 0.607921748853343, "dTMD2": 0.5175506682310675, "dTMD3": 0.7623723229228291, "dTMD4": 0.0992443499910236, "dTMD5": 0.23164405279621014, "dTMD6": 0.38389848914838387, "fTMD1": 0.4614212340111915, "fTMD2": 0.20708856637036976, "fTMD3": 0.48723655431147084, "fTMD4": 0.6396737647104116, "fTMD5": 0.5985055203314472, "fTMD6": 0.8019408719287558, "mTMD1": 0.9244598668658415, "mTMD2": 0.6803649456962846, "mTMD3": 0.9352488845480861, "mTMD4": 0.7949218801143308, "mTMD5": 0.8325893275866539, "xTMD1": 0.3778859777736093, "xTMD2": 0.8780433399127805, "xTMD3": 0.992121527196034, "xTMD4": 0.9677606881865511, "xTMD5": 0.12032270193010519, "xTMD6": 0.9589103802851051}, "datetime": {"datetime": "2023-02-03 10:20:06", "elapsed": 302.839299, "delta": 13.833333}}
{"target": -0.7980802996147992, "params": {"dTMD1": 0.5132489685212183, "dTMD2": 0.5758438570566004, "dTMD3": 0.03711982750542109, "dTMD4": 0.7139623767045957, "dTMD5": 0.879414983395579, "dTMD6": 0.34498772838903424, "fTMD1": 0.043877333217209324, "fTMD2": 0.7406995371658374, "fTMD3": 0.6554250970320121, "fTMD4": 0.48451179100485564, "fTMD5": 0.914729609328579, "fTMD6": 0.32816713585972934, "mTMD1": 0.774948306169549, "mTMD2": 0.45787937960032254, "mTMD3": 0.7514329151576785, "mTMD4": 0.4477829924811596, "mTMD5": 0.881721914677793, "xTMD1": 0.9153138467332664, "xTMD2": 0.01353434380076346, "xTMD3": 0.060714357926038964, "xTMD4": 0.37371946706121983, "xTMD5": 0.5822446415222321, "xTMD6": 0.5239345032893976}, "datetime": {"datetime": "2023-02-03 10:20:20", "elapsed": 317.060812, "delta": 14.221513}}
{"target": -0.4812354456725339, "params": {"dTMD1": 0.4630233327789398, "dTMD2": 0.8025565355289344, "dTMD3": 0.19250957997958118, "dTMD4": 0.5981065979632019, "dTMD5": 0.418236603942709, "dTMD6": 0.25758015373132914, "fTMD1": 0.5410544209186914, "fTMD2": 0.7416976454017642, "fTMD3": 0.16661708532186448, "fTMD4": 0.18539130422785965, "fTMD5": 0.31055476200854537, "fTMD6": 0.316568108970279, "mTMD1": 0.003013242141477468, "mTMD2": 0.7943082515188764, "mTMD3": 0.9625920128527838, "mTMD4": 0.733757028790361, "mTMD5": 0.7818808509012322, "xTMD1": 0.28699287343477053, "xTMD2": 0.7411999429516963, "xTMD3": 0.09631385915525104, "xTMD4": 0.41683596647273913, "xTMD5": 0.39676206494818456, "xTMD6": 0.2836551097303548}, "datetime": {"datetime": "2023-02-03 10:20:34", "elapsed": 330.618234, "delta": 13.557422}}
{"target": -0.69765505975206, "params": {"dTMD1": 0.4568313307801396, "dTMD2": 0.5492447719533897, "dTMD3": 0.19339348128199074, "dTMD4": 0.5953928835004219, "dTMD5": 0.5177963212240878, "dTMD6": 0.14171738569057235, "fTMD1": 0.8600629481866886, "fTMD2": 0.8488764800412707, "fTMD3": 0.3347649603181434, "fTMD4": 0.3518031564262748, "fTMD5": 0.20870164931367485, "fTMD6": 0.4315698290829799, "mTMD1": 0.050187128506330336, "mTMD2": 0.5062796115764194, "mTMD3": 0.8733818382718644, "mTMD4": 0.9823774044311376, "mTMD5": 0.8683146279390349, "xTMD1": 0.6431147548834716, "xTMD2": 0.707116066307559, "xTMD3": 0.618913809101311, "xTMD4": 0.6157610098440646, "xTMD5": 0.441281007911829, "xTMD6": 0.27410532687543165}, "datetime": {"datetime": "2023-02-03 10:20:47", "elapsed": 344.337173, "delta": 13.718939}}
{"target": -0.8029656488218326, "params": {"dTMD1": 0.41531492327987174, "dTMD2": 0.639131095219133, "dTMD3": 0.1550197256755954, "dTMD4": 0.021198326734615858, "dTMD5": 0.5263661531645198, "dTMD6": 0.1686600293984022, "fTMD1": 0.785360028993633, "fTMD2": 0.6400507740803726, "fTMD3": 0.08528894802644427, "fTMD4": 0.018430910840752213, "fTMD5": 0.36765500649142646, "fTMD6": 0.5023033229707298, "mTMD1": 0.12064830942852689, "mTMD2": 0.6816011588521068, "mTMD3": 0.9688404578319798, "mTMD4": 0.610802714195332, "mTMD5": 0.41535731996911496, "xTMD1": 0.3882389115774466, "xTMD2": 0.9967909770238903, "xTMD3": 0.2644757114262134, "xTMD4": 0.19360206533327862, "xTMD5": 0.3814638188398295, "xTMD6": 0.37455092852497307}, "datetime": {"datetime": "2023-02-03 10:21:01", "elapsed": 358.14596, "delta": 13.808787}}
{"target": -0.7822289191084901, "params": {"dTMD1": 0.3806550067977418, "dTMD2": 0.33207403358465126, "dTMD3": 0.9317873639841979, "dTMD4": 0.18770202442355188, "dTMD5": 0.5255758736828456, "dTMD6": 0.9628195868438979, "fTMD1": 0.2582918357428149, "fTMD2": 0.31183877825986417, "fTMD3": 0.3734092862090339, "fTMD4": 0.4866819604586291, "fTMD5": 0.7459430731472789, "fTMD6": 0.4139391655109793, "mTMD1": 0.8060168918426772, "mTMD2": 0.7583107160557241, "mTMD3": 0.752840212048624, "mTMD4": 0.949515496591755, "mTMD5": 0.7169990096289498, "xTMD1": 0.8412487272845722, "xTMD2": 0.018845616792981135, "xTMD3": 0.10718189316667404, "xTMD4": 0.06908556829376122, "xTMD5": 0.20047838865664414, "xTMD6": 0.605822777305677}, "datetime": {"datetime": "2023-02-03 10:21:15", "elapsed": 372.004636, "delta": 13.858676}}
{"target": -0.8821081346892695, "params": {"dTMD1": 0.7176758043811925, "dTMD2": 0.9553961339360431, "dTMD3": 0.05268766656764523, "dTMD4": 0.9409231146121039, "dTMD5": 0.38229318570867454, "dTMD6": 0.39872822847416445, "fTMD1": 0.5780972958189553, "fTMD2": 0.7011794005491774, "fTMD3": 0.11476842096226025, "fTMD4": 0.1861195929997974, "fTMD5": 0.13313472011505445, "fTMD6": 0.06945451833371341, "mTMD1": 0.13196706816051973, "mTMD2": 0.8333140451001037, "mTMD3": 0.6849860046052373, "mTMD4": 0.5283764304604649, "mTMD5": 0.6599881338658279, "xTMD1": 0.6997769217331029, "xTMD2": 0.7113153716001304, "xTMD3": 0.4273328112736541, "xTMD4": 0.33627309716808707, "xTMD5": 0.6938638227028346, "xTMD6": 0.30204179181486857}, "datetime": {"datetime": "2023-02-03 10:21:29", "elapsed": 385.829436, "delta": 13.8248}}
{"target": -0.6288205902693136, "params": {"dTMD1": 0.5137163239592984, "dTMD2": 0.6586786719459171, "dTMD3": 0.2677117122853854, "dTMD4": 0.4560455735592921, "dTMD5": 0.12577438239774985, "dTMD6": 0.39665816444491264, "fTMD1": 0.7005395792780793, "fTMD2": 0.6544444220653334, "fTMD3": 0.4440348187614209, "fTMD4": 0.6654295756296738, "fTMD5": 0.4945491865322349, "fTMD6": 0.10852239940327413, "mTMD1": 0.013142215083410402, "mTMD2": 0.7937933665503775, "mTMD3": 0.8242519065196983, "mTMD4": 0.8551913347610903, "mTMD5": 0.9714335243754004, "xTMD1": 0.5941870393884314, "xTMD2": 0.791141263946743, "xTMD3": 0.1315337958640188, "xTMD4": 0.4311110068049975, "xTMD5": 0.6831704725187059, "xTMD6": 0.39230409715994996}, "datetime": {"datetime": "2023-02-03 10:21:43", "elapsed": 399.428651, "delta": 13.599215}}
{"target": -0.7975103411805287, "params": {"dTMD1": 0.6487567049818649, "dTMD2": 0.757937908953472, "dTMD3": 0.5485076051028996, "dTMD4": 0.6757358418025552, "dTMD5": 0.15519932708162898, "dTMD6": 0.18317573407034848, "fTMD1": 0.15308402997304893, "fTMD2": 0.3656225979348383, "fTMD3": 0.38813356844454205, "fTMD4": 0.6323745494916949, "fTMD5": 0.5333784050087912, "fTMD6": 0.2466602021443426, "mTMD1": 0.12548914612478257, "mTMD2": 0.9274032406128851, "mTMD3": 0.9051610931384325, "mTMD4": 0.7378311222537685, "mTMD5": 0.6559106876700582, "xTMD1": 0.5230662936411116, "xTMD2": 0.4219509885010114, "xTMD3": 0.12147099070039369, "xTMD4": 0.44659559611258326, "xTMD5": 0.6987214945845731, "xTMD6": 0.16035358664022437}, "datetime": {"datetime": "2023-02-03 10:21:56", "elapsed": 413.015008, "delta": 13.586357}}
