{"target": -0.7973716927577869, "params": {"dTMD1": 0.41520789586922124, "dTMD2": 0.8125404482763131, "dTMD3": 0.34640178524339194, "dTMD4": 0.20787950355956064, "dTMD5": 0.52927228153655, "dTMD6": 0.348464284540114, "fTMD1": 0.7214646681857076, "fTMD2": 0.6188764017298898, "fTMD3": 0.3572270729077889, "fTMD4": 0.004622165356707786, "fTMD5": 0.5733384070649776, "fTMD6": 0.44305275454549986, "mTMD1": 0.056053609940814764, "mTMD2": 0.5654047065773994, "mTMD3": 0.0723123274590507, "mTMD4": 0.3576945309254136, "mTMD5": 0.6410806804459895, "xTMD1": 0.5174644646134516, "xTMD2": 0.44184359102136517, "xTMD3": 0.9745888682116401, "xTMD4": 0.7058790334918671, "xTMD5": 0.8126503233812084, "xTMD6": 0.24819988966294848}, "datetime": {"datetime": "2023-02-03 10:57:14", "elapsed": 2531.097037, "delta": 16.679906}}
{"target": -0.7592273666161734, "params": {"dTMD1": 0.2334634980112662, "dTMD2": 0.26767043150655123, "dTMD3": 0.6274319779296305, "dTMD4": 0.9696658345819111, "dTMD5": 0.6878952525988303, "dTMD6": 0.44642500809356844, "fTMD1": 0.3939422795844243, "fTMD2": 0.1324676251790451, "fTMD3": 0.07839632028159915, "fTMD4": 0.477082192498524, "fTMD5": 0.2686567712986414, "fTMD6": 0.3893505567116802, "mTMD1": 0.5380846303928468, "mTMD2": 0.20982504455007345, "mTMD3": 0.619347420572643, "mTMD4": 0.9636425381896668, "mTMD5": 0.4520886311542963, "xTMD1": 0.1752780585453474, "xTMD2": 0.38744980170823984, "xTMD3": 0.6146749493326896, "xTMD4": 0.9489610968831845, "xTMD5": 0.9178182079888584, "xTMD6": 0.6699551969078218}, "datetime": {"datetime": "2023-02-03 10:57:31", "elapsed": 2548.141615, "delta": 17.044578}}
{"target": -1.065365949295269, "params": {"dTMD1": 0.41719164167292555, "dTMD2": 0.39414160195750425, "dTMD3": 0.12652546793854091, "dTMD4": 0.31626040803316047, "dTMD5": 0.3950550660472546, "dTMD6": 0.8687956613927658, "fTMD1": 0.3179319496135782, "fTMD2": 0.21609849703973816, "fTMD3": 0.8796606351674136, "fTMD4": 0.7121941838866479, "fTMD5": 0.2257340004568985, "fTMD6": 0.8599337655611198, "mTMD1": 0.3337155257738259, "mTMD2": 0.3232402673653537, "mTMD3": 0.7651203629369726, "mTMD4": 0.6141037428758086, "mTMD5": 0.8411039515038871, "xTMD1": 0.5777656257844083, "xTMD2": 0.464894890172879, "xTMD3": 0.9481177667129892, "xTMD4": 0.34620801646640464, "xTMD5": 0.15921241972209021, "xTMD6": 0.6638594188576277}, "datetime": {"datetime": "2023-02-03 10:57:48", "elapsed": 2565.034992, "delta": 16.893377}}
{"target": -0.9176321574543108, "params": {"dTMD1": 0.27536923311693295, "dTMD2": 0.8900367057460759, "dTMD3": 0.01736975579998623, "dTMD4": 0.810284107306664, "dTMD5": 0.448443242067075, "dTMD6": 0.5966181408607278, "fTMD1": 0.8406275987940066, "fTMD2": 0.9064058696786372, "fTMD3": 0.09939248935003153, "fTMD4": 0.5545198758514793, "fTMD5": 0.44220008073355177, "fTMD6": 0.1622049369314622, "mTMD1": 0.3722745070128801, "mTMD2": 0.6288247672557193, "mTMD3": 0.9608728950132868, "mTMD4": 0.7820547793477192, "mTMD5": 0.6943302893129784, "xTMD1": 0.169766183393953, "xTMD2": 0.4155768999266284, "xTMD3": 0.19474580681345044, "xTMD4": 0.43160089600381435, "xTMD5": 0.536126951659542, "xTMD6": 0.3294486497414745}, "datetime": {"datetime": "2023-02-03 10:58:05", "elapsed": 2581.919733, "delta": 16.884741}}
{"target": -0.7263763174053439, "params": {"dTMD1": 0.006144002255448755, "dTMD2": 0.6973238874805284, "dTMD3": 0.14934915853074626, "dTMD4": 0.42565631796075243, "dTMD5": 0.07284161366869879, "dTMD6": 0.7066076350514146, "fTMD1": 0.6216424932480876, "fTMD2": 0.9613954249493368, "fTMD3": 0.09817924820971213, "fTMD4": 0.4150139083957767, "fTMD5": 0.5475280034512254, "fTMD6": 0.5211500131216182, "mTMD1": 0.5947332147027535, "mTMD2": 0.7982471091480333, "mTMD3": 0.9043232400261076, "mTMD4": 0.38241855754063814, "mTMD5": 0.3382358975837282, "xTMD1": 0.5218728207694611, "xTMD2": 0.26865161394635206, "xTMD3": 0.3793554029154851, "xTMD4": 0.5205002994419766, "xTMD5": 0.7268268327269541, "xTMD6": 0.560768956768733}, "datetime": {"datetime": "2023-02-03 10:58:23", "elapsed": 2599.598358, "delta": 17.678625}}
{"target": -0.8661634292355394, "params": {"dTMD1": 0.07430260532655442, "dTMD2": 0.32568517776993755, "dTMD3": 0.18613344819500077, "dTMD4": 0.5599126212099217, "dTMD5": 0.26982246402371945, "dTMD6": 0.11664188964897804, "fTMD1": 0.09439015263774331, "fTMD2": 0.6691380169694575, "fTMD3": 0.9823364792782379, "fTMD4": 0.7725078438186824, "fTMD5": 0.292512187438014, "fTMD6": 0.28246746463261374, "mTMD1": 0.5940191422191281, "mTMD2": 0.5897721532674712, "mTMD3": 0.7389144783363709, "mTMD4": 0.39908042079666883, "mTMD5": 0.2776545133831686, "xTMD1": 0.7119123431519411, "xTMD2": 0.8602784210234388, "xTMD3": 0.2622247779700957, "xTMD4": 0.4804914671054421, "xTMD5": 0.7623604233107447, "xTMD6": 0.2364223035951999}, "datetime": {"datetime": "2023-02-03 10:58:39", "elapsed": 2616.258237, "delta": 16.659879}}
{"target": -0.569680238621207, "params": {"dTMD1": 0.12473720997052762, "dTMD2": 0.3137929794151847, "dTMD3": 0.17105986214034685, "dTMD4": 0.20116984702147167, "dTMD5": 0.3857373227582498, "dTMD6": 0.8769031689744828, "fTMD1": 0.8704498820812941, "fTMD2": 0.8351136565725076, "fTMD3": 0.11257162743852145, "fTMD4": 0.32609279266838187, "fTMD5": 0.15186023054195585, "fTMD6": 0.1971740901127248, "mTMD1": 0.31806427214335353, "mTMD2": 0.49051453775042986, "mTMD3": 0.7118184216240281, "mTMD4": 0.5634238441054465, "mTMD5": 0.7670788099171312, "xTMD1": 0.8384874279577639, "xTMD2": 0.5894822087207559, "xTMD3": 0.20901806215068142, "xTMD4": 0.09707440173904491, "xTMD5": 0.6327064078359322, "xTMD6": 0.743800446281094}, "datetime": {"datetime": "2023-02-03 10:58:58", "elapsed": 2635.27786, "delta": 19.019623}}
{"target": -0.980992670784481, "params": {"dTMD1": 0.40857235326057273, "dTMD2": 0.6993369295929063, "dTMD3": 0.12678292814278846, "dTMD4": 0.5629931465690695, "dTMD5": 0.6543709261558919, "dTMD6": 0.5218385474759641, "fTMD1": 0.6762377839236648, "fTMD2": 0.6305977870161753, "fTMD3": 0.03154889305880071, "fTMD4": 0.04660983602172297, "fTMD5": 0.15625411263467337, "fTMD6": 0.6787398783829729, "mTMD1": 0.17780953590060045, "mTMD2": 0.8555415927862996, "mTMD3": 0.7012596670214702, "mTMD4": 0.18080289314081077, "mTMD5": 0.46311142597124966, "xTMD1": 0.33195196011520056, "xTMD2": 0.3527985109297247, "xTMD3": 0.145799714056015, "xTMD4": 0.5347084580384883, "xTMD5": 0.3641807483418965, "xTMD6": 0.5420520555133864}, "datetime": {"datetime": "2023-02-03 10:59:15", "elapsed": 2651.678167, "delta": 16.400307}}
{"target": -1.0163863089299363, "params": {"dTMD1": 0.7539995817823489, "dTMD2": 0.7817739938170203, "dTMD3": 0.3618329099793044, "dTMD4": 0.535421498035539, "dTMD5": 0.5881377777820868, "dTMD6": 0.7430039135807471, "fTMD1": 0.6679848195326987, "fTMD2": 0.6575719808907821, "fTMD3": 0.19542880284953357, "fTMD4": 0.010104785326354726, "fTMD5": 0.653304895887026, "fTMD6": 0.3175120743801835, "mTMD1": 0.41960600629049816, "mTMD2": 0.5721938582933025, "mTMD3": 0.9519125062269117, "mTMD4": 0.9118277452202572, "mTMD5": 0.945245794173667, "xTMD1": 0.6409984468693939, "xTMD2": 0.4507786661417732, "xTMD3": 0.17311099526392437, "xTMD4": 0.537389544796656, "xTMD5": 0.5472253380993662, "xTMD6": 0.5054606686434182}, "datetime": {"datetime": "2023-02-03 10:59:32", "elapsed": 2668.622153, "delta": 16.943986}}
{"target": -0.8930502365554396, "params": {"dTMD1": 0.49057691125848835, "dTMD2": 0.022861457605506286, "dTMD3": 0.2957414911538382, "dTMD4": 0.6456592881882488, "dTMD5": 0.15674103477577073, "dTMD6": 0.3111220608435239, "fTMD1": 0.6737454551119236, "fTMD2": 0.4042519226349095, "fTMD3": 0.998899820536381, "fTMD4": 0.7234489083954294, "fTMD5": 0.14761490595668114, "fTMD6": 0.3157836963740501, "mTMD1": 0.6633603067034681, "mTMD2": 0.24707085155550634, "mTMD3": 0.7590862461118562, "mTMD4": 0.4367276347605996, "mTMD5": 0.21238893301916018, "xTMD1": 0.036232207990942844, "xTMD2": 0.6749369938105452, "xTMD3": 0.810858147545479, "xTMD4": 0.9955512761825032, "xTMD5": 0.8797865335329302, "xTMD6": 0.7306443192015242}, "datetime": {"datetime": "2023-02-03 10:59:49", "elapsed": 2685.626554, "delta": 17.004401}}
{"target": -0.7321680215068836, "params": {"dTMD1": 0.3498813895579197, "dTMD2": 0.7758994493735302, "dTMD3": 0.6354646158124221, "dTMD4": 0.06481541658768142, "dTMD5": 0.5135440578420108, "dTMD6": 0.5075789430666071, "fTMD1": 0.9634304623374489, "fTMD2": 0.615467764327699, "fTMD3": 0.7057571664602291, "fTMD4": 0.17747388751584026, "fTMD5": 0.5991423501827652, "fTMD6": 0.3138930382109195, "mTMD1": 0.027472505710244288, "mTMD2": 0.7079036999435663, "mTMD3": 0.7158495623669325, "mTMD4": 0.9537053830596726, "mTMD5": 0.8677106932802587, "xTMD1": 0.8060154252258722, "xTMD2": 0.862421585127495, "xTMD3": 0.3461115038282129, "xTMD4": 0.2921929902869542, "xTMD5": 0.744761383077502, "xTMD6": 0.7777166851870149}, "datetime": {"datetime": "2023-02-03 11:00:06", "elapsed": 2703.003029, "delta": 17.376475}}
{"target": -1.0447674640453153, "params": {"dTMD1": 0.37666745876192187, "dTMD2": 0.43601882982318807, "dTMD3": 0.7820881566024603, "dTMD4": 0.8565851147754985, "dTMD5": 0.22718636167988326, "dTMD6": 0.2416669500535894, "fTMD1": 0.9898186966125619, "fTMD2": 0.6108351735913435, "fTMD3": 0.21343794854751408, "fTMD4": 0.942628017366292, "fTMD5": 0.8224156611989775, "fTMD6": 0.5097589248852508, "mTMD1": 0.645410521736599, "mTMD2": 0.5058252396688233, "mTMD3": 0.3362884593216774, "mTMD4": 0.8466602629221985, "mTMD5": 0.6991564090146517, "xTMD1": 0.005000297539208054, "xTMD2": 0.9091073520762559, "xTMD3": 0.6647937388661177, "xTMD4": 0.9518658925106144, "xTMD5": 0.8280805926329058, "xTMD6": 0.4561643982927678}, "datetime": {"datetime": "2023-02-03 11:00:23", "elapsed": 2719.678203, "delta": 16.675174}}
{"target": -0.9162115089367413, "params": {"dTMD1": 0.6838036850206072, "dTMD2": 0.23329581540673983, "dTMD3": 0.26965270892036, "dTMD4": 0.8778234246384549, "dTMD5": 0.2464725161727861, "dTMD6": 0.4995232301121092, "fTMD1": 0.6474420888973486, "fTMD2": 0.9253026468375412, "fTMD3": 0.47250231693342903, "fTMD4": 0.1987338389559924, "fTMD5": 0.6358038799415572, "fTMD6": 0.908088666885897, "mTMD1": 0.9055623928168332, "mTMD2": 0.7944586841140474, "mTMD3": 0.2106006861583587, "mTMD4": 0.8547413187093357, "mTMD5": 0.014642061545957707, "xTMD1": 0.07445635573849052, "xTMD2": 0.4673919301119208, "xTMD3": 0.9200463901634406, "xTMD4": 0.7850889670642398, "xTMD5": 0.9277112444469047, "xTMD6": 0.8584229716706625}, "datetime": {"datetime": "2023-02-03 11:00:40", "elapsed": 2736.837923, "delta": 17.15972}}
{"target": -0.6551436927120325, "params": {"dTMD1": 0.1932116631340529, "dTMD2": 0.7252722339143637, "dTMD3": 0.33665097873767336, "dTMD4": 0.09761698834895594, "dTMD5": 0.39376836517265845, "dTMD6": 0.37151339111126946, "fTMD1": 0.5037355357549008, "fTMD2": 0.944942851821815, "fTMD3": 0.34907759602076205, "fTMD4": 0.5545180402562708, "fTMD5": 0.13696507353216947, "fTMD6": 0.07895943503345482, "mTMD1": 0.49242572650334027, "mTMD2": 0.7222462515547747, "mTMD3": 0.8237409858258486, "mTMD4": 0.8289442972583847, "mTMD5": 0.5338084596578277, "xTMD1": 0.23718629967327243, "xTMD2": 0.5090734542796542, "xTMD3": 0.44616166079196606, "xTMD4": 0.43218687722900817, "xTMD5": 0.20537760252338477, "xTMD6": 0.716822086085579}, "datetime": {"datetime": "2023-02-03 11:00:57", "elapsed": 2754.318111, "delta": 17.480188}}
{"target": -0.8018412467612065, "params": {"dTMD1": 0.18584234391150256, "dTMD2": 0.9700228429117143, "dTMD3": 0.34697237528766256, "dTMD4": 0.3450711816300108, "dTMD5": 0.5070466749482918, "dTMD6": 0.5643237532014733, "fTMD1": 0.3757987316741229, "fTMD2": 0.9882378482043149, "fTMD3": 0.5492183111747995, "fTMD4": 0.5796932006216187, "fTMD5": 0.3102370746641603, "fTMD6": 0.09762568172159314, "mTMD1": 0.21019775494760462, "mTMD2": 0.9944151169029126, "mTMD3": 0.7433595811302408, "mTMD4": 0.5809092221067914, "mTMD5": 0.33663103227250746, "xTMD1": 0.4098106337080615, "xTMD2": 0.4822951710817577, "xTMD3": 0.19660982958477113, "xTMD4": 0.9787280150733387, "xTMD5": 0.6040136909116048, "xTMD6": 0.8632989503660117}, "datetime": {"datetime": "2023-02-03 11:01:15", "elapsed": 2772.093806, "delta": 17.775695}}
{"target": -0.7745876528299505, "params": {"dTMD1": 0.19641857440949329, "dTMD2": 0.30773148568096365, "dTMD3": 0.20446630748181116, "dTMD4": 0.15193004657031373, "dTMD5": 0.5158230500231784, "dTMD6": 0.8407351424529758, "fTMD1": 0.6899160721265815, "fTMD2": 0.8224971576472816, "fTMD3": 0.04361043182494284, "fTMD4": 0.4333882900597018, "fTMD5": 0.39159616541752906, "fTMD6": 0.27618245323962176, "mTMD1": 0.3118842858606251, "mTMD2": 0.739902295943629, "mTMD3": 0.9001718217095851, "mTMD4": 0.8984903342998387, "mTMD5": 0.8729480158763007, "xTMD1": 0.46434174451318444, "xTMD2": 0.9549314342294046, "xTMD3": 0.1661813870344604, "xTMD4": 0.5984575676155082, "xTMD5": 0.7680344134032837, "xTMD6": 0.738197989180119}, "datetime": {"datetime": "2023-02-03 11:01:32", "elapsed": 2788.717357, "delta": 16.623551}}
{"target": -0.6537681591323592, "params": {"dTMD1": 0.1776437981814203, "dTMD2": 0.5053514036181708, "dTMD3": 0.3104103821871649, "dTMD4": 0.21769351103855683, "dTMD5": 0.7249640009913917, "dTMD6": 0.6396376875478179, "fTMD1": 0.37678426267360654, "fTMD2": 0.7909659681881839, "fTMD3": 0.6403683391043445, "fTMD4": 0.27972010925118684, "fTMD5": 0.4966689286687941, "fTMD6": 0.32157339595389756, "mTMD1": 0.3080370125902008, "mTMD2": 0.7132788109245796, "mTMD3": 0.9322106115042161, "mTMD4": 0.8107781158201898, "mTMD5": 0.43674410153453413, "xTMD1": 0.07337412477258676, "xTMD2": 0.3637728171701303, "xTMD3": 0.24759221690414313, "xTMD4": 0.3422204403400674, "xTMD5": 0.3546295303647644, "xTMD6": 0.5536739839763739}, "datetime": {"datetime": "2023-02-03 11:01:49", "elapsed": 2805.798296, "delta": 17.080939}}
{"target": -1.1680850558445328, "params": {"dTMD1": 0.5305510602689651, "dTMD2": 0.9045357609331579, "dTMD3": 0.2146305439865145, "dTMD4": 0.5772448530884556, "dTMD5": 0.514295400932522, "dTMD6": 0.4499721026979343, "fTMD1": 0.7103255524427948, "fTMD2": 0.9060920356060466, "fTMD3": 0.5560289949332247, "fTMD4": 0.6538198367390905, "fTMD5": 0.06873890548584627, "fTMD6": 0.1754106375923925, "mTMD1": 0.09741583901795159, "mTMD2": 0.9377469807864807, "mTMD3": 0.7833824712773017, "mTMD4": 0.7565206230094031, "mTMD5": 0.9892810778669332, "xTMD1": 0.8776784173781976, "xTMD2": 0.9675274964912792, "xTMD3": 0.4450929418631737, "xTMD4": 0.1631309891996009, "xTMD5": 0.8318228303215743, "xTMD6": 0.6680342642041395}, "datetime": {"datetime": "2023-02-03 11:02:08", "elapsed": 2824.630613, "delta": 18.832317}}
{"target": -0.9309715661328812, "params": {"dTMD1": 0.5682848753969242, "dTMD2": 0.805743347886524, "dTMD3": 0.6408827411139302, "dTMD4": 0.5529230498738962, "dTMD5": 0.855057682496208, "dTMD6": 0.29939657336365577, "fTMD1": 0.9454753256598946, "fTMD2": 0.823919341507951, "fTMD3": 0.35932482217260886, "fTMD4": 0.008091944861456923, "fTMD5": 0.02419485471872007, "fTMD6": 0.33442588252272754, "mTMD1": 0.4690952350631502, "mTMD2": 0.6179514097684077, "mTMD3": 0.1913065951816295, "mTMD4": 0.5513413008901679, "mTMD5": 0.2244809429110708, "xTMD1": 0.22351664254237724, "xTMD2": 0.838032213256242, "xTMD3": 0.5163748910871679, "xTMD4": 0.6467806022918531, "xTMD5": 0.7364265774718722, "xTMD6": 0.37457797131479953}, "datetime": {"datetime": "2023-02-03 11:02:25", "elapsed": 2841.396615, "delta": 16.766002}}
{"target": -1.1335108763616346, "params": {"dTMD1": 0.30472167529207084, "dTMD2": 0.6270923190876347, "dTMD3": 0.5214255681593013, "dTMD4": 0.38097694526574555, "dTMD5": 0.36048870375475495, "dTMD6": 0.3872310536803454, "fTMD1": 0.5736768921205564, "fTMD2": 0.22755844652244483, "fTMD3": 0.769751826481597, "fTMD4": 0.8594356212505772, "fTMD5": 0.6208988635205525, "fTMD6": 0.9672304116713004, "mTMD1": 0.38214519954113957, "mTMD2": 0.3876365838569312, "mTMD3": 0.7122024705094427, "mTMD4": 0.33618978416295253, "mTMD5": 0.7196124646074192, "xTMD1": 0.3634198721496693, "xTMD2": 0.5210653032640786, "xTMD3": 0.9955121006784827, "xTMD4": 0.9188375795165605, "xTMD5": 0.038657790416158244, "xTMD6": 0.5768674286026624}, "datetime": {"datetime": "2023-02-03 11:02:42", "elapsed": 2858.910859, "delta": 17.514244}}
{"target": -0.8266105275810044, "params": {"dTMD1": 0.2981285566771096, "dTMD2": 0.8760331101297443, "dTMD3": 0.9768736572679603, "dTMD4": 0.5051852140288573, "dTMD5": 0.5519681062656383, "dTMD6": 0.0718260784589898, "fTMD1": 0.2851543533900258, "fTMD2": 0.32276152190746155, "fTMD3": 0.43415071597241195, "fTMD4": 0.4332473648620806, "fTMD5": 0.6382891925151329, "fTMD6": 0.6235185842662612, "mTMD1": 0.1606103346714658, "mTMD2": 0.26976504316609795, "mTMD3": 0.7787400223595896, "mTMD4": 0.13610062172120285, "mTMD5": 0.20876255478299988, "xTMD1": 0.41399784006945506, "xTMD2": 0.389524366699736, "xTMD3": 0.8874741713525333, "xTMD4": 0.8397089121196653, "xTMD5": 0.1481928347042516, "xTMD6": 0.04268644400361743}, "datetime": {"datetime": "2023-02-03 11:03:00", "elapsed": 2877.172357, "delta": 18.261498}}
{"target": -1.0501712978219464, "params": {"dTMD1": 0.8326109290348157, "dTMD2": 0.5900627177602324, "dTMD3": 0.3584527150461527, "dTMD4": 0.8328198847490542, "dTMD5": 0.8055412085379092, "dTMD6": 0.9632703018940338, "fTMD1": 0.4834321495861309, "fTMD2": 0.12367422775236847, "fTMD3": 0.6605945572278382, "fTMD4": 0.46512050959540363, "fTMD5": 0.5723719708519166, "fTMD6": 0.7069149213191414, "mTMD1": 0.20709422207827988, "mTMD2": 0.6189547851055912, "mTMD3": 0.14653497912564006, "mTMD4": 0.5324056127207986, "mTMD5": 0.9752763128977856, "xTMD1": 0.13146139831298986, "xTMD2": 0.5506558220890957, "xTMD3": 0.5355514325031464, "xTMD4": 0.1771600534527933, "xTMD5": 0.3710830034927126, "xTMD6": 0.8291188673359926}, "datetime": {"datetime": "2023-02-03 11:03:17", "elapsed": 2894.16657, "delta": 16.994213}}
{"target": -0.8455798529402847, "params": {"dTMD1": 0.5192670581047324, "dTMD2": 0.8255657983297048, "dTMD3": 0.5744283329624988, "dTMD4": 0.10711109328601343, "dTMD5": 0.24244956766001746, "dTMD6": 0.8353248239473723, "fTMD1": 0.544127356744361, "fTMD2": 0.7274851504382772, "fTMD3": 0.5723583381533786, "fTMD4": 0.5265236573905857, "fTMD5": 0.025976034510124868, "fTMD6": 0.19835465769011984, "mTMD1": 0.5452955526232771, "mTMD2": 0.516020588570791, "mTMD3": 0.940686940888965, "mTMD4": 0.8376128662287804, "mTMD5": 0.5150878475040166, "xTMD1": 0.245255102735762, "xTMD2": 0.3483087832431566, "xTMD3": 0.575740451653695, "xTMD4": 0.6380406510199609, "xTMD5": 0.04544785517100314, "xTMD6": 0.8310074830814461}, "datetime": {"datetime": "2023-02-03 11:03:33", "elapsed": 2909.756052, "delta": 15.589482}}
{"target": -0.6269593896205274, "params": {"dTMD1": 0.0011135943362809986, "dTMD2": 0.8161760771120471, "dTMD3": 0.3066256858200074, "dTMD4": 0.15431731014271788, "dTMD5": 0.25581117962771693, "dTMD6": 0.9010538737608529, "fTMD1": 0.6609625361369493, "fTMD2": 0.8532870419319004, "fTMD3": 0.223301723735705, "fTMD4": 0.43609354797664956, "fTMD5": 0.505280916064771, "fTMD6": 0.08435690644615734, "mTMD1": 0.2684669862988298, "mTMD2": 0.35761331801935226, "mTMD3": 0.6938855379426155, "mTMD4": 0.0784531134104518, "mTMD5": 0.2549771505723558, "xTMD1": 0.7940448827986538, "xTMD2": 0.5934223604006976, "xTMD3": 0.0628078117225942, "xTMD4": 0.4194327921552381, "xTMD5": 0.5242420376272394, "xTMD6": 0.6510079485820491}, "datetime": {"datetime": "2023-02-03 11:03:49", "elapsed": 2925.778069, "delta": 16.022017}}
{"target": -0.7219362871609831, "params": {"dTMD1": 0.8375705730482026, "dTMD2": 0.6641029362455019, "dTMD3": 0.7917360403166634, "dTMD4": 0.8145873684847676, "dTMD5": 0.29319635112315057, "dTMD6": 0.7328699939865623, "fTMD1": 0.0326431747844278, "fTMD2": 0.6347876593600756, "fTMD3": 0.2820200902814417, "fTMD4": 0.2992394837909017, "fTMD5": 0.9888608121392921, "fTMD6": 0.5567365947089024, "mTMD1": 0.6960121172617507, "mTMD2": 0.627793710416294, "mTMD3": 0.78880137283072, "mTMD4": 0.6898946443499759, "mTMD5": 0.05839915453804301, "xTMD1": 0.22756687434919098, "xTMD2": 0.230530677828798, "xTMD3": 0.6254900692475452, "xTMD4": 0.6639821125658645, "xTMD5": 0.3536942681921863, "xTMD6": 0.0920633651018623}, "datetime": {"datetime": "2023-02-03 11:04:08", "elapsed": 2944.93737, "delta": 19.159301}}
{"target": -0.7378872746779541, "params": {"dTMD1": 0.2732444224450802, "dTMD2": 0.8283651511425377, "dTMD3": 0.31766172611021326, "dTMD4": 0.2558529981939044, "dTMD5": 0.4825625914959579, "dTMD6": 0.8450823748620758, "fTMD1": 0.8352174871011127, "fTMD2": 0.9425371199571518, "fTMD3": 0.4098570514623009, "fTMD4": 0.7135186708627981, "fTMD5": 0.5516451236261001, "fTMD6": 0.4455094270313099, "mTMD1": 0.5916966626281622, "mTMD2": 0.3866616385864792, "mTMD3": 0.7450353888543737, "mTMD4": 0.649993227112825, "mTMD5": 0.34840481838109605, "xTMD1": 0.28376093918685563, "xTMD2": 0.5231609066407433, "xTMD3": 0.43305374910526695, "xTMD4": 0.44276525307519965, "xTMD5": 0.39912048621918594, "xTMD6": 0.7123558988275718}, "datetime": {"datetime": "2023-02-03 11:04:26", "elapsed": 2963.246228, "delta": 18.308858}}
{"target": -0.7200410388760683, "params": {"dTMD1": 0.4886432170830637, "dTMD2": 0.13534959112297318, "dTMD3": 0.6221403192451593, "dTMD4": 0.3271562946554828, "dTMD5": 0.8327865263519785, "dTMD6": 0.5037236220809428, "fTMD1": 0.3875932193785504, "fTMD2": 0.8065552148226409, "fTMD3": 0.34069868751718446, "fTMD4": 0.026312490822776313, "fTMD5": 0.6767791549378085, "fTMD6": 0.17849019132518973, "mTMD1": 0.8515334833521155, "mTMD2": 0.1389807749612756, "mTMD3": 0.7811187020503163, "mTMD4": 0.7203414833817228, "mTMD5": 0.04607389475031354, "xTMD1": 0.8403973662668008, "xTMD2": 0.22912875015475176, "xTMD3": 0.2853747040323461, "xTMD4": 0.5291164151708806, "xTMD5": 0.6843780576787688, "xTMD6": 0.40679231956615525}, "datetime": {"datetime": "2023-02-03 11:04:45", "elapsed": 2982.303857, "delta": 19.057629}}
