{"target": -0.7071059964951405, "params": {"dTMD1": 0.8948205965114588, "dTMD2": 0.11871900917188638, "dTMD3": 0.15834244275943032, "dTMD4": 0.8208669340137432, "dTMD5": 0.3175499007860635, "dTMD6": 0.9066556352112737, "fTMD1": 0.5120345393133883, "fTMD2": 0.29849956202323025, "fTMD3": 0.2854961369127761, "fTMD4": 0.6187939951244461, "fTMD5": 0.787417387887744, "fTMD6": 0.6698069714831234, "mTMD1": 0.8077745636916822, "mTMD2": 0.7976864144569706, "mTMD3": 0.3360400413640401, "mTMD4": 0.5419536737326193, "mTMD5": 0.46292263833264713, "xTMD1": 0.4131589638811549, "xTMD2": 0.8180198608714289, "xTMD3": 0.06684144712031292, "xTMD4": 0.7992766906544005, "xTMD5": 0.4447976972473775, "xTMD6": 0.9358649824804248}, "datetime": {"datetime": "2023-02-03 11:35:11", "elapsed": 4807.768108, "delta": 16.104005}}
{"target": -1.1024640983657537, "params": {"dTMD1": 0.6915365929878908, "dTMD2": 0.778152731900343, "dTMD3": 0.34431062806583856, "dTMD4": 0.3612472284053927, "dTMD5": 0.9683945728974178, "dTMD6": 0.2008589853826902, "fTMD1": 0.8100259141448285, "fTMD2": 0.23780900017981654, "fTMD3": 0.0913724301504506, "fTMD4": 0.6640018794199953, "fTMD5": 0.32995689783652327, "fTMD6": 0.9769144097072069, "mTMD1": 0.7710901177312737, "mTMD2": 0.6396304521684875, "mTMD3": 0.4885338027460764, "mTMD4": 0.0889899193623317, "mTMD5": 0.5933115996060958, "xTMD1": 0.0818134638709821, "xTMD2": 0.5357843416964819, "xTMD3": 0.4631487696150477, "xTMD4": 0.1851351744381775, "xTMD5": 0.002010545135464503, "xTMD6": 0.177394046932273}, "datetime": {"datetime": "2023-02-03 11:35:28", "elapsed": 4824.497855, "delta": 16.729747}}
{"target": -0.7305674984952222, "params": {"dTMD1": 0.31175038063003857, "dTMD2": 0.976515733099953, "dTMD3": 0.22002471255488876, "dTMD4": 0.6443934892202229, "dTMD5": 0.6590973051408433, "dTMD6": 0.7323669305254825, "fTMD1": 0.2616654756922948, "fTMD2": 0.7738523696410414, "fTMD3": 0.43284213159984253, "fTMD4": 0.5646263985590274, "fTMD5": 0.17366901222976805, "fTMD6": 0.5979878611265451, "mTMD1": 0.34765583081295925, "mTMD2": 0.868904591901904, "mTMD3": 0.8422576675853393, "mTMD4": 0.5981799380633087, "mTMD5": 0.38033791095891734, "xTMD1": 0.5693436952494436, "xTMD2": 0.4041025984239003, "xTMD3": 0.013302793134752022, "xTMD4": 0.4125734789308261, "xTMD5": 0.5558688652139896, "xTMD6": 0.9765839381211883}, "datetime": {"datetime": "2023-02-03 11:35:44", "elapsed": 4840.558495, "delta": 16.06064}}
{"target": -0.538353900885856, "params": {"dTMD1": 0.20804343347147902, "dTMD2": 0.43850428675101794, "dTMD3": 0.288848311971448, "dTMD4": 0.6353132827800092, "dTMD5": 0.2895002116936226, "dTMD6": 0.18532708154541777, "fTMD1": 0.43365885423951833, "fTMD2": 0.5877624714881404, "fTMD3": 0.12997176843138725, "fTMD4": 0.6243087431620733, "fTMD5": 0.25610091111711486, "fTMD6": 0.07174127479983483, "mTMD1": 0.7389952002170422, "mTMD2": 0.016092131507752017, "mTMD3": 0.05560119380159079, "mTMD4": 0.6006007976293395, "mTMD5": 0.49879501192880604, "xTMD1": 0.37615372100110034, "xTMD2": 0.5919131566414504, "xTMD3": 0.08428177382891233, "xTMD4": 0.6043772799040893, "xTMD5": 0.014623600002617643, "xTMD6": 0.9176030965823702}, "datetime": {"datetime": "2023-02-03 11:36:00", "elapsed": 4857.236606, "delta": 16.678111}}
{"target": -0.9824648508365315, "params": {"dTMD1": 0.034967119892213794, "dTMD2": 0.8124241403347648, "dTMD3": 0.299045956208284, "dTMD4": 0.22654999486609795, "dTMD5": 0.8690962515344832, "dTMD6": 0.008689166900985756, "fTMD1": 0.116256793296039, "fTMD2": 0.5260539635154658, "fTMD3": 0.817874185225848, "fTMD4": 0.00769969195722886, "fTMD5": 0.8972059319558694, "fTMD6": 0.9510418460550543, "mTMD1": 0.9955732520745093, "mTMD2": 0.029430581138390477, "mTMD3": 0.846370907387511, "mTMD4": 0.8349171660532225, "mTMD5": 0.03762005646990507, "xTMD1": 0.7301033024535224, "xTMD2": 0.9811028102527383, "xTMD3": 0.7144121376958137, "xTMD4": 0.1289086101404885, "xTMD5": 0.9669906660996989, "xTMD6": 0.7525589132600663}, "datetime": {"datetime": "2023-02-03 11:36:17", "elapsed": 4874.281497, "delta": 17.044891}}
{"target": -0.7450373046221065, "params": {"dTMD1": 0.2584364344608663, "dTMD2": 0.6186874796376463, "dTMD3": 0.7345791863601334, "dTMD4": 0.9260173481843416, "dTMD5": 0.6501060336625206, "dTMD6": 0.4913143507581742, "fTMD1": 0.10853057886368, "fTMD2": 0.06860413087645056, "fTMD3": 0.1922103877061191, "fTMD4": 0.258624508217453, "fTMD5": 0.14745926171339707, "fTMD6": 0.6450543889842169, "mTMD1": 0.00819238457308169, "mTMD2": 0.43550871036973393, "mTMD3": 0.4545428389578132, "mTMD4": 0.48789081959793557, "mTMD5": 0.17667775617255177, "xTMD1": 0.32883065180647075, "xTMD2": 0.6166391163377507, "xTMD3": 0.844661642126848, "xTMD4": 0.1261636631520484, "xTMD5": 0.48174364820647775, "xTMD6": 0.722892260264475}, "datetime": {"datetime": "2023-02-03 11:36:33", "elapsed": 4889.491558, "delta": 15.210061}}
{"target": -0.6919829232015361, "params": {"dTMD1": 0.3165357899790714, "dTMD2": 0.722675325406146, "dTMD3": 0.5369645159104356, "dTMD4": 0.12069463803721847, "dTMD5": 0.23143222712814238, "dTMD6": 0.7367356466184757, "fTMD1": 0.2503707145360965, "fTMD2": 0.7983168101544402, "fTMD3": 0.06625941759802778, "fTMD4": 0.3515194241461055, "fTMD5": 0.4912622730259243, "fTMD6": 0.1901245159259326, "mTMD1": 0.3610499796138321, "mTMD2": 0.6839185917958653, "mTMD3": 0.9180329663232727, "mTMD4": 0.5505994452468828, "mTMD5": 0.3668689291058139, "xTMD1": 0.5081629047343378, "xTMD2": 0.3583407803642975, "xTMD3": 0.09341357914861015, "xTMD4": 0.611228418900384, "xTMD5": 0.7198463255751738, "xTMD6": 0.7962841669523217}, "datetime": {"datetime": "2023-02-03 11:36:48", "elapsed": 4904.910688, "delta": 15.41913}}
{"target": -0.7893238503621491, "params": {"dTMD1": 0.39115737957951224, "dTMD2": 0.9554219193120438, "dTMD3": 0.11190945597496238, "dTMD4": 0.05994440539627455, "dTMD5": 0.6208007731768429, "dTMD6": 0.04064588595038354, "fTMD1": 0.11456122027298665, "fTMD2": 0.02530846431911493, "fTMD3": 0.8146660553369871, "fTMD4": 0.08481631227678577, "fTMD5": 0.6521458608255825, "fTMD6": 0.12247965604501099, "mTMD1": 0.47348704423792465, "mTMD2": 0.5416577619300718, "mTMD3": 0.9771371088973972, "mTMD4": 0.266863116987038, "mTMD5": 0.2678735556649211, "xTMD1": 0.8382400062975589, "xTMD2": 0.264772883902185, "xTMD3": 0.9895190762837894, "xTMD4": 0.3431339477800699, "xTMD5": 0.563955360761496, "xTMD6": 0.7427057657930716}, "datetime": {"datetime": "2023-02-03 11:37:04", "elapsed": 4920.865606, "delta": 15.954918}}
{"target": -0.9666583072372605, "params": {"dTMD1": 0.1746236284844317, "dTMD2": 0.5962688398589214, "dTMD3": 0.037143344084057284, "dTMD4": 0.5862910254234889, "dTMD5": 0.544746618761513, "dTMD6": 0.5542058209461017, "fTMD1": 0.9177371637321144, "fTMD2": 0.8556193565795548, "fTMD3": 0.21415078539162535, "fTMD4": 0.7192044733506977, "fTMD5": 0.3275794140006264, "fTMD6": 0.22739128437380784, "mTMD1": 0.20088841353658982, "mTMD2": 0.49075067875480916, "mTMD3": 0.9472676707193434, "mTMD4": 0.4473418082428511, "mTMD5": 0.621267392466665, "xTMD1": 0.18925973610756053, "xTMD2": 0.2765819304286601, "xTMD3": 0.10147065459498572, "xTMD4": 0.028976375663959608, "xTMD5": 0.6542665284119478, "xTMD6": 0.6886811903882528}, "datetime": {"datetime": "2023-02-03 11:37:19", "elapsed": 4935.86632, "delta": 15.000714}}
{"target": -0.865035766850849, "params": {"dTMD1": 0.023133604683448605, "dTMD2": 0.647263572023858, "dTMD3": 0.047283874932848136, "dTMD4": 0.4334248978390314, "dTMD5": 0.8048266809938591, "dTMD6": 0.5827868636148704, "fTMD1": 0.6939657210553088, "fTMD2": 0.2797443339425695, "fTMD3": 0.20962240645194197, "fTMD4": 0.227435100696609, "fTMD5": 0.5729318645188182, "fTMD6": 0.42638774118580103, "mTMD1": 0.27115971039283593, "mTMD2": 0.7295252265808313, "mTMD3": 0.914966952063431, "mTMD4": 0.8172439116022525, "mTMD5": 0.895333390631258, "xTMD1": 0.46740915720507425, "xTMD2": 0.8307069819511302, "xTMD3": 0.5228055968452194, "xTMD4": 0.3571864003800468, "xTMD5": 0.7130769473609019, "xTMD6": 0.554202927279328}, "datetime": {"datetime": "2023-02-03 11:37:34", "elapsed": 4950.986337, "delta": 15.120017}}
{"target": -0.7507598186517075, "params": {"dTMD1": 0.3153494041830982, "dTMD2": 0.10120675758002573, "dTMD3": 0.22802078467199904, "dTMD4": 0.664710549361659, "dTMD5": 0.5274280269539294, "dTMD6": 0.09877940943867825, "fTMD1": 0.3673976380972075, "fTMD2": 0.16614901444363095, "fTMD3": 0.18761057397752212, "fTMD4": 0.2586549327324351, "fTMD5": 0.5907140756091034, "fTMD6": 0.6088171549768847, "mTMD1": 0.2798519530272372, "mTMD2": 0.26315936433822007, "mTMD3": 0.8581927867159498, "mTMD4": 0.3591868674452081, "mTMD5": 0.5279902915838013, "xTMD1": 0.29905335898033614, "xTMD2": 0.9895549092714937, "xTMD3": 0.39672660823243966, "xTMD4": 0.539123656067523, "xTMD5": 0.6082705469224562, "xTMD6": 0.8999656867686096}, "datetime": {"datetime": "2023-02-03 11:37:50", "elapsed": 4966.453554, "delta": 15.467217}}
{"target": -0.8572886145892447, "params": {"dTMD1": 0.4016222839693805, "dTMD2": 0.6055138330798191, "dTMD3": 0.35560023404186836, "dTMD4": 0.33656196330780797, "dTMD5": 0.46971497498553605, "dTMD6": 0.8181619729187107, "fTMD1": 0.41947857759303786, "fTMD2": 0.7632475935946028, "fTMD3": 0.5243058377241864, "fTMD4": 0.2199192135172814, "fTMD5": 0.030856339636282537, "fTMD6": 0.3053262983501511, "mTMD1": 0.1875522198090649, "mTMD2": 0.3483391433093286, "mTMD3": 0.9212404518766513, "mTMD4": 0.4908886958608971, "mTMD5": 0.634685772765431, "xTMD1": 0.23316488782899003, "xTMD2": 0.2933136345621088, "xTMD3": 0.15418146435102686, "xTMD4": 0.8343658452305438, "xTMD5": 0.5994035227598631, "xTMD6": 0.7070067018640503}, "datetime": {"datetime": "2023-02-03 11:38:06", "elapsed": 4982.782959, "delta": 16.329405}}
{"target": -0.5920896692608926, "params": {"dTMD1": 0.1506285847514337, "dTMD2": 0.4403700566763289, "dTMD3": 0.23643572190676765, "dTMD4": 0.6516667975942348, "dTMD5": 0.6678187753720032, "dTMD6": 0.7555477238879496, "fTMD1": 0.9085810592566447, "fTMD2": 0.24476901790131156, "fTMD3": 0.3009052987142483, "fTMD4": 0.7844292299050953, "fTMD5": 0.6252369848233945, "fTMD6": 0.09633028016068013, "mTMD1": 0.14674352210434993, "mTMD2": 0.5028174323667653, "mTMD3": 0.635364588594711, "mTMD4": 0.4511560069885059, "mTMD5": 0.4110689462951037, "xTMD1": 0.6086298851337555, "xTMD2": 0.5884312750664894, "xTMD3": 0.12956695975500754, "xTMD4": 0.620840375216281, "xTMD5": 0.29168041163668323, "xTMD6": 0.7878212455257674}, "datetime": {"datetime": "2023-02-03 11:38:22", "elapsed": 4998.688264, "delta": 15.905305}}
{"target": -0.5978763469313513, "params": {"dTMD1": 0.17918524716396667, "dTMD2": 0.957976010175283, "dTMD3": 0.8180099284683942, "dTMD4": 0.1342406915224349, "dTMD5": 0.9595496970293614, "dTMD6": 0.23094178238962682, "fTMD1": 0.912863219765985, "fTMD2": 0.5998479649469998, "fTMD3": 0.4869828669517008, "fTMD4": 0.35339982121656444, "fTMD5": 0.451595446170191, "fTMD6": 0.11039221548495493, "mTMD1": 0.8859656623693587, "mTMD2": 0.6332704622907657, "mTMD3": 0.8004313344071806, "mTMD4": 0.05328240591715683, "mTMD5": 0.975919357265199, "xTMD1": 0.6473052895489202, "xTMD2": 0.5450392308155417, "xTMD3": 0.5252919963303464, "xTMD4": 0.5912828050452656, "xTMD5": 0.06239308370426222, "xTMD6": 0.22753369243731636}, "datetime": {"datetime": "2023-02-03 11:38:41", "elapsed": 5018.152173, "delta": 19.463909}}
{"target": -0.8176335325430175, "params": {"dTMD1": 0.08428455215608455, "dTMD2": 0.6893015039371673, "dTMD3": 0.19212353415987604, "dTMD4": 0.06009160509423117, "dTMD5": 0.6162059860411876, "dTMD6": 0.6995438702259252, "fTMD1": 0.6790599726822456, "fTMD2": 0.9600858627599237, "fTMD3": 0.4786375754827481, "fTMD4": 0.1382342095762752, "fTMD5": 0.7438122037194446, "fTMD6": 0.4379715948099012, "mTMD1": 0.2235456995071271, "mTMD2": 0.6241901564952058, "mTMD3": 0.6197788038560895, "mTMD4": 0.9464177935412039, "mTMD5": 0.4581369214511283, "xTMD1": 0.28574651946331775, "xTMD2": 0.4722896774808436, "xTMD3": 0.039836370664710574, "xTMD4": 0.5037992253567769, "xTMD5": 0.49130868834920516, "xTMD6": 0.9341943755453936}, "datetime": {"datetime": "2023-02-03 11:39:01", "elapsed": 5038.238486, "delta": 20.086313}}
{"target": -0.6356208947130014, "params": {"dTMD1": 0.3167166015822128, "dTMD2": 0.7828107309707275, "dTMD3": 0.36022593887136434, "dTMD4": 0.3792062110048291, "dTMD5": 0.5856907283333752, "dTMD6": 0.9467966583998224, "fTMD1": 0.4407464149852355, "fTMD2": 0.29783269087854625, "fTMD3": 0.3228994461085176, "fTMD4": 0.704993212386537, "fTMD5": 0.5637107886925492, "fTMD6": 0.011814791110457579, "mTMD1": 0.2736482891525588, "mTMD2": 0.9460101125359932, "mTMD3": 0.8948865795260292, "mTMD4": 0.6923918869625878, "mTMD5": 0.4992801533040775, "xTMD1": 0.23979315930143819, "xTMD2": 0.7854594653234276, "xTMD3": 0.5393299801403072, "xTMD4": 0.7734604298288357, "xTMD5": 0.33781589963586545, "xTMD6": 0.7969357042812814}, "datetime": {"datetime": "2023-02-03 11:39:19", "elapsed": 5056.100394, "delta": 17.861908}}
{"target": -0.9164601210773086, "params": {"dTMD1": 0.5531321809459264, "dTMD2": 0.11675730528165973, "dTMD3": 0.6838473090714459, "dTMD4": 0.4325014058165948, "dTMD5": 0.477621322597108, "dTMD6": 0.2904579224870484, "fTMD1": 0.1240991182964003, "fTMD2": 0.9528061399081069, "fTMD3": 0.5527965208192506, "fTMD4": 0.25518512919532355, "fTMD5": 0.13801010196614694, "fTMD6": 0.598690457642592, "mTMD1": 0.10855771827144722, "mTMD2": 0.7430918301494335, "mTMD3": 0.248293210468438, "mTMD4": 0.9434891584959819, "mTMD5": 0.022534930542118747, "xTMD1": 0.3337370418436115, "xTMD2": 0.5240379289615247, "xTMD3": 0.36511611547340006, "xTMD4": 0.9642636334392296, "xTMD5": 0.20442084954664352, "xTMD6": 0.08763661589519856}, "datetime": {"datetime": "2023-02-03 11:39:38", "elapsed": 5074.589682, "delta": 18.489288}}
{"target": -0.8730426041741723, "params": {"dTMD1": 0.15218983911334671, "dTMD2": 0.7281625499280383, "dTMD3": 0.4631338867050905, "dTMD4": 0.39565056557192346, "dTMD5": 0.25299341844858025, "dTMD6": 0.8876619410603946, "fTMD1": 0.3586801815098871, "fTMD2": 0.7506116245643735, "fTMD3": 0.4538529793241999, "fTMD4": 0.8569712808435834, "fTMD5": 0.1352656268957697, "fTMD6": 0.1997892806417394, "mTMD1": 0.28144157048437146, "mTMD2": 0.9781317094506957, "mTMD3": 0.9440356663582639, "mTMD4": 0.8391088363794257, "mTMD5": 0.5873365213662594, "xTMD1": 0.2840155193486532, "xTMD2": 0.181014940374575, "xTMD3": 0.19338280477594016, "xTMD4": 0.12884159926610617, "xTMD5": 0.7171269878267349, "xTMD6": 0.8693859365872688}, "datetime": {"datetime": "2023-02-03 11:39:58", "elapsed": 5094.921915, "delta": 20.332233}}
{"target": -0.6401186808563576, "params": {"dTMD1": 0.20218988191148302, "dTMD2": 0.4628586974818819, "dTMD3": 0.5112670574777206, "dTMD4": 0.8793732113804503, "dTMD5": 0.5673257125936687, "dTMD6": 0.8276695737124576, "fTMD1": 0.1985265229406915, "fTMD2": 0.7218562394901749, "fTMD3": 0.4795318099287016, "fTMD4": 0.2835673025103497, "fTMD5": 0.2238254442304003, "fTMD6": 0.43774898595142564, "mTMD1": 0.8818397018672758, "mTMD2": 0.4010980854295133, "mTMD3": 0.6700193569718221, "mTMD4": 0.6641526005179508, "mTMD5": 0.9398754673727083, "xTMD1": 0.2754929296991755, "xTMD2": 0.4054899800103554, "xTMD3": 0.12309149361796479, "xTMD4": 0.3377916813803048, "xTMD5": 0.23051248988993944, "xTMD6": 0.7468151579224583}, "datetime": {"datetime": "2023-02-03 11:40:15", "elapsed": 5112.34374, "delta": 17.421825}}
{"target": -0.6488584508622934, "params": {"dTMD1": 0.4490793810692636, "dTMD2": 0.8302692828846172, "dTMD3": 0.04470416118185905, "dTMD4": 0.11906910044787611, "dTMD5": 0.6381700952950118, "dTMD6": 0.8036408988222737, "fTMD1": 0.6423595962883935, "fTMD2": 0.5618594043965931, "fTMD3": 0.12519580490717264, "fTMD4": 0.2674089071536666, "fTMD5": 0.26548157272707174, "fTMD6": 0.5326428263151611, "mTMD1": 0.13631384855158857, "mTMD2": 0.6137926260790063, "mTMD3": 0.5384759101152968, "mTMD4": 0.5241322906156546, "mTMD5": 0.9979548001935015, "xTMD1": 0.26385949153545896, "xTMD2": 0.7800447218900367, "xTMD3": 0.3630101138478731, "xTMD4": 0.6019935949338885, "xTMD5": 0.5765956816544001, "xTMD6": 0.8520979850627625}, "datetime": {"datetime": "2023-02-03 11:40:32", "elapsed": 5129.202183, "delta": 16.858443}}
{"target": -0.5655495970756416, "params": {"dTMD1": 0.24033395974703575, "dTMD2": 0.7499489908778255, "dTMD3": 0.4193762802636196, "dTMD4": 0.12070090093652164, "dTMD5": 0.9528460926570899, "dTMD6": 0.2920576837108817, "fTMD1": 0.44620295988369807, "fTMD2": 0.6310385899484101, "fTMD3": 0.14338032789993715, "fTMD4": 0.6664881476860464, "fTMD5": 0.5132906336540594, "fTMD6": 0.05277179599659487, "mTMD1": 0.65817375727332, "mTMD2": 0.8331760736102998, "mTMD3": 0.840579933194639, "mTMD4": 0.4301957455196037, "mTMD5": 0.6071440100432509, "xTMD1": 0.4020178189774628, "xTMD2": 0.7352011727276583, "xTMD3": 0.15654931227445734, "xTMD4": 0.48621530340691255, "xTMD5": 0.6141618226910073, "xTMD6": 0.9101221222619714}, "datetime": {"datetime": "2023-02-03 11:40:49", "elapsed": 5146.051719, "delta": 16.849536}}
{"target": -0.8852643830850488, "params": {"dTMD1": 0.32676812284354273, "dTMD2": 0.9529624290116843, "dTMD3": 0.48655049619587587, "dTMD4": 0.18604331540743313, "dTMD5": 0.32405299594022663, "dTMD6": 0.979378775226144, "fTMD1": 0.7841213735690608, "fTMD2": 0.7619984985183931, "fTMD3": 0.1931333194459498, "fTMD4": 0.7936769522713478, "fTMD5": 0.6301173312102528, "fTMD6": 0.02232927381154559, "mTMD1": 0.63921367138123, "mTMD2": 0.7994625601974693, "mTMD3": 0.5108900622913539, "mTMD4": 0.5330116019728538, "mTMD5": 0.27225256320475777, "xTMD1": 0.4995408386805267, "xTMD2": 0.9436818271289688, "xTMD3": 0.1850326267168414, "xTMD4": 0.754832284947192, "xTMD5": 0.6055542940851201, "xTMD6": 0.6987981459566328}, "datetime": {"datetime": "2023-02-03 11:41:07", "elapsed": 5164.05466, "delta": 18.002941}}
{"target": -1.081569905621246, "params": {"dTMD1": 0.06526293701680608, "dTMD2": 0.9739841498536949, "dTMD3": 0.1445722010164443, "dTMD4": 0.2756500939539601, "dTMD5": 0.6685759770350668, "dTMD6": 0.449330999599441, "fTMD1": 0.9923295630892629, "fTMD2": 0.17299129523528878, "fTMD3": 0.37686547766805734, "fTMD4": 0.3784632350277547, "fTMD5": 0.5990584799096192, "fTMD6": 0.36116227568208903, "mTMD1": 0.2816047939404064, "mTMD2": 0.7770237827268455, "mTMD3": 0.7027011663499007, "mTMD4": 0.7094208191338991, "mTMD5": 0.9644842101700825, "xTMD1": 0.42984313761412796, "xTMD2": 0.5019025686551225, "xTMD3": 0.12285943294482393, "xTMD4": 0.33157602372080675, "xTMD5": 0.3594728900610695, "xTMD6": 0.6298194914795384}, "datetime": {"datetime": "2023-02-03 11:41:25", "elapsed": 5181.662579, "delta": 17.607919}}
{"target": -0.7218458405115538, "params": {"dTMD1": 0.7579811180979512, "dTMD2": 0.39240452954790883, "dTMD3": 0.11626770500280792, "dTMD4": 0.3954300224701115, "dTMD5": 0.20735483247818343, "dTMD6": 0.29983513995945943, "fTMD1": 0.23887381716049028, "fTMD2": 0.8488137952115197, "fTMD3": 0.6437448819474071, "fTMD4": 0.8822284355925625, "fTMD5": 0.03179796138116764, "fTMD6": 0.14657939016495225, "mTMD1": 0.23217963496036387, "mTMD2": 0.45508163998435625, "mTMD3": 0.8208257116926396, "mTMD4": 0.24015355575326214, "mTMD5": 0.3857931739100753, "xTMD1": 0.29322317935438946, "xTMD2": 0.4958685501836292, "xTMD3": 0.12203470325096955, "xTMD4": 0.5192900343548347, "xTMD5": 0.8495845203770148, "xTMD6": 0.9364369714230139}, "datetime": {"datetime": "2023-02-03 11:41:44", "elapsed": 5201.046578, "delta": 19.383999}}
{"target": -1.0161524127758526, "params": {"dTMD1": 0.20304308609639632, "dTMD2": 0.7081881676965872, "dTMD3": 0.053056954166397885, "dTMD4": 0.1488902286863687, "dTMD5": 0.8350035103579103, "dTMD6": 0.9314677646435425, "fTMD1": 0.5005026836722989, "fTMD2": 0.7188327801323307, "fTMD3": 0.3521638568160407, "fTMD4": 0.29725237246291425, "fTMD5": 0.5018936968398381, "fTMD6": 0.00038454796210163344, "mTMD1": 0.5767605475170415, "mTMD2": 0.9771812347259932, "mTMD3": 0.5430426020194818, "mTMD4": 0.2465044383517213, "mTMD5": 0.23527386744625634, "xTMD1": 0.6381731626909161, "xTMD2": 0.6593434542167542, "xTMD3": 0.13110659682178227, "xTMD4": 0.43087260602168975, "xTMD5": 0.6279118736911079, "xTMD6": 0.6809420465773376}, "datetime": {"datetime": "2023-02-03 11:42:02", "elapsed": 5218.805756, "delta": 17.759178}}
{"target": -0.5600432906641902, "params": {"dTMD1": 0.08027370527644939, "dTMD2": 0.12213889482231166, "dTMD3": 0.3665733362539758, "dTMD4": 0.31394170982397895, "dTMD5": 0.5509919623780528, "dTMD6": 0.9508381446608979, "fTMD1": 0.7001981838734337, "fTMD2": 0.31327079502226696, "fTMD3": 0.517451304303344, "fTMD4": 0.568481404536621, "fTMD5": 0.6136955907424483, "fTMD6": 0.12997100105674486, "mTMD1": 0.1817537814029122, "mTMD2": 0.45343908823776546, "mTMD3": 0.7907920106638506, "mTMD4": 0.4713555629781434, "mTMD5": 0.34556760230004213, "xTMD1": 0.380114576279455, "xTMD2": 0.4561952639528055, "xTMD3": 0.1523232983918712, "xTMD4": 0.5374241029097998, "xTMD5": 0.42919768469106523, "xTMD6": 0.7304542331254786}, "datetime": {"datetime": "2023-02-03 11:42:20", "elapsed": 5236.402478, "delta": 17.596722}}
{"target": -0.7347842800649295, "params": {"dTMD1": 0.20372224300082264, "dTMD2": 0.688591196153776, "dTMD3": 0.07146094043093887, "dTMD4": 0.4500757126393601, "dTMD5": 0.25812587189559244, "dTMD6": 0.8358754992708604, "fTMD1": 0.8849461248786025, "fTMD2": 0.8243928426556238, "fTMD3": 0.004468696805216443, "fTMD4": 0.6686238455374961, "fTMD5": 0.35790374287388893, "fTMD6": 0.5069360452904221, "mTMD1": 0.30074937618337005, "mTMD2": 0.5347962777508906, "mTMD3": 0.6024719280554479, "mTMD4": 0.5581589567481501, "mTMD5": 0.5398926458718066, "xTMD1": 0.6173510744246811, "xTMD2": 0.16397225075098742, "xTMD3": 0.1973195926093021, "xTMD4": 0.23562271944174717, "xTMD5": 0.2712333127725449, "xTMD6": 0.5804273292746943}, "datetime": {"datetime": "2023-02-03 11:42:38", "elapsed": 5255.284564, "delta": 18.882086}}
