{"target": -0.7039597277523484, "params": {"dTMD1": 0.4715176129649927, "dTMD2": 0.9491333042938775, "dTMD3": 0.320058301495482, "dTMD4": 0.5075283085125978, "dTMD5": 0.8902273130057102, "dTMD6": 0.5465602496334678, "fTMD1": 0.5061673303997362, "fTMD2": 0.3675034911916141, "fTMD3": 0.43292061206412435, "fTMD4": 0.36508533839188895, "fTMD5": 0.7222332937951375, "fTMD6": 0.12526820327384547, "mTMD1": 0.43537884790404724, "mTMD2": 0.982598702021919, "mTMD3": 0.8804609304324916, "mTMD4": 0.4969848802588378, "mTMD5": 0.6278740418587473, "xTMD1": 0.7476379458883159, "xTMD2": 0.27203822818046763, "xTMD3": 0.13945191416002178, "xTMD4": 0.20380047845344873, "xTMD5": 0.4640023097072845, "xTMD6": 0.8017045997940391}, "datetime": {"datetime": "2023-02-03 11:58:40", "elapsed": 6217.274467, "delta": 16.267481}}
{"target": -0.5994516971778221, "params": {"dTMD1": 0.060602751787984466, "dTMD2": 0.6312798668871374, "dTMD3": 0.388718903265762, "dTMD4": 0.20238234473369532, "dTMD5": 0.3745854399317492, "dTMD6": 0.9490467685675409, "fTMD1": 0.8355283462982593, "fTMD2": 0.6561671207455326, "fTMD3": 0.5314243974850185, "fTMD4": 0.45460289002968723, "fTMD5": 0.3465007341239633, "fTMD6": 0.23076910316086652, "mTMD1": 0.18014264728192164, "mTMD2": 0.469359641597358, "mTMD3": 0.40765347261596063, "mTMD4": 0.33501859401503586, "mTMD5": 0.6618721683012855, "xTMD1": 0.9097298918529627, "xTMD2": 0.9974910649239827, "xTMD3": 0.19910958823784664, "xTMD4": 0.25634772856237276, "xTMD5": 0.5596836410718422, "xTMD6": 0.7652222635413392}, "datetime": {"datetime": "2023-02-03 11:58:57", "elapsed": 6233.407888, "delta": 16.133421}}
{"target": -0.7788474501772362, "params": {"dTMD1": 0.1041127528692154, "dTMD2": 0.6321518455453824, "dTMD3": 0.6733059519843068, "dTMD4": 0.28065117157748487, "dTMD5": 0.4311314819567845, "dTMD6": 0.6912778764267716, "fTMD1": 0.5489825569277093, "fTMD2": 0.7848684476257373, "fTMD3": 0.1432005175632094, "fTMD4": 0.4746193442801029, "fTMD5": 0.8571370075264876, "fTMD6": 0.23038001130668995, "mTMD1": 0.2564573739222237, "mTMD2": 0.48383253510600577, "mTMD3": 0.7720474731313395, "mTMD4": 0.5826431190528936, "mTMD5": 0.35098990492019266, "xTMD1": 0.68372544753572, "xTMD2": 0.28007509231106587, "xTMD3": 0.13449358004092693, "xTMD4": 0.48788782919230655, "xTMD5": 0.7122081888152149, "xTMD6": 0.5477906782275255}, "datetime": {"datetime": "2023-02-03 11:59:12", "elapsed": 6249.326003, "delta": 15.918115}}
{"target": -0.6606284390375111, "params": {"dTMD1": 0.2598680544627303, "dTMD2": 0.3836681605904234, "dTMD3": 0.6293625819949454, "dTMD4": 0.2469021089384793, "dTMD5": 0.6891601048672253, "dTMD6": 0.705651113475684, "fTMD1": 0.7722148963089323, "fTMD2": 0.9963336916769133, "fTMD3": 0.2271329838422601, "fTMD4": 0.4393541917706326, "fTMD5": 0.1633176484781904, "fTMD6": 0.4013033851412461, "mTMD1": 0.32519755981708587, "mTMD2": 0.4828299940715701, "mTMD3": 0.8910500775193156, "mTMD4": 0.6246358743958419, "mTMD5": 0.9131376606066293, "xTMD1": 0.7512997584780459, "xTMD2": 0.6122593013419736, "xTMD3": 0.3894731989385066, "xTMD4": 0.0936574649503652, "xTMD5": 0.54739991085208, "xTMD6": 0.6972059231544586}, "datetime": {"datetime": "2023-02-03 11:59:29", "elapsed": 6265.710636, "delta": 16.384633}}
{"target": -0.9000686439729373, "params": {"dTMD1": 0.09390361040734152, "dTMD2": 0.7971948427869587, "dTMD3": 0.30152126742471974, "dTMD4": 0.05984846079721928, "dTMD5": 0.6739300916265277, "dTMD6": 0.7888377079991541, "fTMD1": 0.4114255804866658, "fTMD2": 0.5533218534774482, "fTMD3": 0.1640262533294814, "fTMD4": 0.18162597310830608, "fTMD5": 0.3505007026217444, "fTMD6": 0.3674873755937985, "mTMD1": 0.3274244963051084, "mTMD2": 0.133854259812071, "mTMD3": 0.7356901510233637, "mTMD4": 0.3706995573549269, "mTMD5": 0.30114561180500077, "xTMD1": 0.6482357052783396, "xTMD2": 0.6323442836832075, "xTMD3": 0.01226196477326591, "xTMD4": 0.47856530874448167, "xTMD5": 0.8160049094726128, "xTMD6": 0.9591666386194884}, "datetime": {"datetime": "2023-02-03 11:59:45", "elapsed": 6281.70657, "delta": 15.995934}}
{"target": -0.344596249893879, "params": {"dTMD1": 0.23816114385719733, "dTMD2": 0.5558671889166239, "dTMD3": 0.018755764283394316, "dTMD4": 0.18827538847139258, "dTMD5": 0.5061952089014589, "dTMD6": 0.5362864419671025, "fTMD1": 0.5446449423029401, "fTMD2": 0.3223136652827019, "fTMD3": 0.36412571415600103, "fTMD4": 0.7717126083438596, "fTMD5": 0.4281920683418783, "fTMD6": 0.13560710365784268, "mTMD1": 0.11759642998863995, "mTMD2": 0.6482642571366934, "mTMD3": 0.6780231297810949, "mTMD4": 0.4988978097627689, "mTMD5": 0.24006586481119807, "xTMD1": 0.2527158401083024, "xTMD2": 0.8936786391349886, "xTMD3": 0.20743294403218182, "xTMD4": 0.4245766901109119, "xTMD5": 0.22788635134584434, "xTMD6": 0.9101150542937467}, "datetime": {"datetime": "2023-02-03 12:00:02", "elapsed": 6298.412855, "delta": 16.706285}}
{"target": -0.7872607391761065, "params": {"dTMD1": 0.4197704190173992, "dTMD2": 0.5494944700213091, "dTMD3": 0.26116953862059455, "dTMD4": 0.19577609905840876, "dTMD5": 0.6420122310484413, "dTMD6": 0.4563709723107552, "fTMD1": 0.49549154316106103, "fTMD2": 0.10717524504368492, "fTMD3": 0.24322037526704854, "fTMD4": 0.7483167111985314, "fTMD5": 0.7868921068806588, "fTMD6": 0.33910814802286904, "mTMD1": 0.20705316156899867, "mTMD2": 0.8840834732614788, "mTMD3": 0.8129892491904286, "mTMD4": 0.7905256292929359, "mTMD5": 0.5378061230612623, "xTMD1": 0.634789461516626, "xTMD2": 0.8219552233551679, "xTMD3": 0.08953579038325887, "xTMD4": 0.8387304315106577, "xTMD5": 0.21805708121518064, "xTMD6": 0.7008506225595181}, "datetime": {"datetime": "2023-02-03 12:00:18", "elapsed": 6315.137818, "delta": 16.724963}}
{"target": -0.7046754795017511, "params": {"dTMD1": 0.21175113254160027, "dTMD2": 0.5564938155091463, "dTMD3": 0.07148869740421626, "dTMD4": 0.1324535779339544, "dTMD5": 0.7729290705764202, "dTMD6": 0.49468104738950613, "fTMD1": 0.5741318125173424, "fTMD2": 0.03218807257778089, "fTMD3": 0.22926521243360098, "fTMD4": 0.5678390097546047, "fTMD5": 0.3596432850608091, "fTMD6": 0.09744361222084585, "mTMD1": 0.43800024432447027, "mTMD2": 0.37815743358858733, "mTMD3": 0.46548376949915893, "mTMD4": 0.42255029781185827, "mTMD5": 0.1806690881444225, "xTMD1": 0.705481199066973, "xTMD2": 0.4274504761871807, "xTMD3": 0.0720805317466634, "xTMD4": 0.28107074274591515, "xTMD5": 0.25286535690381917, "xTMD6": 0.8448411255535913}, "datetime": {"datetime": "2023-02-03 12:00:37", "elapsed": 6334.342795, "delta": 19.204977}}
{"target": -0.9290700305425605, "params": {"dTMD1": 0.6064843222037962, "dTMD2": 0.7027852960267704, "dTMD3": 0.3179931608941605, "dTMD4": 0.08687252592819672, "dTMD5": 0.4135667340353093, "dTMD6": 0.9685179056201836, "fTMD1": 0.9536483472621697, "fTMD2": 0.13199222291950097, "fTMD3": 0.20458527213607347, "fTMD4": 0.31528141132068965, "fTMD5": 0.20066271098623867, "fTMD6": 0.20097975870620954, "mTMD1": 0.24569583416112095, "mTMD2": 0.6074561471618007, "mTMD3": 0.5810176709134712, "mTMD4": 0.0438097451313707, "mTMD5": 0.5324689280647238, "xTMD1": 0.6209213189451581, "xTMD2": 0.7908307109419749, "xTMD3": 0.021718894249972864, "xTMD4": 0.4182147514622371, "xTMD5": 0.4881965510132501, "xTMD6": 0.8160130602090618}, "datetime": {"datetime": "2023-02-03 12:00:54", "elapsed": 6350.568253, "delta": 16.225458}}
{"target": -0.7807878902239235, "params": {"dTMD1": 0.1502237747394074, "dTMD2": 0.5251170042610006, "dTMD3": 0.5481565828799937, "dTMD4": 0.9480753307651487, "dTMD5": 0.37584574197242404, "dTMD6": 0.4180458802138668, "fTMD1": 0.15675878578340463, "fTMD2": 0.6465437413017361, "fTMD3": 0.007768567185430619, "fTMD4": 0.42161924450504207, "fTMD5": 0.039842981021847135, "fTMD6": 0.6818207117448095, "mTMD1": 0.12248981922781188, "mTMD2": 0.8914768796047456, "mTMD3": 0.9181101957458639, "mTMD4": 0.1280521222949984, "mTMD5": 0.9616807634664036, "xTMD1": 0.7809331900975106, "xTMD2": 0.2786529455368898, "xTMD3": 0.5475663558340095, "xTMD4": 0.8452282029076355, "xTMD5": 0.4881439805136044, "xTMD6": 0.8035552257883223}, "datetime": {"datetime": "2023-02-03 12:01:10", "elapsed": 6367.016433, "delta": 16.44818}}
{"target": -0.8217949329698366, "params": {"dTMD1": 0.35499786352044405, "dTMD2": 0.5564825254363439, "dTMD3": 0.24986093893303607, "dTMD4": 0.1668526772333252, "dTMD5": 0.535711470690977, "dTMD6": 0.7612464412566942, "fTMD1": 0.21799828228278717, "fTMD2": 0.5323939900324522, "fTMD3": 0.3854063031849937, "fTMD4": 0.6955342029260342, "fTMD5": 0.5280693937735972, "fTMD6": 0.1227115294570954, "mTMD1": 0.6201283270443617, "mTMD2": 0.8274270789965013, "mTMD3": 0.6467638309151834, "mTMD4": 0.4568751163600302, "mTMD5": 0.28930062906928966, "xTMD1": 0.4367971205643263, "xTMD2": 0.5437579683501167, "xTMD3": 0.349628904480106, "xTMD4": 0.9425894957794458, "xTMD5": 0.6705040441066514, "xTMD6": 0.8090220183778816}, "datetime": {"datetime": "2023-02-03 12:01:26", "elapsed": 6383.079178, "delta": 16.062745}}
{"target": -0.7270412539539328, "params": {"dTMD1": 0.05538774905330168, "dTMD2": 0.21091000887128186, "dTMD3": 0.40171225975098845, "dTMD4": 0.7465895705923592, "dTMD5": 0.6714770286996715, "dTMD6": 0.3381054097108368, "fTMD1": 0.2270089860511969, "fTMD2": 0.12226247533428103, "fTMD3": 0.7047080782686871, "fTMD4": 0.8493036512705998, "fTMD5": 0.6761834458875715, "fTMD6": 0.048060614995046436, "mTMD1": 0.6812147289295234, "mTMD2": 0.841754332786754, "mTMD3": 0.7127800583533892, "mTMD4": 0.8165240207749459, "mTMD5": 0.5220332570027623, "xTMD1": 0.7495875514971795, "xTMD2": 0.028249980175707345, "xTMD3": 0.25619260151339396, "xTMD4": 0.1819307275240869, "xTMD5": 0.8680249805262292, "xTMD6": 0.7848809961713138}, "datetime": {"datetime": "2023-02-03 12:01:42", "elapsed": 6398.802638, "delta": 15.72346}}
{"target": -1.0310015821332144, "params": {"dTMD1": 0.6189217929974083, "dTMD2": 0.5747878491740295, "dTMD3": 0.2729285250028006, "dTMD4": 0.40674746855711985, "dTMD5": 0.39541692454130106, "dTMD6": 0.08057253529391484, "fTMD1": 0.5865781271604013, "fTMD2": 0.5369979671937705, "fTMD3": 0.62332920859966, "fTMD4": 0.5686360439026438, "fTMD5": 0.39455067663396637, "fTMD6": 0.35541773821228295, "mTMD1": 0.5689649531062178, "mTMD2": 0.10501609777833898, "mTMD3": 0.5264095990398077, "mTMD4": 0.1792553527132147, "mTMD5": 0.48852081856170326, "xTMD1": 0.15743220224124443, "xTMD2": 0.10236085530971772, "xTMD3": 0.12054343013752078, "xTMD4": 0.36760199975276886, "xTMD5": 0.1741249137591575, "xTMD6": 0.0725104695062625}, "datetime": {"datetime": "2023-02-03 12:01:58", "elapsed": 6414.634044, "delta": 15.831406}}
{"target": -0.9682626802127656, "params": {"dTMD1": 0.8812377608809514, "dTMD2": 0.035474279853366375, "dTMD3": 0.0913274558457815, "dTMD4": 0.7229765233112054, "dTMD5": 0.5737292610058904, "dTMD6": 0.7070307929876323, "fTMD1": 0.5271433730808591, "fTMD2": 0.37797708846120126, "fTMD3": 0.7408026799604901, "fTMD4": 0.10603589545449754, "fTMD5": 0.4620674338738655, "fTMD6": 0.6071205292309716, "mTMD1": 0.03004434454814464, "mTMD2": 0.16334502609412416, "mTMD3": 0.5678126270281945, "mTMD4": 0.000501021280537528, "mTMD5": 0.15242441216482538, "xTMD1": 0.08762631298565637, "xTMD2": 0.12554964949820513, "xTMD3": 0.06310868815435966, "xTMD4": 0.18841901561560137, "xTMD5": 0.2289762330673062, "xTMD6": 0.36541537025139026}, "datetime": {"datetime": "2023-02-03 12:02:14", "elapsed": 6430.823177, "delta": 16.189133}}
{"target": -1.0700349776893647, "params": {"dTMD1": 0.8196794405963407, "dTMD2": 0.7956008680776782, "dTMD3": 0.07889701310181718, "dTMD4": 0.46354010127040546, "dTMD5": 0.24681032783080614, "dTMD6": 0.5508217872952527, "fTMD1": 0.7644762038962836, "fTMD2": 0.9297794133918286, "fTMD3": 0.22979992963248697, "fTMD4": 0.2007399332585318, "fTMD5": 0.02997967670898416, "fTMD6": 0.5787154354180643, "mTMD1": 0.1489194393029628, "mTMD2": 0.6418525407907837, "mTMD3": 0.7409623968005972, "mTMD4": 0.7094951820603633, "mTMD5": 0.796530701478912, "xTMD1": 0.5287064859279734, "xTMD2": 0.5558718050189542, "xTMD3": 0.26121905347046814, "xTMD4": 0.49031917904153444, "xTMD5": 0.4074894654282999, "xTMD6": 0.85387760795792}, "datetime": {"datetime": "2023-02-03 12:02:30", "elapsed": 6446.920442, "delta": 16.097265}}
{"target": -1.0476965986109386, "params": {"dTMD1": 0.2854437069224216, "dTMD2": 0.38190634389728717, "dTMD3": 0.6059345200851055, "dTMD4": 0.06754632746588984, "dTMD5": 0.43998332812109753, "dTMD6": 0.9510868789808512, "fTMD1": 0.3195958259768057, "fTMD2": 0.5816970082059633, "fTMD3": 0.5498112534414149, "fTMD4": 0.2795693662286445, "fTMD5": 0.5772430891133306, "fTMD6": 0.19938951875693545, "mTMD1": 0.3835377066311513, "mTMD2": 0.6984317823159841, "mTMD3": 0.8869699139010778, "mTMD4": 0.7173301695018339, "mTMD5": 0.34682971867237133, "xTMD1": 0.3458743315976188, "xTMD2": 0.8865921716729358, "xTMD3": 0.14900053165476101, "xTMD4": 0.30191209039213596, "xTMD5": 0.5828208586261028, "xTMD6": 0.9899893394912284}, "datetime": {"datetime": "2023-02-03 12:02:46", "elapsed": 6462.76483, "delta": 15.844388}}
{"target": -1.1162373753478356, "params": {"dTMD1": 0.6227984910529294, "dTMD2": 0.9791647978312185, "dTMD3": 0.3046132443341737, "dTMD4": 0.8947741171532101, "dTMD5": 0.00836251145066258, "dTMD6": 0.3591438712670115, "fTMD1": 0.4566563474761042, "fTMD2": 0.3530598519681021, "fTMD3": 0.6826205459005478, "fTMD4": 0.035271251649927504, "fTMD5": 0.6546054440083583, "fTMD6": 0.010015708331920004, "mTMD1": 0.5723258449903892, "mTMD2": 0.09971528879752833, "mTMD3": 0.10944586010596269, "mTMD4": 0.5881126664116084, "mTMD5": 0.10360893664164794, "xTMD1": 0.14456240945323517, "xTMD2": 0.46101949531725706, "xTMD3": 0.8167299001495673, "xTMD4": 0.6940436266976383, "xTMD5": 0.8532439440590056, "xTMD6": 0.4683760903841826}, "datetime": {"datetime": "2023-02-03 12:03:02", "elapsed": 6478.774292, "delta": 16.009462}}
{"target": -0.6526879892401799, "params": {"dTMD1": 0.06270752048680217, "dTMD2": 0.2253706436118983, "dTMD3": 0.2795651067685687, "dTMD4": 0.9570642354460687, "dTMD5": 0.39871936091754845, "dTMD6": 0.9141643514374235, "fTMD1": 0.28395621682894323, "fTMD2": 0.9323497464943693, "fTMD3": 0.12436450496427731, "fTMD4": 0.47427826313972754, "fTMD5": 0.23646416807422477, "fTMD6": 0.07525755865697403, "mTMD1": 0.13317837317214298, "mTMD2": 0.2076693482142149, "mTMD3": 0.42463661326893765, "mTMD4": 0.5948742037974197, "mTMD5": 0.42599902569242853, "xTMD1": 0.5362396084120918, "xTMD2": 0.5850094937522508, "xTMD3": 0.31875172365081783, "xTMD4": 0.7022158563043399, "xTMD5": 0.6892554369480334, "xTMD6": 0.0682164540935879}, "datetime": {"datetime": "2023-02-03 12:03:18", "elapsed": 6495.062823, "delta": 16.288531}}
{"target": -0.650158230339184, "params": {"dTMD1": 0.651840274983926, "dTMD2": 0.4204539990251699, "dTMD3": 0.4411204354367474, "dTMD4": 0.32917041703377103, "dTMD5": 0.21643648239952695, "dTMD6": 0.4219511463616692, "fTMD1": 0.9181403195242056, "fTMD2": 0.3974056861067544, "fTMD3": 0.2184277120348277, "fTMD4": 0.17019480797835718, "fTMD5": 0.9461033151467525, "fTMD6": 0.6500890898240759, "mTMD1": 0.616135772000616, "mTMD2": 0.8506510555671867, "mTMD3": 0.07950016541384641, "mTMD4": 0.5039771434705205, "mTMD5": 0.6405782799098168, "xTMD1": 0.0051740845316575745, "xTMD2": 0.16338646348541008, "xTMD3": 0.6025223542378833, "xTMD4": 0.052835855755478, "xTMD5": 0.8002573474579058, "xTMD6": 0.5978612181312095}, "datetime": {"datetime": "2023-02-03 12:03:34", "elapsed": 6511.139142, "delta": 16.076319}}
{"target": -0.9318018888315539, "params": {"dTMD1": 0.6439439691674145, "dTMD2": 0.322595694813973, "dTMD3": 0.19839019933600333, "dTMD4": 0.24883417558080934, "dTMD5": 0.505415992393847, "dTMD6": 0.4751333198128409, "fTMD1": 0.5366169613884773, "fTMD2": 0.14860024900469448, "fTMD3": 0.3476044546137548, "fTMD4": 0.8100157059265333, "fTMD5": 0.2577313357344053, "fTMD6": 0.24520347345716365, "mTMD1": 0.12524530222187702, "mTMD2": 0.965674868862795, "mTMD3": 0.5550751538808111, "mTMD4": 0.46052393957538196, "mTMD5": 0.4268149194512122, "xTMD1": 0.4788058495709716, "xTMD2": 0.9819408111844701, "xTMD3": 0.2611891542687602, "xTMD4": 0.27660833744941293, "xTMD5": 0.2012376799255805, "xTMD6": 0.8542563873491792}, "datetime": {"datetime": "2023-02-03 12:03:51", "elapsed": 6527.612804, "delta": 16.473662}}
{"target": -0.7516061708956498, "params": {"dTMD1": 0.37589426226092826, "dTMD2": 0.80694379196296, "dTMD3": 0.6454583951982318, "dTMD4": 0.19771652746479673, "dTMD5": 0.36460299928355266, "dTMD6": 0.9855773885978589, "fTMD1": 0.5464325991349075, "fTMD2": 0.46666818813464817, "fTMD3": 0.20614949529429782, "fTMD4": 0.7080705097289384, "fTMD5": 0.46450079013452883, "fTMD6": 0.43266010113263, "mTMD1": 0.11691083042326, "mTMD2": 0.5526322709459504, "mTMD3": 0.8659839777105515, "mTMD4": 0.6209382530460886, "mTMD5": 0.6522585674711621, "xTMD1": 0.31745328606302736, "xTMD2": 0.821094370165283, "xTMD3": 0.03426523058834319, "xTMD4": 0.22969986014924282, "xTMD5": 0.5847986916939549, "xTMD6": 0.9866155479256741}, "datetime": {"datetime": "2023-02-03 12:04:07", "elapsed": 6543.95035, "delta": 16.337546}}
{"target": -0.7365262057254531, "params": {"dTMD1": 0.7749755479000978, "dTMD2": 0.628433083976105, "dTMD3": 0.8421600067613924, "dTMD4": 0.1945986849425141, "dTMD5": 0.5597241124118522, "dTMD6": 0.9473034848696408, "fTMD1": 0.14914231532990374, "fTMD2": 0.6621738469316252, "fTMD3": 0.45473710441773296, "fTMD4": 0.5748737160503667, "fTMD5": 0.431847342831439, "fTMD6": 0.7218194646473819, "mTMD1": 0.37789021799425393, "mTMD2": 0.9899622032193465, "mTMD3": 0.2799570676776707, "mTMD4": 0.1450948937016877, "mTMD5": 0.2054472518443473, "xTMD1": 0.5713200783877423, "xTMD2": 0.5332345102024625, "xTMD3": 0.02937510580584457, "xTMD4": 0.5972910531297111, "xTMD5": 0.44934409024928557, "xTMD6": 0.5729185899524197}, "datetime": {"datetime": "2023-02-03 12:04:23", "elapsed": 6559.957415, "delta": 16.007065}}
{"target": -1.0100377794903113, "params": {"dTMD1": 0.5650029631536673, "dTMD2": 0.8866690661354207, "dTMD3": 0.8744630015572117, "dTMD4": 0.6231367949051181, "dTMD5": 0.4432707898327678, "dTMD6": 0.1298028543323969, "fTMD1": 0.802629494736862, "fTMD2": 0.9767805260166827, "fTMD3": 0.8451263597189328, "fTMD4": 0.5006810092015206, "fTMD5": 0.957303019241288, "fTMD6": 0.46513049985294663, "mTMD1": 0.7155689394710926, "mTMD2": 0.1357789023442515, "mTMD3": 0.10200214526286056, "mTMD4": 0.20105442341053625, "mTMD5": 0.9845021068542468, "xTMD1": 0.4731580642756834, "xTMD2": 0.7489473344815518, "xTMD3": 0.22300219328471804, "xTMD4": 0.8540433565950152, "xTMD5": 0.3311422848423129, "xTMD6": 0.08846495071305127}, "datetime": {"datetime": "2023-02-03 12:04:39", "elapsed": 6576.245075, "delta": 16.28766}}
{"target": -0.8528882683679154, "params": {"dTMD1": 0.20443979403310097, "dTMD2": 0.5789292563450581, "dTMD3": 0.2315766886066145, "dTMD4": 0.6179386410664219, "dTMD5": 0.7750386788032392, "dTMD6": 0.988728272194783, "fTMD1": 0.9435425567394214, "fTMD2": 0.7591341012841103, "fTMD3": 0.33987466895379237, "fTMD4": 0.5107834450393263, "fTMD5": 0.33660764849235336, "fTMD6": 0.3204437977903015, "mTMD1": 0.5461632044792832, "mTMD2": 0.7351814826414375, "mTMD3": 0.5505717449605082, "mTMD4": 0.5537383618842411, "mTMD5": 0.30092095884664816, "xTMD1": 0.7766124702468887, "xTMD2": 0.2113031747239985, "xTMD3": 0.2863405618443674, "xTMD4": 0.3838968284986919, "xTMD5": 0.38826296428505824, "xTMD6": 0.8098820135308321}, "datetime": {"datetime": "2023-02-03 12:04:56", "elapsed": 6592.463753, "delta": 16.218678}}
{"target": -0.8279327464865155, "params": {"dTMD1": 0.5423998575529584, "dTMD2": 0.7383575219100342, "dTMD3": 0.6337365309164463, "dTMD4": 0.36886461977286933, "dTMD5": 0.6754824847724406, "dTMD6": 0.5835502965293797, "fTMD1": 0.3366612714932822, "fTMD2": 0.2273424211896039, "fTMD3": 0.46495311507037007, "fTMD4": 0.30464962675490503, "fTMD5": 0.20789010626743643, "fTMD6": 0.03207524596521616, "mTMD1": 0.24435959710097532, "mTMD2": 0.5280176305381943, "mTMD3": 0.7790651365267072, "mTMD4": 0.7831799194334689, "mTMD5": 0.74738134808063, "xTMD1": 0.5443581060861443, "xTMD2": 0.4907224219411267, "xTMD3": 0.10655041185651415, "xTMD4": 0.27753499821226457, "xTMD5": 0.854847966884562, "xTMD6": 0.7842726516467149}, "datetime": {"datetime": "2023-02-03 12:05:12", "elapsed": 6608.609925, "delta": 16.146172}}
{"target": -0.8277778838205343, "params": {"dTMD1": 0.1433277834870842, "dTMD2": 0.9919278873916308, "dTMD3": 0.4565953280186723, "dTMD4": 0.24624992707629945, "dTMD5": 0.435613787494153, "dTMD6": 0.944893457548083, "fTMD1": 0.4582414726971965, "fTMD2": 0.5596927726614432, "fTMD3": 0.4654145277874915, "fTMD4": 0.6183808081201795, "fTMD5": 0.2810829255146535, "fTMD6": 0.24712744804363684, "mTMD1": 0.8423112744945728, "mTMD2": 0.6513239356964977, "mTMD3": 0.16455225822251418, "mTMD4": 0.3254446423241394, "mTMD5": 0.04944364390371625, "xTMD1": 0.7904970181935829, "xTMD2": 0.6245073495592579, "xTMD3": 0.5244737857481986, "xTMD4": 0.5060767282365388, "xTMD5": 0.15617692919956183, "xTMD6": 0.7780571448237692}, "datetime": {"datetime": "2023-02-03 12:05:28", "elapsed": 6624.871648, "delta": 16.261723}}
{"target": -0.6628494500178536, "params": {"dTMD1": 0.11103469671214028, "dTMD2": 0.5464801223548945, "dTMD3": 0.2125659283093726, "dTMD4": 0.08633390971446997, "dTMD5": 0.6170456631782401, "dTMD6": 0.864537275761461, "fTMD1": 0.07588852073218022, "fTMD2": 0.4379547521589424, "fTMD3": 0.06683141563229378, "fTMD4": 0.17182856607731423, "fTMD5": 0.5090831580321171, "fTMD6": 0.37985702152719447, "mTMD1": 0.8161817705514818, "mTMD2": 0.2962650248746945, "mTMD3": 0.9269920578058296, "mTMD4": 0.48250129901695293, "mTMD5": 0.39600597113818437, "xTMD1": 0.39712116870022973, "xTMD2": 0.378921867290797, "xTMD3": 0.5612231009024853, "xTMD4": 0.26331524783129545, "xTMD5": 0.21151629769419356, "xTMD6": 0.7042248824392172}, "datetime": {"datetime": "2023-02-03 12:05:45", "elapsed": 6641.998823, "delta": 17.127175}}
