{"target": -0.8097001261956868, "params": {"dTMD1": 0.27567735313952024, "dTMD2": 0.7791211822320603, "dTMD3": 0.390597618303009, "dTMD4": 0.9335980163964344, "dTMD5": 0.8553899106724017, "dTMD6": 0.1573055323782182, "fTMD1": 0.12894562356504546, "fTMD2": 0.29159912453817405, "fTMD3": 0.7616170727139966, "fTMD4": 0.9761402345760716, "fTMD5": 0.33177015769470364, "fTMD6": 0.2876023271463699, "mTMD1": 0.38686750082744203, "mTMD2": 0.4590167799033861, "mTMD3": 0.6684643064532841, "mTMD4": 0.9031683912847492, "mTMD5": 0.9130249830085313, "xTMD1": 0.9062875747336322, "xTMD2": 0.8730281483242036, "xTMD3": 0.7030934930410604, "xTMD4": 0.5727500291089854, "xTMD5": 0.4780539329828193, "xTMD6": 0.17484290045152606}, "datetime": {"datetime": "2023-02-03 11:50:43", "elapsed": 5739.463908, "delta": 15.622438}}
{"target": -0.5499338759918607, "params": {"dTMD1": 0.49194708972818935, "dTMD2": 0.6104859509800288, "dTMD3": 0.5744948310591562, "dTMD4": 0.1967136509990418, "dTMD5": 0.4828601494582109, "dTMD6": 0.5970720446779189, "fTMD1": 0.5772961304468079, "fTMD2": 0.8378439390499546, "fTMD3": 0.13666842378188282, "fTMD4": 0.43589462134065526, "fTMD5": 0.3342600670115875, "fTMD6": 0.12835572955188923, "mTMD1": 0.6225198562152121, "mTMD2": 0.5197654542792229, "mTMD3": 0.6901149038302126, "mTMD4": 0.9770190855423831, "mTMD5": 0.638717126228927, "xTMD1": 0.31631976814307383, "xTMD2": 0.3833693373100634, "xTMD3": 0.32504687305286606, "xTMD4": 0.7323253895793274, "xTMD5": 0.8230388463982373, "xTMD6": 0.9129243883502446}, "datetime": {"datetime": "2023-02-03 11:50:58", "elapsed": 5754.803003, "delta": 15.339095}}
{"target": -0.8639447298919262, "params": {"dTMD1": 0.035214238599480585, "dTMD2": 0.5059716146729607, "dTMD3": 0.23245845152008615, "dTMD4": 0.27245266681270186, "dTMD5": 0.42480597049655233, "dTMD6": 0.5806176420761058, "fTMD1": 0.48346048987523504, "fTMD2": 0.5618804887319874, "fTMD3": 0.8132009567013462, "fTMD4": 0.5228388015044333, "fTMD5": 0.21543967855604662, "fTMD6": 0.4301702346872506, "mTMD1": 0.24140916212180163, "mTMD2": 0.8989014887336835, "mTMD3": 0.7038282606347075, "mTMD4": 0.7504568420963369, "mTMD5": 0.6243837048947863, "xTMD1": 0.6602152232767667, "xTMD2": 0.5996688298140074, "xTMD3": 0.07524305685072541, "xTMD4": 0.031878156109048206, "xTMD5": 0.5560440273996221, "xTMD6": 0.9889428576959116}, "datetime": {"datetime": "2023-02-03 11:51:14", "elapsed": 5770.570937, "delta": 15.767934}}
{"target": -0.848565547871599, "params": {"dTMD1": 0.804839916277667, "dTMD2": 0.5987917827981459, "dTMD3": 0.07150121153289768, "dTMD4": 0.13102265764656018, "dTMD5": 0.48230971474419726, "dTMD6": 0.8467935749062687, "fTMD1": 0.7029814087238413, "fTMD2": 0.45144237017909217, "fTMD3": 0.3845038897840508, "fTMD4": 0.7647472665412194, "fTMD5": 0.5265087808805263, "fTMD6": 0.006251462098275651, "mTMD1": 0.24161075715801095, "mTMD2": 0.5422298488174355, "mTMD3": 0.8155734925720254, "mTMD4": 0.7997634638354564, "mTMD5": 0.7292392965080341, "xTMD1": 0.4081795899653231, "xTMD2": 0.491169759178826, "xTMD3": 0.2727214478529425, "xTMD4": 0.6295188063018949, "xTMD5": 0.2613677919339963, "xTMD6": 0.6565026368519863}, "datetime": {"datetime": "2023-02-03 11:51:30", "elapsed": 5786.366348, "delta": 15.795411}}
{"target": -0.9309783922834712, "params": {"dTMD1": 0.20142227028682624, "dTMD2": 0.7979636518687444, "dTMD3": 0.3598450016943653, "dTMD4": 0.47793094865868957, "dTMD5": 0.6623418690649288, "dTMD6": 0.6841746653309282, "fTMD1": 0.2824015068443332, "fTMD2": 0.6250117586374931, "fTMD3": 0.07425703158347474, "fTMD4": 0.7602087051170192, "fTMD5": 0.1445164438630221, "fTMD6": 0.1526649156885167, "mTMD1": 0.2131475573688414, "mTMD2": 0.5809424362262726, "mTMD3": 0.5658948579885533, "mTMD4": 0.6402635311799074, "mTMD5": 0.5721414003173623, "xTMD1": 0.7203560482965422, "xTMD2": 0.3010545362153262, "xTMD3": 0.024257617644470875, "xTMD4": 0.590841191292837, "xTMD5": 0.702904525142678, "xTMD6": 0.8330091891815675}, "datetime": {"datetime": "2023-02-03 11:51:57", "elapsed": 5813.901822, "delta": 27.535474}}
{"target": -0.9486317035820784, "params": {"dTMD1": 0.6923491141759295, "dTMD2": 0.5562063355531676, "dTMD3": 0.24961490043833, "dTMD4": 0.950945634435041, "dTMD5": 0.9949778077690831, "dTMD6": 0.20706270101679314, "fTMD1": 0.04976536687136568, "fTMD2": 0.4594539608125936, "fTMD3": 0.259755673396165, "fTMD4": 0.8434274777664219, "fTMD5": 0.03867104238444696, "fTMD6": 0.6750904568234248, "mTMD1": 0.005486453135960079, "mTMD2": 0.1261442402678803, "mTMD3": 0.624125539694557, "mTMD4": 0.8885091686140144, "mTMD5": 0.7411451841265837, "xTMD1": 0.9601980208356417, "xTMD2": 0.4769843814448316, "xTMD3": 0.37690142836673857, "xTMD4": 0.16552192554751344, "xTMD5": 0.7350339782322785, "xTMD6": 0.12175795782437426}, "datetime": {"datetime": "2023-02-03 11:52:14", "elapsed": 5830.37275, "delta": 16.470928}}
{"target": -0.5682953472115198, "params": {"dTMD1": 0.49292690048015697, "dTMD2": 0.7386772235642312, "dTMD3": 0.9432460796565175, "dTMD4": 0.12084105833084224, "dTMD5": 0.34728414762559356, "dTMD6": 0.6223761700171995, "fTMD1": 0.612092486574759, "fTMD2": 0.33691565108820165, "fTMD3": 0.09148269654981733, "fTMD4": 0.33606007708411145, "fTMD5": 0.18107778016183496, "fTMD6": 0.18552134514549523, "mTMD1": 0.39674116532947634, "mTMD2": 0.5766994925322049, "mTMD3": 0.7134270595633281, "mTMD4": 0.7296093879361769, "mTMD5": 0.5853561710540122, "xTMD1": 0.5500150771783633, "xTMD2": 0.5688434719256054, "xTMD3": 0.10121668834910547, "xTMD4": 0.2477600482069129, "xTMD5": 0.822183710125564, "xTMD6": 0.7189581032686412}, "datetime": {"datetime": "2023-02-03 11:52:30", "elapsed": 5846.986885, "delta": 16.614135}}
{"target": -0.7729280215828167, "params": {"dTMD1": 0.2701209944721902, "dTMD2": 0.5087040989665006, "dTMD3": 0.13509319972728506, "dTMD4": 0.8374008652314309, "dTMD5": 0.28837398362347844, "dTMD6": 0.7084008782713709, "fTMD1": 0.5338716277041479, "fTMD2": 0.3372324829667013, "fTMD3": 0.1265267586796478, "fTMD4": 0.16886665786011745, "fTMD5": 0.7489390346259176, "fTMD6": 0.1583920157045775, "mTMD1": 0.8053718664258817, "mTMD2": 0.9639185977323644, "mTMD3": 0.28769099539541765, "mTMD4": 0.2557771947055286, "mTMD5": 0.2608404675135143, "xTMD1": 0.9344978133337916, "xTMD2": 0.356848479049214, "xTMD3": 0.23144799477651, "xTMD4": 0.11809453863757557, "xTMD5": 0.16641560117257992, "xTMD6": 0.5128052626142399}, "datetime": {"datetime": "2023-02-03 11:52:47", "elapsed": 5863.377607, "delta": 16.390722}}
{"target": -0.5609661460195781, "params": {"dTMD1": 0.8419170809438041, "dTMD2": 0.49836496639452843, "dTMD3": 0.8965434916814198, "dTMD4": 0.7571333282473808, "dTMD5": 0.007068256374655468, "dTMD6": 0.3149512014796022, "fTMD1": 0.4934939594373573, "fTMD2": 0.4927936516170198, "fTMD3": 0.07510555786619488, "fTMD4": 0.4587831910483804, "fTMD5": 0.7100475877569087, "fTMD6": 0.1495422148017338, "mTMD1": 0.2272649113305929, "mTMD2": 0.3028158668944656, "mTMD3": 0.8282115330555155, "mTMD4": 0.8916749704335557, "mTMD5": 0.3094491890109241, "xTMD1": 0.8175705172020764, "xTMD2": 0.3394747861590064, "xTMD3": 0.2783822247366773, "xTMD4": 0.40324274690574746, "xTMD5": 0.6474683235825882, "xTMD6": 0.05655889816903015}, "datetime": {"datetime": "2023-02-03 11:53:03", "elapsed": 5880.191946, "delta": 16.814339}}
{"target": -0.9944852013175225, "params": {"dTMD1": 0.6835562236457798, "dTMD2": 0.790037370568206, "dTMD3": 0.08354370132387556, "dTMD4": 0.37436722970684055, "dTMD5": 0.8818972799138202, "dTMD6": 0.6950754174617612, "fTMD1": 0.6911756892028157, "fTMD2": 0.5504655377228943, "fTMD3": 0.7323917001813929, "fTMD4": 0.02640924118783683, "fTMD5": 0.3168515023625684, "fTMD6": 0.34111281702432694, "mTMD1": 0.04278061751034634, "mTMD2": 0.6986624794285414, "mTMD3": 0.6740996885979368, "mTMD4": 0.4303487652219379, "mTMD5": 0.6197996849925244, "xTMD1": 0.3437819663077991, "xTMD2": 0.674143261432548, "xTMD3": 0.04061074061229886, "xTMD4": 0.4211487073843221, "xTMD5": 0.2795013851615811, "xTMD6": 0.6827235316717523}, "datetime": {"datetime": "2023-02-03 11:53:25", "elapsed": 5901.512183, "delta": 21.320237}}
{"target": -0.637009736570708, "params": {"dTMD1": 0.45459474625835494, "dTMD2": 0.5708742385928797, "dTMD3": 0.15855093713609714, "dTMD4": 0.3173577921282964, "dTMD5": 0.4707801357560064, "dTMD6": 0.6704649536059044, "fTMD1": 0.46944591139477243, "fTMD2": 0.8562109381297056, "fTMD3": 0.3020807928330803, "fTMD4": 0.3314178890315418, "fTMD5": 0.2896055248024013, "fTMD6": 0.066522106227203, "mTMD1": 0.12143481323888372, "mTMD2": 0.856012412492941, "mTMD3": 0.9200639951605354, "mTMD4": 0.5850608773276976, "mTMD5": 0.5600639372051375, "xTMD1": 0.7842954750995715, "xTMD2": 0.42624346159962057, "xTMD3": 0.18399858862919294, "xTMD4": 0.2939869127459471, "xTMD5": 0.45599745164231364, "xTMD6": 0.7745194386311396}, "datetime": {"datetime": "2023-02-03 11:53:54", "elapsed": 5930.977923, "delta": 29.46574}}
{"target": -0.6075990504823496, "params": {"dTMD1": 0.47958373637752894, "dTMD2": 0.7120271250655503, "dTMD3": 0.5242100098124868, "dTMD4": 0.2823972090760589, "dTMD5": 0.4486187094504671, "dTMD6": 0.47029794221136834, "fTMD1": 0.9238016404238604, "fTMD2": 0.2515641882653391, "fTMD3": 0.12413561844528054, "fTMD4": 0.3269865413486055, "fTMD5": 0.1270924178340459, "fTMD6": 0.12055593352473204, "mTMD1": 0.760804386103888, "mTMD2": 0.7837462417223903, "mTMD3": 0.9635089970630696, "mTMD4": 0.6469244257081279, "mTMD5": 0.8233561929927244, "xTMD1": 0.45282840065311714, "xTMD2": 0.5868114444792022, "xTMD3": 0.24826670438437504, "xTMD4": 0.34545894606277106, "xTMD5": 0.6875578104893668, "xTMD6": 0.9208853650777312}, "datetime": {"datetime": "2023-02-03 11:54:19", "elapsed": 5956.021549, "delta": 25.043626}}
{"target": -0.8808686536070048, "params": {"dTMD1": 0.4292704252451851, "dTMD2": 0.9863933553692935, "dTMD3": 0.5763372748217537, "dTMD4": 0.05277189949056882, "dTMD5": 0.4552960565260009, "dTMD6": 0.9994946932850428, "fTMD1": 0.5467074097117239, "fTMD2": 0.3650579359415681, "fTMD3": 0.22596970934664184, "fTMD4": 0.31785798072645244, "fTMD5": 0.6141117605916202, "fTMD6": 0.19074942095036174, "mTMD1": 0.20901445102296423, "mTMD2": 0.4784625921092933, "mTMD3": 0.61985714926274, "mTMD4": 0.5649342908106065, "mTMD5": 0.3068442281683641, "xTMD1": 0.400773899200743, "xTMD2": 0.841494619146984, "xTMD3": 0.09329702285319308, "xTMD4": 0.2930651119678386, "xTMD5": 0.4787068188490373, "xTMD6": 0.3488247933025782}, "datetime": {"datetime": "2023-02-03 11:54:35", "elapsed": 5972.338436, "delta": 16.316887}}
{"target": -0.8950389551157494, "params": {"dTMD1": 0.25007790646713945, "dTMD2": 0.9274798536383362, "dTMD3": 0.383741071671977, "dTMD4": 0.19078933906806994, "dTMD5": 0.7767825445887188, "dTMD6": 0.8314932750325783, "fTMD1": 0.34049311940368043, "fTMD2": 0.734129080431875, "fTMD3": 0.44515901691615145, "fTMD4": 0.45202387859726223, "fTMD5": 0.39851483415085753, "fTMD6": 0.4071310471884919, "mTMD1": 0.16287691756204226, "mTMD2": 0.9661238815570483, "mTMD3": 0.8618744890357866, "mTMD4": 0.6349247196685565, "mTMD5": 0.9754535246917347, "xTMD1": 0.5193438669521627, "xTMD2": 0.3996228585633407, "xTMD3": 0.175234980993612, "xTMD4": 0.7034878597597528, "xTMD5": 0.7904064943732421, "xTMD6": 0.7980015459616712}, "datetime": {"datetime": "2023-02-03 11:54:51", "elapsed": 5988.200813, "delta": 15.862377}}
{"target": -0.5123989762858883, "params": {"dTMD1": 0.20627811279832708, "dTMD2": 0.655664354039753, "dTMD3": 0.15373922186993683, "dTMD4": 0.47307594851225254, "dTMD5": 0.8436066285161384, "dTMD6": 0.6697582962139645, "fTMD1": 0.9299690246384421, "fTMD2": 0.11050356787166704, "fTMD3": 0.024177885499376495, "fTMD4": 0.6535834062391277, "fTMD5": 0.37936494297342693, "fTMD6": 0.27806457359224923, "mTMD1": 0.1962939076687319, "mTMD2": 0.5761588383892503, "mTMD3": 0.7570591136471314, "mTMD4": 0.40219813266214344, "mTMD5": 0.7221422042997114, "xTMD1": 0.5921897078955671, "xTMD2": 0.6176609524067984, "xTMD3": 0.10249014703053994, "xTMD4": 0.22406140854865508, "xTMD5": 0.04785972378684322, "xTMD6": 0.8859569967945105}, "datetime": {"datetime": "2023-02-03 11:55:07", "elapsed": 6004.265532, "delta": 16.064719}}
{"target": -1.1176205642313688, "params": {"dTMD1": 0.29877667785285034, "dTMD2": 0.9453532276509592, "dTMD3": 0.5988234392416955, "dTMD4": 0.589473675276512, "dTMD5": 0.021565555329022157, "dTMD6": 0.5683506312287423, "fTMD1": 0.5745861072099978, "fTMD2": 0.9536260811272614, "fTMD3": 0.9722377009946113, "fTMD4": 0.3154127038990042, "fTMD5": 0.01693395510450202, "fTMD6": 0.9825098647849559, "mTMD1": 0.5695342169099082, "mTMD2": 0.1348471343328871, "mTMD3": 0.30641432480199826, "mTMD4": 0.37915428560524755, "mTMD5": 0.620427490322013, "xTMD1": 0.5999806343574468, "xTMD2": 0.32796327359156374, "xTMD3": 0.047107824212553884, "xTMD4": 0.20039957864170843, "xTMD5": 0.9983690053665613, "xTMD6": 0.18895672170174138}, "datetime": {"datetime": "2023-02-03 11:55:23", "elapsed": 6020.077364, "delta": 15.811832}}
{"target": -0.972357441071123, "params": {"dTMD1": 0.13042183967491128, "dTMD2": 0.8338170724648637, "dTMD3": 0.670804138529932, "dTMD4": 0.8626971860115742, "dTMD5": 0.6841927206602604, "dTMD6": 0.8814560688573949, "fTMD1": 0.560326539156616, "fTMD2": 0.6811261671691641, "fTMD3": 0.6136390084280616, "fTMD4": 0.9313960490974373, "fTMD5": 0.8476536567896233, "fTMD6": 0.15787792496910802, "mTMD1": 0.4212092216135508, "mTMD2": 0.7416749554721749, "mTMD3": 0.9573150226705086, "mTMD4": 0.6414357112822758, "mTMD5": 0.9081282758128724, "xTMD1": 0.022897305141778457, "xTMD2": 0.035108675125864575, "xTMD3": 0.8570043580801135, "xTMD4": 0.7677950321872893, "xTMD5": 0.782736986343833, "xTMD6": 0.30096466197268257}, "datetime": {"datetime": "2023-02-03 11:55:40", "elapsed": 6036.526361, "delta": 16.448997}}
{"target": -0.7172413110892494, "params": {"dTMD1": 0.3781399418905589, "dTMD2": 0.6509027009301755, "dTMD3": 0.015616074334026897, "dTMD4": 0.10089044205128328, "dTMD5": 0.7400923915976362, "dTMD6": 0.6718069575726495, "fTMD1": 0.738567890856495, "fTMD2": 0.209610076017126, "fTMD3": 0.32025220952170985, "fTMD4": 0.6841270828471848, "fTMD5": 0.45878749501159377, "fTMD6": 0.33294529335367984, "mTMD1": 0.06493470078565955, "mTMD2": 0.6774946327797341, "mTMD3": 0.4786661120709269, "mTMD4": 0.3530291869564549, "mTMD5": 0.7478723088228838, "xTMD1": 0.08458452928686888, "xTMD2": 0.6766730722109945, "xTMD3": 0.11586347104159112, "xTMD4": 0.35752573082984174, "xTMD5": 0.3835144302654102, "xTMD6": 0.9303410274785122}, "datetime": {"datetime": "2023-02-03 11:55:56", "elapsed": 6052.406826, "delta": 15.880465}}
{"target": -0.6802237766128713, "params": {"dTMD1": 0.6013564058272313, "dTMD2": 0.38692416752819503, "dTMD3": 0.0826748524020372, "dTMD4": 0.8184087961180114, "dTMD5": 0.04529016908986239, "dTMD6": 0.4908332641197284, "fTMD1": 0.4880437830785338, "fTMD2": 0.1242707225760129, "fTMD3": 0.8397666637181348, "fTMD4": 0.7990786954115133, "fTMD5": 0.6667523591503247, "fTMD6": 0.33372801919436135, "mTMD1": 0.5262318432176205, "mTMD2": 0.06753409189615667, "mTMD3": 0.5332374306498509, "mTMD4": 0.3947944761518385, "mTMD5": 0.5561072785256103, "xTMD1": 0.8880594479863412, "xTMD2": 0.9312162277437223, "xTMD3": 0.43839546225090764, "xTMD4": 0.8800302282196026, "xTMD5": 0.3885726682481113, "xTMD6": 0.28810224064149115}, "datetime": {"datetime": "2023-02-03 11:56:11", "elapsed": 6068.280433, "delta": 15.873607}}
{"target": -0.8607177089686033, "params": {"dTMD1": 0.22670395883175853, "dTMD2": 0.5561785836964661, "dTMD3": 0.42498259700808627, "dTMD4": 0.506565880406094, "dTMD5": 0.6847116745490668, "dTMD6": 0.7690846204030485, "fTMD1": 0.9548802008378107, "fTMD2": 0.37873348874176815, "fTMD3": 0.3593389293582696, "fTMD4": 0.18201147254128247, "fTMD5": 0.333654933584973, "fTMD6": 0.06701475390281864, "mTMD1": 0.5481906769947458, "mTMD2": 0.46567795066875395, "mTMD3": 0.6585555272926332, "mTMD4": 0.7429335634299085, "mTMD5": 0.6718376714006193, "xTMD1": 0.3043685691527447, "xTMD2": 0.6938158232158435, "xTMD3": 0.2643955853437794, "xTMD4": 0.45496925388632825, "xTMD5": 0.8412008503032696, "xTMD6": 0.8649629280546097}, "datetime": {"datetime": "2023-02-03 11:56:28", "elapsed": 6084.553024, "delta": 16.272591}}
{"target": -0.7378205505586843, "params": {"dTMD1": 0.12433628138779362, "dTMD2": 0.15831861791487212, "dTMD3": 0.9170156119934683, "dTMD4": 0.7012721825892068, "dTMD5": 0.08681881630443244, "dTMD6": 0.38200766597461044, "fTMD1": 0.48932991216491273, "fTMD2": 0.24507520473621336, "fTMD3": 0.4515198763976416, "fTMD4": 0.9601461721403356, "fTMD5": 0.058293013135861105, "fTMD6": 0.983221714554871, "mTMD1": 0.5224275400055384, "mTMD2": 0.10018080641891935, "mTMD3": 0.7546870034655814, "mTMD4": 0.08712320890745828, "mTMD5": 0.9800113390755493, "xTMD1": 0.4225753439650747, "xTMD2": 0.4471696822735206, "xTMD3": 0.9528646953671958, "xTMD4": 0.567710517090236, "xTMD5": 0.9231854770631095, "xTMD6": 0.12352240080633281}, "datetime": {"datetime": "2023-02-03 11:56:44", "elapsed": 6100.436234, "delta": 15.88321}}
{"target": -0.8762535279470602, "params": {"dTMD1": 0.45606231089323923, "dTMD2": 0.5038310087010505, "dTMD3": 0.8681027870159496, "dTMD4": 0.27544385742813626, "dTMD5": 0.48215948364753536, "dTMD6": 0.9185003462023964, "fTMD1": 0.272489158841836, "fTMD2": 0.6033061207844939, "fTMD3": 0.7804735480118667, "fTMD4": 0.8997488612704945, "fTMD5": 0.07059959433702967, "fTMD6": 0.7634562063197369, "mTMD1": 0.04996891768719869, "mTMD2": 0.7337972676028413, "mTMD3": 0.5504419872425289, "mTMD4": 0.29425330945244477, "mTMD5": 0.5167283287484542, "xTMD1": 0.6363689087945636, "xTMD2": 0.7527232088287371, "xTMD3": 0.8723572612698128, "xTMD4": 0.4648504567935625, "xTMD5": 0.1340864219444925, "xTMD6": 0.7043908330966292}, "datetime": {"datetime": "2023-02-03 11:57:00", "elapsed": 6116.751199, "delta": 16.314965}}
{"target": -0.6558260854197494, "params": {"dTMD1": 0.22881030595328045, "dTMD2": 0.9512442632721787, "dTMD3": 0.1544783565598452, "dTMD4": 0.47149877494918235, "dTMD5": 0.8004498773611962, "dTMD6": 0.4289025121995823, "fTMD1": 0.4795146296063292, "fTMD2": 0.4181854471347518, "fTMD3": 0.23359861642207513, "fTMD4": 0.38640841409590454, "fTMD5": 0.20928436883688628, "fTMD6": 0.17726589828011208, "mTMD1": 0.4009573781269693, "mTMD2": 0.530399827629452, "mTMD3": 0.4897677023945175, "mTMD4": 0.18133022966494095, "mTMD5": 0.5628245056401049, "xTMD1": 0.562847997276003, "xTMD2": 0.33829559172491275, "xTMD3": 0.21011375545646382, "xTMD4": 0.017354905052306413, "xTMD5": 0.23139102032337533, "xTMD6": 0.8864994933911848}, "datetime": {"datetime": "2023-02-03 11:57:17", "elapsed": 6133.354237, "delta": 16.603038}}
{"target": -0.6679711576100935, "params": {"dTMD1": 0.1727837195530737, "dTMD2": 0.7591163719028009, "dTMD3": 0.4876498829498802, "dTMD4": 0.6188832070090988, "dTMD5": 0.8394937079923255, "dTMD6": 0.18663430056899954, "fTMD1": 0.7826402635914309, "fTMD2": 0.16635639078448017, "fTMD3": 0.5983477318063498, "fTMD4": 0.08649651631106459, "fTMD5": 0.14487573429867717, "fTMD6": 0.6689027465985606, "mTMD1": 0.3207392047102934, "mTMD2": 0.8337635291571007, "mTMD3": 0.22388468297041997, "mTMD4": 0.0743664943747605, "mTMD5": 0.7813931725291394, "xTMD1": 0.6330955359054764, "xTMD2": 0.8159544630587947, "xTMD3": 0.7643851547800075, "xTMD4": 0.29529252032157915, "xTMD5": 0.4197510991108949, "xTMD6": 0.7627098760437481}, "datetime": {"datetime": "2023-02-03 11:57:32", "elapsed": 6149.275948, "delta": 15.921711}}
{"target": -0.9777933651322923, "params": {"dTMD1": 0.2484867420357263, "dTMD2": 0.9337211749262369, "dTMD3": 0.07192228284989755, "dTMD4": 0.13139496218090496, "dTMD5": 0.8856717156861929, "dTMD6": 0.9443698499092339, "fTMD1": 0.503606732934434, "fTMD2": 0.49148409591240516, "fTMD3": 0.12072674241758163, "fTMD4": 0.5550088827767965, "fTMD5": 0.1585870425110414, "fTMD6": 0.7415022778858897, "mTMD1": 0.2834001756940082, "mTMD2": 0.7623099262262897, "mTMD3": 0.8483120093020972, "mTMD4": 0.6549241744306407, "mTMD5": 0.5621901990131384, "xTMD1": 0.5615650321223687, "xTMD2": 0.7170108195243273, "xTMD3": 0.14135571101317523, "xTMD4": 0.6501929925542607, "xTMD5": 0.6543275717870707, "xTMD6": 0.8250795778436018}, "datetime": {"datetime": "2023-02-03 11:57:48", "elapsed": 6165.327525, "delta": 16.051577}}
{"target": -0.8956504602120848, "params": {"dTMD1": 0.32403081137785017, "dTMD2": 0.6777905173746852, "dTMD3": 0.4045539262491601, "dTMD4": 0.48112117261364906, "dTMD5": 0.5418480731220513, "dTMD6": 0.4870679791111122, "fTMD1": 0.7183344316657543, "fTMD2": 0.35522781669462433, "fTMD3": 0.27442456664133896, "fTMD4": 0.2677097016985567, "fTMD5": 0.5677662699894835, "fTMD6": 0.08368977444635173, "mTMD1": 0.14973563989978778, "mTMD2": 0.40094279872868543, "mTMD3": 0.7026693524236284, "mTMD4": 0.45503265983611507, "mTMD5": 0.5785299520972234, "xTMD1": 0.6451278704540641, "xTMD2": 0.6674781673637824, "xTMD3": 0.3442013304335969, "xTMD4": 0.22159117848781285, "xTMD5": 0.02071184444575347, "xTMD6": 0.7225600140159418}, "datetime": {"datetime": "2023-02-03 11:58:06", "elapsed": 6182.671806, "delta": 17.344281}}
{"target": -0.5283982143207904, "params": {"dTMD1": 0.7309642178984069, "dTMD2": 0.26248665694676787, "dTMD3": 0.6007751256033566, "dTMD4": 0.36876878931934653, "dTMD5": 0.30467646743190213, "dTMD6": 0.49214496265141316, "fTMD1": 0.7087237124213749, "fTMD2": 0.48107184197788255, "fTMD3": 0.5859095858609215, "fTMD4": 0.1397485940933807, "fTMD5": 0.5081757217279879, "fTMD6": 0.1177996809415015, "mTMD1": 0.24840630467372615, "mTMD2": 0.7491563299599501, "mTMD3": 0.18081323060637444, "mTMD4": 0.6168248808125958, "mTMD5": 0.9088908753882772, "xTMD1": 0.426212034013582, "xTMD2": 0.9570854349003728, "xTMD3": 0.08815912971846795, "xTMD4": 0.010052485391789712, "xTMD5": 0.6043785679880705, "xTMD6": 0.25636678192607265}, "datetime": {"datetime": "2023-02-03 11:58:24", "elapsed": 6201.006986, "delta": 18.33518}}
