{"target": -0.7353798468901427, "params": {"dTMD1": 0.7515121825425679, "dTMD2": 0.9200155322977692, "dTMD3": 0.4019105073008832, "dTMD4": 0.45874513165928477, "dTMD5": 0.5797841249111257, "dTMD6": 0.9544356005877013, "fTMD1": 0.14132763623973332, "fTMD2": 0.5792456287827333, "fTMD3": 0.3635815335253011, "fTMD4": 0.30288107560794064, "fTMD5": 0.39380104863209375, "fTMD6": 0.94619003440725, "mTMD1": 0.689135581109843, "mTMD2": 0.8803153854385407, "mTMD3": 0.9651614453095669, "mTMD4": 0.8309596875077838, "mTMD5": 0.8318293061344841, "xTMD1": 0.7762074874047297, "xTMD2": 0.47418142710157096, "xTMD3": 0.1414040239523756, "xTMD4": 0.021003611441604675, "xTMD5": 0.24008870176544927, "xTMD6": 0.7647184150469487}, "datetime": {"datetime": "2023-02-03 10:41:46", "elapsed": 1602.533719, "delta": 14.91192}}
{"target": -0.5556629871061973, "params": {"dTMD1": 0.013623991998039098, "dTMD2": 0.8750502835174133, "dTMD3": 0.3641246846285865, "dTMD4": 0.5219320744347664, "dTMD5": 0.568171038613745, "dTMD6": 0.5537759160505519, "fTMD1": 0.7437952535707911, "fTMD2": 0.8862046540837789, "fTMD3": 0.19728755873677917, "fTMD4": 0.5419975106456407, "fTMD5": 0.3492631373793672, "fTMD6": 0.3186498430901832, "mTMD1": 0.323034048848587, "mTMD2": 0.7246902297236183, "mTMD3": 0.9203750162008276, "mTMD4": 0.5075689352684084, "mTMD5": 0.4090541262604328, "xTMD1": 0.4033207168562015, "xTMD2": 0.33598496207436135, "xTMD3": 0.2587340356237712, "xTMD4": 0.277440818313452, "xTMD5": 0.43255894097532466, "xTMD6": 0.780810201156573}, "datetime": {"datetime": "2023-02-03 10:42:02", "elapsed": 1618.653033, "delta": 16.119314}}
{"target": -0.851183469442838, "params": {"dTMD1": 0.4704534401157271, "dTMD2": 0.7186318187549409, "dTMD3": 0.7695062616177005, "dTMD4": 0.7335261519326343, "dTMD5": 0.8777643996146467, "dTMD6": 0.1627922673542357, "fTMD1": 0.6670380560141429, "fTMD2": 0.9209717487837313, "fTMD3": 0.13513371060695156, "fTMD4": 0.4105806533505495, "fTMD5": 0.4067535401838568, "fTMD6": 0.4333906535148466, "mTMD1": 0.23367633716896574, "mTMD2": 0.4796835118416547, "mTMD3": 0.7296751515102962, "mTMD4": 0.9431204707670101, "mTMD5": 0.8221298379338192, "xTMD1": 0.43064074637906247, "xTMD2": 0.5932598137860505, "xTMD3": 0.3487791687481623, "xTMD4": 0.5695731811458352, "xTMD5": 0.37832579578654046, "xTMD6": 0.5081034277546694}, "datetime": {"datetime": "2023-02-03 10:42:17", "elapsed": 1634.108596, "delta": 15.455563}}
{"target": -0.8740004485675283, "params": {"dTMD1": 0.9528778777806363, "dTMD2": 0.9405661612866496, "dTMD3": 0.6880633557631883, "dTMD4": 0.9091070368853003, "dTMD5": 0.6591006116746383, "dTMD6": 0.11104728938578179, "fTMD1": 0.6609783174150616, "fTMD2": 0.7489264866584525, "fTMD3": 0.39015299018188665, "fTMD4": 0.4340412622844606, "fTMD5": 0.2027904995061205, "fTMD6": 0.44384762957747337, "mTMD1": 0.35487808741875393, "mTMD2": 0.6193439114179387, "mTMD3": 0.9886522429699778, "mTMD4": 0.9968387829474247, "mTMD5": 0.8467674789706896, "xTMD1": 0.18112447661209774, "xTMD2": 0.9412055561288533, "xTMD3": 0.43941759105898825, "xTMD4": 0.7029403679449715, "xTMD5": 0.5188905346952992, "xTMD6": 0.3837979842289969}, "datetime": {"datetime": "2023-02-03 10:42:33", "elapsed": 1649.614774, "delta": 15.506178}}
{"target": -0.69409642344897, "params": {"dTMD1": 0.22602509561456696, "dTMD2": 0.8286472581328129, "dTMD3": 0.5453504705704575, "dTMD4": 0.4521904642037732, "dTMD5": 0.3096579916960037, "dTMD6": 0.7290055672570525, "fTMD1": 0.7274165391317041, "fTMD2": 0.7036100435652811, "fTMD3": 0.19200859240521628, "fTMD4": 0.7346343678601714, "fTMD5": 0.5404110283800196, "fTMD6": 0.029269733308769585, "mTMD1": 0.051349283544208535, "mTMD2": 0.9337866121699242, "mTMD3": 0.7594365307152571, "mTMD4": 0.6574906364061567, "mTMD5": 0.22251488201473757, "xTMD1": 0.562386398333936, "xTMD2": 0.40694135724830005, "xTMD3": 0.21645022316098572, "xTMD4": 0.6281851669878806, "xTMD5": 0.36555842769752933, "xTMD6": 0.7754032919104581}, "datetime": {"datetime": "2023-02-03 10:42:51", "elapsed": 1667.670202, "delta": 18.055428}}
{"target": -0.9397861352124096, "params": {"dTMD1": 0.3796701468015433, "dTMD2": 0.8035792431872354, "dTMD3": 0.0938406666674041, "dTMD4": 0.5033009955860808, "dTMD5": 0.30916872508385984, "dTMD6": 0.3836358683286737, "fTMD1": 0.6128310107186238, "fTMD2": 0.7859160121635956, "fTMD3": 0.46987737066970436, "fTMD4": 0.44988407096354366, "fTMD5": 0.7134872582156613, "fTMD6": 0.332731432201376, "mTMD1": 0.29802502110251783, "mTMD2": 0.5603210283185197, "mTMD3": 0.9374614114926194, "mTMD4": 0.9331541561235569, "mTMD5": 0.9072955542184111, "xTMD1": 0.5119718499816226, "xTMD2": 0.8633887340558862, "xTMD3": 0.3821326080819719, "xTMD4": 0.6594399309249135, "xTMD5": 0.7915879219772167, "xTMD6": 0.7029027522345598}, "datetime": {"datetime": "2023-02-03 10:43:10", "elapsed": 1687.200482, "delta": 19.53028}}
{"target": -1.0971230057257237, "params": {"dTMD1": 0.9319924817332771, "dTMD2": 0.2137525356049419, "dTMD3": 0.6334636156897898, "dTMD4": 0.7446958512894023, "dTMD5": 0.12274006257690828, "dTMD6": 0.9924522013959033, "fTMD1": 0.8052717665148704, "fTMD2": 0.7575590479317148, "fTMD3": 0.5267087650079404, "fTMD4": 0.01885832053266956, "fTMD5": 0.6092840756186135, "fTMD6": 0.6079603679715371, "mTMD1": 0.06244958738167994, "mTMD2": 0.3744604458383063, "mTMD3": 0.13202159474731046, "mTMD4": 0.25956967478645043, "mTMD5": 0.7536960606135498, "xTMD1": 0.6829555509678072, "xTMD2": 0.6674634503099715, "xTMD3": 0.23278244783650281, "xTMD4": 0.015755489621941954, "xTMD5": 0.1583762895686477, "xTMD6": 0.3129049860320404}, "datetime": {"datetime": "2023-02-03 10:43:28", "elapsed": 1704.754794, "delta": 17.554312}}
{"target": -0.919233986181611, "params": {"dTMD1": 0.6216000744634571, "dTMD2": 0.09630425556149602, "dTMD3": 0.8929665424634716, "dTMD4": 0.4469020339122446, "dTMD5": 0.7674427155209395, "dTMD6": 0.5222705913133067, "fTMD1": 0.1839930416810659, "fTMD2": 0.5014711005578681, "fTMD3": 0.23276966438169444, "fTMD4": 0.8311456918992531, "fTMD5": 0.7873913909340153, "fTMD6": 0.6327745193076993, "mTMD1": 0.31634610217954273, "mTMD2": 0.18553766523427617, "mTMD3": 0.9309310784678414, "mTMD4": 0.8415192182872284, "mTMD5": 0.9791981459945718, "xTMD1": 0.11760538637068985, "xTMD2": 0.16041535090148284, "xTMD3": 0.8023000147059189, "xTMD4": 0.7453538250228392, "xTMD5": 0.5404849767103251, "xTMD6": 0.5115141880579323}, "datetime": {"datetime": "2023-02-03 10:43:53", "elapsed": 1730.276552, "delta": 25.521758}}
{"target": -0.8685236884607429, "params": {"dTMD1": 0.14662331036327447, "dTMD2": 0.05498083238544882, "dTMD3": 0.29947414995390587, "dTMD4": 0.28144827092323743, "dTMD5": 0.2442862573783512, "dTMD6": 0.1975388862781361, "fTMD1": 0.16265367335265057, "fTMD2": 0.33300393555759933, "fTMD3": 0.2613478628130229, "fTMD4": 0.8244824678606721, "fTMD5": 0.8161303588200863, "fTMD6": 0.8322943325384241, "mTMD1": 0.7436141538166443, "mTMD2": 0.9447394445234348, "mTMD3": 0.9085458810398467, "mTMD4": 0.9342878498775411, "mTMD5": 0.9559935942725548, "xTMD1": 0.3277339847375712, "xTMD2": 0.6723114634406161, "xTMD3": 0.4103307426978, "xTMD4": 0.7137045199092685, "xTMD5": 0.5483577980629988, "xTMD6": 0.43702060272027743}, "datetime": {"datetime": "2023-02-03 10:44:12", "elapsed": 1748.563882, "delta": 18.28733}}
{"target": -0.9539733625682263, "params": {"dTMD1": 0.8870821659327381, "dTMD2": 0.01586683016429391, "dTMD3": 0.1301097511078827, "dTMD4": 0.1155032300482044, "dTMD5": 0.06786758369563739, "dTMD6": 0.6863818666316355, "fTMD1": 0.37163521105727804, "fTMD2": 0.5011218573741996, "fTMD3": 0.0023939501169463195, "fTMD4": 0.5865096501384439, "fTMD5": 0.8368599450059018, "fTMD6": 0.5242157167639949, "mTMD1": 0.6771828814947972, "mTMD2": 0.0454529739141305, "mTMD3": 0.11054317400766112, "mTMD4": 0.9099650703340855, "mTMD5": 0.9430229725089011, "xTMD1": 0.018623544238367096, "xTMD2": 0.8958771606731282, "xTMD3": 0.15324046062931007, "xTMD4": 0.5844238878836885, "xTMD5": 0.292035709429028, "xTMD6": 0.5315826368113192}, "datetime": {"datetime": "2023-02-03 10:44:30", "elapsed": 1767.119946, "delta": 18.556064}}
{"target": -0.6594266225350404, "params": {"dTMD1": 0.47347881179802986, "dTMD2": 0.7292821603499481, "dTMD3": 0.0656460466390294, "dTMD4": 0.788549572892941, "dTMD5": 0.25343414913401474, "dTMD6": 0.5844605832722498, "fTMD1": 0.597638814505961, "fTMD2": 0.7818516351742633, "fTMD3": 0.08743649783190277, "fTMD4": 0.2371559034243902, "fTMD5": 0.2564152638900046, "fTMD6": 0.396987004397537, "mTMD1": 0.15449951960378605, "mTMD2": 0.6851561991980113, "mTMD3": 0.9878275425865757, "mTMD4": 0.42322343344480473, "mTMD5": 0.39888666899901926, "xTMD1": 0.25918537692114707, "xTMD2": 0.5338051464951098, "xTMD3": 0.2486447675014004, "xTMD4": 0.4925630224134865, "xTMD5": 0.6176465422496, "xTMD6": 0.014145421174256545}, "datetime": {"datetime": "2023-02-03 10:44:48", "elapsed": 1784.779659, "delta": 17.659713}}
{"target": -1.0250785500337138, "params": {"dTMD1": 0.9268823414699927, "dTMD2": 0.9979432172271488, "dTMD3": 0.9675653720650182, "dTMD4": 0.2512699368889686, "dTMD5": 0.769836170236861, "dTMD6": 0.10691647995037479, "fTMD1": 0.8839206982591408, "fTMD2": 0.6228864941724614, "fTMD3": 0.544748944941245, "fTMD4": 0.7304825259603218, "fTMD5": 0.005986688193586054, "fTMD6": 0.06815181375676294, "mTMD1": 0.5160493176951937, "mTMD2": 0.5204676402517487, "mTMD3": 0.734444627936782, "mTMD4": 0.41853970868564006, "mTMD5": 0.6944404919780665, "xTMD1": 0.7200671286399396, "xTMD2": 0.5479928127255073, "xTMD3": 0.6384165074015716, "xTMD4": 0.36415306501520994, "xTMD5": 0.790402696691312, "xTMD6": 0.4944365992681229}, "datetime": {"datetime": "2023-02-03 10:45:06", "elapsed": 1802.531185, "delta": 17.751526}}
{"target": -1.1687969863015786, "params": {"dTMD1": 0.4479743713448663, "dTMD2": 0.6709823873786712, "dTMD3": 0.48195320595779445, "dTMD4": 0.6789148172937356, "dTMD5": 0.0888033345600513, "dTMD6": 0.37402166382082436, "fTMD1": 0.7970418573731607, "fTMD2": 0.8247227110387719, "fTMD3": 0.4221783047426372, "fTMD4": 0.18920673377061892, "fTMD5": 0.31920860586741673, "fTMD6": 0.42864133770970514, "mTMD1": 0.33248365062075713, "mTMD2": 0.9113058220960839, "mTMD3": 0.8684882457663652, "mTMD4": 0.889308238100655, "mTMD5": 0.812894740154411, "xTMD1": 0.11008727547506314, "xTMD2": 0.9327900010334622, "xTMD3": 0.14420676552423317, "xTMD4": 0.6906210038862122, "xTMD5": 0.30813173467145916, "xTMD6": 0.8177103530971385}, "datetime": {"datetime": "2023-02-03 10:45:23", "elapsed": 1819.536952, "delta": 17.005767}}
{"target": -0.5510672018129001, "params": {"dTMD1": 0.5935611080315465, "dTMD2": 0.9799545609813951, "dTMD3": 0.4594663908941754, "dTMD4": 0.21832977718651359, "dTMD5": 0.3100521048496654, "dTMD6": 0.47688691245106707, "fTMD1": 0.8004831058717793, "fTMD2": 0.6387685912128277, "fTMD3": 0.414448854542532, "fTMD4": 0.32376928460520393, "fTMD5": 0.3620047090019691, "fTMD6": 0.09093318717242804, "mTMD1": 0.19821095831339142, "mTMD2": 0.88784960371011, "mTMD3": 0.7690484216409234, "mTMD4": 0.6180650058869869, "mTMD5": 0.8249012558866539, "xTMD1": 0.6815935339632471, "xTMD2": 0.7788287010331032, "xTMD3": 0.23405514230717384, "xTMD4": 0.08620805329214754, "xTMD5": 0.7094310257095524, "xTMD6": 0.7120100356745003}, "datetime": {"datetime": "2023-02-03 10:45:39", "elapsed": 1836.046135, "delta": 16.509183}}
{"target": -0.5926425820195442, "params": {"dTMD1": 0.4083184899136293, "dTMD2": 0.5934625919637929, "dTMD3": 0.9711993598039584, "dTMD4": 0.7273132300747345, "dTMD5": 0.2100363691957966, "dTMD6": 0.8414245521536474, "fTMD1": 0.438311761982918, "fTMD2": 0.6081987969128201, "fTMD3": 0.5575006701882371, "fTMD4": 0.03595156929662602, "fTMD5": 0.7688203301024791, "fTMD6": 0.4324119700070631, "mTMD1": 0.5188869248195775, "mTMD2": 0.4347534812764746, "mTMD3": 0.10640707482373357, "mTMD4": 0.6900061272258436, "mTMD5": 0.4311915591440817, "xTMD1": 0.07111959802158241, "xTMD2": 0.22392975172516782, "xTMD3": 0.5872756230274004, "xTMD4": 0.2726233097992711, "xTMD5": 0.6269488140178691, "xTMD6": 0.2776626045296161}, "datetime": {"datetime": "2023-02-03 10:45:55", "elapsed": 1851.895971, "delta": 15.849836}}
{"target": -1.2345973408445687, "params": {"dTMD1": 0.32299685334185757, "dTMD2": 0.9994448099884031, "dTMD3": 0.4686277440227292, "dTMD4": 0.7141514947692357, "dTMD5": 0.26926571572932234, "dTMD6": 0.23500234448538526, "fTMD1": 0.9849072050437462, "fTMD2": 0.6616429522966483, "fTMD3": 0.2982369246581512, "fTMD4": 0.6183135205064049, "fTMD5": 0.21047632710936903, "fTMD6": 0.44691425189369616, "mTMD1": 0.12932037537551555, "mTMD2": 0.6939872906509614, "mTMD3": 0.8180255986221825, "mTMD4": 0.36503462093964, "mTMD5": 0.09643373973228186, "xTMD1": 0.3482648368525201, "xTMD2": 0.18656344072591924, "xTMD3": 0.3276641662669535, "xTMD4": 0.15188304314184764, "xTMD5": 0.46030942663846763, "xTMD6": 0.5018089644585875}, "datetime": {"datetime": "2023-02-03 10:46:11", "elapsed": 1867.848944, "delta": 15.952973}}
{"target": -0.7671068062035463, "params": {"dTMD1": 0.514788604643917, "dTMD2": 0.8272738041560623, "dTMD3": 0.33563603172926404, "dTMD4": 0.3656742361505516, "dTMD5": 0.5418523751367849, "dTMD6": 0.7277354897498357, "fTMD1": 0.7295572260951905, "fTMD2": 0.3414092472595913, "fTMD3": 0.0811462664906073, "fTMD4": 0.24520804756594883, "fTMD5": 0.1872295218176524, "fTMD6": 0.13194944953209586, "mTMD1": 0.2763291028373309, "mTMD2": 0.5625311062616625, "mTMD3": 0.9242114254869241, "mTMD4": 0.5383164915076932, "mTMD5": 0.5475365989978734, "xTMD1": 0.620787803546317, "xTMD2": 0.9776132324931444, "xTMD3": 0.33387487871101296, "xTMD4": 0.03807291448444061, "xTMD5": 0.3795589570879522, "xTMD6": 0.4451084010795885}, "datetime": {"datetime": "2023-02-03 10:46:27", "elapsed": 1883.840828, "delta": 15.991884}}
{"target": -1.0395874047626419, "params": {"dTMD1": 0.040105449617843014, "dTMD2": 0.8118141393470464, "dTMD3": 0.7694219851550059, "dTMD4": 0.43193623868182063, "dTMD5": 0.33576870176089224, "dTMD6": 0.4259093379265727, "fTMD1": 0.5148962763622358, "fTMD2": 0.737738626516464, "fTMD3": 0.3974708551415106, "fTMD4": 0.6190892755069478, "fTMD5": 0.3052838927794783, "fTMD6": 0.05081645893383713, "mTMD1": 0.07614667485431237, "mTMD2": 0.46779340403402525, "mTMD3": 0.5761413222027014, "mTMD4": 0.8672937640800162, "mTMD5": 0.6273214832938234, "xTMD1": 0.6773254627833551, "xTMD2": 0.7288883407757825, "xTMD3": 0.22370044646197718, "xTMD4": 0.34403672038763633, "xTMD5": 0.32405535512517003, "xTMD6": 0.6776870570357132}, "datetime": {"datetime": "2023-02-03 10:46:43", "elapsed": 1899.93563, "delta": 16.094802}}
{"target": -1.052147122663981, "params": {"dTMD1": 0.13526983131747872, "dTMD2": 0.3547826096731118, "dTMD3": 0.7635591104555777, "dTMD4": 0.9947046095071626, "dTMD5": 0.9855384872430268, "dTMD6": 0.009143174230024531, "fTMD1": 0.04617837176563033, "fTMD2": 0.5291429613932092, "fTMD3": 0.9937915132795827, "fTMD4": 0.8903641563270727, "fTMD5": 0.667481372782856, "fTMD6": 0.5333617734505217, "mTMD1": 0.43127863902255104, "mTMD2": 0.9405724350874933, "mTMD3": 0.15347642810960593, "mTMD4": 0.5492633674795182, "mTMD5": 0.8084111397776639, "xTMD1": 0.43674217149988115, "xTMD2": 0.7074443784303714, "xTMD3": 0.8569825677030651, "xTMD4": 0.4901010642471093, "xTMD5": 0.31451385571715695, "xTMD6": 0.8708391898022867}, "datetime": {"datetime": "2023-02-03 10:47:00", "elapsed": 1916.414398, "delta": 16.478768}}
{"target": -0.49303857970135706, "params": {"dTMD1": 0.4083979507196479, "dTMD2": 0.3918690366132137, "dTMD3": 0.6606385359343029, "dTMD4": 0.7041376484590343, "dTMD5": 0.2078710838213481, "dTMD6": 0.6524375386477874, "fTMD1": 0.2516074247691631, "fTMD2": 0.7934652128136054, "fTMD3": 0.5080403103403341, "fTMD4": 0.020749762753026757, "fTMD5": 0.7004497306278719, "fTMD6": 0.1976026329662105, "mTMD1": 0.5988072722143221, "mTMD2": 0.23215244858123474, "mTMD3": 0.017984747125443956, "mTMD4": 0.3904936408788411, "mTMD5": 0.24676015491311853, "xTMD1": 0.2362379116115405, "xTMD2": 0.24103761731087903, "xTMD3": 0.6354959599576782, "xTMD4": 0.10242721006933242, "xTMD5": 0.5838519671927649, "xTMD6": 0.10897671967684652}, "datetime": {"datetime": "2023-02-03 10:47:16", "elapsed": 1932.953252, "delta": 16.538854}}
{"target": -0.7247876898488349, "params": {"dTMD1": 0.3777886439597796, "dTMD2": 0.9983000042448539, "dTMD3": 0.0218910039417598, "dTMD4": 0.22629235417545246, "dTMD5": 0.4121007563397212, "dTMD6": 0.7369656339359394, "fTMD1": 0.3275868948395708, "fTMD2": 0.7366142987524427, "fTMD3": 0.30195082085249925, "fTMD4": 0.44605948764619807, "fTMD5": 0.2545790858675282, "fTMD6": 0.5653348517720505, "mTMD1": 0.5043278188586724, "mTMD2": 0.862558167773495, "mTMD3": 0.9371274121658104, "mTMD4": 0.5240251691811052, "mTMD5": 0.849288012223614, "xTMD1": 0.7420268041819494, "xTMD2": 0.6491166791021825, "xTMD3": 0.0807628919723512, "xTMD4": 0.18698781349846316, "xTMD5": 0.6969205700703764, "xTMD6": 0.7211658901200239}, "datetime": {"datetime": "2023-02-03 10:47:32", "elapsed": 1948.426078, "delta": 15.472826}}
{"target": -0.8702376051480727, "params": {"dTMD1": 0.5713162943003426, "dTMD2": 0.8534354288349311, "dTMD3": 0.2244739489513825, "dTMD4": 0.23669722073080413, "dTMD5": 0.7511813006523546, "dTMD6": 0.4115659564483878, "fTMD1": 0.7555332396461981, "fTMD2": 0.7625065264858382, "fTMD3": 0.03257076701506334, "fTMD4": 0.35900604028604666, "fTMD5": 0.26566254108911713, "fTMD6": 0.4204620411591633, "mTMD1": 0.0478966688209701, "mTMD2": 0.6472606382845324, "mTMD3": 0.7087144341346023, "mTMD4": 0.482252696435436, "mTMD5": 0.7010158761261345, "xTMD1": 0.5532016502610257, "xTMD2": 0.9779582769146812, "xTMD3": 0.23598002251056993, "xTMD4": 0.41924462342942925, "xTMD5": 0.535252361389277, "xTMD6": 0.3366425301910123}, "datetime": {"datetime": "2023-02-03 10:47:48", "elapsed": 1965.177548, "delta": 16.75147}}
{"target": -0.8184375512307254, "params": {"dTMD1": 0.44365286833499706, "dTMD2": 0.5312589000866847, "dTMD3": 0.7169607885367164, "dTMD4": 0.9593691552835916, "dTMD5": 0.8516061463035997, "dTMD6": 0.6138241971674311, "fTMD1": 0.9307954838851341, "fTMD2": 0.5199412779699341, "fTMD3": 0.534392455891012, "fTMD4": 0.4280246472764152, "fTMD5": 0.8221060838896662, "fTMD6": 0.8023786907992132, "mTMD1": 0.09752129381747343, "mTMD2": 0.4140127810160438, "mTMD3": 0.47108049657932105, "mTMD4": 0.6815877348693632, "mTMD5": 0.7080859183464093, "xTMD1": 0.7729092024077464, "xTMD2": 0.43153894108676705, "xTMD3": 0.09116615046430443, "xTMD4": 0.46828725415541805, "xTMD5": 0.5698133252861818, "xTMD6": 0.2617747923123518}, "datetime": {"datetime": "2023-02-03 10:48:05", "elapsed": 1981.786318, "delta": 16.60877}}
{"target": -0.9135515715295792, "params": {"dTMD1": 0.3971439696854375, "dTMD2": 0.3546897016920415, "dTMD3": 0.941713332144619, "dTMD4": 0.7832536331853317, "dTMD5": 0.09785077529940067, "dTMD6": 0.6004078671131096, "fTMD1": 0.8107935185123376, "fTMD2": 0.3902781824864512, "fTMD3": 0.3991675166743075, "fTMD4": 0.24785212395919443, "fTMD5": 0.5393353471139118, "fTMD6": 0.7042340058266681, "mTMD1": 0.35735010393109645, "mTMD2": 0.4194810855073656, "mTMD3": 0.19206776728994046, "mTMD4": 0.984987030911922, "mTMD5": 0.5122016044019364, "xTMD1": 0.27731564613709403, "xTMD2": 0.2047391770993553, "xTMD3": 0.47927791781407625, "xTMD4": 0.3535311790526886, "xTMD5": 0.7877208419248556, "xTMD6": 0.39320386732717116}, "datetime": {"datetime": "2023-02-03 10:48:22", "elapsed": 1998.511293, "delta": 16.724975}}
{"target": -1.1999191734643981, "params": {"dTMD1": 0.30155850059575884, "dTMD2": 0.5896567991043851, "dTMD3": 0.46422358731331403, "dTMD4": 0.8749831276305182, "dTMD5": 0.31253135743870475, "dTMD6": 0.7860537020695268, "fTMD1": 0.421151745258429, "fTMD2": 0.8849860394776151, "fTMD3": 0.3162681755299921, "fTMD4": 0.1450147470920996, "fTMD5": 0.8116206341368739, "fTMD6": 0.49048795169953374, "mTMD1": 0.7341326197458193, "mTMD2": 0.10444299309374228, "mTMD3": 0.4093503856104328, "mTMD4": 0.1364250117579029, "mTMD5": 0.24988365107962418, "xTMD1": 0.15495127409466414, "xTMD2": 0.31603840161672914, "xTMD3": 0.7531468512384407, "xTMD4": 0.012942279409865365, "xTMD5": 0.17553681275838595, "xTMD6": 0.00022248016523906955}, "datetime": {"datetime": "2023-02-03 10:48:38", "elapsed": 2015.208147, "delta": 16.696854}}
{"target": -0.9613681604033235, "params": {"dTMD1": 0.023867089806929864, "dTMD2": 0.909497288139466, "dTMD3": 0.41523175803160706, "dTMD4": 0.642620040772129, "dTMD5": 0.6309638619514122, "dTMD6": 0.6095012493304439, "fTMD1": 0.9232634703074375, "fTMD2": 0.9628664943485327, "fTMD3": 0.20275969962636686, "fTMD4": 0.4922128289785834, "fTMD5": 0.23320186054509517, "fTMD6": 0.28059505883338043, "mTMD1": 0.7448258515862024, "mTMD2": 0.6557272020297735, "mTMD3": 0.8935044716634759, "mTMD4": 0.25821849007892017, "mTMD5": 0.47634674991610004, "xTMD1": 0.3130730046868774, "xTMD2": 0.18154898833907163, "xTMD3": 0.032991709334291075, "xTMD4": 0.3275870518737024, "xTMD5": 0.20537429583020073, "xTMD6": 0.7895354258087812}, "datetime": {"datetime": "2023-02-03 10:48:56", "elapsed": 2033.325555, "delta": 18.117408}}
{"target": -0.5574632630729093, "params": {"dTMD1": 0.04228926667663413, "dTMD2": 0.7419587361946642, "dTMD3": 0.08091341896760484, "dTMD4": 0.4482148604422447, "dTMD5": 0.6991076939398666, "dTMD6": 0.8889306472819667, "fTMD1": 0.898621451412566, "fTMD2": 0.5931104099816348, "fTMD3": 0.15293219996661678, "fTMD4": 0.6788575020073254, "fTMD5": 0.4455616848036803, "fTMD6": 0.31770976222030756, "mTMD1": 0.22308960638186004, "mTMD2": 0.657623353823378, "mTMD3": 0.8289113782681218, "mTMD4": 0.22493482356348404, "mTMD5": 0.5756923605035443, "xTMD1": 0.590060622744104, "xTMD2": 0.449499259910239, "xTMD3": 0.14662770458578844, "xTMD4": 0.4526854174747418, "xTMD5": 0.27015256529386866, "xTMD6": 0.9502468289523489}, "datetime": {"datetime": "2023-02-03 10:49:17", "elapsed": 2054.065071, "delta": 20.739516}}
