{"target": -0.8589587168920463, "params": {"dTMD1": 0.11779922558330902, "dTMD2": 0.9180331933508519, "dTMD3": 0.9962588067314306, "dTMD4": 0.931176808550379, "dTMD5": 0.8586825841598126, "dTMD6": 0.5600842665686139, "fTMD1": 0.6300824518033827, "fTMD2": 0.7526768997452027, "fTMD3": 0.30841494740328224, "fTMD4": 0.46813765774708616, "fTMD5": 0.5402947683688957, "fTMD6": 0.5124935891314412, "mTMD1": 0.31491524608434895, "mTMD2": 0.6138189739697829, "mTMD3": 0.6231131836333849, "mTMD4": 0.39851687807548997, "mTMD5": 0.4951812520385478, "xTMD1": 0.275069831800107, "xTMD2": 0.7856244845036917, "xTMD3": 0.1612010418645502, "xTMD4": 0.46428919962616577, "xTMD5": 0.9432721994074894, "xTMD6": 0.8934308416258829}, "datetime": {"datetime": "2023-02-03 12:13:50", "elapsed": 7126.710316, "delta": 15.615656}}
{"target": -0.6841662227524081, "params": {"dTMD1": 0.08594438838147933, "dTMD2": 0.7603076915097517, "dTMD3": 0.2602317678052164, "dTMD4": 0.7246034426404103, "dTMD5": 0.6856957058304622, "dTMD6": 0.42888092315715376, "fTMD1": 0.7839907891460243, "fTMD2": 0.39882768204300734, "fTMD3": 0.24031463037038958, "fTMD4": 0.25549079311841594, "fTMD5": 0.20031498685615845, "fTMD6": 0.26512674962639793, "mTMD1": 0.0818906424919622, "mTMD2": 0.5844728155341911, "mTMD3": 0.5333966741725581, "mTMD4": 0.12402153454009801, "mTMD5": 0.684875984980589, "xTMD1": 0.6358350421181357, "xTMD2": 0.6604508001268636, "xTMD3": 0.2783215568398296, "xTMD4": 0.36739880987546625, "xTMD5": 0.5518133827825137, "xTMD6": 0.5986922782397877}, "datetime": {"datetime": "2023-02-03 12:14:06", "elapsed": 7142.384591, "delta": 15.674275}}
{"target": -1.005617068934249, "params": {"dTMD1": 0.5301318333930624, "dTMD2": 0.06213572917196275, "dTMD3": 0.4251157252830139, "dTMD4": 0.8427435592750752, "dTMD5": 0.1923300808896069, "dTMD6": 0.7374537370276192, "fTMD1": 0.9546430827883401, "fTMD2": 0.6588953823051218, "fTMD3": 0.5406664704355088, "fTMD4": 0.18504572729229052, "fTMD5": 0.08183717662739787, "fTMD6": 0.904987648181516, "mTMD1": 0.19591013912097688, "mTMD2": 0.17480670056940428, "mTMD3": 0.6414127814671522, "mTMD4": 0.31148180298235606, "mTMD5": 0.6335436871930955, "xTMD1": 0.8371953830134957, "xTMD2": 0.5522408122929778, "xTMD3": 0.08578749405808617, "xTMD4": 0.5097802143670451, "xTMD5": 0.8489823829320955, "xTMD6": 0.2694065559815265}, "datetime": {"datetime": "2023-02-03 12:14:21", "elapsed": 7158.168925, "delta": 15.784334}}
{"target": -0.9051918823516388, "params": {"dTMD1": 0.048874910102818414, "dTMD2": 0.9411406949813158, "dTMD3": 0.2028576979725759, "dTMD4": 0.3523248377526629, "dTMD5": 0.898588459534974, "dTMD6": 0.3491947720716787, "fTMD1": 0.6322284811856873, "fTMD2": 0.5358118578403464, "fTMD3": 0.7129441836006535, "fTMD4": 0.5026355494225471, "fTMD5": 0.6305551968431594, "fTMD6": 0.33764342939878766, "mTMD1": 0.314056273584298, "mTMD2": 0.3652547474474147, "mTMD3": 0.8290466332506633, "mTMD4": 0.06881335333719418, "mTMD5": 0.8983286846904877, "xTMD1": 0.5085978609374566, "xTMD2": 0.39116607938700476, "xTMD3": 0.04065036496839591, "xTMD4": 0.3053738976452074, "xTMD5": 0.4951268893277606, "xTMD6": 0.970431969769591}, "datetime": {"datetime": "2023-02-03 12:14:37", "elapsed": 7173.69707, "delta": 15.528145}}
{"target": -0.721313833721714, "params": {"dTMD1": 0.3801472250331197, "dTMD2": 0.7870160163276445, "dTMD3": 0.1068901056962851, "dTMD4": 0.4236704035097657, "dTMD5": 0.7613959132303486, "dTMD6": 0.33954928225951697, "fTMD1": 0.42632096788444374, "fTMD2": 0.6743880671850593, "fTMD3": 0.22338653618439663, "fTMD4": 0.8454083869745727, "fTMD5": 0.5951616754849497, "fTMD6": 0.09518087362105065, "mTMD1": 0.3301838042775965, "mTMD2": 0.7433346367016838, "mTMD3": 0.6324058454831127, "mTMD4": 0.6743932782990238, "mTMD5": 0.5995815380120417, "xTMD1": 0.17155777779636727, "xTMD2": 0.6338218135621463, "xTMD3": 0.43162816409673277, "xTMD4": 0.35206789981185904, "xTMD5": 0.4568186021576697, "xTMD6": 0.9546393669390248}, "datetime": {"datetime": "2023-02-03 12:14:52", "elapsed": 7189.210386, "delta": 15.513316}}
{"target": -0.9846420753717742, "params": {"dTMD1": 0.26956401045637834, "dTMD2": 0.3749264188124394, "dTMD3": 0.19003258527850464, "dTMD4": 0.09387970462672657, "dTMD5": 0.44182449666164336, "dTMD6": 0.8817589123483947, "fTMD1": 0.5295346562013393, "fTMD2": 0.3863125865520325, "fTMD3": 0.07228604094218061, "fTMD4": 0.9481685657901286, "fTMD5": 0.41276281808546467, "fTMD6": 0.04933307248656127, "mTMD1": 0.09208439366819676, "mTMD2": 0.698386414534813, "mTMD3": 0.6812676524605371, "mTMD4": 0.09571628607626015, "mTMD5": 0.6728335231516592, "xTMD1": 0.7681018272368786, "xTMD2": 0.6685762229508512, "xTMD3": 0.17493150718620532, "xTMD4": 0.5085494815121139, "xTMD5": 0.5239886147326038, "xTMD6": 0.8679781513761611}, "datetime": {"datetime": "2023-02-03 12:15:08", "elapsed": 7204.911599, "delta": 15.701213}}
{"target": -0.4710797754217419, "params": {"dTMD1": 0.4772259023670613, "dTMD2": 0.8503502463163062, "dTMD3": 0.29028133574548753, "dTMD4": 0.27246267461234286, "dTMD5": 0.6822731262505292, "dTMD6": 0.6846326971118138, "fTMD1": 0.46885457631533656, "fTMD2": 0.42591341615475, "fTMD3": 0.06588879785117396, "fTMD4": 0.6130375283760923, "fTMD5": 0.249543438406144, "fTMD6": 0.2601298467644315, "mTMD1": 0.13985603125133772, "mTMD2": 0.7882119868271803, "mTMD3": 0.3932123636198227, "mTMD4": 0.36626948500556655, "mTMD5": 0.42292346215864074, "xTMD1": 0.06275463299661932, "xTMD2": 0.7036283350551819, "xTMD3": 0.40615284643042304, "xTMD4": 0.7178539813234048, "xTMD5": 0.5738010917821451, "xTMD6": 0.922204838622112}, "datetime": {"datetime": "2023-02-03 12:15:24", "elapsed": 7220.841357, "delta": 15.929758}}
{"target": -0.5770577655655925, "params": {"dTMD1": 0.5514249644414564, "dTMD2": 0.7459356502459761, "dTMD3": 0.34930601502356007, "dTMD4": 0.27478408745715555, "dTMD5": 0.5060975505461632, "dTMD6": 0.6807264259074024, "fTMD1": 0.5577567436192633, "fTMD2": 0.03919735196786034, "fTMD3": 0.28184421939474225, "fTMD4": 0.3344345878048349, "fTMD5": 0.20261210961603626, "fTMD6": 0.06634352587610437, "mTMD1": 0.17839114300318715, "mTMD2": 0.9028456425633806, "mTMD3": 0.705765673533838, "mTMD4": 0.6129997934874433, "mTMD5": 0.21360777753196492, "xTMD1": 0.7325467664229754, "xTMD2": 0.4616914808553759, "xTMD3": 0.16332410733564795, "xTMD4": 0.41895651679429546, "xTMD5": 0.7601690570140356, "xTMD6": 0.8789948326927702}, "datetime": {"datetime": "2023-02-03 12:15:42", "elapsed": 7238.858325, "delta": 18.016968}}
{"target": -0.9439394478266254, "params": {"dTMD1": 0.4111762308344208, "dTMD2": 0.9703020733057073, "dTMD3": 0.1227315020128108, "dTMD4": 0.22624674503798958, "dTMD5": 0.22752853949201934, "dTMD6": 0.42432322239617504, "fTMD1": 0.4357297945574743, "fTMD2": 0.5372147488737335, "fTMD3": 0.3633834599207073, "fTMD4": 0.34052913255808026, "fTMD5": 0.15465967306364292, "fTMD6": 0.010670677291384822, "mTMD1": 0.5535632598286833, "mTMD2": 0.6432996211591548, "mTMD3": 0.9922965169516174, "mTMD4": 0.6714516486740365, "mTMD5": 0.7141638827258863, "xTMD1": 0.5359439052136362, "xTMD2": 0.46767555328347754, "xTMD3": 0.10236501486599714, "xTMD4": 0.26905442308818994, "xTMD5": 0.2930317591118594, "xTMD6": 0.9992691878003411}, "datetime": {"datetime": "2023-02-03 12:15:59", "elapsed": 7256.293394, "delta": 17.435069}}
{"target": -0.7405140130556497, "params": {"dTMD1": 0.15479289170799793, "dTMD2": 0.7852885131900845, "dTMD3": 0.3660695578163047, "dTMD4": 0.05591373082767137, "dTMD5": 0.670390816585209, "dTMD6": 0.9245687646712671, "fTMD1": 0.881962276792538, "fTMD2": 0.3559395856047255, "fTMD3": 0.5147328232226119, "fTMD4": 0.2290523618948782, "fTMD5": 0.7126130556623754, "fTMD6": 0.13310818300852378, "mTMD1": 0.24053610313378637, "mTMD2": 0.33897703893763764, "mTMD3": 0.8111354244481569, "mTMD4": 0.3337473489245082, "mTMD5": 0.8164359973139703, "xTMD1": 0.610879426727308, "xTMD2": 0.8373418300295674, "xTMD3": 0.05835597147297178, "xTMD4": 0.045122803722269844, "xTMD5": 0.6284071820503391, "xTMD6": 0.8653599078802537}, "datetime": {"datetime": "2023-02-03 12:16:15", "elapsed": 7272.005969, "delta": 15.712575}}
{"target": -0.7768022181096591, "params": {"dTMD1": 0.16295604425729715, "dTMD2": 0.9201889018339221, "dTMD3": 0.18587219851119663, "dTMD4": 0.23633025183394152, "dTMD5": 0.5780556783812973, "dTMD6": 0.9390376292539034, "fTMD1": 0.5613739260757762, "fTMD2": 0.3042897356206484, "fTMD3": 0.18179386989630264, "fTMD4": 0.16816075587997625, "fTMD5": 0.03528703655894272, "fTMD6": 0.07328348674315965, "mTMD1": 0.42409207064815824, "mTMD2": 0.8027474605415589, "mTMD3": 0.7736812621915594, "mTMD4": 0.5865061486457727, "mTMD5": 0.3387193739381572, "xTMD1": 0.3850096697663198, "xTMD2": 0.6753814309388687, "xTMD3": 0.3768939499855206, "xTMD4": 0.07255015058897973, "xTMD5": 0.7952404254757658, "xTMD6": 0.7028061767844954}, "datetime": {"datetime": "2023-02-03 12:16:31", "elapsed": 7287.666994, "delta": 15.661025}}
{"target": -0.6207971011114851, "params": {"dTMD1": 0.7183748391090683, "dTMD2": 0.6648800351431303, "dTMD3": 0.45652678415528436, "dTMD4": 0.38701489644724396, "dTMD5": 0.4966742901272023, "dTMD6": 0.6395658261710645, "fTMD1": 0.6609321327329043, "fTMD2": 0.2350789060300552, "fTMD3": 0.4594219388779347, "fTMD4": 0.34868188436562575, "fTMD5": 0.050877392175304625, "fTMD6": 0.11416059792023814, "mTMD1": 0.07046111495968599, "mTMD2": 0.6879817930470533, "mTMD3": 0.7627474702737773, "mTMD4": 0.5217509093512424, "mTMD5": 0.6200403836505537, "xTMD1": 0.5621184163601721, "xTMD2": 0.6510281801722917, "xTMD3": 0.3255952527516407, "xTMD4": 0.7555246893304187, "xTMD5": 0.017401687920605036, "xTMD6": 0.9472392393876192}, "datetime": {"datetime": "2023-02-03 12:16:47", "elapsed": 7303.639986, "delta": 15.972992}}
{"target": -0.8605865515072799, "params": {"dTMD1": 0.41392146069124713, "dTMD2": 0.7381226647018994, "dTMD3": 0.8188878691077716, "dTMD4": 0.032478879688325746, "dTMD5": 0.23642894398462466, "dTMD6": 0.7625520785435049, "fTMD1": 0.7459167386174378, "fTMD2": 0.09464151596729564, "fTMD3": 0.2838047286227363, "fTMD4": 0.5429811095345315, "fTMD5": 0.15071419298427102, "fTMD6": 0.6318563484198398, "mTMD1": 0.4703950537345387, "mTMD2": 0.7681853041254165, "mTMD3": 0.047284600965666224, "mTMD4": 0.5999557600972062, "mTMD5": 0.38235612080492987, "xTMD1": 0.8749031315923353, "xTMD2": 0.2605025392696654, "xTMD3": 0.5171848882639526, "xTMD4": 0.624078414888567, "xTMD5": 0.5795264688487294, "xTMD6": 0.1263451658546756}, "datetime": {"datetime": "2023-02-03 12:17:03", "elapsed": 7319.378061, "delta": 15.738075}}
{"target": -0.5628008389570157, "params": {"dTMD1": 0.22970133460300202, "dTMD2": 0.9296863398485562, "dTMD3": 0.9609620616218529, "dTMD4": 0.02698977560063731, "dTMD5": 0.23609451162951378, "dTMD6": 0.8258247416232917, "fTMD1": 0.2231865001515143, "fTMD2": 0.5207796087971198, "fTMD3": 0.611950605303631, "fTMD4": 0.8751734571223413, "fTMD5": 0.07107171860672667, "fTMD6": 0.3355348087035065, "mTMD1": 0.38052742032459985, "mTMD2": 0.526146898245405, "mTMD3": 0.3034822636159834, "mTMD4": 0.05191876297248099, "mTMD5": 0.9979893985066918, "xTMD1": 0.9003587543904736, "xTMD2": 0.6468571372668269, "xTMD3": 0.2102227545690688, "xTMD4": 0.8803188616206697, "xTMD5": 0.2744841531118598, "xTMD6": 0.5600396549833468}, "datetime": {"datetime": "2023-02-03 12:17:18", "elapsed": 7334.872907, "delta": 15.494846}}
{"target": -0.894739560049141, "params": {"dTMD1": 0.4683214793401542, "dTMD2": 0.7797261137314211, "dTMD3": 0.048230696117984806, "dTMD4": 0.5281170440673719, "dTMD5": 0.7423152951462973, "dTMD6": 0.5396919297040979, "fTMD1": 0.6385744081070052, "fTMD2": 0.4385390493689787, "fTMD3": 0.16307266392764086, "fTMD4": 0.10399511037254416, "fTMD5": 0.4194862161554175, "fTMD6": 0.14846582770204764, "mTMD1": 0.21374769239600322, "mTMD2": 0.5902211158704085, "mTMD3": 0.3944443257239777, "mTMD4": 0.1681350294633125, "mTMD5": 0.5522965441504385, "xTMD1": 0.36034423157375195, "xTMD2": 0.7462438910815109, "xTMD3": 0.5518234617428303, "xTMD4": 0.18274231152682974, "xTMD5": 0.6221301460045764, "xTMD6": 0.8221817976704856}, "datetime": {"datetime": "2023-02-03 12:17:35", "elapsed": 7351.767532, "delta": 16.894625}}
{"target": -0.8769770266004548, "params": {"dTMD1": 0.19454734365136672, "dTMD2": 0.8925916915505018, "dTMD3": 0.47460340301560267, "dTMD4": 0.08012672335688831, "dTMD5": 0.7590009890345987, "dTMD6": 0.4580465938975061, "fTMD1": 0.7538504281349507, "fTMD2": 0.9600899828179186, "fTMD3": 0.27557081111546555, "fTMD4": 0.5654785938610059, "fTMD5": 0.06532490103139865, "fTMD6": 0.21675747968997794, "mTMD1": 0.228724553223568, "mTMD2": 0.8752288806061403, "mTMD3": 0.3794026049911223, "mTMD4": 0.2726123581919757, "mTMD5": 0.385647360006393, "xTMD1": 0.6398260353487593, "xTMD2": 0.541057672076894, "xTMD3": 0.0835048845261469, "xTMD4": 0.6696336404976598, "xTMD5": 0.6463939845279836, "xTMD6": 0.8657805316260923}, "datetime": {"datetime": "2023-02-03 12:17:57", "elapsed": 7373.887337, "delta": 22.119805}}
{"target": -0.8517066984748227, "params": {"dTMD1": 0.13836338204093024, "dTMD2": 0.3550964388821809, "dTMD3": 0.2872283465833989, "dTMD4": 0.0556762352746657, "dTMD5": 0.840827123157349, "dTMD6": 0.4065208778772105, "fTMD1": 0.741881133263952, "fTMD2": 0.6647968555783011, "fTMD3": 0.19278949520547006, "fTMD4": 0.6953435067092555, "fTMD5": 0.2729324191508582, "fTMD6": 0.5952198472436201, "mTMD1": 0.3521336416099422, "mTMD2": 0.8605330232571196, "mTMD3": 0.8942922395447703, "mTMD4": 0.7160225340373325, "mTMD5": 0.47469364966242755, "xTMD1": 0.002064944325925855, "xTMD2": 0.29878410589285687, "xTMD3": 0.14978999534279236, "xTMD4": 0.615316979911043, "xTMD5": 0.22004047300520968, "xTMD6": 0.9488470041352446}, "datetime": {"datetime": "2023-02-03 12:18:22", "elapsed": 7399.245766, "delta": 25.358429}}
{"target": -1.1029867650299017, "params": {"dTMD1": 0.06971375304803695, "dTMD2": 0.8526516637945739, "dTMD3": 0.07444780267657525, "dTMD4": 0.2758639241044395, "dTMD5": 0.5505968483251293, "dTMD6": 0.4748741870997625, "fTMD1": 0.9430380123026321, "fTMD2": 0.011464744785818715, "fTMD3": 0.21062922297578224, "fTMD4": 0.6140336114542402, "fTMD5": 0.2579348466668011, "fTMD6": 0.1567742677802818, "mTMD1": 0.13728306441665672, "mTMD2": 0.31185283141915376, "mTMD3": 0.6326059610800372, "mTMD4": 0.5500888964585123, "mTMD5": 0.482387349961825, "xTMD1": 0.43754777548624213, "xTMD2": 0.6723374830174034, "xTMD3": 0.5792161173061032, "xTMD4": 0.5306716109874559, "xTMD5": 0.19028864685864977, "xTMD6": 0.9944675597410684}, "datetime": {"datetime": "2023-02-03 12:18:38", "elapsed": 7414.714707, "delta": 15.468941}}
{"target": -0.8518352943432496, "params": {"dTMD1": 0.32137989018836577, "dTMD2": 0.8581221565223691, "dTMD3": 0.020110643657096472, "dTMD4": 0.457928599487085, "dTMD5": 0.18484394034319285, "dTMD6": 0.7838549962600619, "fTMD1": 0.6628257107707876, "fTMD2": 0.6187202602678252, "fTMD3": 0.43675707400624675, "fTMD4": 0.23860099498868736, "fTMD5": 0.009570529397551875, "fTMD6": 0.23080442392893719, "mTMD1": 0.09633756988886255, "mTMD2": 0.6556226765283794, "mTMD3": 0.8790478951259489, "mTMD4": 0.904648115396142, "mTMD5": 0.6393117640358082, "xTMD1": 0.5581092219833211, "xTMD2": 0.8576331615715035, "xTMD3": 0.02660764589830933, "xTMD4": 0.35338761752810943, "xTMD5": 0.39742572365543005, "xTMD6": 0.6318278701060898}, "datetime": {"datetime": "2023-02-03 12:18:54", "elapsed": 7430.468232, "delta": 15.753525}}
{"target": -0.8372657241812431, "params": {"dTMD1": 0.29092612177478006, "dTMD2": 0.3999345430434943, "dTMD3": 0.22953918003788665, "dTMD4": 0.45129713828270457, "dTMD5": 0.422883602286772, "dTMD6": 0.5325819076399891, "fTMD1": 0.7376435657065682, "fTMD2": 0.3175244395694734, "fTMD3": 0.3105483817885114, "fTMD4": 0.608575934646766, "fTMD5": 0.36756461248037875, "fTMD6": 0.37056983417855627, "mTMD1": 0.06672446820187161, "mTMD2": 0.599902995712947, "mTMD3": 0.6714343657659684, "mTMD4": 0.5427965638650015, "mTMD5": 0.4806730521335232, "xTMD1": 0.19150496998267663, "xTMD2": 0.8156517539156184, "xTMD3": 0.12251747364988141, "xTMD4": 0.41674201322431914, "xTMD5": 0.7220256925576808, "xTMD6": 0.812561940007211}, "datetime": {"datetime": "2023-02-03 12:19:10", "elapsed": 7446.400976, "delta": 15.932744}}
{"target": -0.5422247964321563, "params": {"dTMD1": 0.4087358429425798, "dTMD2": 0.4847176926557105, "dTMD3": 0.22111239421919016, "dTMD4": 0.5694452267573737, "dTMD5": 0.44675610811679534, "dTMD6": 0.9516911340613184, "fTMD1": 0.7035697661289088, "fTMD2": 0.293682166932723, "fTMD3": 0.4451310204779171, "fTMD4": 0.6188250999600227, "fTMD5": 0.1784113226050228, "fTMD6": 0.031000898344652583, "mTMD1": 0.059367614189659745, "mTMD2": 0.5640612161635346, "mTMD3": 0.5784276917984359, "mTMD4": 0.5207505754794306, "mTMD5": 0.43962273642822647, "xTMD1": 0.7703754306938715, "xTMD2": 0.19597458058038075, "xTMD3": 0.09904413588669903, "xTMD4": 0.22197246572700646, "xTMD5": 0.23339755252313443, "xTMD6": 0.9531780421586942}, "datetime": {"datetime": "2023-02-03 12:19:25", "elapsed": 7462.060705, "delta": 15.659729}}
{"target": -0.8956397831727613, "params": {"dTMD1": 0.11899738189091236, "dTMD2": 0.6492625059566166, "dTMD3": 0.6435726679971184, "dTMD4": 0.3699558532891355, "dTMD5": 0.7000795934606113, "dTMD6": 0.5967816681160923, "fTMD1": 0.37020480267263334, "fTMD2": 0.7079944297378625, "fTMD3": 0.36888628190843975, "fTMD4": 0.7038424368366404, "fTMD5": 0.423368938069837, "fTMD6": 0.6481525822077747, "mTMD1": 0.5204495276106702, "mTMD2": 0.9836141592135561, "mTMD3": 0.8429524625161079, "mTMD4": 0.6535106650825895, "mTMD5": 0.8078110745716977, "xTMD1": 0.26758687726097563, "xTMD2": 0.3225999399983289, "xTMD3": 0.24737576815073015, "xTMD4": 0.8740169579988204, "xTMD5": 0.1799946451122879, "xTMD6": 0.21035045026282573}, "datetime": {"datetime": "2023-02-03 12:19:41", "elapsed": 7477.796341, "delta": 15.735636}}
{"target": -0.6803674700552578, "params": {"dTMD1": 0.17572824326342007, "dTMD2": 0.8224378132743903, "dTMD3": 0.6031722237834022, "dTMD4": 0.3990735466312376, "dTMD5": 0.7541375205704716, "dTMD6": 0.46230469010771613, "fTMD1": 0.8413280928691066, "fTMD2": 0.15482106013301622, "fTMD3": 0.6146986077830107, "fTMD4": 0.32656545823441274, "fTMD5": 0.523504473256316, "fTMD6": 0.2183051416046491, "mTMD1": 0.3418057671923196, "mTMD2": 0.8179850869980243, "mTMD3": 0.9355850808106213, "mTMD4": 0.35609939402785096, "mTMD5": 0.515483611943563, "xTMD1": 0.7818403777581708, "xTMD2": 0.7388785421023367, "xTMD3": 0.3155327613021428, "xTMD4": 0.3246667942775411, "xTMD5": 0.5969422710276377, "xTMD6": 0.9748137543907253}, "datetime": {"datetime": "2023-02-03 12:19:57", "elapsed": 7493.825057, "delta": 16.028716}}
{"target": -0.7827411853665922, "params": {"dTMD1": 0.6735988221348197, "dTMD2": 0.8930342102369052, "dTMD3": 0.12331078934028172, "dTMD4": 0.488241204894291, "dTMD5": 0.42528019999160493, "dTMD6": 0.9927652061797864, "fTMD1": 0.38891720347423087, "fTMD2": 0.35302614159336276, "fTMD3": 0.13694607906560086, "fTMD4": 0.3103900738509716, "fTMD5": 0.5022629580458174, "fTMD6": 0.1108420781112962, "mTMD1": 0.0034827042070540992, "mTMD2": 0.7024632151988142, "mTMD3": 0.44447954503426623, "mTMD4": 0.8374534119613742, "mTMD5": 0.33761062624014015, "xTMD1": 0.2899631916063068, "xTMD2": 0.8081921202427651, "xTMD3": 0.18728665352323315, "xTMD4": 0.37838138772148633, "xTMD5": 0.7518095943667559, "xTMD6": 0.8130182710356554}, "datetime": {"datetime": "2023-02-03 12:20:13", "elapsed": 7509.431172, "delta": 15.606115}}
{"target": -0.7885686646712261, "params": {"dTMD1": 0.3585326598681895, "dTMD2": 0.7712251215191304, "dTMD3": 0.46521130098500585, "dTMD4": 0.12758700061894845, "dTMD5": 0.4487536959999683, "dTMD6": 0.7570532098749132, "fTMD1": 0.23353904596629016, "fTMD2": 0.7131501975091745, "fTMD3": 0.4607846043841928, "fTMD4": 0.41086371980848635, "fTMD5": 0.8182320489982127, "fTMD6": 0.3644613733342462, "mTMD1": 0.17568480673497333, "mTMD2": 0.7652508883168999, "mTMD3": 0.8570271335281554, "mTMD4": 0.6106791032604552, "mTMD5": 0.8972111317936895, "xTMD1": 0.2952026251726392, "xTMD2": 0.9711125796582265, "xTMD3": 0.1978994456250618, "xTMD4": 0.748520909778046, "xTMD5": 0.41892945252766967, "xTMD6": 0.7765854992678181}, "datetime": {"datetime": "2023-02-03 12:20:29", "elapsed": 7525.961284, "delta": 16.530112}}
{"target": -0.9477189875663516, "params": {"dTMD1": 0.944952297114045, "dTMD2": 0.7388497393586191, "dTMD3": 0.6738454801405883, "dTMD4": 0.691587751005939, "dTMD5": 0.6472431185959535, "dTMD6": 0.8141885512754641, "fTMD1": 0.58196335604838, "fTMD2": 0.4603611455741604, "fTMD3": 0.09571310978385184, "fTMD4": 0.42058725563647015, "fTMD5": 0.31502509007231716, "fTMD6": 0.21210607387968572, "mTMD1": 0.014469546945242606, "mTMD2": 0.7179329872512554, "mTMD3": 0.42231784187587473, "mTMD4": 0.29238134240126856, "mTMD5": 0.8096316086814092, "xTMD1": 0.05078770686195988, "xTMD2": 0.9810717366701563, "xTMD3": 0.364877675309907, "xTMD4": 0.8080334169163865, "xTMD5": 0.6595903836098933, "xTMD6": 0.36907250383004575}, "datetime": {"datetime": "2023-02-03 12:20:49", "elapsed": 7545.358449, "delta": 19.397165}}
{"target": -0.8629124480675192, "params": {"dTMD1": 0.3687932056132811, "dTMD2": 0.1746927041757076, "dTMD3": 0.3285500202448691, "dTMD4": 0.23475341440385455, "dTMD5": 0.7345658886552198, "dTMD6": 0.8306194913804197, "fTMD1": 0.5175579190703183, "fTMD2": 0.5069425048754205, "fTMD3": 0.33956983036560384, "fTMD4": 0.6878704400772732, "fTMD5": 0.462356924819984, "fTMD6": 0.25558941859272366, "mTMD1": 0.2757566724446364, "mTMD2": 0.7297444158517599, "mTMD3": 0.9830052575095052, "mTMD4": 0.6837026613959033, "mTMD5": 0.10338699852857625, "xTMD1": 0.40451206817904817, "xTMD2": 0.48859632468510705, "xTMD3": 0.08848153388786695, "xTMD4": 0.5193104063237781, "xTMD5": 0.2906992156118652, "xTMD6": 0.6393959481963636}, "datetime": {"datetime": "2023-02-03 12:21:09", "elapsed": 7565.789546, "delta": 20.431097}}
