{"target": -0.6231217407522087, "params": {"dTMD1": 0.19942217908036342, "dTMD2": 0.9056475708998702, "dTMD3": 0.2765406004340568, "dTMD4": 0.02224529319051516, "dTMD5": 0.27067629315875974, "dTMD6": 0.6566426275992706, "fTMD1": 0.828914570390243, "fTMD2": 0.5311006625663578, "fTMD3": 0.49826286853558555, "fTMD4": 0.4285280394049261, "fTMD5": 0.1954089376085597, "fTMD6": 0.31257960516601724, "mTMD1": 0.07291294233478474, "mTMD2": 0.7784615172603233, "mTMD3": 0.6820290667133626, "mTMD4": 0.5739160762667208, "mTMD5": 0.6956769601137851, "xTMD1": 0.5764305640956613, "xTMD2": 0.7070343895894011, "xTMD3": 0.05116356081979978, "xTMD4": 0.20318021589925794, "xTMD5": 0.6460590188365131, "xTMD6": 0.9279195142820686}, "datetime": {"datetime": "2023-02-03 10:49:34", "elapsed": 2070.963489, "delta": 16.898418}}
{"target": -0.9707613817752161, "params": {"dTMD1": 0.1522683090829252, "dTMD2": 0.8891851970612542, "dTMD3": 0.11858819680306165, "dTMD4": 0.2178828131113142, "dTMD5": 0.021383853074635528, "dTMD6": 0.7837544978443303, "fTMD1": 0.3373431768887346, "fTMD2": 0.09708843058206107, "fTMD3": 0.401369674887165, "fTMD4": 0.16996915738590979, "fTMD5": 0.9087993889887772, "fTMD6": 0.00966030201024648, "mTMD1": 0.49630341408337086, "mTMD2": 0.8928857224686204, "mTMD3": 0.056766290960440724, "mTMD4": 0.29402105566495174, "mTMD5": 0.6042705226491213, "xTMD1": 0.1010052440722069, "xTMD2": 0.8336221006947139, "xTMD3": 0.935717134898206, "xTMD4": 0.7003126027186785, "xTMD5": 0.6956660162281946, "xTMD6": 0.6478671032931054}, "datetime": {"datetime": "2023-02-03 10:49:50", "elapsed": 2086.793075, "delta": 15.829586}}
{"target": -1.058284838392402, "params": {"dTMD1": 0.45853834713457253, "dTMD2": 0.6676674753191396, "dTMD3": 0.17458405320796566, "dTMD4": 0.4945450150387707, "dTMD5": 0.18067757360267833, "dTMD6": 0.2505308766543113, "fTMD1": 0.9099732300339177, "fTMD2": 0.7985980543647481, "fTMD3": 0.44130653681236054, "fTMD4": 0.6902432836127191, "fTMD5": 0.5263965458054976, "fTMD6": 0.18782263068951155, "mTMD1": 0.1776709446620699, "mTMD2": 0.991067373512988, "mTMD3": 0.5268033591080137, "mTMD4": 0.6712025404684665, "mTMD5": 0.7408330742280133, "xTMD1": 0.8757884148500102, "xTMD2": 0.8143903302083016, "xTMD3": 0.6755729317941617, "xTMD4": 0.4795350056547293, "xTMD5": 0.4200893151971412, "xTMD6": 0.3073291194261495}, "datetime": {"datetime": "2023-02-03 10:50:06", "elapsed": 2102.924456, "delta": 16.131381}}
{"target": -0.8605543089841482, "params": {"dTMD1": 0.43291077626660346, "dTMD2": 0.15437819256599694, "dTMD3": 0.4111339884436046, "dTMD4": 0.46095318744493063, "dTMD5": 0.18905855434479912, "dTMD6": 0.5331206614319793, "fTMD1": 0.3657447475436141, "fTMD2": 0.011063341281658534, "fTMD3": 0.3685172769230143, "fTMD4": 0.3701907747463761, "fTMD5": 0.5877933838072129, "fTMD6": 0.995158412508012, "mTMD1": 0.9858846050026274, "mTMD2": 0.7905449041867728, "mTMD3": 0.9861880750267924, "mTMD4": 0.8138714337478324, "mTMD5": 0.9849514631313354, "xTMD1": 0.40006110102844383, "xTMD2": 0.608351790945799, "xTMD3": 0.6680587394957263, "xTMD4": 0.6459882086347459, "xTMD5": 0.08921072184970547, "xTMD6": 0.38625109287219805}, "datetime": {"datetime": "2023-02-03 10:50:24", "elapsed": 2121.118217, "delta": 18.193761}}
{"target": -0.7285762388159573, "params": {"dTMD1": 0.07301454686106112, "dTMD2": 0.7325934878603205, "dTMD3": 0.14673013553548953, "dTMD4": 0.3835677866984365, "dTMD5": 0.9096046756905737, "dTMD6": 0.8003132805520287, "fTMD1": 0.41764329478626827, "fTMD2": 0.5626262822590674, "fTMD3": 0.25311718590282084, "fTMD4": 0.39506354245402886, "fTMD5": 0.49230993714283566, "fTMD6": 0.25701540891773567, "mTMD1": 0.2639745424104232, "mTMD2": 0.35871072487183586, "mTMD3": 0.7583339976697127, "mTMD4": 0.24862407725270608, "mTMD5": 0.5248693502746707, "xTMD1": 0.4826045650702043, "xTMD2": 0.08919113916694177, "xTMD3": 0.02391962854856211, "xTMD4": 0.36361386490941217, "xTMD5": 0.6019942311519495, "xTMD6": 0.8815765285113165}, "datetime": {"datetime": "2023-02-03 10:50:42", "elapsed": 2138.994896, "delta": 17.876679}}
{"target": -0.6517826993508674, "params": {"dTMD1": 0.026130234717763212, "dTMD2": 0.9416505756030403, "dTMD3": 0.19557831860420782, "dTMD4": 0.3750131027037352, "dTMD5": 0.2210717562431117, "dTMD6": 0.16688466838798477, "fTMD1": 0.79072210382339, "fTMD2": 0.4854298699429621, "fTMD3": 0.3483874553275944, "fTMD4": 0.42527342529535017, "fTMD5": 0.33814223441263047, "fTMD6": 0.08108295918529718, "mTMD1": 0.041957315757988556, "mTMD2": 0.903941749653483, "mTMD3": 0.8137774292581311, "mTMD4": 0.697021958010518, "mTMD5": 0.595258791046175, "xTMD1": 0.5575276430411004, "xTMD2": 0.3363608620655544, "xTMD3": 0.2604953483841852, "xTMD4": 0.6021258992000695, "xTMD5": 0.4865671589534778, "xTMD6": 0.24589111254438467}, "datetime": {"datetime": "2023-02-03 10:51:01", "elapsed": 2157.669209, "delta": 18.674313}}
{"target": -0.7541043596532346, "params": {"dTMD1": 0.19843376388996414, "dTMD2": 0.3618175340087768, "dTMD3": 0.9979096894880064, "dTMD4": 0.505873251828727, "dTMD5": 0.6099868195411456, "dTMD6": 0.2856418555859209, "fTMD1": 0.485232652959256, "fTMD2": 0.9007783630162973, "fTMD3": 0.6864049126054499, "fTMD4": 0.31426096830066474, "fTMD5": 0.8233521837779596, "fTMD6": 0.2455017543734319, "mTMD1": 0.43125429359729983, "mTMD2": 0.9005599275596003, "mTMD3": 0.16614918505728138, "mTMD4": 0.7143352544584023, "mTMD5": 0.7467900780029441, "xTMD1": 0.49724339194016365, "xTMD2": 0.6150158156808684, "xTMD3": 0.43667045104686275, "xTMD4": 0.7723553022348709, "xTMD5": 0.5909215476178354, "xTMD6": 0.5535386970698213}, "datetime": {"datetime": "2023-02-03 10:51:19", "elapsed": 2176.184918, "delta": 18.515709}}
{"target": -0.6911620312616289, "params": {"dTMD1": 0.9124150559205828, "dTMD2": 0.41019076221590145, "dTMD3": 0.8465119120003768, "dTMD4": 0.8762224102046782, "dTMD5": 0.08781266172155577, "dTMD6": 0.1624781186345623, "fTMD1": 0.9797075436830226, "fTMD2": 0.3404953621027923, "fTMD3": 0.7737572136552744, "fTMD4": 0.5072941453767563, "fTMD5": 0.15129286658676555, "fTMD6": 0.18510043676033472, "mTMD1": 0.26098107157061845, "mTMD2": 0.48399486666635994, "mTMD3": 0.9698289597618253, "mTMD4": 0.3381722009051059, "mTMD5": 0.0015201704248597459, "xTMD1": 0.9063517410984309, "xTMD2": 0.0666247543512295, "xTMD3": 0.0631502622224952, "xTMD4": 0.017904744258451344, "xTMD5": 0.586628343112834, "xTMD6": 0.9117688152448944}, "datetime": {"datetime": "2023-02-03 10:51:37", "elapsed": 2193.475587, "delta": 17.290669}}
{"target": -0.6961591531788924, "params": {"dTMD1": 0.28663404662711955, "dTMD2": 0.8563243266254053, "dTMD3": 0.45579089427960784, "dTMD4": 0.3402685192692406, "dTMD5": 0.7135909395722695, "dTMD6": 0.8809502835744568, "fTMD1": 0.4869707094931971, "fTMD2": 0.9981294763926277, "fTMD3": 0.367342611868983, "fTMD4": 0.2290217932821389, "fTMD5": 0.3595371756765662, "fTMD6": 0.36538186824204266, "mTMD1": 0.4699179803873267, "mTMD2": 0.7125239304671269, "mTMD3": 0.7547338577799851, "mTMD4": 0.462487853896157, "mTMD5": 0.49753310137130835, "xTMD1": 0.2705048472933278, "xTMD2": 0.4561445491695346, "xTMD3": 0.41714027598889736, "xTMD4": 0.6621738863886115, "xTMD5": 0.7740422043707443, "xTMD6": 0.4019964358838952}, "datetime": {"datetime": "2023-02-03 10:51:54", "elapsed": 2210.603934, "delta": 17.128347}}
{"target": -1.0012407823134573, "params": {"dTMD1": 0.4945802586687198, "dTMD2": 0.9343395621198377, "dTMD3": 0.5865275844969067, "dTMD4": 0.15564082315947825, "dTMD5": 0.17840426927651765, "dTMD6": 0.4383866697768143, "fTMD1": 0.9066574231543829, "fTMD2": 0.56515508976083, "fTMD3": 0.634019203490984, "fTMD4": 0.5501261346928167, "fTMD5": 0.803200541005456, "fTMD6": 0.7831443886020172, "mTMD1": 0.6351234624896889, "mTMD2": 0.3023238702769995, "mTMD3": 0.5387944771825649, "mTMD4": 0.10469739108087206, "mTMD5": 0.6463610779342837, "xTMD1": 0.7381132239121262, "xTMD2": 0.8136215146730725, "xTMD3": 0.9547473104195195, "xTMD4": 0.04474498848076358, "xTMD5": 0.7737182018588461, "xTMD6": 0.5262850325670684}, "datetime": {"datetime": "2023-02-03 10:52:11", "elapsed": 2227.961526, "delta": 17.357592}}
{"target": -0.8781272940274675, "params": {"dTMD1": 0.46793978355974886, "dTMD2": 0.8021447341510167, "dTMD3": 0.49147113078032667, "dTMD4": 0.44570708880819365, "dTMD5": 0.49005056805948344, "dTMD6": 0.09446582253070379, "fTMD1": 0.8428166692009241, "fTMD2": 0.5881078329225482, "fTMD3": 0.42112197427095965, "fTMD4": 0.11962662605334506, "fTMD5": 0.23820341530822442, "fTMD6": 0.3497459743491619, "mTMD1": 0.30400720843824125, "mTMD2": 0.7953904092461089, "mTMD3": 0.684161495593736, "mTMD4": 0.9462342270715272, "mTMD5": 0.6060217566286954, "xTMD1": 0.6237888629638069, "xTMD2": 0.6394751734739396, "xTMD3": 0.6268476111004379, "xTMD4": 0.4791508823388887, "xTMD5": 0.547646945017753, "xTMD6": 0.37214239555230355}, "datetime": {"datetime": "2023-02-03 10:52:27", "elapsed": 2243.960503, "delta": 15.998977}}
{"target": -0.8659135386090816, "params": {"dTMD1": 0.14050147166396498, "dTMD2": 0.8723681503565592, "dTMD3": 0.8575676048981695, "dTMD4": 0.7615788094130803, "dTMD5": 0.23759200347658116, "dTMD6": 0.6320752782699876, "fTMD1": 0.05099870971505882, "fTMD2": 0.36428411392945304, "fTMD3": 0.4265522691895772, "fTMD4": 0.11145881922807899, "fTMD5": 0.7181913559666693, "fTMD6": 0.3714998052761791, "mTMD1": 0.6977649934100341, "mTMD2": 0.11800960410409533, "mTMD3": 0.08244789538525876, "mTMD4": 0.6228086599848011, "mTMD5": 0.5585810268332757, "xTMD1": 0.02733372224502051, "xTMD2": 0.07063560113996448, "xTMD3": 0.35716298122659484, "xTMD4": 0.18729029870248126, "xTMD5": 0.7250489028844973, "xTMD6": 0.18667453611331475}, "datetime": {"datetime": "2023-02-03 10:52:43", "elapsed": 2260.170418, "delta": 16.209915}}
{"target": -0.7787994539309727, "params": {"dTMD1": 0.9684537901703634, "dTMD2": 0.6007698341287001, "dTMD3": 0.17808032671600504, "dTMD4": 0.7153510393160771, "dTMD5": 0.3314527831738848, "dTMD6": 0.3119900896789237, "fTMD1": 0.5832015304363484, "fTMD2": 0.737865267693728, "fTMD3": 0.3825683591455128, "fTMD4": 0.07400500031345836, "fTMD5": 0.07135647975508463, "fTMD6": 0.547569745000911, "mTMD1": 0.1873532535617073, "mTMD2": 0.9581355686152649, "mTMD3": 0.9638609224996203, "mTMD4": 0.8397109716264318, "mTMD5": 0.9680075724921509, "xTMD1": 0.4975741411884739, "xTMD2": 0.38706406851641184, "xTMD3": 0.1547186487438812, "xTMD4": 0.2732124247557176, "xTMD5": 0.5437353356544841, "xTMD6": 0.44374316461158403}, "datetime": {"datetime": "2023-02-03 10:53:02", "elapsed": 2278.906043, "delta": 18.735625}}
{"target": -0.7517258401587091, "params": {"dTMD1": 0.598377598946457, "dTMD2": 0.976432558385225, "dTMD3": 0.09702653353437984, "dTMD4": 0.3901105411407012, "dTMD5": 0.08704071316506434, "dTMD6": 0.15939548819791216, "fTMD1": 0.32055304389289385, "fTMD2": 0.8384298593677042, "fTMD3": 0.8667518335523728, "fTMD4": 0.5913017964676007, "fTMD5": 0.9827669749647947, "fTMD6": 0.2435423673658662, "mTMD1": 0.41079601745701844, "mTMD2": 0.0046643009942065605, "mTMD3": 0.9100228291225222, "mTMD4": 0.7081656989763361, "mTMD5": 0.27220306742880684, "xTMD1": 0.9560811804058554, "xTMD2": 0.750703489967527, "xTMD3": 0.11206555982537048, "xTMD4": 0.29465945143425587, "xTMD5": 0.13319825421569031, "xTMD6": 0.4130355860296967}, "datetime": {"datetime": "2023-02-03 10:53:19", "elapsed": 2296.064992, "delta": 17.158949}}
{"target": -0.7009263832609324, "params": {"dTMD1": 0.7139560530692223, "dTMD2": 0.8620067280046582, "dTMD3": 0.16015783952259743, "dTMD4": 0.10181797016496197, "dTMD5": 0.5907031355348945, "dTMD6": 0.4871343325183417, "fTMD1": 0.44515868958296934, "fTMD2": 0.7721851256865164, "fTMD3": 0.11364437862661514, "fTMD4": 0.37359677261067326, "fTMD5": 0.3063875779779438, "fTMD6": 0.045447477474578224, "mTMD1": 0.3715770089381113, "mTMD2": 0.9540818540584658, "mTMD3": 0.9267159002316395, "mTMD4": 0.332802986501025, "mTMD5": 0.7202852924172012, "xTMD1": 0.2873879413730581, "xTMD2": 0.7273436324783127, "xTMD3": 0.16630972247590847, "xTMD4": 0.4796181051588636, "xTMD5": 0.23843298107257616, "xTMD6": 0.7389583832818889}, "datetime": {"datetime": "2023-02-03 10:53:34", "elapsed": 2311.294813, "delta": 15.229821}}
{"target": -1.0791680691876242, "params": {"dTMD1": 0.14536365443286392, "dTMD2": 0.9059350540951585, "dTMD3": 0.25387319947071396, "dTMD4": 0.9325850009944687, "dTMD5": 0.8787579356662593, "dTMD6": 0.2625776791623222, "fTMD1": 0.549072251463156, "fTMD2": 0.7273390352040373, "fTMD3": 0.22002047349949694, "fTMD4": 0.3196727726519403, "fTMD5": 0.24063385252391123, "fTMD6": 0.4634801273022834, "mTMD1": 0.3352218228643813, "mTMD2": 0.8493049471021543, "mTMD3": 0.36741550370096776, "mTMD4": 0.8539094360947088, "mTMD5": 0.5979360885880585, "xTMD1": 0.33468132779912063, "xTMD2": 0.7031009487910119, "xTMD3": 0.1955479724443696, "xTMD4": 0.17943984028944093, "xTMD5": 0.6199408480979889, "xTMD6": 0.3216771574480012}, "datetime": {"datetime": "2023-02-03 10:53:50", "elapsed": 2326.759196, "delta": 15.464383}}
{"target": -0.8797956009925747, "params": {"dTMD1": 0.9769789121810327, "dTMD2": 0.8115319952760827, "dTMD3": 0.5892578126638438, "dTMD4": 0.6319439086051272, "dTMD5": 0.8506368682046107, "dTMD6": 0.3546203533990685, "fTMD1": 0.1636752399652187, "fTMD2": 0.5318537454607853, "fTMD3": 0.5277044413381046, "fTMD4": 0.13394914911609634, "fTMD5": 0.6082859881173596, "fTMD6": 0.2963196910814566, "mTMD1": 0.8475554947846193, "mTMD2": 0.5123715701616705, "mTMD3": 0.6476615010978674, "mTMD4": 0.6270282989987938, "mTMD5": 0.38389552852075215, "xTMD1": 0.5390286637722896, "xTMD2": 0.3174177159086863, "xTMD3": 0.14156714341462395, "xTMD4": 0.5299970306556846, "xTMD5": 0.9661279864802124, "xTMD6": 0.038641701817583085}, "datetime": {"datetime": "2023-02-03 10:54:06", "elapsed": 2342.643895, "delta": 15.884699}}
{"target": -0.8265891075059776, "params": {"dTMD1": 0.6971366101258131, "dTMD2": 0.9570308999117055, "dTMD3": 0.3343754909308352, "dTMD4": 0.601771254333381, "dTMD5": 0.5109312590422075, "dTMD6": 0.5707598602656233, "fTMD1": 0.7174049017451192, "fTMD2": 0.9152499353858361, "fTMD3": 0.14896374137771184, "fTMD4": 0.5772663090986437, "fTMD5": 0.5782912822938366, "fTMD6": 0.4251389088122691, "mTMD1": 0.27847167098513725, "mTMD2": 0.7310553694191025, "mTMD3": 0.7234418246306148, "mTMD4": 0.7837907150255836, "mTMD5": 0.5226826211847381, "xTMD1": 0.29884487975342133, "xTMD2": 0.5604863278606, "xTMD3": 0.2245438459241066, "xTMD4": 0.8448295848107865, "xTMD5": 0.5724495145355636, "xTMD6": 0.18704169253822234}, "datetime": {"datetime": "2023-02-03 10:54:22", "elapsed": 2359.30791, "delta": 16.664015}}
{"target": -0.7810359423290262, "params": {"dTMD1": 0.4535855242079011, "dTMD2": 0.6847206792499668, "dTMD3": 0.6065554380353483, "dTMD4": 0.6454417987972907, "dTMD5": 0.10962456869820447, "dTMD6": 0.12404741511592887, "fTMD1": 0.3009151959245473, "fTMD2": 0.8868742985482087, "fTMD3": 0.2722221620168356, "fTMD4": 0.7130021768064068, "fTMD5": 0.3561263482416328, "fTMD6": 0.4620050732828944, "mTMD1": 0.27854182842002306, "mTMD2": 0.893416787579999, "mTMD3": 0.29387400903161653, "mTMD4": 0.4953674089741321, "mTMD5": 0.42306834243600144, "xTMD1": 0.014928415300216047, "xTMD2": 0.5509162999097204, "xTMD3": 0.7646572943050828, "xTMD4": 0.4475400050001457, "xTMD5": 0.19400425077938577, "xTMD6": 0.7249332455196219}, "datetime": {"datetime": "2023-02-03 10:54:43", "elapsed": 2380.259992, "delta": 20.952082}}
{"target": -0.7847393367720666, "params": {"dTMD1": 0.054716960103592394, "dTMD2": 0.9987223370360178, "dTMD3": 0.19223926506609212, "dTMD4": 0.02296735625475821, "dTMD5": 0.3775946808476254, "dTMD6": 0.2681599851116542, "fTMD1": 0.6190635087243784, "fTMD2": 0.8820566113249194, "fTMD3": 0.4724766953012379, "fTMD4": 0.5798376613631679, "fTMD5": 0.39047907996466447, "fTMD6": 0.5460682557470654, "mTMD1": 0.19199138714715047, "mTMD2": 0.6775985631335344, "mTMD3": 0.7162492198719423, "mTMD4": 0.532873147204654, "mTMD5": 0.6544053784877366, "xTMD1": 0.3669315563648351, "xTMD2": 0.4448674668090494, "xTMD3": 0.07971212609851186, "xTMD4": 0.2147468317438681, "xTMD5": 0.2799775151339229, "xTMD6": 0.912985683320821}, "datetime": {"datetime": "2023-02-03 10:55:00", "elapsed": 2397.066243, "delta": 16.806251}}
{"target": -0.7659879600610247, "params": {"dTMD1": 0.5308908372048865, "dTMD2": 0.2752052462877993, "dTMD3": 0.765622186037395, "dTMD4": 0.5115103386594366, "dTMD5": 0.23141041802410744, "dTMD6": 0.8707651477477417, "fTMD1": 0.8506170708235232, "fTMD2": 0.540378250084613, "fTMD3": 0.3123097125246753, "fTMD4": 0.36716224920015283, "fTMD5": 0.40562730787948964, "fTMD6": 0.08052766779323828, "mTMD1": 0.08322091087751082, "mTMD2": 0.5278809606013564, "mTMD3": 0.9055118203904535, "mTMD4": 0.9799742598502202, "mTMD5": 0.9172247525553217, "xTMD1": 0.45784521503714326, "xTMD2": 0.9924014591068983, "xTMD3": 0.20952051990291864, "xTMD4": 0.4847444896313893, "xTMD5": 0.7700302570898712, "xTMD6": 0.5576739107046395}, "datetime": {"datetime": "2023-02-03 10:55:17", "elapsed": 2414.160162, "delta": 17.093919}}
{"target": -0.6496524922921336, "params": {"dTMD1": 0.3936641452960854, "dTMD2": 0.5084870383482247, "dTMD3": 0.9923975984068534, "dTMD4": 0.8651132322274716, "dTMD5": 0.5002025315123861, "dTMD6": 0.9367652411981614, "fTMD1": 0.5508069119691119, "fTMD2": 0.42785090227692846, "fTMD3": 0.2417493968585528, "fTMD4": 0.052461524073873944, "fTMD5": 0.8105092867658578, "fTMD6": 0.24778618180336298, "mTMD1": 0.4029642241303295, "mTMD2": 0.3975629838255007, "mTMD3": 0.025498150420576682, "mTMD4": 0.497688249604055, "mTMD5": 0.16082576341534993, "xTMD1": 0.17748071151115574, "xTMD2": 0.2697974610137879, "xTMD3": 0.641727793664011, "xTMD4": 0.21268379223932576, "xTMD5": 0.7617081787008063, "xTMD6": 0.26906673729162955}, "datetime": {"datetime": "2023-02-03 10:55:35", "elapsed": 2432.256865, "delta": 18.096703}}
{"target": -0.7305701382638442, "params": {"dTMD1": 0.1121246604936269, "dTMD2": 0.6684219762065875, "dTMD3": 0.31695588929177587, "dTMD4": 0.2463603499781738, "dTMD5": 0.2226565311131794, "dTMD6": 0.3187781777621621, "fTMD1": 0.6024350950979869, "fTMD2": 0.5786141182758442, "fTMD3": 0.25132502319108097, "fTMD4": 0.243163523951476, "fTMD5": 0.3027405938050124, "fTMD6": 0.7358414604026448, "mTMD1": 0.18630908700886595, "mTMD2": 0.8327906425498166, "mTMD3": 0.9291798454664418, "mTMD4": 0.910781581226839, "mTMD5": 0.8893555203345203, "xTMD1": 0.18132868869265373, "xTMD2": 0.7807069230246073, "xTMD3": 0.2746506319206755, "xTMD4": 0.3345616069820745, "xTMD5": 0.46045525572580914, "xTMD6": 0.5770894910006392}, "datetime": {"datetime": "2023-02-03 10:55:52", "elapsed": 2448.902102, "delta": 16.645237}}
{"target": -0.8222438734391012, "params": {"dTMD1": 0.040272745887915073, "dTMD2": 0.1033419272635645, "dTMD3": 0.6768540284020201, "dTMD4": 0.6135542288797837, "dTMD5": 0.48651964934576986, "dTMD6": 0.011194890407708713, "fTMD1": 0.7795062161782847, "fTMD2": 0.0912752373718102, "fTMD3": 0.06221920538408976, "fTMD4": 0.1509735850198759, "fTMD5": 0.6076493179367971, "fTMD6": 0.6792361437250696, "mTMD1": 0.7071574964593628, "mTMD2": 0.7764908397644982, "mTMD3": 0.7039587023670495, "mTMD4": 0.36216985910084076, "mTMD5": 0.40289336372011775, "xTMD1": 0.1030049343057674, "xTMD2": 0.3585279668473508, "xTMD3": 0.6062064633770279, "xTMD4": 0.7894232610930441, "xTMD5": 0.8739524094182253, "xTMD6": 0.7076540665720525}, "datetime": {"datetime": "2023-02-03 10:56:08", "elapsed": 2465.205324, "delta": 16.303222}}
{"target": -0.7860636860611061, "params": {"dTMD1": 0.8590025529948065, "dTMD2": 0.8980042119317402, "dTMD3": 0.4247332630235199, "dTMD4": 0.415704177141923, "dTMD5": 0.25340154290253747, "dTMD6": 0.6044848271754054, "fTMD1": 0.6372290999600968, "fTMD2": 0.7588476670561976, "fTMD3": 0.3956080027564651, "fTMD4": 0.15465875186620093, "fTMD5": 0.35905561000130326, "fTMD6": 0.2848199787261019, "mTMD1": 0.16908853791702871, "mTMD2": 0.596020434533738, "mTMD3": 0.9448593792331889, "mTMD4": 0.8838944095332916, "mTMD5": 0.42225973494361246, "xTMD1": 0.7876241600715796, "xTMD2": 0.4004673486123733, "xTMD3": 0.05914296671209418, "xTMD4": 0.488928559622406, "xTMD5": 0.4233427005799064, "xTMD6": 0.5111134239088441}, "datetime": {"datetime": "2023-02-03 10:56:25", "elapsed": 2481.460179, "delta": 16.254855}}
{"target": -0.9558074122444379, "params": {"dTMD1": 0.444880900731345, "dTMD2": 0.49084932770290435, "dTMD3": 0.3907900746691907, "dTMD4": 0.4272073926418365, "dTMD5": 0.5011441278076091, "dTMD6": 0.9544468409751706, "fTMD1": 0.9730608236732177, "fTMD2": 0.5503773791354708, "fTMD3": 0.05072962623811672, "fTMD4": 0.2371537976679139, "fTMD5": 0.7938227854625854, "fTMD6": 0.36532550287234167, "mTMD1": 0.9227358587645984, "mTMD2": 0.6401075301725058, "mTMD3": 0.6605414330006214, "mTMD4": 0.8365951764112072, "mTMD5": 0.9625816506115156, "xTMD1": 0.2901264928824919, "xTMD2": 0.2124958287273404, "xTMD3": 0.8293198708239539, "xTMD4": 0.777660701951088, "xTMD5": 0.16486590845754145, "xTMD6": 0.6354823018186802}, "datetime": {"datetime": "2023-02-03 10:56:41", "elapsed": 2497.962911, "delta": 16.502732}}
{"target": -0.9995126353565371, "params": {"dTMD1": 0.2910999787830294, "dTMD2": 0.9824880603642671, "dTMD3": 0.5198673377451029, "dTMD4": 0.3966325589810399, "dTMD5": 0.44420752029852295, "dTMD6": 0.6056249959273458, "fTMD1": 0.4454753527016019, "fTMD2": 0.5263539751717597, "fTMD3": 0.25390316080098707, "fTMD4": 0.15263632011039097, "fTMD5": 0.5400077640212363, "fTMD6": 0.3965738969805114, "mTMD1": 0.02312253778140816, "mTMD2": 0.9271554647988999, "mTMD3": 0.8487222262109275, "mTMD4": 0.9957755601264758, "mTMD5": 0.6430468495977198, "xTMD1": 0.040244523508393026, "xTMD2": 0.7208797851390246, "xTMD3": 0.0014070770245314668, "xTMD4": 0.3567841040671983, "xTMD5": 0.6501562151068045, "xTMD6": 0.3470162572561716}, "datetime": {"datetime": "2023-02-03 10:56:58", "elapsed": 2514.417131, "delta": 16.45422}}
