{"target": -0.9238120854729345, "params": {"dTMD1": 0.815623632893224, "dTMD2": 0.47187120595536924, "dTMD3": 0.864312733687195, "dTMD4": 0.6971041615870711, "dTMD5": 0.5768651639572294, "dTMD6": 0.4645814090170989, "fTMD1": 0.45643369589287164, "fTMD2": 0.4732381722816701, "fTMD3": 0.3390867666545081, "fTMD4": 0.14151091687143036, "fTMD5": 0.9023028694569059, "fTMD6": 0.922447635640403, "mTMD1": 0.1337155767138497, "mTMD2": 0.9595912128125128, "mTMD3": 0.7920386260131101, "mTMD4": 0.7268279487257127, "mTMD5": 0.006887603140620535, "xTMD1": 0.2408324771130308, "xTMD2": 0.6426395267431048, "xTMD3": 0.940060699294476, "xTMD4": 0.6713350951201342, "xTMD5": 0.8538988067796967, "xTMD6": 0.8615157789563547}, "datetime": {"datetime": "2023-02-03 12:06:04", "elapsed": 6660.417201, "delta": 18.418378}}
{"target": -0.6939793957636201, "params": {"dTMD1": 0.09514231709038501, "dTMD2": 0.6039210887866825, "dTMD3": 0.13862389981868928, "dTMD4": 0.5761347540321657, "dTMD5": 0.6109765024768596, "dTMD6": 0.9754196734609977, "fTMD1": 0.6542178652938371, "fTMD2": 0.3504197286494466, "fTMD3": 0.17258209948438397, "fTMD4": 0.22796931445369673, "fTMD5": 0.3223107914559854, "fTMD6": 0.261483647861226, "mTMD1": 0.6402713776541183, "mTMD2": 0.39432671113969986, "mTMD3": 0.9843335302380413, "mTMD4": 0.44642240761548024, "mTMD5": 0.8091985870944574, "xTMD1": 0.4597885842756221, "xTMD2": 0.38001074298019155, "xTMD3": 0.057753449276752855, "xTMD4": 0.1686234356952352, "xTMD5": 0.7711238496468691, "xTMD6": 0.8503089688224337}, "datetime": {"datetime": "2023-02-03 12:06:21", "elapsed": 6677.479932, "delta": 17.062731}}
{"target": -0.544655380648678, "params": {"dTMD1": 0.3802517701578969, "dTMD2": 0.8163008831486959, "dTMD3": 0.46006457807267087, "dTMD4": 0.20078649662947368, "dTMD5": 0.7894172986543844, "dTMD6": 0.522238191760043, "fTMD1": 0.7191768677100359, "fTMD2": 0.5551839015017818, "fTMD3": 0.10018447231083827, "fTMD4": 0.5157857518101335, "fTMD5": 0.952362416397358, "fTMD6": 0.18286894795604614, "mTMD1": 0.5014242309131962, "mTMD2": 0.6534560077667381, "mTMD3": 0.5724227117181278, "mTMD4": 0.358780064303881, "mTMD5": 0.2990263054076041, "xTMD1": 0.8383869130368468, "xTMD2": 0.3156538709761526, "xTMD3": 0.12117100086412591, "xTMD4": 0.22724384690049004, "xTMD5": 0.4462186582186135, "xTMD6": 0.9441437480112171}, "datetime": {"datetime": "2023-02-03 12:06:38", "elapsed": 6695.205586, "delta": 17.725654}}
{"target": -0.7875478464123391, "params": {"dTMD1": 0.4720145196821195, "dTMD2": 0.9415148563680014, "dTMD3": 0.4565672586399956, "dTMD4": 0.06597776040680603, "dTMD5": 0.8141689466987484, "dTMD6": 0.7163086330902847, "fTMD1": 0.8734646664827185, "fTMD2": 0.5457224440573311, "fTMD3": 0.06390370483072316, "fTMD4": 0.6157063562858888, "fTMD5": 0.2605834730441623, "fTMD6": 0.011345931651356223, "mTMD1": 0.41323988040388926, "mTMD2": 0.6923724644817997, "mTMD3": 0.9568118571734644, "mTMD4": 0.5992188542265715, "mTMD5": 0.46255386533054554, "xTMD1": 0.3603915137719974, "xTMD2": 0.510558594118423, "xTMD3": 0.06593653333074911, "xTMD4": 0.36230943557220585, "xTMD5": 0.7804395585145311, "xTMD6": 0.5829461179903448}, "datetime": {"datetime": "2023-02-03 12:06:55", "elapsed": 6711.738749, "delta": 16.533163}}
{"target": -0.6700213878063225, "params": {"dTMD1": 0.12675122400997996, "dTMD2": 0.7376927294183443, "dTMD3": 0.24164298670750595, "dTMD4": 0.6645402959507726, "dTMD5": 0.7282633584399238, "dTMD6": 0.8845004800918026, "fTMD1": 0.6299789799512313, "fTMD2": 0.6973419500201385, "fTMD3": 0.8176674111743648, "fTMD4": 0.19516594276830745, "fTMD5": 0.19741956231605728, "fTMD6": 0.7500041296298955, "mTMD1": 0.1729698908191707, "mTMD2": 0.505135765360919, "mTMD3": 0.2486614024121906, "mTMD4": 0.1870834604029198, "mTMD5": 0.8787120153950879, "xTMD1": 0.7538852919654323, "xTMD2": 0.6947596641104711, "xTMD3": 0.7776098504162106, "xTMD4": 0.2891931581999978, "xTMD5": 0.8844954556152678, "xTMD6": 0.2204165626390452}, "datetime": {"datetime": "2023-02-03 12:07:13", "elapsed": 6729.858618, "delta": 18.119869}}
{"target": -0.9294294406812251, "params": {"dTMD1": 0.36620184012407697, "dTMD2": 0.8200530383013446, "dTMD3": 0.6408118782378894, "dTMD4": 0.9682346038086742, "dTMD5": 0.18654717258122844, "dTMD6": 0.16974298571631996, "fTMD1": 0.8080170612550883, "fTMD2": 0.7603059361449541, "fTMD3": 0.2559861096874584, "fTMD4": 0.34723150158514804, "fTMD5": 0.3286893823873829, "fTMD6": 0.036461820285859536, "mTMD1": 0.46082293420190457, "mTMD2": 0.5950413263766469, "mTMD3": 0.018986538339557213, "mTMD4": 0.8738892920965703, "mTMD5": 0.6311703760280912, "xTMD1": 0.6491542386938414, "xTMD2": 0.0849802737874279, "xTMD3": 0.43189492659996165, "xTMD4": 0.651359716992937, "xTMD5": 0.04577455083589366, "xTMD6": 0.1437942968039979}, "datetime": {"datetime": "2023-02-03 12:07:30", "elapsed": 6747.2229, "delta": 17.364282}}
{"target": -0.6815110389212068, "params": {"dTMD1": 0.1649602133967656, "dTMD2": 0.5373926707263347, "dTMD3": 0.5524901211932525, "dTMD4": 0.6359310686229426, "dTMD5": 0.6293921111157404, "dTMD6": 0.4302768380451556, "fTMD1": 0.10745871004926855, "fTMD2": 0.7071157313922195, "fTMD3": 0.9255348603995877, "fTMD4": 0.09983194867393508, "fTMD5": 0.4656010372412025, "fTMD6": 0.5026578922494396, "mTMD1": 0.28671878273207374, "mTMD2": 0.1141216915102724, "mTMD3": 0.5360211153832921, "mTMD4": 0.8806577512047354, "mTMD5": 0.6529803424799143, "xTMD1": 0.158634567629649, "xTMD2": 0.886936016401174, "xTMD3": 0.4529555428155808, "xTMD4": 0.7791428051759641, "xTMD5": 0.0660873172828158, "xTMD6": 0.7107830439458954}, "datetime": {"datetime": "2023-02-03 12:07:59", "elapsed": 6775.904251, "delta": 28.681351}}
{"target": -0.4980376473728819, "params": {"dTMD1": 0.16767232671765242, "dTMD2": 0.7868067687531003, "dTMD3": 0.5118370056380355, "dTMD4": 0.41368266933891884, "dTMD5": 0.8448356793394075, "dTMD6": 0.605430655670626, "fTMD1": 0.6963825712857583, "fTMD2": 0.580658284605511, "fTMD3": 0.3092403597490646, "fTMD4": 0.4192444059517435, "fTMD5": 0.45132203787614755, "fTMD6": 0.2264050455735548, "mTMD1": 0.5210377415020467, "mTMD2": 0.6831584749350536, "mTMD3": 0.3722971844906313, "mTMD4": 0.4151846501045896, "mTMD5": 0.9962334382161991, "xTMD1": 0.5674580892661838, "xTMD2": 0.4290834521536566, "xTMD3": 0.5430194638383292, "xTMD4": 0.4274421504086915, "xTMD5": 0.1765836580209249, "xTMD6": 0.8970937569523838}, "datetime": {"datetime": "2023-02-03 12:08:16", "elapsed": 6792.446233, "delta": 16.541982}}
{"target": -0.9469782347549491, "params": {"dTMD1": 0.40848744825884, "dTMD2": 0.7855760774810403, "dTMD3": 0.8851447452536764, "dTMD4": 0.3951040807408269, "dTMD5": 0.2285893692311569, "dTMD6": 0.6626190541288314, "fTMD1": 0.49332181267577546, "fTMD2": 0.8719173454346713, "fTMD3": 0.7505545001064232, "fTMD4": 0.427244107008689, "fTMD5": 0.0029689882285214297, "fTMD6": 0.8688290489540003, "mTMD1": 0.7423985685160326, "mTMD2": 0.4199647278999282, "mTMD3": 0.9815649036028159, "mTMD4": 0.20945401581329248, "mTMD5": 0.6180110026029216, "xTMD1": 0.39409030212152285, "xTMD2": 0.5848127702333908, "xTMD3": 0.09747197845954103, "xTMD4": 0.3027315303927075, "xTMD5": 0.6423681232292225, "xTMD6": 0.9621208100039886}, "datetime": {"datetime": "2023-02-03 12:08:32", "elapsed": 6809.293052, "delta": 16.846819}}
{"target": -0.5437859489482413, "params": {"dTMD1": 0.04239336472552513, "dTMD2": 0.5773673726698096, "dTMD3": 0.05425992038843597, "dTMD4": 0.3065390208808153, "dTMD5": 0.8691463837772437, "dTMD6": 0.46787523591679714, "fTMD1": 0.49143751335260144, "fTMD2": 0.8091536038384918, "fTMD3": 0.12625920831887438, "fTMD4": 0.7801872164474832, "fTMD5": 0.30688551403952724, "fTMD6": 0.17806553157586946, "mTMD1": 0.08347506309416153, "mTMD2": 0.8572474641858248, "mTMD3": 0.7883902284880815, "mTMD4": 0.4565881182677348, "mTMD5": 0.5052545598623225, "xTMD1": 0.22725239075259096, "xTMD2": 0.4131059064042407, "xTMD3": 0.08671439461607844, "xTMD4": 0.384043139853097, "xTMD5": 0.19932907363777674, "xTMD6": 0.7487725407287277}, "datetime": {"datetime": "2023-02-03 12:08:49", "elapsed": 6825.807634, "delta": 16.514582}}
{"target": -1.2680099470122583, "params": {"dTMD1": 0.9280813710916223, "dTMD2": 0.1936084754654357, "dTMD3": 0.8801361649880108, "dTMD4": 0.27853130655345726, "dTMD5": 0.5363308166742494, "dTMD6": 0.9880746561113987, "fTMD1": 0.1854720273910011, "fTMD2": 0.004730585821319244, "fTMD3": 0.7316392803375498, "fTMD4": 0.36636248684766826, "fTMD5": 0.3967651218772702, "fTMD6": 0.613213319948408, "mTMD1": 0.4006891586572502, "mTMD2": 0.9548137598258616, "mTMD3": 0.4469199771376572, "mTMD4": 0.5627649109728896, "mTMD5": 0.6063175665190189, "xTMD1": 0.15403805853251196, "xTMD2": 0.19791323974822006, "xTMD3": 0.8410384853269195, "xTMD4": 0.16684649977319066, "xTMD5": 0.8452698636885952, "xTMD6": 0.8489658960932865}, "datetime": {"datetime": "2023-02-03 12:09:05", "elapsed": 6841.96802, "delta": 16.160386}}
{"target": -0.9686232385175889, "params": {"dTMD1": 0.6562683741929016, "dTMD2": 0.908740928276204, "dTMD3": 0.2760902513211956, "dTMD4": 0.19158518438925942, "dTMD5": 0.7246895668914346, "dTMD6": 0.46065735438866007, "fTMD1": 0.6109907395288606, "fTMD2": 0.926601451274767, "fTMD3": 0.09644658657327942, "fTMD4": 0.2328901429683724, "fTMD5": 0.12651249601952752, "fTMD6": 0.6458300080526811, "mTMD1": 0.16005475020087845, "mTMD2": 0.503259867096532, "mTMD3": 0.5635705199696308, "mTMD4": 0.47148379831550347, "mTMD5": 0.3162377544119709, "xTMD1": 0.20535766412734013, "xTMD2": 0.20314860325091566, "xTMD3": 0.6724344135329128, "xTMD4": 0.9090129908302501, "xTMD5": 0.3270001195942185, "xTMD6": 0.5131053345454427}, "datetime": {"datetime": "2023-02-03 12:09:21", "elapsed": 6857.59696, "delta": 15.62894}}
{"target": -0.9248893025801277, "params": {"dTMD1": 0.21226670756293542, "dTMD2": 0.8408791998614281, "dTMD3": 0.40525167712389343, "dTMD4": 0.2626727457093144, "dTMD5": 0.4798294417102893, "dTMD6": 0.6772454203956298, "fTMD1": 0.478652856147062, "fTMD2": 0.2974769575599233, "fTMD3": 0.08574553196058954, "fTMD4": 0.4792109400701734, "fTMD5": 0.25631625214466425, "fTMD6": 0.3038401706215915, "mTMD1": 0.3911518516143597, "mTMD2": 0.587034728711243, "mTMD3": 0.34253886594677707, "mTMD4": 0.01667883142741633, "mTMD5": 0.5201009257028235, "xTMD1": 0.624611163721251, "xTMD2": 0.70045367808157, "xTMD3": 0.1695859248744649, "xTMD4": 0.5611873682846017, "xTMD5": 0.0974661634667664, "xTMD6": 0.6726015278083068}, "datetime": {"datetime": "2023-02-03 12:09:37", "elapsed": 6873.476366, "delta": 15.879406}}
{"target": -0.5501511470459896, "params": {"dTMD1": 0.15690770372748486, "dTMD2": 0.8151139920318246, "dTMD3": 0.11379849350301485, "dTMD4": 0.2500714809161826, "dTMD5": 0.5996322712424268, "dTMD6": 0.514741120721554, "fTMD1": 0.5778380654951177, "fTMD2": 0.41549901400436007, "fTMD3": 0.3226973897724347, "fTMD4": 0.657120018262293, "fTMD5": 0.39632582879621203, "fTMD6": 0.25954208976139803, "mTMD1": 0.1266639217337625, "mTMD2": 0.9846041347458245, "mTMD3": 0.8864029829352381, "mTMD4": 0.9646336719716367, "mTMD5": 0.09243823369017612, "xTMD1": 0.15798826969045265, "xTMD2": 0.6239624100293423, "xTMD3": 0.08094698812667489, "xTMD4": 0.40638857805008244, "xTMD5": 0.19283580149303003, "xTMD6": 0.9339973797342199}, "datetime": {"datetime": "2023-02-03 12:09:52", "elapsed": 6889.174906, "delta": 15.69854}}
{"target": -0.9924262399894295, "params": {"dTMD1": 0.5340246000236875, "dTMD2": 0.291367377432466, "dTMD3": 0.2931612490263219, "dTMD4": 0.16664564447924257, "dTMD5": 0.10682399927584074, "dTMD6": 0.5639763128974165, "fTMD1": 0.37007272965411653, "fTMD2": 0.6034557958567249, "fTMD3": 0.6876304785109759, "fTMD4": 0.7997196602933563, "fTMD5": 0.6020852467721443, "fTMD6": 0.6052144226153243, "mTMD1": 0.02129656492149068, "mTMD2": 0.03735950955275136, "mTMD3": 0.9932992894758161, "mTMD4": 0.632982271009334, "mTMD5": 0.27733992179324773, "xTMD1": 0.21706808561382773, "xTMD2": 0.5063915156031144, "xTMD3": 0.925195434664532, "xTMD4": 0.8012974219024092, "xTMD5": 0.3067928111867637, "xTMD6": 0.9441518159627142}, "datetime": {"datetime": "2023-02-03 12:10:08", "elapsed": 6904.783482, "delta": 15.608576}}
{"target": -0.9014376214909438, "params": {"dTMD1": 0.20425355473053852, "dTMD2": 0.8843522578543426, "dTMD3": 0.20404830385455863, "dTMD4": 0.30985709770819403, "dTMD5": 0.37558683348780253, "dTMD6": 0.9628498239379013, "fTMD1": 0.960514257211722, "fTMD2": 0.7826438248240666, "fTMD3": 0.6939085637990844, "fTMD4": 0.3300268566897627, "fTMD5": 0.46256141381881366, "fTMD6": 0.880922127746373, "mTMD1": 0.8061927328737174, "mTMD2": 0.29095281596393807, "mTMD3": 0.8033429540961508, "mTMD4": 0.8349119337249412, "mTMD5": 0.2289514229557157, "xTMD1": 0.14354116926124705, "xTMD2": 0.776567233185953, "xTMD3": 0.39412710177757515, "xTMD4": 0.16081925922524765, "xTMD5": 0.9006575104510716, "xTMD6": 0.7747608960108902}, "datetime": {"datetime": "2023-02-03 12:10:23", "elapsed": 6920.319836, "delta": 15.536354}}
{"target": -1.0208790638850374, "params": {"dTMD1": 0.1512664917014841, "dTMD2": 0.7960997573738864, "dTMD3": 0.03587388849843942, "dTMD4": 0.09429161333888059, "dTMD5": 0.41998803330936596, "dTMD6": 0.33071103272974833, "fTMD1": 0.5839908760819046, "fTMD2": 0.6615408609685105, "fTMD3": 0.20748334577747307, "fTMD4": 0.7636679490292309, "fTMD5": 0.6646731354492162, "fTMD6": 0.24490686215680968, "mTMD1": 0.028941861740643393, "mTMD2": 0.6745333667178635, "mTMD3": 0.7228820588380119, "mTMD4": 0.8333921713919341, "mTMD5": 0.314225690474381, "xTMD1": 0.48056028072483936, "xTMD2": 0.3390970209098165, "xTMD3": 0.5749928142047908, "xTMD4": 0.4041796552327941, "xTMD5": 0.3442917768048156, "xTMD6": 0.820135386816161}, "datetime": {"datetime": "2023-02-03 12:10:39", "elapsed": 6935.578958, "delta": 15.259122}}
{"target": -0.6061412593140963, "params": {"dTMD1": 0.4604461462551164, "dTMD2": 0.8504567121274333, "dTMD3": 0.27484288563667736, "dTMD4": 0.4224647486162443, "dTMD5": 0.528154614226088, "dTMD6": 0.36413011799191053, "fTMD1": 0.7598088404534751, "fTMD2": 0.21902188503222575, "fTMD3": 0.2368373792890377, "fTMD4": 0.5444118184024848, "fTMD5": 0.2250132843277406, "fTMD6": 0.14020429279995528, "mTMD1": 0.16640489639901146, "mTMD2": 0.8432055696945512, "mTMD3": 0.9876035790966974, "mTMD4": 0.4978864122928154, "mTMD5": 0.7078535164699405, "xTMD1": 0.4384410355403009, "xTMD2": 0.9609753930435944, "xTMD3": 0.07478024892754154, "xTMD4": 0.5868126095092637, "xTMD5": 0.3034475073108537, "xTMD6": 0.6868249468078302}, "datetime": {"datetime": "2023-02-03 12:10:55", "elapsed": 6951.376018, "delta": 15.79706}}
{"target": -0.7663491440250813, "params": {"dTMD1": 0.9244503428973124, "dTMD2": 0.29885615291155987, "dTMD3": 0.30412771051865195, "dTMD4": 0.46983987309907405, "dTMD5": 0.5890197295368169, "dTMD6": 0.14544286886666058, "fTMD1": 0.06598188245910108, "fTMD2": 0.2256732667033321, "fTMD3": 0.8500844853776388, "fTMD4": 0.3194112579341777, "fTMD5": 0.14799669420929806, "fTMD6": 0.3778724738599325, "mTMD1": 0.8374812106058842, "mTMD2": 0.6245352590632418, "mTMD3": 0.6643993886409603, "mTMD4": 0.3544846605705684, "mTMD5": 0.3933949909595237, "xTMD1": 0.4250844812112048, "xTMD2": 0.5733342399271707, "xTMD3": 0.1347546584845013, "xTMD4": 0.3303643239733286, "xTMD5": 0.11352887464470107, "xTMD6": 0.019835200981391576}, "datetime": {"datetime": "2023-02-03 12:11:11", "elapsed": 6967.359334, "delta": 15.983316}}
{"target": -0.5181097135937391, "params": {"dTMD1": 0.6386461831699455, "dTMD2": 0.3583779419826688, "dTMD3": 0.4802417036720612, "dTMD4": 0.7087561018239615, "dTMD5": 0.5457926307247798, "dTMD6": 0.7746309210252983, "fTMD1": 0.8847148482591287, "fTMD2": 0.5426214736969608, "fTMD3": 0.4569771882292988, "fTMD4": 0.5012731766184755, "fTMD5": 0.27379824767207583, "fTMD6": 0.16321996001672234, "mTMD1": 0.20138698487676232, "mTMD2": 0.6403290759869469, "mTMD3": 0.8940741609435797, "mTMD4": 0.5306079425625837, "mTMD5": 0.4595035027608688, "xTMD1": 0.6450828183932765, "xTMD2": 0.5631881508990144, "xTMD3": 0.17682320721149314, "xTMD4": 0.5660110872333675, "xTMD5": 0.21143692165452688, "xTMD6": 0.9017026552207306}, "datetime": {"datetime": "2023-02-03 12:11:28", "elapsed": 6984.957867, "delta": 17.598533}}
{"target": -0.9145741021421673, "params": {"dTMD1": 0.4698487820560441, "dTMD2": 0.3309385680672534, "dTMD3": 0.8126977770154203, "dTMD4": 0.18057322342571724, "dTMD5": 0.40683892171882874, "dTMD6": 0.492456702462696, "fTMD1": 0.6846214297898062, "fTMD2": 0.32534684834510474, "fTMD3": 0.4185044040648853, "fTMD4": 0.0979973173638442, "fTMD5": 0.040498276764127206, "fTMD6": 0.4570076843938944, "mTMD1": 0.7188246711415187, "mTMD2": 0.5056375252410094, "mTMD3": 0.7067990210766358, "mTMD4": 0.6377961874981385, "mTMD5": 0.8656023331147404, "xTMD1": 0.9298063558145692, "xTMD2": 0.3259612144993521, "xTMD3": 0.8551168035609028, "xTMD4": 0.7477271290845746, "xTMD5": 0.697056736259039, "xTMD6": 0.013652673913276403}, "datetime": {"datetime": "2023-02-03 12:11:45", "elapsed": 7001.6988, "delta": 16.740933}}
{"target": -0.9017895516458722, "params": {"dTMD1": 0.10754012003934943, "dTMD2": 0.39875409895509484, "dTMD3": 0.5741458974063173, "dTMD4": 0.10179714929798211, "dTMD5": 0.4277453482395057, "dTMD6": 0.6134232492224128, "fTMD1": 0.7952913370781218, "fTMD2": 0.5733957759446757, "fTMD3": 0.22861255396793156, "fTMD4": 0.55824671220148, "fTMD5": 0.3083395661262224, "fTMD6": 0.1337830033908297, "mTMD1": 0.23721669206962692, "mTMD2": 0.3567296512303758, "mTMD3": 0.7623925378716978, "mTMD4": 0.08100122740723825, "mTMD5": 0.49877003727742775, "xTMD1": 0.8404113134142507, "xTMD2": 0.6930186596330407, "xTMD3": 0.11242879535996209, "xTMD4": 0.1550300001363749, "xTMD5": 0.37242127521537105, "xTMD6": 0.8127784696564518}, "datetime": {"datetime": "2023-02-03 12:12:01", "elapsed": 7017.747511, "delta": 16.048711}}
{"target": -0.8273690880191006, "params": {"dTMD1": 0.034468130194756474, "dTMD2": 0.9797438012446047, "dTMD3": 0.7144336511354878, "dTMD4": 0.1665721699863737, "dTMD5": 0.26392206325166934, "dTMD6": 0.7558462870409169, "fTMD1": 0.5383983493619889, "fTMD2": 0.7067949892155976, "fTMD3": 0.8951120256753009, "fTMD4": 0.42438550030695876, "fTMD5": 0.6724660382525056, "fTMD6": 0.6223223987047056, "mTMD1": 0.6698265778396293, "mTMD2": 0.057881627832072846, "mTMD3": 0.1280410693526821, "mTMD4": 0.7434110068771376, "mTMD5": 0.35729206586175777, "xTMD1": 0.15403263579168158, "xTMD2": 0.5811121734181938, "xTMD3": 0.4072095548522495, "xTMD4": 0.7468742218934517, "xTMD5": 0.7138313706766669, "xTMD6": 0.5332968824774387}, "datetime": {"datetime": "2023-02-03 12:12:17", "elapsed": 7033.588376, "delta": 15.840865}}
{"target": -0.8189240210495974, "params": {"dTMD1": 0.1847683435896189, "dTMD2": 0.8124163491479682, "dTMD3": 0.49929745673683257, "dTMD4": 0.5441920875811345, "dTMD5": 0.5642660278618263, "dTMD6": 0.5560807737189939, "fTMD1": 0.2544688576256834, "fTMD2": 0.5982604441595419, "fTMD3": 0.12658229898016427, "fTMD4": 0.19381765386111904, "fTMD5": 0.49790020344075436, "fTMD6": 0.03960816857332561, "mTMD1": 0.43187047893148234, "mTMD2": 0.6433415405884817, "mTMD3": 0.8505178714993792, "mTMD4": 0.37673017048046353, "mTMD5": 0.6193721246421113, "xTMD1": 0.57267284294081, "xTMD2": 0.5472794479801458, "xTMD3": 0.14254826521058694, "xTMD4": 0.4146425590984987, "xTMD5": 0.347863739844406, "xTMD6": 0.8212052670688242}, "datetime": {"datetime": "2023-02-03 12:12:33", "elapsed": 7049.907386, "delta": 16.31901}}
{"target": -0.7425873747396763, "params": {"dTMD1": 0.24459465189271112, "dTMD2": 0.9102472939242053, "dTMD3": 0.2566026180460932, "dTMD4": 0.29080158584514304, "dTMD5": 0.6590292446383814, "dTMD6": 0.7433033001782529, "fTMD1": 0.706261767556246, "fTMD2": 0.8832518267877398, "fTMD3": 0.36446140153018325, "fTMD4": 0.729090319066132, "fTMD5": 0.5308278294916642, "fTMD6": 0.08323069010740769, "mTMD1": 0.3254192084325369, "mTMD2": 0.6678628536791272, "mTMD3": 0.6863160239312356, "mTMD4": 0.7241167683938956, "mTMD5": 0.570145013773287, "xTMD1": 0.0455823887275163, "xTMD2": 0.48326667809660484, "xTMD3": 0.174983887906503, "xTMD4": 0.4158947099145265, "xTMD5": 0.24467307941979066, "xTMD6": 0.5375310762946977}, "datetime": {"datetime": "2023-02-03 12:12:53", "elapsed": 7069.649577, "delta": 19.742191}}
{"target": -0.8130049354994422, "params": {"dTMD1": 0.45361005644164, "dTMD2": 0.8659322261939543, "dTMD3": 0.07141903012176631, "dTMD4": 0.025679564724744197, "dTMD5": 0.9987093997102832, "dTMD6": 0.036084573838038314, "fTMD1": 0.1507167645553108, "fTMD2": 0.5494560174132405, "fTMD3": 0.05531487100917465, "fTMD4": 0.41042647492610673, "fTMD5": 0.18127797572769266, "fTMD6": 0.5225822217692253, "mTMD1": 0.6163183897720674, "mTMD2": 0.4725625210236901, "mTMD3": 0.3488549479754892, "mTMD4": 0.507057705199802, "mTMD5": 0.6475063438376666, "xTMD1": 0.6481735414408537, "xTMD2": 0.7015658973656235, "xTMD3": 0.6477951894564942, "xTMD4": 0.8985348974198784, "xTMD5": 0.31197127218373943, "xTMD6": 0.7471873123513706}, "datetime": {"datetime": "2023-02-03 12:13:17", "elapsed": 7094.103305, "delta": 24.453728}}
{"target": -0.9107983559322822, "params": {"dTMD1": 0.33938193271173744, "dTMD2": 0.5906120691912429, "dTMD3": 0.5148397084191719, "dTMD4": 0.40591519546152144, "dTMD5": 0.47478087935706637, "dTMD6": 0.8853503940748141, "fTMD1": 0.5717674624842349, "fTMD2": 0.26138851432798604, "fTMD3": 0.5591254015596109, "fTMD4": 0.21733257268533834, "fTMD5": 0.4447421736133601, "fTMD6": 0.4510798304650009, "mTMD1": 0.4372623876766726, "mTMD2": 0.6730309576436114, "mTMD3": 0.4943782764456113, "mTMD4": 0.5447362525565596, "mTMD5": 0.932558072411819, "xTMD1": 0.34066939495467574, "xTMD2": 0.8752805548407165, "xTMD3": 0.07705608260713592, "xTMD4": 0.3195323529013253, "xTMD5": 0.7225554963021351, "xTMD6": 0.8391725301862262}, "datetime": {"datetime": "2023-02-03 12:13:34", "elapsed": 7111.09466, "delta": 16.991355}}
