{"target": -0.9189271554176548, "params": {"dTMD1": 0.5585499396196731, "dTMD2": 0.6291426079005361, "dTMD3": 0.00044644603197196986, "dTMD4": 0.25519762952189906, "dTMD5": 0.28321518500042187, "dTMD6": 0.035750449886680524, "fTMD1": 0.8340047437128162, "fTMD2": 0.5142295213403836, "fTMD3": 0.8754736814653296, "fTMD4": 0.6330608077038162, "fTMD5": 0.2079338995590625, "fTMD6": 0.3340180151135399, "mTMD1": 0.022414025308254315, "mTMD2": 0.5571086757329804, "mTMD3": 0.5818049432085206, "mTMD4": 0.9431901476723065, "mTMD5": 0.794137432084681, "xTMD1": 0.6898096333399968, "xTMD2": 0.814933002973521, "xTMD3": 0.2689769861560828, "xTMD4": 0.36039945324602807, "xTMD5": 0.7257606453279104, "xTMD6": 0.4542015939670576}, "datetime": {"datetime": "2023-02-03 10:22:10", "elapsed": 426.848449, "delta": 13.833441}}
{"target": -0.9471673335189841, "params": {"dTMD1": 0.9974930303639135, "dTMD2": 0.6813284413958479, "dTMD3": 0.9619990780597243, "dTMD4": 0.37951282128463615, "dTMD5": 0.15483209413789023, "dTMD6": 0.7205213335951257, "fTMD1": 0.5800406965123749, "fTMD2": 0.22650992813394089, "fTMD3": 0.13175600239980578, "fTMD4": 0.5829545391644663, "fTMD5": 0.8293546189145294, "fTMD6": 0.7993327001827745, "mTMD1": 0.06545652159002369, "mTMD2": 0.025321251498888975, "mTMD3": 0.3473731733663301, "mTMD4": 0.47927738198452574, "mTMD5": 0.007467521438735081, "xTMD1": 0.9741787711312312, "xTMD2": 0.3089502353147877, "xTMD3": 0.1665358830060797, "xTMD4": 0.39066432818061836, "xTMD5": 0.40424653678620315, "xTMD6": 0.7395917351237005}, "datetime": {"datetime": "2023-02-03 10:22:24", "elapsed": 440.459011, "delta": 13.610562}}
{"target": -0.7611444850087574, "params": {"dTMD1": 0.5930550786240253, "dTMD2": 0.2553673725854849, "dTMD3": 0.49532496003265847, "dTMD4": 0.26654905798432815, "dTMD5": 0.3204066382347398, "dTMD6": 0.5324465139842017, "fTMD1": 0.7134110704376779, "fTMD2": 0.6380830515031133, "fTMD3": 0.3969842361886474, "fTMD4": 0.5517703744487197, "fTMD5": 0.4042970291481277, "fTMD6": 0.042909484285300614, "mTMD1": 0.06374033508627408, "mTMD2": 0.4661420096694392, "mTMD3": 0.6332845279465931, "mTMD4": 0.964487330116862, "mTMD5": 0.6504253295163204, "xTMD1": 0.6630061178718109, "xTMD2": 0.7862532475917936, "xTMD3": 0.351979778575908, "xTMD4": 0.22194449132196947, "xTMD5": 0.7622559072597737, "xTMD6": 0.5335185479763987}, "datetime": {"datetime": "2023-02-03 10:22:37", "elapsed": 454.160479, "delta": 13.701468}}
{"target": -1.0018939966569875, "params": {"dTMD1": 0.11475931194947286, "dTMD2": 0.10540078929704222, "dTMD3": 0.7820547502493956, "dTMD4": 0.700601703184306, "dTMD5": 0.46147107972760393, "dTMD6": 0.7812208785929842, "fTMD1": 0.4536329912705924, "fTMD2": 0.5655371487809592, "fTMD3": 0.9517945335113767, "fTMD4": 0.9022964161155251, "fTMD5": 0.28617351138391467, "fTMD6": 0.45540543347891094, "mTMD1": 0.8359029264089027, "mTMD2": 0.9031850069034973, "mTMD3": 0.0666834339800556, "mTMD4": 0.6367462181626565, "mTMD5": 0.6409847323877413, "xTMD1": 0.18985392811803092, "xTMD2": 0.5500020812478439, "xTMD3": 0.9686300181233484, "xTMD4": 0.6032588147331376, "xTMD5": 0.7336040205368889, "xTMD6": 0.8532077975737009}, "datetime": {"datetime": "2023-02-03 10:22:51", "elapsed": 467.836504, "delta": 13.676025}}
{"target": -0.838107200762569, "params": {"dTMD1": 0.6298828736316846, "dTMD2": 0.2146308248190435, "dTMD3": 0.3563924822795814, "dTMD4": 0.5788154031042454, "dTMD5": 0.3396813811095094, "dTMD6": 0.22414954202487358, "fTMD1": 0.729307767061043, "fTMD2": 0.616206536828824, "fTMD3": 0.7108150637289791, "fTMD4": 0.4683563852920438, "fTMD5": 0.46889960181678525, "fTMD6": 0.47489931379315686, "mTMD1": 0.002177428663733494, "mTMD2": 0.7579584115626125, "mTMD3": 0.8050123076767323, "mTMD4": 0.873871582687217, "mTMD5": 0.9451488544469412, "xTMD1": 0.5144977169013422, "xTMD2": 0.4983032446003156, "xTMD3": 0.2078673187885952, "xTMD4": 0.3794355074136384, "xTMD5": 0.7197490941603326, "xTMD6": 0.22753871626010047}, "datetime": {"datetime": "2023-02-03 10:23:05", "elapsed": 481.480329, "delta": 13.643825}}
{"target": -0.6007196297296996, "params": {"dTMD1": 0.7851514921540147, "dTMD2": 0.9451687327756672, "dTMD3": 0.0012867064253250238, "dTMD4": 0.5652797449210917, "dTMD5": 0.4614092747017262, "dTMD6": 0.13573540480968316, "fTMD1": 0.775055937026126, "fTMD2": 0.9659113161588899, "fTMD3": 0.37577622159758184, "fTMD4": 0.18399895942005084, "fTMD5": 0.39198059734146307, "fTMD6": 0.6590505589578866, "mTMD1": 0.0704462839053277, "mTMD2": 0.5577854894969387, "mTMD3": 0.8977876511584073, "mTMD4": 0.7817038020167034, "mTMD5": 0.7713738507640202, "xTMD1": 0.37867632503953785, "xTMD2": 0.34855958074380977, "xTMD3": 0.4279349421118971, "xTMD4": 0.775209063921289, "xTMD5": 0.09264201694038132, "xTMD6": 0.5553832901664444}, "datetime": {"datetime": "2023-02-03 10:23:18", "elapsed": 495.153062, "delta": 13.672733}}
{"target": -0.8995153795119559, "params": {"dTMD1": 0.5032624466802572, "dTMD2": 0.98822895157589, "dTMD3": 0.2682376868042793, "dTMD4": 0.7549383291534799, "dTMD5": 0.6988341491769747, "dTMD6": 0.010670664015716702, "fTMD1": 0.3230502837634055, "fTMD2": 0.6424567548107798, "fTMD3": 0.138459879910939, "fTMD4": 0.5437981572000616, "fTMD5": 0.5179533492069921, "fTMD6": 0.02770885788567634, "mTMD1": 0.013969813025059619, "mTMD2": 0.6183715967867226, "mTMD3": 0.6425073730078422, "mTMD4": 0.9326218500012728, "mTMD5": 0.7420531345608288, "xTMD1": 0.14423176775714475, "xTMD2": 0.5075095029565809, "xTMD3": 0.07886927100225583, "xTMD4": 0.3153282323677822, "xTMD5": 0.12450017709720407, "xTMD6": 0.6680741060675898}, "datetime": {"datetime": "2023-02-03 10:23:32", "elapsed": 509.103503, "delta": 13.950441}}
{"target": -0.501402191591979, "params": {"dTMD1": 0.3074283277730254, "dTMD2": 0.08458658965279986, "dTMD3": 0.8434611989514685, "dTMD4": 0.7894342472862842, "dTMD5": 0.5980475603809701, "dTMD6": 0.888393770896421, "fTMD1": 0.4158512568266449, "fTMD2": 0.2682118459807106, "fTMD3": 0.07292866832151101, "fTMD4": 0.20262964836771324, "fTMD5": 0.7054576306566691, "fTMD6": 0.23499351254023904, "mTMD1": 0.5139395477721393, "mTMD2": 0.8043491208678233, "mTMD3": 0.027577357601073826, "mTMD4": 0.49517586498941757, "mTMD5": 0.6455547022358703, "xTMD1": 0.2110021739574215, "xTMD2": 0.561264606889163, "xTMD3": 0.5782026754167968, "xTMD4": 0.2594020303815523, "xTMD5": 0.24496516951203373, "xTMD6": 0.8701900648632679}, "datetime": {"datetime": "2023-02-03 10:23:46", "elapsed": 522.814348, "delta": 13.710845}}
{"target": -0.9584059165151926, "params": {"dTMD1": 0.380042630757057, "dTMD2": 0.8427451186668243, "dTMD3": 0.24937691572939402, "dTMD4": 0.839491279370917, "dTMD5": 0.4090557324107885, "dTMD6": 0.5471365718861047, "fTMD1": 0.682624142603136, "fTMD2": 0.3981535385648164, "fTMD3": 0.5350076366331856, "fTMD4": 0.346467887470162, "fTMD5": 0.4814210906318217, "fTMD6": 0.18695209986429373, "mTMD1": 0.13698641304263592, "mTMD2": 0.8395972076158517, "mTMD3": 0.6573782059574036, "mTMD4": 0.44828905073442515, "mTMD5": 0.7567737454241625, "xTMD1": 0.12628432664022105, "xTMD2": 0.40843539739199575, "xTMD3": 0.11125956708924489, "xTMD4": 0.22655915917584957, "xTMD5": 0.4905285346782775, "xTMD6": 0.34748560357351355}, "datetime": {"datetime": "2023-02-03 10:24:00", "elapsed": 536.565505, "delta": 13.751157}}
{"target": -0.7042773849913483, "params": {"dTMD1": 0.24540053028382114, "dTMD2": 0.7367832443102458, "dTMD3": 0.7140148634438114, "dTMD4": 0.41823514032911513, "dTMD5": 0.3372295117232734, "dTMD6": 0.3733415097029029, "fTMD1": 0.3699555982814049, "fTMD2": 0.6196132385069091, "fTMD3": 0.36972025140429154, "fTMD4": 0.11249362074396474, "fTMD5": 0.034021466250592436, "fTMD6": 0.5342269053000148, "mTMD1": 0.17195801769248154, "mTMD2": 0.6518665634164919, "mTMD3": 0.9884622925339424, "mTMD4": 0.9798892953600954, "mTMD5": 0.9333417387554657, "xTMD1": 0.042319827670613375, "xTMD2": 0.7015944734773921, "xTMD3": 0.26678568284426407, "xTMD4": 0.740430458383409, "xTMD5": 0.5339256384675134, "xTMD6": 0.48977305735487997}, "datetime": {"datetime": "2023-02-03 10:24:13", "elapsed": 550.297577, "delta": 13.732072}}
{"target": -1.002641431223103, "params": {"dTMD1": 0.0023239722605737922, "dTMD2": 0.10642183669907523, "dTMD3": 0.6280820198905797, "dTMD4": 0.4091697333974208, "dTMD5": 0.011046287314059211, "dTMD6": 0.12246328740569767, "fTMD1": 0.3832629537537877, "fTMD2": 0.0022421284424652965, "fTMD3": 0.8238538836037506, "fTMD4": 0.5222371770598921, "fTMD5": 0.569135042715111, "fTMD6": 0.20709022627036489, "mTMD1": 0.5604779236828242, "mTMD2": 0.36603527165676253, "mTMD3": 0.6909401670758281, "mTMD4": 0.014188675613435175, "mTMD5": 0.9624667476154276, "xTMD1": 0.35213062686860364, "xTMD2": 0.032304165936611895, "xTMD3": 0.7582822407868468, "xTMD4": 0.06230758048030305, "xTMD5": 0.6872706675961319, "xTMD6": 0.340825955006133}, "datetime": {"datetime": "2023-02-03 10:24:27", "elapsed": 564.026203, "delta": 13.728626}}
{"target": -0.9856073725109247, "params": {"dTMD1": 0.2666885081063751, "dTMD2": 0.23875546061314945, "dTMD3": 0.40508560942140426, "dTMD4": 0.6087416464829752, "dTMD5": 0.4581211600195527, "dTMD6": 0.8718527619917754, "fTMD1": 0.4889695467878665, "fTMD2": 0.5198649832510922, "fTMD3": 0.7575578062838816, "fTMD4": 0.5233341921196204, "fTMD5": 0.5290621555718965, "fTMD6": 0.7722939784239565, "mTMD1": 0.9046068834138351, "mTMD2": 0.14164460200113105, "mTMD3": 0.06948579646608499, "mTMD4": 0.3818869667375976, "mTMD5": 0.04452875993830263, "xTMD1": 0.5021760336606321, "xTMD2": 0.6361315402204487, "xTMD3": 0.6167324206411112, "xTMD4": 0.7314789485836265, "xTMD5": 0.6129414322272971, "xTMD6": 0.5038693532824936}, "datetime": {"datetime": "2023-02-03 10:24:41", "elapsed": 577.847447, "delta": 13.821244}}
{"target": -0.6870288047197238, "params": {"dTMD1": 0.12402747198550956, "dTMD2": 0.4179864062383615, "dTMD3": 0.38092069983158583, "dTMD4": 0.5404312651893168, "dTMD5": 0.2370541114542568, "dTMD6": 0.3092848038056685, "fTMD1": 0.27721527075257846, "fTMD2": 0.4923012042721179, "fTMD3": 0.7689254048676967, "fTMD4": 0.5154460989431051, "fTMD5": 0.5928367239106469, "fTMD6": 0.8257016816165298, "mTMD1": 0.8413507050625597, "mTMD2": 0.9817484785551142, "mTMD3": 0.828147019421129, "mTMD4": 0.6913614119082739, "mTMD5": 0.8162315448313339, "xTMD1": 0.5731122762818258, "xTMD2": 0.7513942746266812, "xTMD3": 0.8247858187966459, "xTMD4": 0.25339830814009556, "xTMD5": 0.3559079694760774, "xTMD6": 0.47188443315366446}, "datetime": {"datetime": "2023-02-03 10:24:55", "elapsed": 591.522027, "delta": 13.67458}}
{"target": -0.5556671791773992, "params": {"dTMD1": 0.25800915070229735, "dTMD2": 0.9339703600255064, "dTMD3": 0.34806968013634276, "dTMD4": 0.8293365348485547, "dTMD5": 0.4873398265426825, "dTMD6": 0.0813775245629833, "fTMD1": 0.8214527798845295, "fTMD2": 0.8938686857315996, "fTMD3": 0.23715524250947828, "fTMD4": 0.567139775200748, "fTMD5": 0.1904390787495006, "fTMD6": 0.5727579289793353, "mTMD1": 0.0927697000482931, "mTMD2": 0.648386578597204, "mTMD3": 0.7005029169095047, "mTMD4": 0.629395154965769, "mTMD5": 0.9158227588201769, "xTMD1": 0.3359165639830832, "xTMD2": 0.5991426030168626, "xTMD3": 0.4166599967328716, "xTMD4": 0.5329790845269101, "xTMD5": 0.579415505738098, "xTMD6": 0.25325409649958475}, "datetime": {"datetime": "2023-02-03 10:25:08", "elapsed": 605.045577, "delta": 13.52355}}
{"target": -0.9785471713804301, "params": {"dTMD1": 0.27745794086025244, "dTMD2": 0.048329276394426746, "dTMD3": 0.5432239315174527, "dTMD4": 0.4477084211241227, "dTMD5": 0.9412319023334789, "dTMD6": 0.26877547398017754, "fTMD1": 0.6633074737843565, "fTMD2": 0.2550900312042085, "fTMD3": 0.9845618483098756, "fTMD4": 0.8172634898494127, "fTMD5": 0.2240976867366986, "fTMD6": 0.42068308151392886, "mTMD1": 0.8963201802573897, "mTMD2": 0.9685218741371704, "mTMD3": 0.8992656639583628, "mTMD4": 0.1108652927179784, "mTMD5": 0.4489404775796373, "xTMD1": 0.6504792104243105, "xTMD2": 0.5990966221835183, "xTMD3": 0.4938943476707688, "xTMD4": 0.2745998548321452, "xTMD5": 0.13348479188501883, "xTMD6": 0.6782848673574808}, "datetime": {"datetime": "2023-02-03 10:25:22", "elapsed": 618.570298, "delta": 13.524721}}
{"target": -0.8060305539691953, "params": {"dTMD1": 0.4422589581659967, "dTMD2": 0.608625481051592, "dTMD3": 0.21220062261798556, "dTMD4": 0.45573770805145175, "dTMD5": 0.9550299639874195, "dTMD6": 0.8272501732266446, "fTMD1": 0.6123643669305785, "fTMD2": 0.913906718822788, "fTMD3": 0.3373165922616249, "fTMD4": 0.4808810348378446, "fTMD5": 0.6466987514845693, "fTMD6": 0.030517813359734025, "mTMD1": 0.3558883410871314, "mTMD2": 0.723631879010414, "mTMD3": 0.351830588578503, "mTMD4": 0.4635654460370716, "mTMD5": 0.29915631290686506, "xTMD1": 0.9290632392159645, "xTMD2": 0.44684467600298394, "xTMD3": 0.5521222559227842, "xTMD4": 0.9492534125772902, "xTMD5": 0.8637717853197464, "xTMD6": 0.5353084198627052}, "datetime": {"datetime": "2023-02-03 10:25:36", "elapsed": 632.383464, "delta": 13.813166}}
{"target": -1.082132877698531, "params": {"dTMD1": 0.15502229773982967, "dTMD2": 0.8613739255553323, "dTMD3": 0.00993493878478191, "dTMD4": 0.6895966739346677, "dTMD5": 0.34039177631516315, "dTMD6": 0.11259994641391913, "fTMD1": 0.8631492269875517, "fTMD2": 0.955641019696523, "fTMD3": 0.35611091035147113, "fTMD4": 0.09346845255895542, "fTMD5": 0.3744761581229691, "fTMD6": 0.3462180442060234, "mTMD1": 0.07249688403825538, "mTMD2": 0.3459952973331021, "mTMD3": 0.7939553068114296, "mTMD4": 0.5236990556677678, "mTMD5": 0.6656916115512318, "xTMD1": 0.6879997948395546, "xTMD2": 0.4909680798032243, "xTMD3": 0.4071271602313077, "xTMD4": 0.5187618736568672, "xTMD5": 0.6763602514186727, "xTMD6": 0.20479294092409017}, "datetime": {"datetime": "2023-02-03 10:25:50", "elapsed": 646.358641, "delta": 13.975177}}
{"target": -1.0437879699432, "params": {"dTMD1": 0.4771081201001889, "dTMD2": 0.7793329365851988, "dTMD3": 0.4759251015202599, "dTMD4": 0.8086263833020054, "dTMD5": 0.3539603463281846, "dTMD6": 0.335558805588975, "fTMD1": 0.39004074526799015, "fTMD2": 0.7521183311168977, "fTMD3": 0.15806477368053162, "fTMD4": 0.5409128453281254, "fTMD5": 0.16336353574632712, "fTMD6": 0.1647972137123519, "mTMD1": 0.1442960943096493, "mTMD2": 0.7331251436598266, "mTMD3": 0.8513334391484264, "mTMD4": 0.7302225582157612, "mTMD5": 0.8876436335977897, "xTMD1": 0.0021146712759140263, "xTMD2": 0.8583654357011439, "xTMD3": 0.3796934964594141, "xTMD4": 0.19443338830483126, "xTMD5": 0.6680656610347062, "xTMD6": 0.5304965521982119}, "datetime": {"datetime": "2023-02-03 10:26:03", "elapsed": 660.12854, "delta": 13.769899}}
{"target": -0.957612462661711, "params": {"dTMD1": 0.6607454121863606, "dTMD2": 0.8486015286314806, "dTMD3": 0.08094590583892369, "dTMD4": 0.7069519920799349, "dTMD5": 0.44636800687496836, "dTMD6": 0.16353587083070997, "fTMD1": 0.5805779095605234, "fTMD2": 0.8512460181293181, "fTMD3": 0.006975033010788945, "fTMD4": 0.09555674877551079, "fTMD5": 0.7952101293274537, "fTMD6": 0.9489454468111008, "mTMD1": 0.07751212092373627, "mTMD2": 0.358146278782819, "mTMD3": 0.7136979535183372, "mTMD4": 0.6702870582578574, "mTMD5": 0.5085057242478074, "xTMD1": 0.2777982212466822, "xTMD2": 0.14227868208123706, "xTMD3": 0.2416530301175096, "xTMD4": 0.6245418938474492, "xTMD5": 0.10125003898415863, "xTMD6": 0.549645006108062}, "datetime": {"datetime": "2023-02-03 10:26:17", "elapsed": 673.827381, "delta": 13.698841}}
{"target": -0.6350043831317765, "params": {"dTMD1": 0.3115261674024763, "dTMD2": 0.1480597232143731, "dTMD3": 0.24939502663596647, "dTMD4": 0.5850753718913702, "dTMD5": 0.2985983122236011, "dTMD6": 0.23524074468791778, "fTMD1": 0.16576650047337815, "fTMD2": 0.00714730401968755, "fTMD3": 0.1516244646882604, "fTMD4": 0.6044204542871838, "fTMD5": 0.9393493934779156, "fTMD6": 0.6466482824021932, "mTMD1": 0.8342967812503533, "mTMD2": 0.7433271536667769, "mTMD3": 0.8190752472317611, "mTMD4": 0.8109907347174703, "mTMD5": 0.6467413553723376, "xTMD1": 0.6993617600064648, "xTMD2": 0.9365907433140177, "xTMD3": 0.8891634191636643, "xTMD4": 0.3966211625703182, "xTMD5": 0.1625582480534482, "xTMD6": 0.4595864270062229}, "datetime": {"datetime": "2023-02-03 10:26:30", "elapsed": 687.298779, "delta": 13.471398}}
{"target": -1.0404380908810813, "params": {"dTMD1": 0.6964287964597728, "dTMD2": 0.7520615787571729, "dTMD3": 0.40653878154586875, "dTMD4": 0.9265788136192249, "dTMD5": 0.6448483234382747, "dTMD6": 0.14810152941849597, "fTMD1": 0.798939614999107, "fTMD2": 0.7591245915523612, "fTMD3": 0.06685760822343989, "fTMD4": 0.8746121688937726, "fTMD5": 0.03264923907056261, "fTMD6": 0.7122861389594117, "mTMD1": 0.08340741468255597, "mTMD2": 0.5028467374239515, "mTMD3": 0.5717281045354816, "mTMD4": 0.589423354695723, "mTMD5": 0.7211676794225824, "xTMD1": 0.16087665866650203, "xTMD2": 0.4760647713582933, "xTMD3": 0.2707110680354542, "xTMD4": 0.8616349034695563, "xTMD5": 0.3161113594061856, "xTMD6": 0.18901242536872376}, "datetime": {"datetime": "2023-02-03 10:26:44", "elapsed": 701.201248, "delta": 13.902469}}
{"target": -1.025776193683468, "params": {"dTMD1": 0.013061435317590075, "dTMD2": 0.7417899644022222, "dTMD3": 0.41878462032105335, "dTMD4": 0.5857228000650475, "dTMD5": 0.10749337877747422, "dTMD6": 0.8396162657693889, "fTMD1": 0.8173440055034553, "fTMD2": 0.31351887446881777, "fTMD3": 0.7164223139712103, "fTMD4": 0.49532459913279114, "fTMD5": 0.9099524648283143, "fTMD6": 0.781330744686508, "mTMD1": 0.15620063633604742, "mTMD2": 0.7145275923074587, "mTMD3": 0.6245097893010859, "mTMD4": 0.10455677794745266, "mTMD5": 0.6070443464510814, "xTMD1": 0.7419718365599778, "xTMD2": 0.6623784285188032, "xTMD3": 0.4802796085627633, "xTMD4": 0.6682001624977751, "xTMD5": 0.4667540490719635, "xTMD6": 0.228216284573316}, "datetime": {"datetime": "2023-02-03 10:26:58", "elapsed": 715.000972, "delta": 13.799724}}
{"target": -0.8087063542495686, "params": {"dTMD1": 0.34056949090286126, "dTMD2": 0.9075226944537574, "dTMD3": 0.6121204404739987, "dTMD4": 0.2647265727403163, "dTMD5": 0.3345699972084437, "dTMD6": 0.29390163254936996, "fTMD1": 0.501020524647138, "fTMD2": 0.8735906461736311, "fTMD3": 0.5250408070639404, "fTMD4": 0.2334272192620167, "fTMD5": 0.36571018504268793, "fTMD6": 0.63230679390406, "mTMD1": 0.08643261451327167, "mTMD2": 0.7170892608697924, "mTMD3": 0.9285594681643425, "mTMD4": 0.457030762443994, "mTMD5": 0.6647441639551451, "xTMD1": 0.3080545404744337, "xTMD2": 0.6504177172586177, "xTMD3": 0.46977358890847576, "xTMD4": 0.3728911266454811, "xTMD5": 0.31597271277725714, "xTMD6": 0.22903531372353136}, "datetime": {"datetime": "2023-02-03 10:27:12", "elapsed": 728.851376, "delta": 13.850404}}
{"target": -0.7995235555210469, "params": {"dTMD1": 0.5109350732439984, "dTMD2": 0.5241612030200282, "dTMD3": 0.6243328981837815, "dTMD4": 0.6846691113561212, "dTMD5": 0.23781776577961833, "dTMD6": 0.44709500037514405, "fTMD1": 0.6702993027122095, "fTMD2": 0.6499056389540776, "fTMD3": 0.2929514082961636, "fTMD4": 0.765892108264136, "fTMD5": 0.26993850208256553, "fTMD6": 0.3223800589938084, "mTMD1": 0.07233562889449474, "mTMD2": 0.8270644395576217, "mTMD3": 0.9998516550253035, "mTMD4": 0.6315782751546272, "mTMD5": 0.96232163531021, "xTMD1": 0.3781402008362996, "xTMD2": 0.6484508625709817, "xTMD3": 0.23978841926437922, "xTMD4": 0.8543830128437822, "xTMD5": 0.41465645014910557, "xTMD6": 0.6972420379880588}, "datetime": {"datetime": "2023-02-03 10:27:26", "elapsed": 742.589901, "delta": 13.738525}}
{"target": -0.7733769315674579, "params": {"dTMD1": 0.9642840343559962, "dTMD2": 0.8511277205579327, "dTMD3": 0.4582938387380934, "dTMD4": 0.8316366423264325, "dTMD5": 0.3293661347876172, "dTMD6": 0.14727905340194425, "fTMD1": 0.9075313717937473, "fTMD2": 0.8566682876263355, "fTMD3": 0.7957212914069401, "fTMD4": 0.7590287450152423, "fTMD5": 0.12226800058604737, "fTMD6": 0.471598292354366, "mTMD1": 0.8164461635546489, "mTMD2": 0.006685909818659241, "mTMD3": 0.04788973564842225, "mTMD4": 0.4748074813991584, "mTMD5": 0.36174415361878676, "xTMD1": 0.29482763560103553, "xTMD2": 0.026481100478468633, "xTMD3": 0.6385332248655458, "xTMD4": 0.635286202197388, "xTMD5": 0.10281961722255573, "xTMD6": 0.38672970763324976}, "datetime": {"datetime": "2023-02-03 10:27:40", "elapsed": 756.418208, "delta": 13.828307}}
{"target": -0.8564459020157609, "params": {"dTMD1": 0.8478002831104223, "dTMD2": 0.9798697282099357, "dTMD3": 0.04298602360980319, "dTMD4": 0.7106987502040274, "dTMD5": 0.4509659853116177, "dTMD6": 0.08135620977043412, "fTMD1": 0.32354656813792637, "fTMD2": 0.7942031308001501, "fTMD3": 0.4266935122140496, "fTMD4": 0.14564069239079735, "fTMD5": 0.41893205280760415, "fTMD6": 0.525521527736968, "mTMD1": 0.29326561487332925, "mTMD2": 0.5835871197065156, "mTMD3": 0.8434696688476148, "mTMD4": 0.7511582632044612, "mTMD5": 0.7361819368826044, "xTMD1": 0.17366943855068973, "xTMD2": 0.21892362440396795, "xTMD3": 0.24950725730170586, "xTMD4": 0.32076553098397653, "xTMD5": 0.37494929464379034, "xTMD6": 0.2241824810952544}, "datetime": {"datetime": "2023-02-03 10:27:53", "elapsed": 770.235126, "delta": 13.816918}}
{"target": -1.022004995804982, "params": {"dTMD1": 0.1970086420707644, "dTMD2": 0.8226833395759034, "dTMD3": 0.20334165510335833, "dTMD4": 0.8141823818397513, "dTMD5": 0.505426854007376, "dTMD6": 0.007712743137497924, "fTMD1": 0.8157607408276124, "fTMD2": 0.8767875429700054, "fTMD3": 0.3527657327619397, "fTMD4": 0.6918655871978203, "fTMD5": 0.055813015715124314, "fTMD6": 0.6138704722993932, "mTMD1": 0.3487402701009641, "mTMD2": 0.2508727770791006, "mTMD3": 0.9791030985709279, "mTMD4": 0.6117559965384802, "mTMD5": 0.8520426331426769, "xTMD1": 0.057635904904131174, "xTMD2": 0.7247869423293234, "xTMD3": 0.32736569149821304, "xTMD4": 0.7481292092816609, "xTMD5": 0.34975933078293, "xTMD6": 0.31849798293183285}, "datetime": {"datetime": "2023-02-03 10:28:07", "elapsed": 783.973691, "delta": 13.738565}}
