{"target": -0.877307869916334, "params": {"dTMD1": 0.9519089898405743, "dTMD2": 0.7700300974698424, "dTMD3": 0.9328927714970562, "dTMD4": 0.6061622010924906, "dTMD5": 0.11376365091088947, "dTMD6": 0.35574927625318575, "fTMD1": 0.9713473713056878, "fTMD2": 0.19156593128826538, "fTMD3": 0.3085328115374091, "fTMD4": 0.2625151866839187, "fTMD5": 0.16684487850534424, "fTMD6": 0.9483724808984634, "mTMD1": 0.25279906333763125, "mTMD2": 0.2704002326384186, "mTMD3": 0.37680286548191566, "mTMD4": 0.03848608070751869, "mTMD5": 0.7984971679840747, "xTMD1": 0.9862811724754104, "xTMD2": 0.9642822982176146, "xTMD3": 0.6919984555361264, "xTMD4": 0.3818354645780685, "xTMD5": 0.11611642524897492, "xTMD6": 0.5622152421681293}, "datetime": {"datetime": "2023-02-03 11:05:02", "elapsed": 2998.63507, "delta": 16.331213}}
{"target": -0.9311859441304923, "params": {"dTMD1": 0.2518311215729737, "dTMD2": 0.9292516284268494, "dTMD3": 0.36996853366104065, "dTMD4": 0.11381662481862731, "dTMD5": 0.24605083800825733, "dTMD6": 0.4456302901128384, "fTMD1": 0.7611789594784509, "fTMD2": 0.6696078224820055, "fTMD3": 0.29468022406613303, "fTMD4": 0.23785904160549887, "fTMD5": 0.38440537138486774, "fTMD6": 0.3817089338467231, "mTMD1": 0.2260537468083741, "mTMD2": 0.9717302052966078, "mTMD3": 0.795398978862683, "mTMD4": 0.6508902580057003, "mTMD5": 0.7960574517958627, "xTMD1": 0.07495122141096988, "xTMD2": 0.8140843280185904, "xTMD3": 0.3724187410215233, "xTMD4": 0.7107501814201576, "xTMD5": 0.4442491955039264, "xTMD6": 0.19438331349834714}, "datetime": {"datetime": "2023-02-03 11:05:19", "elapsed": 3015.464691, "delta": 16.829621}}
{"target": -0.5989101897239495, "params": {"dTMD1": 0.40501312644955134, "dTMD2": 0.32645809439648377, "dTMD3": 0.8726228526640074, "dTMD4": 0.5301167463503702, "dTMD5": 0.2553443909099864, "dTMD6": 0.8270634502754609, "fTMD1": 0.2868480579860757, "fTMD2": 0.6803145410899164, "fTMD3": 0.6586166308438763, "fTMD4": 0.05792822093800187, "fTMD5": 0.6266724158516119, "fTMD6": 0.2700320038270747, "mTMD1": 0.43079445453288845, "mTMD2": 0.5812046018122661, "mTMD3": 0.3021751105857048, "mTMD4": 0.2498085180199563, "mTMD5": 0.4980756250516293, "xTMD1": 0.3627365181493962, "xTMD2": 0.45624295040276974, "xTMD3": 0.5905466840967828, "xTMD4": 0.06482076197413089, "xTMD5": 0.48021679985851395, "xTMD6": 0.23680864556316905}, "datetime": {"datetime": "2023-02-03 11:05:36", "elapsed": 3033.074149, "delta": 17.609458}}
{"target": -1.090716978287441, "params": {"dTMD1": 0.48501024993274466, "dTMD2": 0.22261684790574443, "dTMD3": 0.5460862852480891, "dTMD4": 0.028068769027690066, "dTMD5": 0.5368443389153928, "dTMD6": 0.1545456380333443, "fTMD1": 0.4449889242053289, "fTMD2": 0.3065829037374489, "fTMD3": 0.3874733093912509, "fTMD4": 0.3238141474831492, "fTMD5": 0.4056061160915926, "fTMD6": 0.9706430939150456, "mTMD1": 0.14059703635460452, "mTMD2": 0.5704116782730669, "mTMD3": 0.0446800494145313, "mTMD4": 0.33130785438539323, "mTMD5": 0.2439388956156915, "xTMD1": 0.07514239614565077, "xTMD2": 0.633790922223438, "xTMD3": 0.6355344383585044, "xTMD4": 0.022910649476356237, "xTMD5": 0.504473003107294, "xTMD6": 0.13925835055542457}, "datetime": {"datetime": "2023-02-03 11:05:54", "elapsed": 3051.267686, "delta": 18.193537}}
{"target": -0.5707718329418255, "params": {"dTMD1": 0.0694876853929931, "dTMD2": 0.4572635242698371, "dTMD3": 0.03799939286045273, "dTMD4": 0.5291436983532549, "dTMD5": 0.3532543712960269, "dTMD6": 0.8431164885543723, "fTMD1": 0.8024217686943663, "fTMD2": 0.7249471616900248, "fTMD3": 0.16098885843481858, "fTMD4": 0.5998401114914872, "fTMD5": 0.09942888401791083, "fTMD6": 0.4719273232652771, "mTMD1": 0.486852375732031, "mTMD2": 0.5365780414902993, "mTMD3": 0.9868816412964612, "mTMD4": 0.4781299675307562, "mTMD5": 0.8896296997820404, "xTMD1": 0.6166702003244694, "xTMD2": 0.21580141055043556, "xTMD3": 0.3894764319163646, "xTMD4": 0.0633910094492931, "xTMD5": 0.38625021443742213, "xTMD6": 0.5719488514520293}, "datetime": {"datetime": "2023-02-03 11:06:12", "elapsed": 3068.48735, "delta": 17.219664}}
{"target": -0.667499089598839, "params": {"dTMD1": 0.6626831732930174, "dTMD2": 0.4074024104854326, "dTMD3": 0.9683451417153918, "dTMD4": 0.9877313118625507, "dTMD5": 0.9103165809892313, "dTMD6": 0.26638261729288326, "fTMD1": 0.8543211828161833, "fTMD2": 0.14245861759071687, "fTMD3": 0.4685447566370021, "fTMD4": 0.9495560883232317, "fTMD5": 0.09463001714513442, "fTMD6": 0.648454999448817, "mTMD1": 0.37317476678735195, "mTMD2": 0.6096337333553039, "mTMD3": 0.9137823370327517, "mTMD4": 0.30137986740802836, "mTMD5": 0.9348123808737181, "xTMD1": 0.3984577544006621, "xTMD2": 0.5695293441218863, "xTMD3": 0.5857715800268201, "xTMD4": 0.9386094347083759, "xTMD5": 0.4999268385187381, "xTMD6": 0.055676888645457834}, "datetime": {"datetime": "2023-02-03 11:06:31", "elapsed": 3087.388295, "delta": 18.900945}}
{"target": -1.0731144662378336, "params": {"dTMD1": 0.11381492783960612, "dTMD2": 0.6001577081580796, "dTMD3": 0.48562657266001263, "dTMD4": 0.32146399483992105, "dTMD5": 0.10801471752643899, "dTMD6": 0.7588465389170156, "fTMD1": 0.952687964975741, "fTMD2": 0.6056569907470031, "fTMD3": 0.2548548422026249, "fTMD4": 0.3960249228556336, "fTMD5": 0.12477370260000809, "fTMD6": 0.6312921225545409, "mTMD1": 0.5086942632076623, "mTMD2": 0.5353089472910386, "mTMD3": 0.8657430973765824, "mTMD4": 0.5650659534643674, "mTMD5": 0.9113666958004574, "xTMD1": 0.893338219012541, "xTMD2": 0.09810661686345357, "xTMD3": 0.17659425266153317, "xTMD4": 0.3426376869774297, "xTMD5": 0.705703313986492, "xTMD6": 0.9983462824141401}, "datetime": {"datetime": "2023-02-03 11:06:49", "elapsed": 3105.906141, "delta": 18.517846}}
{"target": -0.9653352488482085, "params": {"dTMD1": 0.21408680763319188, "dTMD2": 0.9013266507111614, "dTMD3": 0.40195563997876915, "dTMD4": 0.3443243706763971, "dTMD5": 0.8253134862615319, "dTMD6": 0.5395864792465449, "fTMD1": 0.32056783327260685, "fTMD2": 0.7704186916692902, "fTMD3": 0.3977941605281522, "fTMD4": 0.37624091879604527, "fTMD5": 0.43379727416257163, "fTMD6": 0.31594845485524004, "mTMD1": 0.35868195386993307, "mTMD2": 0.7855361526839177, "mTMD3": 0.6921558222132511, "mTMD4": 0.5334000874521694, "mTMD5": 0.5918465495526726, "xTMD1": 0.2584309962458783, "xTMD2": 0.36062456562856715, "xTMD3": 0.7114867866321264, "xTMD4": 0.23534909001309667, "xTMD5": 0.824099753958051, "xTMD6": 0.359922195222685}, "datetime": {"datetime": "2023-02-03 11:07:06", "elapsed": 3122.67291, "delta": 16.766769}}
{"target": -0.8369938878792007, "params": {"dTMD1": 0.1095873294943337, "dTMD2": 0.7593240423332929, "dTMD3": 0.38093856390110215, "dTMD4": 0.5200460303727039, "dTMD5": 0.61886884904717, "dTMD6": 0.9603340346137016, "fTMD1": 0.989723420631151, "fTMD2": 0.620482958358531, "fTMD3": 0.09383450210777855, "fTMD4": 0.11572847739762682, "fTMD5": 0.2524943903799486, "fTMD6": 0.12526952033577088, "mTMD1": 0.5011667831151977, "mTMD2": 0.9578244274071879, "mTMD3": 0.6248104829502601, "mTMD4": 0.3952620521890273, "mTMD5": 0.36104234016340275, "xTMD1": 0.4452609998247883, "xTMD2": 0.407380392155142, "xTMD3": 0.1401801170523167, "xTMD4": 0.6011871492623895, "xTMD5": 0.7152329793955751, "xTMD6": 0.6590961345729325}, "datetime": {"datetime": "2023-02-03 11:07:22", "elapsed": 3139.025132, "delta": 16.352222}}
{"target": -0.5313639536291153, "params": {"dTMD1": 0.1002424938208426, "dTMD2": 0.735788989610359, "dTMD3": 0.6261100024879592, "dTMD4": 0.10963851746205477, "dTMD5": 0.6809578187779973, "dTMD6": 0.7016610651502991, "fTMD1": 0.6405990541450608, "fTMD2": 0.9953203174371824, "fTMD3": 0.3480129433722249, "fTMD4": 0.44226502167868365, "fTMD5": 0.5928783266296133, "fTMD6": 0.04961537140097805, "mTMD1": 0.45055993494070545, "mTMD2": 0.7578793838569383, "mTMD3": 0.9331275877493013, "mTMD4": 0.5402262521009152, "mTMD5": 0.7008743006220405, "xTMD1": 0.221226336774917, "xTMD2": 0.3595754044457271, "xTMD3": 0.7051260742898496, "xTMD4": 0.24832468826375953, "xTMD5": 0.29319912963288597, "xTMD6": 0.9248141015773375}, "datetime": {"datetime": "2023-02-03 11:07:38", "elapsed": 3155.304462, "delta": 16.27933}}
{"target": -0.7088494836237835, "params": {"dTMD1": 0.45309125576049347, "dTMD2": 0.9288038590855384, "dTMD3": 0.2528004459997427, "dTMD4": 0.20214433705032298, "dTMD5": 0.6052065669756823, "dTMD6": 0.7522562734968764, "fTMD1": 0.750198607979966, "fTMD2": 0.7289713028752036, "fTMD3": 0.6536312735426688, "fTMD4": 0.05561347623356705, "fTMD5": 0.34767277838643285, "fTMD6": 0.464122445740061, "mTMD1": 0.22786851835375188, "mTMD2": 0.9153822298655484, "mTMD3": 0.9756652276773535, "mTMD4": 0.8987390772208114, "mTMD5": 0.7747062090339648, "xTMD1": 0.7421724518778685, "xTMD2": 0.7246711501705657, "xTMD3": 0.049260473651478454, "xTMD4": 0.24779445019653934, "xTMD5": 0.7090146650918563, "xTMD6": 0.6267957729144784}, "datetime": {"datetime": "2023-02-03 11:07:54", "elapsed": 3171.024737, "delta": 15.720275}}
{"target": -0.6564640878975111, "params": {"dTMD1": 0.29210721174137944, "dTMD2": 0.5097234688258918, "dTMD3": 0.3774835392792223, "dTMD4": 0.019787415976177947, "dTMD5": 0.471856227061325, "dTMD6": 0.8736370411665373, "fTMD1": 0.8328202144940915, "fTMD2": 0.7300558686681039, "fTMD3": 0.32412668678011014, "fTMD4": 0.27426987191263585, "fTMD5": 0.17859863326524128, "fTMD6": 0.2293838486258264, "mTMD1": 0.4447211023741454, "mTMD2": 0.4053104388429435, "mTMD3": 0.6763765146884756, "mTMD4": 0.5126019112975277, "mTMD5": 0.4435267870102072, "xTMD1": 0.5722210061819186, "xTMD2": 0.6964537092656262, "xTMD3": 0.11558880496564561, "xTMD4": 0.956495609044339, "xTMD5": 0.49325089433598435, "xTMD6": 0.5979136516317531}, "datetime": {"datetime": "2023-02-03 11:08:10", "elapsed": 3186.442786, "delta": 15.418049}}
{"target": -0.8402183561160614, "params": {"dTMD1": 0.8616598562114572, "dTMD2": 0.4044642546057049, "dTMD3": 0.4982774414440889, "dTMD4": 0.10997962978115094, "dTMD5": 0.08216964889427913, "dTMD6": 0.5078797708111735, "fTMD1": 0.34292995606956367, "fTMD2": 0.4459181068097444, "fTMD3": 0.532116699027687, "fTMD4": 0.22671821957130545, "fTMD5": 0.9172978672160492, "fTMD6": 0.9232115799006928, "mTMD1": 0.7776065958554397, "mTMD2": 0.543233882868005, "mTMD3": 0.6930999012861867, "mTMD4": 0.35024691687169096, "mTMD5": 0.11881946158287127, "xTMD1": 0.9757491447434014, "xTMD2": 0.24614419046141478, "xTMD3": 0.7348307270766612, "xTMD4": 0.23229462290136216, "xTMD5": 0.04620104611974074, "xTMD6": 0.9721147287757242}, "datetime": {"datetime": "2023-02-03 11:08:26", "elapsed": 3202.719903, "delta": 16.277117}}
{"target": -0.5658213772137887, "params": {"dTMD1": 0.07974167409092969, "dTMD2": 0.834706675154804, "dTMD3": 0.3202703470474997, "dTMD4": 0.19785449660459942, "dTMD5": 0.4130863135624052, "dTMD6": 0.682357379981254, "fTMD1": 0.49728606119564367, "fTMD2": 0.8362525198163171, "fTMD3": 0.2995094039729269, "fTMD4": 0.6299083680181861, "fTMD5": 0.08229049317658388, "fTMD6": 0.22126196364915973, "mTMD1": 0.04055940510877987, "mTMD2": 0.9615608909726473, "mTMD3": 0.9877523037763063, "mTMD4": 0.6138372920397864, "mTMD5": 0.6557976077576857, "xTMD1": 0.33665926303870053, "xTMD2": 0.12052365066049309, "xTMD3": 0.17645565312965827, "xTMD4": 0.28300140583477273, "xTMD5": 0.6090016945209324, "xTMD6": 0.9228588685404843}, "datetime": {"datetime": "2023-02-03 11:08:42", "elapsed": 3218.506171, "delta": 15.786268}}
{"target": -1.0109370391669703, "params": {"dTMD1": 0.20499307376254494, "dTMD2": 0.7181213495144191, "dTMD3": 0.3391615301896165, "dTMD4": 0.06140185496739803, "dTMD5": 0.24720637982360016, "dTMD6": 0.9222553669388153, "fTMD1": 0.3115408634294804, "fTMD2": 0.9562261774621039, "fTMD3": 0.2793613277768704, "fTMD4": 0.4135159029810098, "fTMD5": 0.04577042511932339, "fTMD6": 0.10792000952387493, "mTMD1": 0.2006194823442753, "mTMD2": 0.9420925590595111, "mTMD3": 0.9327887155715223, "mTMD4": 0.44591488063424534, "mTMD5": 0.048711198013839496, "xTMD1": 0.491308111883753, "xTMD2": 0.3706255428161843, "xTMD3": 0.14761360542592616, "xTMD4": 0.30080695700193916, "xTMD5": 0.48578296006531285, "xTMD6": 0.4700367710046668}, "datetime": {"datetime": "2023-02-03 11:08:58", "elapsed": 3234.537801, "delta": 16.03163}}
{"target": -0.6936408851685788, "params": {"dTMD1": 0.9543191661265421, "dTMD2": 0.7244944993755823, "dTMD3": 0.16594872891782564, "dTMD4": 0.8061928297792245, "dTMD5": 0.15377915322171176, "dTMD6": 0.514555525111981, "fTMD1": 0.9325059670958697, "fTMD2": 0.9796679804611172, "fTMD3": 0.567709564111401, "fTMD4": 0.32126488674321896, "fTMD5": 0.8731397432954654, "fTMD6": 0.1362502017712428, "mTMD1": 0.05128039107184523, "mTMD2": 0.3092115128599524, "mTMD3": 0.13597775724762706, "mTMD4": 0.9138893312748996, "mTMD5": 0.2406953089407503, "xTMD1": 0.9356080337211559, "xTMD2": 0.677968452767391, "xTMD3": 0.37249891773115007, "xTMD4": 0.42777825750491316, "xTMD5": 0.28929782555610106, "xTMD6": 0.7074538124300173}, "datetime": {"datetime": "2023-02-03 11:09:14", "elapsed": 3250.395537, "delta": 15.857736}}
{"target": -0.6040721241231104, "params": {"dTMD1": 0.11909718214405407, "dTMD2": 0.8765030556656276, "dTMD3": 0.44455164045843276, "dTMD4": 0.06729050332857411, "dTMD5": 0.4541440479527139, "dTMD6": 0.9375417485492393, "fTMD1": 0.4047291440072799, "fTMD2": 0.35898728892793186, "fTMD3": 0.5131392869389358, "fTMD4": 0.41644044035595873, "fTMD5": 0.47011615120177286, "fTMD6": 0.29952289111257324, "mTMD1": 0.2968490760205297, "mTMD2": 0.9189131984748955, "mTMD3": 0.6494343953476069, "mTMD4": 0.5145411973718201, "mTMD5": 0.19436992742217485, "xTMD1": 0.43463436441528946, "xTMD2": 0.4392500566894122, "xTMD3": 0.5105909474332465, "xTMD4": 0.4359285187783112, "xTMD5": 0.37406119924779624, "xTMD6": 0.752006994822434}, "datetime": {"datetime": "2023-02-03 11:09:30", "elapsed": 3266.518788, "delta": 16.123251}}
{"target": -0.5234092882455056, "params": {"dTMD1": 0.033950108762179076, "dTMD2": 0.42688857884719245, "dTMD3": 0.21568050645781578, "dTMD4": 0.26161235505111013, "dTMD5": 0.31857899499516473, "dTMD6": 0.39962633530535285, "fTMD1": 0.5469502250008275, "fTMD2": 0.5760661584712768, "fTMD3": 0.3500569107558007, "fTMD4": 0.30328973720539676, "fTMD5": 0.40798039829959176, "fTMD6": 0.11705843508807356, "mTMD1": 0.06826707680392663, "mTMD2": 0.409081980563906, "mTMD3": 0.9629524421948226, "mTMD4": 0.6115152979724471, "mTMD5": 0.47052942668313835, "xTMD1": 0.7307290195612389, "xTMD2": 0.05748925302186447, "xTMD3": 0.3180834294619421, "xTMD4": 0.42712507184651616, "xTMD5": 0.635415546193518, "xTMD6": 0.7196480845732216}, "datetime": {"datetime": "2023-02-03 11:09:46", "elapsed": 3283.071965, "delta": 16.553177}}
{"target": -0.9401185596097, "params": {"dTMD1": 0.5814455925793451, "dTMD2": 0.23949179870673787, "dTMD3": 0.09228539887829657, "dTMD4": 0.9266321761956923, "dTMD5": 0.5821094734563864, "dTMD6": 0.38895117289931935, "fTMD1": 0.46043225859952985, "fTMD2": 0.045078786107976, "fTMD3": 0.5631108842572252, "fTMD4": 0.7325562236218419, "fTMD5": 0.8022179911119032, "fTMD6": 0.6141086564709111, "mTMD1": 0.12973362125450416, "mTMD2": 0.9355440317760286, "mTMD3": 0.1563495798151655, "mTMD4": 0.10298886158526777, "mTMD5": 0.6011143057208724, "xTMD1": 0.509082546052516, "xTMD2": 0.752767035214795, "xTMD3": 0.7631387704069059, "xTMD4": 0.5017083828344925, "xTMD5": 0.9520030186608227, "xTMD6": 0.1603682996758211}, "datetime": {"datetime": "2023-02-03 11:10:02", "elapsed": 3299.132385, "delta": 16.06042}}
{"target": -0.7794887056386187, "params": {"dTMD1": 0.13518546989854974, "dTMD2": 0.7539496522309298, "dTMD3": 0.4097176813439084, "dTMD4": 0.12122929362764356, "dTMD5": 0.5097787789196218, "dTMD6": 0.6466290539806729, "fTMD1": 0.8100356441306986, "fTMD2": 0.6817886485692909, "fTMD3": 0.1980544611959958, "fTMD4": 0.6584745330558018, "fTMD5": 0.5874211232275189, "fTMD6": 0.11675773472901152, "mTMD1": 0.2111049368400455, "mTMD2": 0.571953375450002, "mTMD3": 0.6883709106557978, "mTMD4": 0.8430736541633039, "mTMD5": 0.7716593908930421, "xTMD1": 0.6201982108813766, "xTMD2": 0.4660049902975849, "xTMD3": 0.5431203435769503, "xTMD4": 0.060770340124401745, "xTMD5": 0.23317050181705534, "xTMD6": 0.9917007485189012}, "datetime": {"datetime": "2023-02-03 11:10:18", "elapsed": 3314.904313, "delta": 15.771928}}
{"target": -0.9520454100683962, "params": {"dTMD1": 0.3385550386410727, "dTMD2": 0.7476064593439705, "dTMD3": 0.4271282271381316, "dTMD4": 0.23422766175351684, "dTMD5": 0.7419401011698383, "dTMD6": 0.9326838056586091, "fTMD1": 0.724971819676584, "fTMD2": 0.7293918872358995, "fTMD3": 0.3433240116019701, "fTMD4": 0.27055667924035753, "fTMD5": 0.2022929955408237, "fTMD6": 0.196842261292138, "mTMD1": 0.7632610110201644, "mTMD2": 0.9599331630072294, "mTMD3": 0.9491741574098497, "mTMD4": 0.653818754200846, "mTMD5": 0.37570643506868373, "xTMD1": 0.039601184222053276, "xTMD2": 0.495177312581615, "xTMD3": 0.574543273500169, "xTMD4": 0.46455521292584845, "xTMD5": 0.1542426639195278, "xTMD6": 0.6847197339907544}, "datetime": {"datetime": "2023-02-03 11:10:34", "elapsed": 3330.818712, "delta": 15.914399}}
{"target": -1.0807901498947006, "params": {"dTMD1": 0.4926049992877396, "dTMD2": 0.7972936652057507, "dTMD3": 0.16201478536159863, "dTMD4": 0.6404682968627677, "dTMD5": 0.4251167626522522, "dTMD6": 0.12764388401861493, "fTMD1": 0.6877287479106524, "fTMD2": 0.17084656190616299, "fTMD3": 0.7476315181604364, "fTMD4": 0.7994101177781289, "fTMD5": 0.9426409236573516, "fTMD6": 0.8054398701854621, "mTMD1": 0.12118163949079697, "mTMD2": 0.4744628815350327, "mTMD3": 0.2414967779300582, "mTMD4": 0.5278735372645305, "mTMD5": 0.961071678390811, "xTMD1": 0.5607275473501224, "xTMD2": 0.9874857463405821, "xTMD3": 0.36932402204903714, "xTMD4": 0.6378827612611395, "xTMD5": 0.7214428796806527, "xTMD6": 0.6457931977365622}, "datetime": {"datetime": "2023-02-03 11:10:50", "elapsed": 3347.278308, "delta": 16.459596}}
{"target": -0.7102900265907028, "params": {"dTMD1": 0.592152099096486, "dTMD2": 0.1088578991296878, "dTMD3": 0.8917577801665987, "dTMD4": 0.6883981996448574, "dTMD5": 0.08850037550724377, "dTMD6": 0.030313547746276592, "fTMD1": 0.3987519549411185, "fTMD2": 0.9067723959388652, "fTMD3": 0.7031992550945713, "fTMD4": 0.5278010395575534, "fTMD5": 0.83680000619515, "fTMD6": 0.11273504726442063, "mTMD1": 0.3121727047286802, "mTMD2": 0.5273997488587148, "mTMD3": 0.5980209516087002, "mTMD4": 0.49376206636446107, "mTMD5": 0.5855137120125948, "xTMD1": 0.7374681269771622, "xTMD2": 0.15920850708012946, "xTMD3": 0.7173330433051714, "xTMD4": 0.01626473660495631, "xTMD5": 0.8029899236660177, "xTMD6": 0.22520357135215863}, "datetime": {"datetime": "2023-02-03 11:11:06", "elapsed": 3362.849382, "delta": 15.571074}}
{"target": -0.7742265186438044, "params": {"dTMD1": 0.7652701601382708, "dTMD2": 0.18125192308956184, "dTMD3": 0.6396822377230723, "dTMD4": 0.7361838099838045, "dTMD5": 0.19626777150409713, "dTMD6": 0.6620945906621123, "fTMD1": 0.6970080184489578, "fTMD2": 0.1992419381304068, "fTMD3": 0.5676011667321128, "fTMD4": 0.705667656697781, "fTMD5": 0.014080199055423792, "fTMD6": 0.34095323296818913, "mTMD1": 0.3987563687772582, "mTMD2": 0.8036943591569808, "mTMD3": 0.9158016997909232, "mTMD4": 0.9009531320501117, "mTMD5": 0.4934363793254566, "xTMD1": 0.00981334363235764, "xTMD2": 0.8040035951166419, "xTMD3": 0.7173516016449917, "xTMD4": 0.8647153057974472, "xTMD5": 0.9092257482778948, "xTMD6": 0.23474505249489008}, "datetime": {"datetime": "2023-02-03 11:11:22", "elapsed": 3378.659611, "delta": 15.810229}}
{"target": -0.8960245298274708, "params": {"dTMD1": 0.1875370014263713, "dTMD2": 0.18976491297308717, "dTMD3": 0.7680960572692876, "dTMD4": 0.32202594546758934, "dTMD5": 0.9543560095575309, "dTMD6": 0.6491148227762601, "fTMD1": 0.429380227519899, "fTMD2": 0.366912131820039, "fTMD3": 0.755789667522535, "fTMD4": 0.4099857534805751, "fTMD5": 0.9438199141553412, "fTMD6": 0.3991156554093177, "mTMD1": 0.6773270474809748, "mTMD2": 0.4469637668788329, "mTMD3": 0.7336104107332565, "mTMD4": 0.8513863055937473, "mTMD5": 0.8379302106659744, "xTMD1": 0.9123235866063368, "xTMD2": 0.1339030359268334, "xTMD3": 0.20749468620207623, "xTMD4": 0.35484722488478904, "xTMD5": 0.6769026850708801, "xTMD6": 0.5376020536422802}, "datetime": {"datetime": "2023-02-03 11:11:40", "elapsed": 3397.05749, "delta": 18.397879}}
{"target": -0.7662067058406477, "params": {"dTMD1": 0.21469522882490788, "dTMD2": 0.7973203850524981, "dTMD3": 0.26468440501428103, "dTMD4": 0.09688084054733548, "dTMD5": 0.31309993311708595, "dTMD6": 0.6921843753530672, "fTMD1": 0.8393702295503235, "fTMD2": 0.8828594981679303, "fTMD3": 0.20260560941371797, "fTMD4": 0.3485872987563765, "fTMD5": 0.2530336739184508, "fTMD6": 0.3296328876502379, "mTMD1": 0.12676688551430892, "mTMD2": 0.5887987965411977, "mTMD3": 0.8082302562542591, "mTMD4": 0.5632857326743442, "mTMD5": 0.23817374359119248, "xTMD1": 0.23720533274961642, "xTMD2": 0.7363705551873473, "xTMD3": 0.18112039222207166, "xTMD4": 0.5118898392105584, "xTMD5": 0.19175433993709656, "xTMD6": 0.8944046663542546}, "datetime": {"datetime": "2023-02-03 11:12:02", "elapsed": 3418.473751, "delta": 21.416261}}
{"target": -1.0672193602036917, "params": {"dTMD1": 0.911120807808724, "dTMD2": 0.7597552608395606, "dTMD3": 0.9157317563473194, "dTMD4": 0.8647673840901924, "dTMD5": 0.8987764005026448, "dTMD6": 0.44060928632628993, "fTMD1": 0.3200147687903163, "fTMD2": 0.7184635573624728, "fTMD3": 0.9147211513095931, "fTMD4": 0.6047486229597742, "fTMD5": 0.9731320342046553, "fTMD6": 0.724056235197759, "mTMD1": 0.3443665006095218, "mTMD2": 0.8295943075773785, "mTMD3": 0.8432807637016341, "mTMD4": 0.09590940323488151, "mTMD5": 0.9995729516882463, "xTMD1": 0.11253395341237249, "xTMD2": 0.8130821191719569, "xTMD3": 0.26333521780172553, "xTMD4": 0.2160384333228863, "xTMD5": 0.1866287495621457, "xTMD6": 0.34313335654172694}, "datetime": {"datetime": "2023-02-03 11:12:24", "elapsed": 3440.366497, "delta": 21.892746}}
