{"target": -12.4780129010131, "params": {"x": -1.2662205459144347, "y": -2.445968431387213}, "datetime": {"datetime": "2022-11-09 11:17:18", "elapsed": 0.0, "delta": 0.0}}
{"target": -3.8540423116243687, "params": {"x": -1.0686989431116456, "y": -0.9266356377417138}, "datetime": {"datetime": "2022-11-09 11:17:18", "elapsed": 0.001995, "delta": 0.001995}}
{"target": -3.594295744114069, "params": {"x": 0.770905794578085, "y": 3.0}, "datetime": {"datetime": "2022-11-09 11:17:18", "elapsed": 0.118554, "delta": 0.116559}}
{"target": 0.8237713419886434, "params": {"x": 0.03434291617583499, "y": 1.4183888408166452}, "datetime": {"datetime": "2022-11-09 11:17:18", "elapsed": 0.21689, "delta": 0.098336}}
{"target": 0.9720554801852751, "params": {"x": -0.1051314300154299, "y": 0.8700311489716259}, "datetime": {"datetime": "2022-11-09 11:17:19", "elapsed": 0.340679, "delta": 0.123789}}
